<2022-06-08 08:16:19.664>: [Info]: BackupNameAttachment=" Build(1694880) 08 Jun 22 (10 16 19)"  -- used by backup system

<2022-06-08 08:16:19.665>: [Info]: Log Started at local time Wed Jun  8 10:16:19 2022
<2022-06-08 08:16:19.665>: [Info]: Built on Sat Jun  4 00:49:10 2022

<2022-06-08 08:16:19.665>: [Info]: Running 64 bit Windows version
<2022-06-08 08:16:19.665>: [Info]: Executable: NewWorld.exe [AZ_RETAIL_CONFIG]
<2022-06-08 08:16:19.665>: [Info]: FileVersion: 1.18.555.1694880
<2022-06-08 08:16:19.665>: [Info]: ProductVersion: 1.18.555.1694880
<2022-06-08 08:16:19.665>: [Info]: Using Microsoft (tm) C++ Standard Library implementation

<2022-06-08 08:16:19.667>: [Info] (AZCore): [System] Loading system configuration from system_windows_pc.cfg...
<2022-06-08 08:16:19.667>: [Info] (AZCore): [System] GameDir: Assets

<2022-06-08 08:16:20.837>: [Info]: 
<2022-06-08 08:16:20.858>: [Info]: Total number of logical processors: 16
<2022-06-08 08:16:20.858>: [Info]: Number of available logical processors: 16
<2022-06-08 08:16:20.858>: [Info]: Total number of system cores: 8
<2022-06-08 08:16:20.858>: [Info]: Number of cores available to process: 8
<2022-06-08 08:16:20.858>: [Info]:  
<2022-06-08 08:16:20.858>: [Info]: Processor 0:
<2022-06-08 08:16:20.858>: [Info]:   CPU: Intel        Intel(R) Xeon(R) CPU E5-2689 0 @ 2.60GHz
<2022-06-08 08:16:20.858>: [Info]:   Family: 6, Model: 13, Stepping: 7
<2022-06-08 08:16:20.858>: [Info]:   FPU: On-Chip
<2022-06-08 08:16:20.858>: [Info]:   3DNow!: not present
<2022-06-08 08:16:20.858>: [Info]:   MMX: not present
<2022-06-08 08:16:20.858>: [Info]:   SSE: present
<2022-06-08 08:16:20.858>: [Info]:   SSE2: present
<2022-06-08 08:16:20.858>: [Info]:   SSE3: present
<2022-06-08 08:16:20.858>: [Info]:   Serial number not present or disabled
<2022-06-08 08:16:20.858>: [Info]:  
<2022-06-08 08:16:20.858>: [Info]: Processor 1:
<2022-06-08 08:16:20.858>: [Info]:   CPU: Intel        Intel(R) Xeon(R) CPU E5-2689 0 @ 2.60GHz
<2022-06-08 08:16:20.858>: [Info]:   Family: 6, Model: 13, Stepping: 7
<2022-06-08 08:16:20.858>: [Info]:   FPU: On-Chip
<2022-06-08 08:16:20.858>: [Info]:   3DNow!: not present
<2022-06-08 08:16:20.858>: [Info]:   MMX: not present
<2022-06-08 08:16:20.858>: [Info]:   SSE: present
<2022-06-08 08:16:20.858>: [Info]:   SSE2: present
<2022-06-08 08:16:20.858>: [Info]:   SSE3: present
<2022-06-08 08:16:20.858>: [Info]:   Serial number not present or disabled
<2022-06-08 08:16:20.858>: [Info]:  
<2022-06-08 08:16:20.858>: [Info]: Processor 2:
<2022-06-08 08:16:20.858>: [Info]:   CPU: Intel        Intel(R) Xeon(R) CPU E5-2689 0 @ 2.60GHz
<2022-06-08 08:16:20.858>: [Info]:   Family: 6, Model: 13, Stepping: 7
<2022-06-08 08:16:20.858>: [Info]:   FPU: On-Chip
<2022-06-08 08:16:20.858>: [Info]:   3DNow!: not present
<2022-06-08 08:16:20.858>: [Info]:   MMX: not present
<2022-06-08 08:16:20.858>: [Info]:   SSE: present
<2022-06-08 08:16:20.858>: [Info]:   SSE2: present
<2022-06-08 08:16:20.858>: [Info]:   SSE3: present
<2022-06-08 08:16:20.858>: [Info]:   Serial number not present or disabled
<2022-06-08 08:16:20.858>: [Info]:  
<2022-06-08 08:16:20.858>: [Info]: Processor 3:
<2022-06-08 08:16:20.858>: [Info]:   CPU: Intel        Intel(R) Xeon(R) CPU E5-2689 0 @ 2.60GHz
<2022-06-08 08:16:20.858>: [Info]:   Family: 6, Model: 13, Stepping: 7
<2022-06-08 08:16:20.858>: [Info]:   FPU: On-Chip
<2022-06-08 08:16:20.858>: [Info]:   3DNow!: not present
<2022-06-08 08:16:20.858>: [Info]:   MMX: not present
<2022-06-08 08:16:20.858>: [Info]:   SSE: present
<2022-06-08 08:16:20.858>: [Info]:   SSE2: present
<2022-06-08 08:16:20.858>: [Info]:   SSE3: present
<2022-06-08 08:16:20.858>: [Info]:   Serial number not present or disabled
<2022-06-08 08:16:20.858>: [Info]:  
<2022-06-08 08:16:20.858>: [Info]: Processor 4:
<2022-06-08 08:16:20.858>: [Info]:   CPU: Intel        Intel(R) Xeon(R) CPU E5-2689 0 @ 2.60GHz
<2022-06-08 08:16:20.858>: [Info]:   Family: 6, Model: 13, Stepping: 7
<2022-06-08 08:16:20.858>: [Info]:   FPU: On-Chip
<2022-06-08 08:16:20.858>: [Info]:   3DNow!: not present
<2022-06-08 08:16:20.858>: [Info]:   MMX: not present
<2022-06-08 08:16:20.858>: [Info]:   SSE: present
<2022-06-08 08:16:20.858>: [Info]:   SSE2: present
<2022-06-08 08:16:20.858>: [Info]:   SSE3: present
<2022-06-08 08:16:20.858>: [Info]:   Serial number not present or disabled
<2022-06-08 08:16:20.858>: [Info]:  
<2022-06-08 08:16:20.858>: [Info]: Processor 5:
<2022-06-08 08:16:20.858>: [Info]:   CPU: Intel        Intel(R) Xeon(R) CPU E5-2689 0 @ 2.60GHz
<2022-06-08 08:16:20.858>: [Info]:   Family: 6, Model: 13, Stepping: 7
<2022-06-08 08:16:20.858>: [Info]:   FPU: On-Chip
<2022-06-08 08:16:20.858>: [Info]:   3DNow!: not present
<2022-06-08 08:16:20.858>: [Info]:   MMX: not present
<2022-06-08 08:16:20.858>: [Info]:   SSE: present
<2022-06-08 08:16:20.858>: [Info]:   SSE2: present
<2022-06-08 08:16:20.858>: [Info]:   SSE3: present
<2022-06-08 08:16:20.858>: [Info]:   Serial number not present or disabled
<2022-06-08 08:16:20.858>: [Info]:  
<2022-06-08 08:16:20.858>: [Info]: Processor 6:
<2022-06-08 08:16:20.858>: [Info]:   CPU: Intel        Intel(R) Xeon(R) CPU E5-2689 0 @ 2.60GHz
<2022-06-08 08:16:20.858>: [Info]:   Family: 6, Model: 13, Stepping: 7
<2022-06-08 08:16:20.858>: [Info]:   FPU: On-Chip
<2022-06-08 08:16:20.858>: [Info]:   3DNow!: not present
<2022-06-08 08:16:20.858>: [Info]:   MMX: not present
<2022-06-08 08:16:20.858>: [Info]:   SSE: present
<2022-06-08 08:16:20.858>: [Info]:   SSE2: present
<2022-06-08 08:16:20.858>: [Info]:   SSE3: present
<2022-06-08 08:16:20.858>: [Info]:   Serial number not present or disabled
<2022-06-08 08:16:20.858>: [Info]:  
<2022-06-08 08:16:20.858>: [Info]: Processor 7:
<2022-06-08 08:16:20.858>: [Info]:   CPU: Intel        Intel(R) Xeon(R) CPU E5-2689 0 @ 2.60GHz
<2022-06-08 08:16:20.858>: [Info]:   Family: 6, Model: 13, Stepping: 7
<2022-06-08 08:16:20.858>: [Info]:   FPU: On-Chip
<2022-06-08 08:16:20.858>: [Info]:   3DNow!: not present
<2022-06-08 08:16:20.858>: [Info]:   MMX: not present
<2022-06-08 08:16:20.858>: [Info]:   SSE: present
<2022-06-08 08:16:20.858>: [Info]:   SSE2: present
<2022-06-08 08:16:20.858>: [Info]:   SSE3: present
<2022-06-08 08:16:20.858>: [Info]:   Serial number not present or disabled
<2022-06-08 08:16:20.858>: [Info]:  
<2022-06-08 08:16:20.858>: [Info]: Windows 10 64 bit (build 10.0.19043)
<2022-06-08 08:16:20.858>: [Info]: System language: French
<2022-06-08 08:16:20.858>: [Info]: Windows Directory: "C:\WINDOWS"
<2022-06-08 08:16:20.858>: [Info]: Local time is 10:16:20 06/08/22, system running for 12539 minutes
<2022-06-08 08:16:20.858>: [Info]: 16316MB physical memory installed, 8397MB available, 134217727MB virtual memory installed, 48 percent of memory in use
<2022-06-08 08:16:20.860>: [Info]: PageFile usage: 236MB, Working Set: 287MB, Peak PageFile usage: 363MB,
<2022-06-08 08:16:20.860>: [Info]: Current display mode is 78043832, (Unknown graphics card)
<2022-06-08 08:16:20.860>: [Info]: IBM enhanced (101/102-key) keyboard and 5+ button mouse installed
<2022-06-08 08:16:20.860>: [Info]: --------------------------------------------------------------------------------
<2022-06-08 08:16:20.863>: [Info] (AZCore): [System] Stream Engine Initialization
<2022-06-08 08:16:20.864>: [Info]: GameName: New World
<2022-06-08 08:16:20.864>: [Info]: BuildTime: Sat Jun  4 00:49:10 2022

<2022-06-08 08:16:20.864>: [Info] (AZCore): [System] Physics initialization
<2022-06-08 08:16:20.865>: [Info] (AZCore): [System] Renderer initialization
<2022-06-08 08:16:20.868>: [Info]: Logging video adapters:
<2022-06-08 08:16:22.320>: [Info]: - Radeon RX 580 Series (vendor = 0x1002, device = 0x67df)
<2022-06-08 08:16:22.320>: [Info]:   - Adapter index: 0
<2022-06-08 08:16:22.320>: [Info]:   - Dedicated video memory: 8170 MB
<2022-06-08 08:16:22.320>: [Info]:   - Feature level: DX11 (SM 5.0)
<2022-06-08 08:16:22.320>: [Info]:   - Displays connected: yes
<2022-06-08 08:16:22.320>: [Info]:   - Suitable rendering device: yes
<2022-06-08 08:16:22.723>: [Info]: - Microsoft Basic Render Driver (vendor = 0x1414, device = 0x008c)
<2022-06-08 08:16:22.723>: [Info]:   - Adapter index: 1
<2022-06-08 08:16:22.723>: [Info]:   - Dedicated video memory: 0 MB
<2022-06-08 08:16:22.723>: [Info]:   - Feature level: DX11 (SM 5.0)
<2022-06-08 08:16:22.723>: [Info]:   - Displays connected: no
<2022-06-08 08:16:22.723>: [Info]:   - Suitable rendering device: no
<2022-06-08 08:16:25.092>: [Info]: Active GPUs: 1
<2022-06-08 08:16:26.082>: [Info] (AZCore): [Audio] AudioSystem initialized in High Ram mode. Available RAM [16315]MB, LowRam cutoff is [9216]MB
<2022-06-08 08:16:27.741>: [Info] (AZCore): [System] Font initialization
<2022-06-08 08:16:27.741>: [Info]: Using FreeType 2.5.0
<2022-06-08 08:16:48.682>: [Info] (AZCore): [System] Time initialization
<2022-06-08 08:16:48.682>: [Info] (AZCore): [System] Input initialization
<2022-06-08 08:16:48.683>: [Info] (AZCore): [System] UI system initialization
<2022-06-08 08:16:48.683>: [Info] (AZCore): [System] Initializing Animation System
<2022-06-08 08:16:48.683>: [Info] (AZCore): [System] Initializing 3D Engine
<2022-06-08 08:16:48.685>: [Info]: Sky light: Optical lookup tables loaded off disc.
<2022-06-08 08:16:48.685>: [Info] (AZCore): [System] Script System Initialization
<2022-06-08 08:16:48.685>: [Info] (AZCore): [System] Entity system initialization
<2022-06-08 08:16:48.689>: [Info] (AZCore): [System] Initializing additional systems
<2022-06-08 08:16:48.689>: [Info] (AZCore): [System] Dynamic Response System initialization
<2022-06-08 08:16:48.689>: [Info] (AZCore): [System] No Dynamic Response System was loaded from a module, the system will use the NULL DynamicResponseSystem.
<2022-06-08 08:16:48.690>: [Info]: Running machine spec auto detect (64 bit)...
<2022-06-08 08:16:48.690>: [Info]: - Windows 10 64 bit (build 10.0.19043)
<2022-06-08 08:16:48.690>: [Info]: - System memory
<2022-06-08 08:16:48.690>: [Info]: --- 16315 MB
<2022-06-08 08:16:48.690>: [Info]: - Intel(R) Xeon(R) CPU E5-2689 0 @ 2.60GHz
<2022-06-08 08:16:48.690>: [Info]: --- Number of available cores: 8 (out of 8)
<2022-06-08 08:16:48.690>: [Info]: --- Number of logical processors: 16
<2022-06-08 08:16:49.016>: [Info]: - Radeon RX 580 Series (vendor = 0x1002, device = 0x67df)
<2022-06-08 08:16:49.016>: [Info]: --- Dedicated video memory: 8170 MB
<2022-06-08 08:16:49.016>: [Info]: --- Feature level: DX11 (SM 5.0)
<2022-06-08 08:16:49.018>: [Info]: - Final rating: Machine class 2
<2022-06-08 08:16:50.614>: [Info] (AZCore): [System] == Version Info ===============================================================

<2022-06-08 08:16:50.614>: [Info] (AZCore): [System] [RETAIL].Javelin.1.18.555.1694880

<2022-06-08 08:16:50.614>: [Info] (AZCore): [System] ===============================================================================

<2022-06-08 08:16:50.631>: [Info]: Client config override file not found: @assets@/ClientOverride.json
<2022-06-08 08:16:53.172>: [Info] (AZCore): [Game] Steam Initialized!
<2022-06-08 08:16:53.172>: [Info] (AZCore): [Game] Using remote config: true
<2022-06-08 08:16:53.172>: [Info] (AZCore): [Game] Steam Utils obtained? true
<2022-06-08 08:16:53.172>: [Info] (AZCore): [Game] Using Steam App ID: 1063730
<2022-06-08 08:16:53.172>: [Info] (AZCore): [StackConfig] Configuring remote config with bucket ags-javelin-remote-config
<2022-06-08 08:16:53.172>: [Info]: Channel service uri: https://d2c74t4zimux3r.cloudfront.net/STEAM_APP_ID.1063730.json
<2022-06-08 08:16:53.845>: [Info]: Channel name: Retail
<2022-06-08 08:16:53.845>: [Info]: Found cluster data for cluster id: fra-prod
<2022-06-08 08:16:53.845>: [Info]: Display Name: EU Central
<2022-06-08 08:16:53.845>: [Info]: Auth Stack: https://2mfrik7h83.execute-api.us-east-1.amazonaws.com/Prod
<2022-06-08 08:16:53.845>: [Info]: Auth Stack Region: us-east-1
<2022-06-08 08:16:53.845>: [Info]: Gateway Host: u433g9r00c.execute-api.eu-central-1.amazonaws.com
<2022-06-08 08:16:53.845>: [Info]: Gateway Stack: d1w0bfy6smo4d1.cloudfront.net
<2022-06-08 08:16:53.845>: [Info]: Gateway Stack Region: eu-central-1
<2022-06-08 08:16:53.845>: [Info]: Http Gateway Stack: https://d1w0bfy6smo4d1.cloudfront.net/prod
<2022-06-08 08:16:53.845>: [Info]: Http Gateway Stack Region: eu-central-1
<2022-06-08 08:16:53.845>: [Info]: Found cluster data for cluster id: gru-prod
<2022-06-08 08:16:53.845>: [Info]: Display Name: SA East
<2022-06-08 08:16:53.845>: [Info]: Auth Stack: https://kqqt5twsi7.execute-api.us-east-1.amazonaws.com/Prod
<2022-06-08 08:16:53.845>: [Info]: Auth Stack Region: us-east-1
<2022-06-08 08:16:53.845>: [Info]: Gateway Host: j4n6whncmi.execute-api.sa-east-1.amazonaws.com
<2022-06-08 08:16:53.845>: [Info]: Gateway Stack: d1cjlmzk0xrm0z.cloudfront.net
<2022-06-08 08:16:53.845>: [Info]: Gateway Stack Region: sa-east-1
<2022-06-08 08:16:53.845>: [Info]: Http Gateway Stack: https://d1cjlmzk0xrm0z.cloudfront.net/prod
<2022-06-08 08:16:53.845>: [Info]: Http Gateway Stack Region: sa-east-1
<2022-06-08 08:16:53.845>: [Info]: Found cluster data for cluster id: iad-prod
<2022-06-08 08:16:53.845>: [Info]: Display Name: US East
<2022-06-08 08:16:53.845>: [Info]: Auth Stack: https://eudbjx6mig.execute-api.us-east-1.amazonaws.com/Prod
<2022-06-08 08:16:53.845>: [Info]: Auth Stack Region: us-east-1
<2022-06-08 08:16:53.845>: [Info]: Gateway Host: 0prplal5u1.execute-api.us-east-1.amazonaws.com
<2022-06-08 08:16:53.845>: [Info]: Gateway Stack: d2oeuvxi3kfsrw.cloudfront.net
<2022-06-08 08:16:53.845>: [Info]: Gateway Stack Region: us-east-1
<2022-06-08 08:16:53.845>: [Info]: Http Gateway Stack: https://d2oeuvxi3kfsrw.cloudfront.net/prod
<2022-06-08 08:16:53.845>: [Info]: Http Gateway Stack Region: us-east-1
<2022-06-08 08:16:53.845>: [Info]: Found cluster data for cluster id: pdx-prod
<2022-06-08 08:16:53.845>: [Info]: Display Name: US West
<2022-06-08 08:16:53.845>: [Info]: Auth Stack: https://q8hqllbg6k.execute-api.us-east-1.amazonaws.com/Prod
<2022-06-08 08:16:53.845>: [Info]: Auth Stack Region: us-east-1
<2022-06-08 08:16:53.845>: [Info]: Gateway Host: v7irlu1nrl.execute-api.us-west-2.amazonaws.com
<2022-06-08 08:16:53.845>: [Info]: Gateway Stack: d3bj4csovi1fe8.cloudfront.net
<2022-06-08 08:16:53.845>: [Info]: Gateway Stack Region: us-west-2
<2022-06-08 08:16:53.845>: [Info]: Http Gateway Stack: https://d3bj4csovi1fe8.cloudfront.net/prod
<2022-06-08 08:16:53.845>: [Info]: Http Gateway Stack Region: us-west-2
<2022-06-08 08:16:53.845>: [Info]: Found platform metadata for key: ENTITLEMENTS.STEAM_APP_ID.1063730
<2022-06-08 08:16:53.845>: [Info]: Found platform metadata for key: PERSONA.STEAM_APP_ID.1063730
<2022-06-08 08:16:53.845>: [Info]: Found persona role for cluster id: fra-prod - arn:aws:iam::093607389475:role/AgsLiveResources-AllowPersonaAccessRole-1U24RJQDKWS63
<2022-06-08 08:16:53.845>: [Info]: Found persona role for cluster id: fra-qa - arn:aws:iam::544220128841:role/AgsLiveResources-AllowPersonaAccessRole-PSN32B5D8G0L
<2022-06-08 08:16:53.845>: [Info]: Found persona role for cluster id: fra-staging - arn:aws:iam::411585047658:role/AgsLiveResources-AllowPersonaAccessRole-709I6ZY9EAFH
<2022-06-08 08:16:53.845>: [Info]: Found persona role for cluster id: gru-prod - arn:aws:iam::845253724667:role/AgsLiveResources-AllowPersonaAccessRole-SLHVYULH7U5
<2022-06-08 08:16:53.845>: [Info]: Found persona role for cluster id: iad-prod - arn:aws:iam::819349112573:role/AgsLiveResources-AllowPersonaAccessRole-1PHH0BI346X75
<2022-06-08 08:16:53.845>: [Info]: Found persona role for cluster id: iad-staging - arn:aws:iam::910532829260:role/AgsLiveResources-AllowPersonaAccessRole-OXG60NCUXR74
<2022-06-08 08:16:53.845>: [Info]: Found persona role for cluster id: pdx-devo - arn:aws:iam::166847089677:role/AgsLiveResources-AllowPersonaAccessRole-15NKM8MRPA2BX
<2022-06-08 08:16:53.845>: [Info]: Found persona role for cluster id: pdx-prod - arn:aws:iam::458929010575:role/AgsLiveResources-AllowPersonaAccessRole-QYL4I8P12BEA
<2022-06-08 08:16:53.845>: [Info]: Found persona role for cluster id: pdx-qa - arn:aws:iam::379061375310:role/AgsLiveResources-AllowPersonaAccessRole-116SW3GWSL7P1
<2022-06-08 08:16:53.845>: [Info]: Found persona role for cluster id: syd-prod - arn:aws:iam::018141801470:role/AgsLiveResources-AllowPersonaAccessRole-1CPZ9EG8SYMOQ
<2022-06-08 08:16:53.845>: [Info]: Found cluster data for cluster id: syd-prod
<2022-06-08 08:16:53.845>: [Info]: Display Name: AP Southeast
<2022-06-08 08:16:53.845>: [Info]: Auth Stack: https://hhf8nn71vb.execute-api.us-east-1.amazonaws.com/Prod
<2022-06-08 08:16:53.845>: [Info]: Auth Stack Region: us-east-1
<2022-06-08 08:16:53.845>: [Info]: Gateway Host: ep1m9qoir8.execute-api.ap-southeast-2.amazonaws.com
<2022-06-08 08:16:53.845>: [Info]: Gateway Stack: de4mfzk9wkelz.cloudfront.net
<2022-06-08 08:16:53.845>: [Info]: Gateway Stack Region: ap-southeast-2
<2022-06-08 08:16:53.845>: [Info]: Http Gateway Stack: https://de4mfzk9wkelz.cloudfront.net/prod
<2022-06-08 08:16:53.845>: [Info]: Http Gateway Stack Region: ap-southeast-2
<2022-06-08 08:16:59.790>: [Info]: Failure in initializing Fuel::Iap::IapClient: 14
<2022-06-08 08:16:59.791>: [Info] (AZCore): [Game] LogEnvironmentString: ProductId: STEAM_APP_ID.1063730
<2022-06-08 08:16:59.792>: [Info] (AZCore): [Game] LogEnvironmentString: ClusterId: fra-prod
<2022-06-08 08:16:59.794>: [Info] (AZCore): [StackConfig] LayerS3(): layer's "remoteCfg.public.RegionId" S3 key (old: ""), reset to new value: "applications/public/configuration-sets/RegionId/fra-prod/versionless"
<2022-06-08 08:16:59.794>: [Info] (AZCore): [StackConfig] LayerS3(): layer's "remoteCfg.public.RegionIdv" S3 key (old: ""), reset to new value: "applications/public/configuration-sets/RegionId/fra-prod/555;1694880"
<2022-06-08 08:16:59.794>: [Info] (AZCore): [StackConfig] LayerS3(): layer's "remoteCfg.public.CognitoId" S3 key (old: ""), reset to new value: "applications/public/configuration-sets/CognitoId/us-east-1:0de93f7c-814e-4d48-a8fd-b6efc2f9ed93/versionless"
<2022-06-08 08:16:59.794>: [Info] (AZCore): [StackConfig] LayerS3(): layer's "remoteCfg.public.CognitoIdv" S3 key (old: ""), reset to new value: "applications/public/configuration-sets/CognitoId/us-east-1:0de93f7c-814e-4d48-a8fd-b6efc2f9ed93/555;1694880"
<2022-06-08 08:16:59.794>: [Info] (AZCore): [StackConfig] LayerS3(): layer's "remoteCfg.publicGameplay.RegionId" S3 key (old: ""), reset to new value: "applications/publicGameplay/configuration-sets/RegionId/fra-prod/versionless"
<2022-06-08 08:16:59.794>: [Info] (AZCore): [StackConfig] LayerS3(): layer's "remoteCfg.publicGameplay.RegionIdv" S3 key (old: ""), reset to new value: "applications/publicGameplay/configuration-sets/RegionId/fra-prod/555;1694880"
<2022-06-08 08:16:59.794>: [Info] (AZCore): [StackConfig] LayerS3(): layer's "remoteCfg.publicGameplay.CognitoId" S3 key (old: ""), reset to new value: "applications/publicGameplay/configuration-sets/CognitoId/us-east-1:0de93f7c-814e-4d48-a8fd-b6efc2f9ed93/versionless"
<2022-06-08 08:16:59.794>: [Info] (AZCore): [StackConfig] LayerS3(): layer's "remoteCfg.publicGameplay.CognitoIdv" S3 key (old: ""), reset to new value: "applications/publicGameplay/configuration-sets/CognitoId/us-east-1:0de93f7c-814e-4d48-a8fd-b6efc2f9ed93/555;1694880"
<2022-06-08 08:16:59.794>: [Info] (AZCore): [AuthManager] Initializing Steam Auth Manager.
<2022-06-08 08:16:59.794>: [Info] (AZCore): [SteamAuth] Initializing Persona.
<2022-06-08 08:16:59.830>: [Info]: [EasyAntiCheat] Initializing EAC game client module...
<2022-06-08 08:16:59.850>: [Info]: [EasyAntiCheat] ...EAC game client module initialized successfully.
<2022-06-08 08:17:00.854>: [Info]: Initializing default materials...
<2022-06-08 08:17:00.855>: [Info]: Initializing default footstep material...
<2022-06-08 08:17:01.480>: [Info] (AZCore): [streamingGDEManager] Initialize()
<2022-06-08 08:17:01.480>: [Info] (AZCore): [AsyncMapUnload] No previous level to unload, so not starting async.  Just loading this map now: ("frontendv2")
<2022-06-08 08:17:01.480>: [Info]: ============================ Loading level frontendv2 ============================
<2022-06-08 08:17:09.891>: [Info]: CGame::InitCoatlicueTerrain
<2022-06-08 08:17:09.915>: [Info] (AZCore): [Game] 0x441F4C03(user) attempting sign-in.
<2022-06-08 08:17:09.915>: [Info] (AZCore): [Game] LogEnvironmentString: Auth Mode: user
<2022-06-08 08:17:09.915>: [Info] (AZCore): [SteamAuth] Attempting to log in to Steam
<2022-06-08 08:17:09.915>: [Info] (AZCore): [SteamAuth] Getting steam auth session ticket.
<2022-06-08 08:17:10.283>: [Info] (AZCore): [SteamAuth] OnAuthSessionTicket: Authenticating using steam auth session ticket: 2
<2022-06-08 08:17:10.287>: [Info] (AZCore): [SteamAuth] CreateSteamSessionJob: Calling Persona to create steam session
<2022-06-08 08:17:11.330>: [Info] (AZCore): [SteamAuth] OnCreatedSessionSteam: Creating session for persona id: amzn1.developerPersonaId.02e9f3b7-55e1-865a-9031-570ce6f27a49.
<2022-06-08 08:17:11.330>: [Info] (AZCore): [SteamAuth] Calling Http API: https://d1w0bfy6smo4d1.cloudfront.net/prod/credentials
<2022-06-08 08:17:11.859>: [Info] (AZCore): [AuthStackCredentialsProvider] Successfully refreshed gateway AWS credentials, next attempt will start after 2022-06-08T09:12:10Z
<2022-06-08 08:17:11.859>: [Info] (AZCore): [AuthStackCredentialsProvider] Successfully refreshed persona AWS credentials, next attempt will start after 2022-06-08T09:12:10Z
<2022-06-08 08:17:11.875>: [Info] (AZCore): [Game] CGame::OnCampfireLoginComplete, login successful. ownership=permanent
<2022-06-08 08:17:11.875>: [Info] (AZCore): [Game] LogEnvironmentString: Gateway Signing Host: u433g9r00c.execute-api.eu-central-1.amazonaws.com
<2022-06-08 08:17:11.875>: [Info] (AZCore): [Game] LogEnvironmentString: Gateway Address: d1w0bfy6smo4d1.cloudfront.net
<2022-06-08 08:17:11.875>: [Info] (AZCore): [Game] LogEnvironmentString: HTTP Gateway Address: https://d1w0bfy6smo4d1.cloudfront.net/prod
<2022-06-08 08:17:11.875>: [Info] (AZCore): [Game] LogEnvironmentString: Gateway Mode: gateway
<2022-06-08 08:17:11.875>: [Info] (AZCore): [GameConnection] ConfigureLogin MODE_GATEWAY: endpoint=d1w0bfy6smo4d1.cloudfront.net, httpEntpoint=https://d1w0bfy6smo4d1.cloudfront.net/prod, region=eu-central-1
<2022-06-08 08:17:11.882>: [Info] (AZCore): [StackConfig] LayerS3(): layer's "remoteCfg.public.ProductId" S3 key (old: ""), reset to new value: "applications/public/configuration-sets/ProductId/STEAM_APP_ID.1063730/versionless"
<2022-06-08 08:17:11.882>: [Info] (AZCore): [StackConfig] Querying "remoteCfg.public.ProductId" remote config. S3 key: "applications/public/configuration-sets/ProductId/STEAM_APP_ID.1063730/versionless"
<2022-06-08 08:17:12.362>: [Info] (AZCore): [StackConfig] Retrieved layer's "remoteCfg.public.ProductId" remote config, with S3 key: "applications/public/configuration-sets/ProductId/STEAM_APP_ID.1063730/versionless" successfully, size: 339

<2022-06-08 08:17:12.365>: [Info] (AZCore): [StackConfig] LayerS3(): layer's "remoteCfg.public.ProductIdv" S3 key (old: ""), reset to new value: "applications/public/configuration-sets/ProductId/STEAM_APP_ID.1063730/555;1694880"
<2022-06-08 08:17:12.365>: [Info] (AZCore): [StackConfig] Querying "remoteCfg.public.ProductIdv" remote config. S3 key: "applications/public/configuration-sets/ProductId/STEAM_APP_ID.1063730/555;1694880"
<2022-06-08 08:17:12.474>: [Info] (AZCore): [StackConfig] LayerS3(): layer's "remoteCfg.public.RegionId" S3 key (old: "applications/public/configuration-sets/RegionId/fra-prod/versionless"), reset to new value: "applications/public/configuration-sets/RegionId/fra-prod/versionless"
<2022-06-08 08:17:12.475>: [Info] (AZCore): [StackConfig] Querying "remoteCfg.public.RegionId" remote config. S3 key: "applications/public/configuration-sets/RegionId/fra-prod/versionless"
<2022-06-08 08:17:12.587>: [Info] (AZCore): [StackConfig] Retrieved layer's "remoteCfg.public.RegionId" remote config, with S3 key: "applications/public/configuration-sets/RegionId/fra-prod/versionless" successfully, size: 246

<2022-06-08 08:17:12.591>: [Info] (AZCore): [StackConfig] LayerS3(): layer's "remoteCfg.public.RegionIdv" S3 key (old: "applications/public/configuration-sets/RegionId/fra-prod/555;1694880"), reset to new value: "applications/public/configuration-sets/RegionId/fra-prod/555;1694880"
<2022-06-08 08:17:12.591>: [Info] (AZCore): [StackConfig] Querying "remoteCfg.public.RegionIdv" remote config. S3 key: "applications/public/configuration-sets/RegionId/fra-prod/555;1694880"
<2022-06-08 08:17:12.708>: [Info] (AZCore): [StackConfig] LayerS3(): layer's "remoteCfg.publicGameplay.ProductId" S3 key (old: ""), reset to new value: "applications/publicGameplay/configuration-sets/ProductId/STEAM_APP_ID.1063730/versionless"
<2022-06-08 08:17:12.708>: [Info] (AZCore): [StackConfig] Querying "remoteCfg.publicGameplay.ProductId" remote config. S3 key: "applications/publicGameplay/configuration-sets/ProductId/STEAM_APP_ID.1063730/versionless"
<2022-06-08 08:17:12.830>: [Info] (AZCore): [StackConfig] Retrieved layer's "remoteCfg.publicGameplay.ProductId" remote config, with S3 key: "applications/publicGameplay/configuration-sets/ProductId/STEAM_APP_ID.1063730/versionless" successfully, size: 736

<2022-06-08 08:17:12.833>: [Info] (AZCore): [StackConfig] LayerS3(): layer's "remoteCfg.publicGameplay.ProductIdv" S3 key (old: ""), reset to new value: "applications/publicGameplay/configuration-sets/ProductId/STEAM_APP_ID.1063730/555;1694880"
<2022-06-08 08:17:12.833>: [Info] (AZCore): [StackConfig] Querying "remoteCfg.publicGameplay.ProductIdv" remote config. S3 key: "applications/publicGameplay/configuration-sets/ProductId/STEAM_APP_ID.1063730/555;1694880"
<2022-06-08 08:17:12.941>: [Info] (AZCore): [StackConfig] LayerS3(): layer's "remoteCfg.publicGameplay.RegionId" S3 key (old: "applications/publicGameplay/configuration-sets/RegionId/fra-prod/versionless"), reset to new value: "applications/publicGameplay/configuration-sets/RegionId/fra-prod/versionless"
<2022-06-08 08:17:12.941>: [Info] (AZCore): [StackConfig] Querying "remoteCfg.publicGameplay.RegionId" remote config. S3 key: "applications/publicGameplay/configuration-sets/RegionId/fra-prod/versionless"
<2022-06-08 08:17:13.056>: [Info] (AZCore): [StackConfig] Retrieved layer's "remoteCfg.publicGameplay.RegionId" remote config, with S3 key: "applications/publicGameplay/configuration-sets/RegionId/fra-prod/versionless" successfully, size: 137

<2022-06-08 08:17:13.062>: [Info] (AZCore): [StackConfig] LayerS3(): layer's "remoteCfg.publicGameplay.RegionIdv" S3 key (old: "applications/publicGameplay/configuration-sets/RegionId/fra-prod/555;1694880"), reset to new value: "applications/publicGameplay/configuration-sets/RegionId/fra-prod/555;1694880"
<2022-06-08 08:17:13.062>: [Info] (AZCore): [StackConfig] Querying "remoteCfg.publicGameplay.RegionIdv" remote config. S3 key: "applications/publicGameplay/configuration-sets/RegionId/fra-prod/555;1694880"
<2022-06-08 08:17:13.704>: [Info] (AZCore): [Game] LogEnvironmentString: Persona ID: amzn1.developerPersonaId.02e9f3b7-55e1-865a-9031-570ce6f27a49
<2022-06-08 08:17:14.062>: [Info]: 
<2022-06-08 08:17:14.063>: [Info]: Total number of logical processors: 16
<2022-06-08 08:17:14.063>: [Info]: Number of available logical processors: 16
<2022-06-08 08:17:14.063>: [Info]: Total number of system cores: 8
<2022-06-08 08:17:14.063>: [Info]: Number of cores available to process: 8
<2022-06-08 08:17:14.063>: [Info]:  
<2022-06-08 08:17:14.063>: [Info]: Processor 0:
<2022-06-08 08:17:14.063>: [Info]:   CPU: Intel        Intel(R) Xeon(R) CPU E5-2689 0 @ 2.60GHz
<2022-06-08 08:17:14.063>: [Info]:   Family: 6, Model: 13, Stepping: 7
<2022-06-08 08:17:14.063>: [Info]:   FPU: On-Chip
<2022-06-08 08:17:14.063>: [Info]:   3DNow!: not present
<2022-06-08 08:17:14.063>: [Info]:   MMX: not present
<2022-06-08 08:17:14.063>: [Info]:   SSE: present
<2022-06-08 08:17:14.063>: [Info]:   SSE2: present
<2022-06-08 08:17:14.063>: [Info]:   SSE3: present
<2022-06-08 08:17:14.063>: [Info]:   Serial number not present or disabled
<2022-06-08 08:17:14.063>: [Info]:  
<2022-06-08 08:17:14.063>: [Info]: Processor 1:
<2022-06-08 08:17:14.063>: [Info]:   CPU: Intel        Intel(R) Xeon(R) CPU E5-2689 0 @ 2.60GHz
<2022-06-08 08:17:14.063>: [Info]:   Family: 6, Model: 13, Stepping: 7
<2022-06-08 08:17:14.063>: [Info]:   FPU: On-Chip
<2022-06-08 08:17:14.063>: [Info]:   3DNow!: not present
<2022-06-08 08:17:14.063>: [Info]:   MMX: not present
<2022-06-08 08:17:14.063>: [Info]:   SSE: present
<2022-06-08 08:17:14.063>: [Info]:   SSE2: present
<2022-06-08 08:17:14.063>: [Info]:   SSE3: present
<2022-06-08 08:17:14.063>: [Info]:   Serial number not present or disabled
<2022-06-08 08:17:14.063>: [Info]:  
<2022-06-08 08:17:14.063>: [Info]: Processor 2:
<2022-06-08 08:17:14.063>: [Info]:   CPU: Intel        Intel(R) Xeon(R) CPU E5-2689 0 @ 2.60GHz
<2022-06-08 08:17:14.063>: [Info]:   Family: 6, Model: 13, Stepping: 7
<2022-06-08 08:17:14.063>: [Info]:   FPU: On-Chip
<2022-06-08 08:17:14.063>: [Info]:   3DNow!: not present
<2022-06-08 08:17:14.063>: [Info]:   MMX: not present
<2022-06-08 08:17:14.063>: [Info]:   SSE: present
<2022-06-08 08:17:14.063>: [Info]:   SSE2: present
<2022-06-08 08:17:14.063>: [Info]:   SSE3: present
<2022-06-08 08:17:14.063>: [Info]:   Serial number not present or disabled
<2022-06-08 08:17:14.063>: [Info]:  
<2022-06-08 08:17:14.063>: [Info]: Processor 3:
<2022-06-08 08:17:14.063>: [Info]:   CPU: Intel        Intel(R) Xeon(R) CPU E5-2689 0 @ 2.60GHz
<2022-06-08 08:17:14.063>: [Info]:   Family: 6, Model: 13, Stepping: 7
<2022-06-08 08:17:14.063>: [Info]:   FPU: On-Chip
<2022-06-08 08:17:14.063>: [Info]:   3DNow!: not present
<2022-06-08 08:17:14.063>: [Info]:   MMX: not present
<2022-06-08 08:17:14.063>: [Info]:   SSE: present
<2022-06-08 08:17:14.063>: [Info]:   SSE2: present
<2022-06-08 08:17:14.063>: [Info]:   SSE3: present
<2022-06-08 08:17:14.063>: [Info]:   Serial number not present or disabled
<2022-06-08 08:17:14.063>: [Info]:  
<2022-06-08 08:17:14.063>: [Info]: Processor 4:
<2022-06-08 08:17:14.063>: [Info]:   CPU: Intel        Intel(R) Xeon(R) CPU E5-2689 0 @ 2.60GHz
<2022-06-08 08:17:14.063>: [Info]:   Family: 6, Model: 13, Stepping: 7
<2022-06-08 08:17:14.063>: [Info]:   FPU: On-Chip
<2022-06-08 08:17:14.063>: [Info]:   3DNow!: not present
<2022-06-08 08:17:14.063>: [Info]:   MMX: not present
<2022-06-08 08:17:14.063>: [Info]:   SSE: present
<2022-06-08 08:17:14.063>: [Info]:   SSE2: present
<2022-06-08 08:17:14.063>: [Info]:   SSE3: present
<2022-06-08 08:17:14.063>: [Info]:   Serial number not present or disabled
<2022-06-08 08:17:14.063>: [Info]:  
<2022-06-08 08:17:14.063>: [Info]: Processor 5:
<2022-06-08 08:17:14.063>: [Info]:   CPU: Intel        Intel(R) Xeon(R) CPU E5-2689 0 @ 2.60GHz
<2022-06-08 08:17:14.063>: [Info]:   Family: 6, Model: 13, Stepping: 7
<2022-06-08 08:17:14.063>: [Info]:   FPU: On-Chip
<2022-06-08 08:17:14.063>: [Info]:   3DNow!: not present
<2022-06-08 08:17:14.063>: [Info]:   MMX: not present
<2022-06-08 08:17:14.063>: [Info]:   SSE: present
<2022-06-08 08:17:14.063>: [Info]:   SSE2: present
<2022-06-08 08:17:14.063>: [Info]:   SSE3: present
<2022-06-08 08:17:14.063>: [Info]:   Serial number not present or disabled
<2022-06-08 08:17:14.063>: [Info]:  
<2022-06-08 08:17:14.063>: [Info]: Processor 6:
<2022-06-08 08:17:14.063>: [Info]:   CPU: Intel        Intel(R) Xeon(R) CPU E5-2689 0 @ 2.60GHz
<2022-06-08 08:17:14.063>: [Info]:   Family: 6, Model: 13, Stepping: 7
<2022-06-08 08:17:14.063>: [Info]:   FPU: On-Chip
<2022-06-08 08:17:14.063>: [Info]:   3DNow!: not present
<2022-06-08 08:17:14.063>: [Info]:   MMX: not present
<2022-06-08 08:17:14.063>: [Info]:   SSE: present
<2022-06-08 08:17:14.063>: [Info]:   SSE2: present
<2022-06-08 08:17:14.063>: [Info]:   SSE3: present
<2022-06-08 08:17:14.063>: [Info]:   Serial number not present or disabled
<2022-06-08 08:17:14.063>: [Info]:  
<2022-06-08 08:17:14.063>: [Info]: Processor 7:
<2022-06-08 08:17:14.063>: [Info]:   CPU: Intel        Intel(R) Xeon(R) CPU E5-2689 0 @ 2.60GHz
<2022-06-08 08:17:14.063>: [Info]:   Family: 6, Model: 13, Stepping: 7
<2022-06-08 08:17:14.063>: [Info]:   FPU: On-Chip
<2022-06-08 08:17:14.063>: [Info]:   3DNow!: not present
<2022-06-08 08:17:14.063>: [Info]:   MMX: not present
<2022-06-08 08:17:14.063>: [Info]:   SSE: present
<2022-06-08 08:17:14.063>: [Info]:   SSE2: present
<2022-06-08 08:17:14.063>: [Info]:   SSE3: present
<2022-06-08 08:17:14.063>: [Info]:   Serial number not present or disabled
<2022-06-08 08:17:14.063>: [Info]:  
<2022-06-08 08:17:14.063>: [Info]: Change detected in analytics configuration. Re-instantiating network traffic reporter
<2022-06-08 08:17:33.748>: [Info] (AZCore): [Game] CGame::ActorContainerConnect
<2022-06-08 08:17:33.748>: [Info] (AZCore): [GameConnection] GameConnectionWrapper::Disconnect
<2022-06-08 08:17:33.748>: [Info] (AZCore): [GameConnection] GameConnectionWrapper::Connect: playerName = xuppra
<2022-06-08 08:17:33.748>: [Info] (AZCore): [GameConnection] Update state Disconnected to new state QueueGameLogin
<2022-06-08 08:17:33.764>: [Info] (AZCore): [GameConnection] Update state QueueGameLogin to new state WaitingForQueuedLogin
<2022-06-08 08:17:33.764>: [Info] (AZCore): [GameConnection] Queuing login for world () and character (9b7f7427-abde-4ac3-83cd-f10d78f51d29)
<2022-06-08 08:17:36.227>: [Info] (AZCore): [GameConnection] Received a login ticket: 86ae8332-ed32-420e-985c-61011022847a_1937008e-386f-4794-b9c2-ebe458f9fb7c, location: , New Ticket
<2022-06-08 08:17:39.466>: [Info] (AZCore): [GameConnection] Received a login ticket: 86ae8332-ed32-420e-985c-61011022847a_1937008e-386f-4794-b9c2-ebe458f9fb7c, location: , Refreshed Ticket
<2022-06-08 08:17:39.466>: [Info] (AZCore): [Game] LogEnvironmentString: World ID: 86ae8332-ed32-420e-985c-61011022847a
<2022-06-08 08:17:39.466>: [Info] (AZCore): [Game] LogEnvironmentString: World Name: live-1-12-2
<2022-06-08 08:17:39.466>: [Info] (AZCore): [Game] LogEnvironmentString: Character ID: 9b7f7427-abde-4ac3-83cd-f10d78f51d29
<2022-06-08 08:17:39.466>: [Info] (AZCore): [Game] LogEnvironmentString: REP Address: 52.223.18.203:36634
<2022-06-08 08:17:39.480>: [Info] (AZCore): [GameConnection] Update state WaitingForQueuedLogin to new state QueryForRemoteConfigClass
<2022-06-08 08:17:39.483>: [Info] (AZCore): [StackConfig] LayerS3(): layer's "remoteCfg.public.CognitoId" S3 key (old: "applications/public/configuration-sets/CognitoId/us-east-1:0de93f7c-814e-4d48-a8fd-b6efc2f9ed93/versionless"), reset to new value: "applications/public/configuration-sets/CognitoId/us-east-1:0de93f7c-814e-4d48-a8fd-b6efc2f9ed93/versionless"
<2022-06-08 08:17:39.483>: [Info] (AZCore): [GameConnection] Update state QueryForRemoteConfigClass to new state WaitingForRemoteConfigClass
<2022-06-08 08:17:39.484>: [Info] (AZCore): [StackConfig] Querying "remoteCfg.public.CognitoId" remote config. S3 key: "applications/public/configuration-sets/CognitoId/us-east-1:0de93f7c-814e-4d48-a8fd-b6efc2f9ed93/versionless"
<2022-06-08 08:17:40.015>: [Info] (AZCore): [StackConfig] Retrieved layer's "remoteCfg.public.CognitoId" remote config, with S3 key: "applications/public/configuration-sets/CognitoId/us-east-1:0de93f7c-814e-4d48-a8fd-b6efc2f9ed93/versionless" successfully, size: 462

<2022-06-08 08:17:40.025>: [Info] (AZCore): [GameConnection] Update state WaitingForRemoteConfigClass to new state QueryForRemoteConfigClass
<2022-06-08 08:17:40.041>: [Info] (AZCore): [StackConfig] LayerS3(): layer's "remoteCfg.public.CognitoIdv" S3 key (old: "applications/public/configuration-sets/CognitoId/us-east-1:0de93f7c-814e-4d48-a8fd-b6efc2f9ed93/555;1694880"), reset to new value: "applications/public/configuration-sets/CognitoId/us-east-1:0de93f7c-814e-4d48-a8fd-b6efc2f9ed93/555;1694880"
<2022-06-08 08:17:40.041>: [Info] (AZCore): [GameConnection] Update state QueryForRemoteConfigClass to new state WaitingForRemoteConfigClass
<2022-06-08 08:17:40.042>: [Info] (AZCore): [StackConfig] Querying "remoteCfg.public.CognitoIdv" remote config. S3 key: "applications/public/configuration-sets/CognitoId/us-east-1:0de93f7c-814e-4d48-a8fd-b6efc2f9ed93/555;1694880"
<2022-06-08 08:17:40.153>: [Info] (AZCore): [GameConnection] Update state WaitingForRemoteConfigClass to new state QueryForRemoteConfigClass
<2022-06-08 08:17:40.169>: [Info] (AZCore): [StackConfig] LayerS3(): layer's "remoteCfg.public.WorldId" S3 key (old: ""), reset to new value: "applications/public/configuration-sets/WorldId/86ae8332-ed32-420e-985c-61011022847a/versionless"
<2022-06-08 08:17:40.169>: [Info] (AZCore): [GameConnection] Update state QueryForRemoteConfigClass to new state WaitingForRemoteConfigClass
<2022-06-08 08:17:40.170>: [Info] (AZCore): [StackConfig] Querying "remoteCfg.public.WorldId" remote config. S3 key: "applications/public/configuration-sets/WorldId/86ae8332-ed32-420e-985c-61011022847a/versionless"
<2022-06-08 08:17:40.282>: [Info] (AZCore): [GameConnection] Update state WaitingForRemoteConfigClass to new state QueryForRemoteConfigClass
<2022-06-08 08:17:40.298>: [Info] (AZCore): [StackConfig] LayerS3(): layer's "remoteCfg.public.WorldIdv" S3 key (old: ""), reset to new value: "applications/public/configuration-sets/WorldId/86ae8332-ed32-420e-985c-61011022847a/555;1694880"
<2022-06-08 08:17:40.298>: [Info] (AZCore): [GameConnection] Update state QueryForRemoteConfigClass to new state WaitingForRemoteConfigClass
<2022-06-08 08:17:40.299>: [Info] (AZCore): [StackConfig] Querying "remoteCfg.public.WorldIdv" remote config. S3 key: "applications/public/configuration-sets/WorldId/86ae8332-ed32-420e-985c-61011022847a/555;1694880"
<2022-06-08 08:17:40.412>: [Info] (AZCore): [GameConnection] Update state WaitingForRemoteConfigClass to new state QueryForRemoteConfigClass
<2022-06-08 08:17:40.429>: [Info] (AZCore): [StackConfig] LayerS3(): layer's "remoteCfg.publicGameplay.CognitoId" S3 key (old: "applications/publicGameplay/configuration-sets/CognitoId/us-east-1:0de93f7c-814e-4d48-a8fd-b6efc2f9ed93/versionless"), reset to new value: "applications/publicGameplay/configuration-sets/CognitoId/us-east-1:0de93f7c-814e-4d48-a8fd-b6efc2f9ed93/versionless"
<2022-06-08 08:17:40.429>: [Info] (AZCore): [GameConnection] Update state QueryForRemoteConfigClass to new state WaitingForRemoteConfigClass
<2022-06-08 08:17:40.430>: [Info] (AZCore): [StackConfig] Querying "remoteCfg.publicGameplay.CognitoId" remote config. S3 key: "applications/publicGameplay/configuration-sets/CognitoId/us-east-1:0de93f7c-814e-4d48-a8fd-b6efc2f9ed93/versionless"
<2022-06-08 08:17:40.551>: [Info] (AZCore): [StackConfig] Retrieved layer's "remoteCfg.publicGameplay.CognitoId" remote config, with S3 key: "applications/publicGameplay/configuration-sets/CognitoId/us-east-1:0de93f7c-814e-4d48-a8fd-b6efc2f9ed93/versionless" successfully, size: 2244

<2022-06-08 08:17:40.560>: [Info] (AZCore): [GameConnection] Update state WaitingForRemoteConfigClass to new state QueryForRemoteConfigClass
<2022-06-08 08:17:40.576>: [Info] (AZCore): [StackConfig] LayerS3(): layer's "remoteCfg.publicGameplay.CognitoIdv" S3 key (old: "applications/publicGameplay/configuration-sets/CognitoId/us-east-1:0de93f7c-814e-4d48-a8fd-b6efc2f9ed93/555;1694880"), reset to new value: "applications/publicGameplay/configuration-sets/CognitoId/us-east-1:0de93f7c-814e-4d48-a8fd-b6efc2f9ed93/555;1694880"
<2022-06-08 08:17:40.576>: [Info] (AZCore): [GameConnection] Update state QueryForRemoteConfigClass to new state WaitingForRemoteConfigClass
<2022-06-08 08:17:40.577>: [Info] (AZCore): [StackConfig] Querying "remoteCfg.publicGameplay.CognitoIdv" remote config. S3 key: "applications/publicGameplay/configuration-sets/CognitoId/us-east-1:0de93f7c-814e-4d48-a8fd-b6efc2f9ed93/555;1694880"
<2022-06-08 08:17:40.704>: [Info] (AZCore): [GameConnection] Update state WaitingForRemoteConfigClass to new state QueryForRemoteConfigClass
<2022-06-08 08:17:40.720>: [Info] (AZCore): [StackConfig] LayerS3(): layer's "remoteCfg.publicGameplay.WorldId" S3 key (old: ""), reset to new value: "applications/publicGameplay/configuration-sets/WorldId/86ae8332-ed32-420e-985c-61011022847a/versionless"
<2022-06-08 08:17:40.720>: [Info] (AZCore): [GameConnection] Update state QueryForRemoteConfigClass to new state WaitingForRemoteConfigClass
<2022-06-08 08:17:40.721>: [Info] (AZCore): [StackConfig] Querying "remoteCfg.publicGameplay.WorldId" remote config. S3 key: "applications/publicGameplay/configuration-sets/WorldId/86ae8332-ed32-420e-985c-61011022847a/versionless"
<2022-06-08 08:17:40.848>: [Info] (AZCore): [GameConnection] Update state WaitingForRemoteConfigClass to new state QueryForRemoteConfigClass
<2022-06-08 08:17:40.864>: [Info] (AZCore): [StackConfig] LayerS3(): layer's "remoteCfg.publicGameplay.WorldIdv" S3 key (old: ""), reset to new value: "applications/publicGameplay/configuration-sets/WorldId/86ae8332-ed32-420e-985c-61011022847a/555;1694880"
<2022-06-08 08:17:40.864>: [Info] (AZCore): [GameConnection] Update state QueryForRemoteConfigClass to new state WaitingForRemoteConfigClass
<2022-06-08 08:17:40.865>: [Info] (AZCore): [StackConfig] Querying "remoteCfg.publicGameplay.WorldIdv" remote config. S3 key: "applications/publicGameplay/configuration-sets/WorldId/86ae8332-ed32-420e-985c-61011022847a/555;1694880"
<2022-06-08 08:17:40.992>: [Info] (AZCore): [GameConnection] Update state WaitingForRemoteConfigClass to new state QueryForRemoteConfigClass
<2022-06-08 08:17:41.008>: [Info] (AZCore): [GameConnection] Update state QueryForRemoteConfigClass to new state StartREPConnection
<2022-06-08 08:17:41.024>: [Info] (AZCore): [GameConnection] GameConnectionWrapper: start REP connection RepAddress = 52.223.18.203:36634, worldId = 86ae8332-ed32-420e-985c-61011022847a
<2022-06-08 08:17:41.027>: [Info] (AZCore): [GameConnection] Update state StartREPConnection to new state WaitingForREPConnection
<2022-06-08 08:17:41.198>: [Info] (AZCore): [GameConnection] GameConnectionWrapper: REP socket connection established, now waiting to register
<2022-06-08 08:17:41.257>: [Info] (AZCore): [GameConnection] GameConnectionWrapper: received registration response from REP
<2022-06-08 08:17:41.257>: [Info] (AZCore): [Game] LogEnvironmentString: Server version: [RELEASE].Javelin.1.18.555.1694880
<2022-06-08 08:17:41.263>: [Info] (AZCore): [GameConnection] GameConnectionWrapper: start actor game connection
<2022-06-08 08:17:41.263>: [Info] (AZCore): [GameMessagePort] Reset
<2022-06-08 08:17:41.263>: [Info] (AZCore): [GameConnection] Update state WaitingForREPConnection to new state WaitingForActorGameConnection
<2022-06-08 08:17:41.359>: [Info] (AZCore): [GameConnection] GameConnectionWrapper: actor game connection succeeds
<2022-06-08 08:17:41.359>: [Info] (AZCore): [GameConnection] Initialize current retry count : 0
<2022-06-08 08:17:41.359>: [Info] (AZCore): [GameConnection] Update state WaitingForActorGameConnection to new state WaitingForSpawnPoint
<2022-06-08 08:17:41.375>: [Info] (AZCore): [GameConnection] GameConnectionWrapper: spawn point found
<2022-06-08 08:17:41.375>: [Info] (AZCore): [GameConnection] Update state WaitingForSpawnPoint to new state WaitingForAOIClient
<2022-06-08 08:17:41.567>: [Info] (AZCore): [GameMessagePort] LevelInfoChanged
<2022-06-08 08:17:41.567>: [Info] (AZCore): [GameMessagePort] LevelInfoChanged m_clientContextInstanceId 0 changing to levelInfo.m_clientContextInstanceId 1
<2022-06-08 08:17:41.567>: [Info] (AZCore): [GameConnection] GameConnectionWrapper: AOI client available
<2022-06-08 08:17:41.567>: [Info] (AZCore): [GameConnection] Update state WaitingForAOIClient to new state WaitingForPlayerSpawn
<2022-06-08 08:17:41.583>: [Info] (AZCore): [GameMessagePort] Calling clientContext->Initialize
<2022-06-08 08:17:41.583>: [Info] (AZCore): [ClientContext] Initialize()
<2022-06-08 08:17:41.583>: [Info] (AZCore): [ClientContext] Cleanup()
<2022-06-08 08:17:43.765>: [Info] (AZCore): [streamingGDEManager] Initialize()
<2022-06-08 08:17:43.766>: [Info] (AZCore): [AsyncMapUnload] Loading of map "NewWorld_VitaeEterna" deferred in order to async unload previous level "frontendv2": starting async unload...
<2022-06-08 08:17:43.769>: [Info] (AZCore): [AsyncMapUnload] Lumberyard Connection State: "WaitingForPlayerSpawn"
<2022-06-08 08:17:43.769>: [Info] (AZCore): [AsyncMapUnload] waiting... numJobs 0, AssetBus::context.m_queue.size(): 328, waitingRefs (from bus): 0
<2022-06-08 08:17:43.769>: [Info] (AZCore): [GameMessagePort] HandleUnexpectedMessage skipping ReceiveStateBundle for bundle message due to clientContext == nullptr
<2022-06-08 08:17:43.773>: [Info] (AZCore): [AsyncMapUnload] DONE waiting... numJobs 0, AssetBus::context.m_queue.size(): 0, waitingRefs (from bus): 0
<2022-06-08 08:17:43.773>: [Info] (AZCore): [AsyncMapUnload] ...allowing map change
<2022-06-08 08:17:43.773>: [Info]: ============================ Loading level NewWorld_VitaeEterna ============================
<2022-06-08 08:17:47.901>: [Info]: CGame::InitCoatlicueTerrain
<2022-06-08 08:17:47.906>: [Info] (AZCore): [GameMessagePort] ProcessPendingReliableMsgQueue processing 4 messages from m_pendingUnexpectedMsgs
<2022-06-08 08:17:47.921>: [Info] (AZCore): [GameMessagePort] LevelInfoChanged
<2022-06-08 08:17:48.501>: [Info] (AZCore): [GDERenderManager] Init()
<2022-06-08 08:17:48.543>: [Info] (AZCore): [Game] LogEnvironmentString: Player Name: xuppra
<2022-06-08 08:17:48.543>: [Info] (AZCore): [Game] LogEnvironmentString: Player Actor: AE595B482D0B0A66E58F984433AC4281
<2022-06-08 08:17:48.605>: [Info]: SerializeOptions: Success
<2022-06-08 08:17:48.605>: [Info]: SerializeOptions: Moving to C:/Users/cedric/AppData/Roaming/AGS/New World/savedata/temp_usersettings.javsave
<2022-06-08 08:17:48.661>: [Info] (AZCore): [GameConnection] GameConnectionWrapper: player spawn succeeds, in game
<2022-06-08 08:17:48.661>: [Info] (AZCore): [GameConnection] Update state WaitingForPlayerSpawn to new state InGame
<2022-06-08 08:17:48.661>: [Info] (AZCore): [Game] JavelinGame::OnConnectionSucceed
<2022-06-08 08:17:51.801>: [Info] (AZCore): [GameMessagePort] LevelInfoChanged
<2022-06-08 08:18:00.670>: [Info]: SerializeOptions: Success
<2022-06-08 08:18:00.670>: [Info]: SerializeOptions: Moving to C:/Users/cedric/AppData/Roaming/AGS/New World/savedata/temp_usersettings.javsave
<2022-06-08 08:24:17.619>: [Info]: SerializeOptions: Success
<2022-06-08 08:24:17.619>: [Info]: SerializeOptions: Moving to C:/Users/cedric/AppData/Roaming/AGS/New World/savedata/temp_usersettings.javsave
<2022-06-08 08:27:01.762>: [Info]: SerializeOptions: Success
<2022-06-08 08:27:01.762>: [Info]: SerializeOptions: Moving to C:/Users/cedric/AppData/Roaming/AGS/New World/savedata/temp_usersettings.javsave
<2022-06-08 08:42:21.740>: [Info]: SerializeOptions: Success
<2022-06-08 08:42:21.740>: [Info]: SerializeOptions: Moving to C:/Users/cedric/AppData/Roaming/AGS/New World/savedata/temp_usersettings.javsave
<2022-06-08 08:48:47.396>: [Info]: SerializeOptions: Success
<2022-06-08 08:48:47.396>: [Info]: SerializeOptions: Moving to C:/Users/cedric/AppData/Roaming/AGS/New World/savedata/temp_usersettings.javsave
<2022-06-08 08:48:54.903>: [Info]: SerializeOptions: Success
<2022-06-08 08:48:54.903>: [Info]: SerializeOptions: Moving to C:/Users/cedric/AppData/Roaming/AGS/New World/savedata/temp_usersettings.javsave
<2022-06-08 08:54:09.167>: [Info]: SerializeOptions: Success
<2022-06-08 08:54:09.167>: [Info]: SerializeOptions: Moving to C:/Users/cedric/AppData/Roaming/AGS/New World/savedata/temp_usersettings.javsave
<2022-06-08 08:58:42.996>: [Info]: SerializeOptions: Success
<2022-06-08 08:58:42.996>: [Info]: SerializeOptions: Moving to C:/Users/cedric/AppData/Roaming/AGS/New World/savedata/temp_usersettings.javsave
<2022-06-08 08:58:43.655>: [Info] (AZCore): [GameMessagePort] LevelInfoChanged
<2022-06-08 08:58:43.655>: [Info] (AZCore): [GameMessagePort] Reset
<2022-06-08 08:58:43.655>: [Info] (AZCore): [GameConnection] Update state InGame to new state WaitingForAOIClient
<2022-06-08 08:58:43.655>: [Info] (AZCore): [GameMessagePort] LevelInfoChanged m_clientContextInstanceId 1 changing to levelInfo.m_clientContextInstanceId 2
<2022-06-08 08:58:43.767>: [Info] (AZCore): [GameConnection] GameConnectionWrapper: AOI client available
<2022-06-08 08:58:43.767>: [Info] (AZCore): [GameConnection] Update state WaitingForAOIClient to new state WaitingForPlayerSpawn
<2022-06-08 08:58:43.783>: [Info] (AZCore): [GameMessagePort] Calling clientContext->Initialize
<2022-06-08 08:58:43.783>: [Info] (AZCore): [ClientContext] Initialize()
<2022-06-08 08:58:43.783>: [Info] (AZCore): [ClientContext] Cleanup()
<2022-06-08 08:58:43.783>: [Info] (AZCore): [GDERenderManager] Releasing resources!
<2022-06-08 08:58:43.800>: [Info] (AZCore): [streamingGDEManager] Shutting down and releasing regions
<2022-06-08 08:58:43.870>: [Info] (AZCore): [streamingGDEManager] Shutting down and releasing regions
<2022-06-08 08:58:44.256>: [Info] (AZCore): [streamingGDEManager] Initialize()
<2022-06-08 08:58:44.258>: [Info] (AZCore): [AsyncMapUnload] Loading of map "NW_Arena01" deferred in order to async unload previous level "NewWorld_VitaeEterna": starting async unload...
<2022-06-08 08:58:44.263>: [Info] (AZCore): [AsyncMapUnload] Lumberyard Connection State: "WaitingForPlayerSpawn"
<2022-06-08 08:58:44.263>: [Info] (AZCore): [AsyncMapUnload] waiting... numJobs 0, AssetBus::context.m_queue.size(): 1876, waitingRefs (from bus): 0
<2022-06-08 08:58:44.263>: [Info] (AZCore): [GameMessagePort] HandleUnexpectedMessage skipping ReceiveStateBundle for bundle message due to clientContext == nullptr
<2022-06-08 08:58:44.282>: [Info]: SerializeOptions: Success
<2022-06-08 08:58:44.282>: [Info]: SerializeOptions: Moving to C:/Users/cedric/AppData/Roaming/AGS/New World/savedata/temp_usersettings.javsave
<2022-06-08 08:58:44.327>: [Info] (AZCore): [AsyncMapUnload] waiting... numJobs 0, AssetBus::context.m_queue.size(): 1, waitingRefs (from bus): 0
<2022-06-08 08:58:44.359>: [Info] (AZCore): [AsyncMapUnload] waiting... numJobs 0, AssetBus::context.m_queue.size(): 987, waitingRefs (from bus): 0
<2022-06-08 08:58:44.413>: [Info] (AZCore): [AsyncMapUnload] waiting... numJobs 0, AssetBus::context.m_queue.size(): 926, waitingRefs (from bus): 0
<2022-06-08 08:58:44.429>: [Info] (AZCore): [AsyncMapUnload] waiting... numJobs 0, AssetBus::context.m_queue.size(): 12, waitingRefs (from bus): 0
<2022-06-08 08:58:44.446>: [Info] (AZCore): [AsyncMapUnload] DONE waiting... numJobs 0, AssetBus::context.m_queue.size(): 0, waitingRefs (from bus): 0
<2022-06-08 08:58:44.446>: [Info] (AZCore): [AsyncMapUnload] ...allowing map change
<2022-06-08 08:58:44.446>: [Info]: ============================ Loading level NW_Arena01 ============================
<2022-06-08 08:58:44.670>: [Info]: SerializeOptions: Success
<2022-06-08 08:58:44.671>: [Info]: SerializeOptions: Moving to C:/Users/cedric/AppData/Roaming/AGS/New World/savedata/temp_usersettings.javsave
<2022-06-08 08:58:47.619>: [Info]: CGame::InitCoatlicueTerrain
<2022-06-08 08:58:47.623>: [Info] (AZCore): [GameMessagePort] ProcessPendingReliableMsgQueue processing 1 messages from m_pendingUnexpectedMsgs
<2022-06-08 08:58:47.985>: [Info] (AZCore): [GDERenderManager] Init()
<2022-06-08 08:58:52.539>: [Info] (AZCore): [GameConnection] GameConnectionWrapper: player spawn succeeds, in game
<2022-06-08 08:58:52.539>: [Info] (AZCore): [GameConnection] Update state WaitingForPlayerSpawn to new state InGame
<2022-06-08 08:58:52.539>: [Info] (AZCore): [Game] JavelinGame::OnConnectionSucceed
<2022-06-08 09:04:06.606>: [Info] (AZCore): [GameMessagePort] MayHandleReplicationUnreliable() returning false clientContextInstanceId  2 m_clientContextInstanceId 2 seq 18849 m_lastUnreliableReplicationSeq 18911
<2022-06-08 09:04:06.606>: [Info] (AZCore): [GameMessagePort] MayHandleReplicationUnreliable() returning false clientContextInstanceId  2 m_clientContextInstanceId 2 seq 18875 m_lastUnreliableReplicationSeq 18911
<2022-06-08 09:05:25.016>: [Info]: SerializeOptions: Success
<2022-06-08 09:05:25.016>: [Info]: SerializeOptions: Moving to C:/Users/cedric/AppData/Roaming/AGS/New World/savedata/temp_usersettings.javsave
<2022-06-08 09:05:25.289>: [Info] (AZCore): [GameMessagePort] LevelInfoChanged
<2022-06-08 09:05:25.289>: [Info] (AZCore): [GameMessagePort] Reset
<2022-06-08 09:05:25.289>: [Info] (AZCore): [GameConnection] Update state InGame to new state WaitingForAOIClient
<2022-06-08 09:05:25.289>: [Info] (AZCore): [GameMessagePort] LevelInfoChanged m_clientContextInstanceId 2 changing to levelInfo.m_clientContextInstanceId 3
<2022-06-08 09:05:25.289>: [Info] (AZCore): [GameConnection] GameConnectionWrapper: AOI client available
<2022-06-08 09:05:25.289>: [Info] (AZCore): [GameConnection] Update state WaitingForAOIClient to new state WaitingForPlayerSpawn
<2022-06-08 09:05:25.449>: [Info] (AZCore): [GameMessagePort] Calling clientContext->Initialize
<2022-06-08 09:05:25.449>: [Info] (AZCore): [ClientContext] Initialize()
<2022-06-08 09:05:25.449>: [Info] (AZCore): [ClientContext] Cleanup()
<2022-06-08 09:05:25.449>: [Info] (AZCore): [GDERenderManager] Releasing resources!
<2022-06-08 09:05:25.451>: [Info] (AZCore): [streamingGDEManager] Shutting down and releasing regions
<2022-06-08 09:05:25.452>: [Info] (AZCore): [streamingGDEManager] Shutting down and releasing regions
<2022-06-08 09:05:27.474>: [Info] (AZCore): [streamingGDEManager] Initialize()
<2022-06-08 09:05:27.474>: [Info] (AZCore): [AsyncMapUnload] Loading of map "NewWorld_VitaeEterna" deferred in order to async unload previous level "NW_Arena01": starting async unload...
<2022-06-08 09:05:27.475>: [Info] (AZCore): [AsyncMapUnload] Lumberyard Connection State: "WaitingForPlayerSpawn"
<2022-06-08 09:05:27.475>: [Info] (AZCore): [AsyncMapUnload] waiting... numJobs 0, AssetBus::context.m_queue.size(): 234, waitingRefs (from bus): 0
<2022-06-08 09:05:27.475>: [Info] (AZCore): [GameMessagePort] HandleUnexpectedMessage skipping ReceiveStateBundle for bundle message due to clientContext == nullptr
<2022-06-08 09:05:28.339>: [Info] (AZCore): [AsyncMapUnload] DONE waiting... numJobs 0, AssetBus::context.m_queue.size(): 0, waitingRefs (from bus): 0
<2022-06-08 09:05:28.339>: [Info] (AZCore): [AsyncMapUnload] ...allowing map change
<2022-06-08 09:05:28.339>: [Info]: ============================ Loading level NewWorld_VitaeEterna ============================
<2022-06-08 09:05:31.024>: [Info]: CGame::InitCoatlicueTerrain
<2022-06-08 09:05:31.027>: [Info] (AZCore): [GameMessagePort] ProcessPendingReliableMsgQueue processing 28 messages from m_pendingUnexpectedMsgs
<2022-06-08 09:05:31.311>: [Info] (AZCore): [GDERenderManager] Init()
<2022-06-08 09:05:35.197>: [Info]: SerializeOptions: Success
<2022-06-08 09:05:35.197>: [Info]: SerializeOptions: Moving to C:/Users/cedric/AppData/Roaming/AGS/New World/savedata/temp_usersettings.javsave
<2022-06-08 09:05:35.221>: [Info] (AZCore): [GameConnection] GameConnectionWrapper: player spawn succeeds, in game
<2022-06-08 09:05:35.221>: [Info] (AZCore): [GameConnection] Update state WaitingForPlayerSpawn to new state InGame
<2022-06-08 09:05:35.221>: [Info] (AZCore): [Game] JavelinGame::OnConnectionSucceed
<2022-06-08 09:12:10.001>: [Info] (AZCore): [SteamAuth] Attempting to refresh AWS credentials
<2022-06-08 09:12:10.001>: [Info] (AZCore): [SteamAuth] Calling Http API: https://d1w0bfy6smo4d1.cloudfront.net/prod/credentials
<2022-06-08 09:12:10.225>: [Info] (AZCore): [AuthStackCredentialsProvider] Successfully refreshed gateway AWS credentials, next attempt will start after 2022-06-08T10:07:08Z
<2022-06-08 09:12:10.225>: [Info] (AZCore): [AuthStackCredentialsProvider] Successfully refreshed persona AWS credentials, next attempt will start after 2022-06-08T10:07:08Z
<2022-06-08 09:12:10.241>: [Info] (AZCore): [SteamAuth] Successfully updated AWS credentials.
<2022-06-08 09:23:37.141>: [Info]: SerializeOptions: Success
<2022-06-08 09:23:37.141>: [Info]: SerializeOptions: Moving to C:/Users/cedric/AppData/Roaming/AGS/New World/savedata/temp_usersettings.javsave
<2022-06-08 09:23:38.036>: [Info] (AZCore): [GameMessagePort] LevelInfoChanged
<2022-06-08 09:23:38.036>: [Info] (AZCore): [GameMessagePort] Reset
<2022-06-08 09:23:38.036>: [Info] (AZCore): [GameConnection] Update state InGame to new state WaitingForAOIClient
<2022-06-08 09:23:38.036>: [Info] (AZCore): [GameMessagePort] LevelInfoChanged m_clientContextInstanceId 3 changing to levelInfo.m_clientContextInstanceId 4
<2022-06-08 09:23:38.068>: [Info] (AZCore): [GameConnection] GameConnectionWrapper: AOI client available
<2022-06-08 09:23:38.068>: [Info] (AZCore): [GameConnection] Update state WaitingForAOIClient to new state WaitingForPlayerSpawn
<2022-06-08 09:23:38.164>: [Info] (AZCore): [GameMessagePort] Calling clientContext->Initialize
<2022-06-08 09:23:38.164>: [Info] (AZCore): [ClientContext] Initialize()
<2022-06-08 09:23:38.164>: [Info] (AZCore): [ClientContext] Cleanup()
<2022-06-08 09:23:38.164>: [Info] (AZCore): [GDERenderManager] Releasing resources!
<2022-06-08 09:23:38.181>: [Info] (AZCore): [streamingGDEManager] Shutting down and releasing regions
<2022-06-08 09:23:38.254>: [Info] (AZCore): [streamingGDEManager] Shutting down and releasing regions
<2022-06-08 09:23:38.648>: [Info] (AZCore): [streamingGDEManager] Initialize()
<2022-06-08 09:23:38.649>: [Info] (AZCore): [AsyncMapUnload] Loading of map "NW_Arena01" deferred in order to async unload previous level "NewWorld_VitaeEterna": starting async unload...
<2022-06-08 09:23:38.653>: [Info] (AZCore): [AsyncMapUnload] Lumberyard Connection State: "WaitingForPlayerSpawn"
<2022-06-08 09:23:38.653>: [Info] (AZCore): [AsyncMapUnload] waiting... numJobs 0, AssetBus::context.m_queue.size(): 1883, waitingRefs (from bus): 0
<2022-06-08 09:23:38.653>: [Info] (AZCore): [GameMessagePort] HandleUnexpectedMessage skipping ReceiveStateBundle for bundle message due to clientContext == nullptr
<2022-06-08 09:23:38.708>: [Info] (AZCore): [AsyncMapUnload] DONE waiting... numJobs 0, AssetBus::context.m_queue.size(): 0, waitingRefs (from bus): 0
<2022-06-08 09:23:38.708>: [Info] (AZCore): [AsyncMapUnload] ...allowing map change
<2022-06-08 09:23:38.708>: [Info]: ============================ Loading level NW_Arena01 ============================
<2022-06-08 09:23:38.986>: [Info]: SerializeOptions: Success
<2022-06-08 09:23:38.986>: [Info]: SerializeOptions: Moving to C:/Users/cedric/AppData/Roaming/AGS/New World/savedata/temp_usersettings.javsave
<2022-06-08 09:23:41.450>: [Info]: CGame::InitCoatlicueTerrain
<2022-06-08 09:23:41.453>: [Info] (AZCore): [GameMessagePort] ProcessPendingReliableMsgQueue processing 1 messages from m_pendingUnexpectedMsgs
<2022-06-08 09:23:41.742>: [Info] (AZCore): [GDERenderManager] Init()
<2022-06-08 09:23:45.630>: [Info] (AZCore): [GameConnection] GameConnectionWrapper: player spawn succeeds, in game
<2022-06-08 09:23:45.630>: [Info] (AZCore): [GameConnection] Update state WaitingForPlayerSpawn to new state InGame
<2022-06-08 09:23:45.630>: [Info] (AZCore): [Game] JavelinGame::OnConnectionSucceed
<2022-06-08 09:32:20.989>: [Info]: SerializeOptions: Success
<2022-06-08 09:32:20.989>: [Info]: SerializeOptions: Moving to C:/Users/cedric/AppData/Roaming/AGS/New World/savedata/temp_usersettings.javsave
<2022-06-08 09:32:21.816>: [Info] (AZCore): [GameMessagePort] LevelInfoChanged
<2022-06-08 09:32:21.816>: [Info] (AZCore): [GameMessagePort] Reset
<2022-06-08 09:32:21.816>: [Info] (AZCore): [GameConnection] Update state InGame to new state WaitingForAOIClient
<2022-06-08 09:32:21.816>: [Info] (AZCore): [GameMessagePort] LevelInfoChanged m_clientContextInstanceId 4 changing to levelInfo.m_clientContextInstanceId 5
<2022-06-08 09:32:21.864>: [Info] (AZCore): [GameConnection] GameConnectionWrapper: AOI client available
<2022-06-08 09:32:21.864>: [Info] (AZCore): [GameConnection] Update state WaitingForAOIClient to new state WaitingForPlayerSpawn
<2022-06-08 09:32:21.976>: [Info] (AZCore): [GameMessagePort] Calling clientContext->Initialize
<2022-06-08 09:32:21.976>: [Info] (AZCore): [ClientContext] Initialize()
<2022-06-08 09:32:21.976>: [Info] (AZCore): [ClientContext] Cleanup()
<2022-06-08 09:32:21.976>: [Info] (AZCore): [GDERenderManager] Releasing resources!
<2022-06-08 09:32:21.978>: [Info] (AZCore): [streamingGDEManager] Shutting down and releasing regions
<2022-06-08 09:32:21.979>: [Info] (AZCore): [streamingGDEManager] Shutting down and releasing regions
<2022-06-08 09:32:23.924>: [Info] (AZCore): [streamingGDEManager] Initialize()
<2022-06-08 09:32:23.924>: [Info] (AZCore): [AsyncMapUnload] Loading of map "NewWorld_VitaeEterna" deferred in order to async unload previous level "NW_Arena01": starting async unload...
<2022-06-08 09:32:23.925>: [Info] (AZCore): [AsyncMapUnload] Lumberyard Connection State: "WaitingForPlayerSpawn"
<2022-06-08 09:32:23.925>: [Info] (AZCore): [AsyncMapUnload] waiting... numJobs 0, AssetBus::context.m_queue.size(): 273, waitingRefs (from bus): 0
<2022-06-08 09:32:23.925>: [Info] (AZCore): [GameMessagePort] HandleUnexpectedMessage skipping ReceiveStateBundle for bundle message due to clientContext == nullptr
<2022-06-08 09:32:24.814>: [Info] (AZCore): [AsyncMapUnload] DONE waiting... numJobs 0, AssetBus::context.m_queue.size(): 0, waitingRefs (from bus): 0
<2022-06-08 09:32:24.814>: [Info] (AZCore): [AsyncMapUnload] ...allowing map change
<2022-06-08 09:32:24.814>: [Info]: ============================ Loading level NewWorld_VitaeEterna ============================
<2022-06-08 09:32:25.097>: [Info]: SerializeOptions: Success
<2022-06-08 09:32:25.097>: [Info]: SerializeOptions: Moving to C:/Users/cedric/AppData/Roaming/AGS/New World/savedata/temp_usersettings.javsave
<2022-06-08 09:32:27.551>: [Info]: CGame::InitCoatlicueTerrain
<2022-06-08 09:32:27.554>: [Info] (AZCore): [GameMessagePort] ProcessPendingReliableMsgQueue processing 22 messages from m_pendingUnexpectedMsgs
<2022-06-08 09:32:27.819>: [Info] (AZCore): [GDERenderManager] Init()
<2022-06-08 09:32:31.923>: [Info] (AZCore): [GameConnection] GameConnectionWrapper: player spawn succeeds, in game
<2022-06-08 09:32:31.923>: [Info] (AZCore): [GameConnection] Update state WaitingForPlayerSpawn to new state InGame
<2022-06-08 09:32:31.923>: [Info] (AZCore): [Game] JavelinGame::OnConnectionSucceed
<2022-06-08 09:36:47.424>: [Info] (AZCore): [SteamAuth] EndSessionJob: Calling Persona to end session
<2022-06-08 09:36:47.966>: [Info] (AZCore): [SteamAuth] Persona EndSession called successfully
<2022-06-08 09:36:47.966>: [Info] (AZCore): [Game] CGame::ActorContainerDisconnect
<2022-06-08 09:36:47.966>: [Info] (AZCore): [GameConnection] GameConnectionWrapper::Disconnect
<2022-06-08 09:36:47.966>: [Info] (AZCore): [Game] CGame::OnDisconnection: Disconnected from REP
<2022-06-08 09:36:47.979>: [Info] (AZCore): [GameConnection] GameConnectionWrapper: disconnected from REP
<2022-06-08 09:36:47.992>: [Info]: [ERROR] ClientSDK: @mm_csdkerr_disconnect
<2022-06-08 09:36:49.097>: [Info] (AZCore): [GameConnection] Update state InGame to new state Disconnected
<2022-06-08 09:36:49.097>: [Info]: CSystem::Quit invoked from thread 14580 (main is 14580)
<2022-06-08 09:36:49.097>: [Info] (AZCore): [Game] CGame::ActorContainerDisconnect
