<2022-06-08 12:21:22.612>: [Info]: BackupNameAttachment=" Build(1694880) 08 Jun 22 (14 21 22)"  -- used by backup system

<2022-06-08 12:21:22.612>: [Info]: Log Started at local time Wed Jun  8 14:21:22 2022
<2022-06-08 12:21:22.612>: [Info]: Built on Sat Jun  4 00:49:10 2022

<2022-06-08 12:21:22.612>: [Info]: Running 64 bit Windows version
<2022-06-08 12:21:22.612>: [Info]: Executable: NewWorld.exe [AZ_RETAIL_CONFIG]
<2022-06-08 12:21:22.612>: [Info]: FileVersion: 1.18.555.1694880
<2022-06-08 12:21:22.612>: [Info]: ProductVersion: 1.18.555.1694880
<2022-06-08 12:21:22.612>: [Info]: Using Microsoft (tm) C++ Standard Library implementation

<2022-06-08 12:21:22.614>: [Info] (AZCore): [System] Loading system configuration from system_windows_pc.cfg...
<2022-06-08 12:21:22.614>: [Info] (AZCore): [System] GameDir: Assets

<2022-06-08 12:21:23.831>: [Info]: 
<2022-06-08 12:21:23.832>: [Info]: Total number of logical processors: 16
<2022-06-08 12:21:23.832>: [Info]: Number of available logical processors: 16
<2022-06-08 12:21:23.832>: [Info]: Total number of system cores: 8
<2022-06-08 12:21:23.832>: [Info]: Number of cores available to process: 8
<2022-06-08 12:21:23.832>: [Info]:  
<2022-06-08 12:21:23.832>: [Info]: Processor 0:
<2022-06-08 12:21:23.832>: [Info]:   CPU: Intel        Intel(R) Xeon(R) CPU E5-2689 0 @ 2.60GHz
<2022-06-08 12:21:23.832>: [Info]:   Family: 6, Model: 13, Stepping: 7
<2022-06-08 12:21:23.832>: [Info]:   FPU: On-Chip
<2022-06-08 12:21:23.832>: [Info]:   3DNow!: not present
<2022-06-08 12:21:23.832>: [Info]:   MMX: not present
<2022-06-08 12:21:23.832>: [Info]:   SSE: present
<2022-06-08 12:21:23.832>: [Info]:   SSE2: present
<2022-06-08 12:21:23.832>: [Info]:   SSE3: present
<2022-06-08 12:21:23.832>: [Info]:   Serial number not present or disabled
<2022-06-08 12:21:23.832>: [Info]:  
<2022-06-08 12:21:23.832>: [Info]: Processor 1:
<2022-06-08 12:21:23.832>: [Info]:   CPU: Intel        Intel(R) Xeon(R) CPU E5-2689 0 @ 2.60GHz
<2022-06-08 12:21:23.832>: [Info]:   Family: 6, Model: 13, Stepping: 7
<2022-06-08 12:21:23.832>: [Info]:   FPU: On-Chip
<2022-06-08 12:21:23.832>: [Info]:   3DNow!: not present
<2022-06-08 12:21:23.832>: [Info]:   MMX: not present
<2022-06-08 12:21:23.832>: [Info]:   SSE: present
<2022-06-08 12:21:23.832>: [Info]:   SSE2: present
<2022-06-08 12:21:23.832>: [Info]:   SSE3: present
<2022-06-08 12:21:23.832>: [Info]:   Serial number not present or disabled
<2022-06-08 12:21:23.832>: [Info]:  
<2022-06-08 12:21:23.832>: [Info]: Processor 2:
<2022-06-08 12:21:23.832>: [Info]:   CPU: Intel        Intel(R) Xeon(R) CPU E5-2689 0 @ 2.60GHz
<2022-06-08 12:21:23.832>: [Info]:   Family: 6, Model: 13, Stepping: 7
<2022-06-08 12:21:23.832>: [Info]:   FPU: On-Chip
<2022-06-08 12:21:23.832>: [Info]:   3DNow!: not present
<2022-06-08 12:21:23.832>: [Info]:   MMX: not present
<2022-06-08 12:21:23.832>: [Info]:   SSE: present
<2022-06-08 12:21:23.832>: [Info]:   SSE2: present
<2022-06-08 12:21:23.832>: [Info]:   SSE3: present
<2022-06-08 12:21:23.832>: [Info]:   Serial number not present or disabled
<2022-06-08 12:21:23.832>: [Info]:  
<2022-06-08 12:21:23.832>: [Info]: Processor 3:
<2022-06-08 12:21:23.832>: [Info]:   CPU: Intel        Intel(R) Xeon(R) CPU E5-2689 0 @ 2.60GHz
<2022-06-08 12:21:23.832>: [Info]:   Family: 6, Model: 13, Stepping: 7
<2022-06-08 12:21:23.832>: [Info]:   FPU: On-Chip
<2022-06-08 12:21:23.832>: [Info]:   3DNow!: not present
<2022-06-08 12:21:23.832>: [Info]:   MMX: not present
<2022-06-08 12:21:23.832>: [Info]:   SSE: present
<2022-06-08 12:21:23.832>: [Info]:   SSE2: present
<2022-06-08 12:21:23.832>: [Info]:   SSE3: present
<2022-06-08 12:21:23.832>: [Info]:   Serial number not present or disabled
<2022-06-08 12:21:23.832>: [Info]:  
<2022-06-08 12:21:23.832>: [Info]: Processor 4:
<2022-06-08 12:21:23.832>: [Info]:   CPU: Intel        Intel(R) Xeon(R) CPU E5-2689 0 @ 2.60GHz
<2022-06-08 12:21:23.832>: [Info]:   Family: 6, Model: 13, Stepping: 7
<2022-06-08 12:21:23.832>: [Info]:   FPU: On-Chip
<2022-06-08 12:21:23.832>: [Info]:   3DNow!: not present
<2022-06-08 12:21:23.832>: [Info]:   MMX: not present
<2022-06-08 12:21:23.832>: [Info]:   SSE: present
<2022-06-08 12:21:23.832>: [Info]:   SSE2: present
<2022-06-08 12:21:23.832>: [Info]:   SSE3: present
<2022-06-08 12:21:23.832>: [Info]:   Serial number not present or disabled
<2022-06-08 12:21:23.832>: [Info]:  
<2022-06-08 12:21:23.832>: [Info]: Processor 5:
<2022-06-08 12:21:23.832>: [Info]:   CPU: Intel        Intel(R) Xeon(R) CPU E5-2689 0 @ 2.60GHz
<2022-06-08 12:21:23.832>: [Info]:   Family: 6, Model: 13, Stepping: 7
<2022-06-08 12:21:23.832>: [Info]:   FPU: On-Chip
<2022-06-08 12:21:23.832>: [Info]:   3DNow!: not present
<2022-06-08 12:21:23.832>: [Info]:   MMX: not present
<2022-06-08 12:21:23.832>: [Info]:   SSE: present
<2022-06-08 12:21:23.832>: [Info]:   SSE2: present
<2022-06-08 12:21:23.832>: [Info]:   SSE3: present
<2022-06-08 12:21:23.832>: [Info]:   Serial number not present or disabled
<2022-06-08 12:21:23.832>: [Info]:  
<2022-06-08 12:21:23.832>: [Info]: Processor 6:
<2022-06-08 12:21:23.832>: [Info]:   CPU: Intel        Intel(R) Xeon(R) CPU E5-2689 0 @ 2.60GHz
<2022-06-08 12:21:23.832>: [Info]:   Family: 6, Model: 13, Stepping: 7
<2022-06-08 12:21:23.832>: [Info]:   FPU: On-Chip
<2022-06-08 12:21:23.832>: [Info]:   3DNow!: not present
<2022-06-08 12:21:23.832>: [Info]:   MMX: not present
<2022-06-08 12:21:23.832>: [Info]:   SSE: present
<2022-06-08 12:21:23.832>: [Info]:   SSE2: present
<2022-06-08 12:21:23.832>: [Info]:   SSE3: present
<2022-06-08 12:21:23.832>: [Info]:   Serial number not present or disabled
<2022-06-08 12:21:23.832>: [Info]:  
<2022-06-08 12:21:23.832>: [Info]: Processor 7:
<2022-06-08 12:21:23.832>: [Info]:   CPU: Intel        Intel(R) Xeon(R) CPU E5-2689 0 @ 2.60GHz
<2022-06-08 12:21:23.832>: [Info]:   Family: 6, Model: 13, Stepping: 7
<2022-06-08 12:21:23.832>: [Info]:   FPU: On-Chip
<2022-06-08 12:21:23.832>: [Info]:   3DNow!: not present
<2022-06-08 12:21:23.832>: [Info]:   MMX: not present
<2022-06-08 12:21:23.832>: [Info]:   SSE: present
<2022-06-08 12:21:23.832>: [Info]:   SSE2: present
<2022-06-08 12:21:23.832>: [Info]:   SSE3: present
<2022-06-08 12:21:23.832>: [Info]:   Serial number not present or disabled
<2022-06-08 12:21:23.832>: [Info]:  
<2022-06-08 12:21:23.832>: [Info]: Windows 10 64 bit (build 10.0.19043)
<2022-06-08 12:21:23.832>: [Info]: System language: French
<2022-06-08 12:21:23.832>: [Info]: Windows Directory: "C:\WINDOWS"
<2022-06-08 12:21:23.832>: [Info]: Local time is 14:21:23 06/08/22, system running for 12784 minutes
<2022-06-08 12:21:23.832>: [Info]: 16316MB physical memory installed, 8544MB available, 134217727MB virtual memory installed, 47 percent of memory in use
<2022-06-08 12:21:23.833>: [Info]: PageFile usage: 238MB, Working Set: 288MB, Peak PageFile usage: 363MB,
<2022-06-08 12:21:23.833>: [Info]: Current display mode is 78043832, (Unknown graphics card)
<2022-06-08 12:21:23.834>: [Info]: IBM enhanced (101/102-key) keyboard and 5+ button mouse installed
<2022-06-08 12:21:23.834>: [Info]: --------------------------------------------------------------------------------
<2022-06-08 12:21:23.836>: [Info] (AZCore): [System] Stream Engine Initialization
<2022-06-08 12:21:23.837>: [Info]: GameName: New World
<2022-06-08 12:21:23.837>: [Info]: BuildTime: Sat Jun  4 00:49:10 2022

<2022-06-08 12:21:23.837>: [Info] (AZCore): [System] Physics initialization
<2022-06-08 12:21:23.837>: [Info] (AZCore): [System] Renderer initialization
<2022-06-08 12:21:23.840>: [Info]: Logging video adapters:
<2022-06-08 12:21:25.301>: [Info]: - Radeon RX 580 Series (vendor = 0x1002, device = 0x67df)
<2022-06-08 12:21:25.301>: [Info]:   - Adapter index: 0
<2022-06-08 12:21:25.301>: [Info]:   - Dedicated video memory: 8170 MB
<2022-06-08 12:21:25.301>: [Info]:   - Feature level: DX11 (SM 5.0)
<2022-06-08 12:21:25.301>: [Info]:   - Displays connected: yes
<2022-06-08 12:21:25.301>: [Info]:   - Suitable rendering device: yes
<2022-06-08 12:21:25.652>: [Info]: - Microsoft Basic Render Driver (vendor = 0x1414, device = 0x008c)
<2022-06-08 12:21:25.652>: [Info]:   - Adapter index: 1
<2022-06-08 12:21:25.652>: [Info]:   - Dedicated video memory: 0 MB
<2022-06-08 12:21:25.652>: [Info]:   - Feature level: DX11 (SM 5.0)
<2022-06-08 12:21:25.652>: [Info]:   - Displays connected: no
<2022-06-08 12:21:25.652>: [Info]:   - Suitable rendering device: no
<2022-06-08 12:21:27.892>: [Info]: Active GPUs: 1
<2022-06-08 12:21:29.127>: [Info] (AZCore): [Audio] AudioSystem initialized in High Ram mode. Available RAM [16315]MB, LowRam cutoff is [9216]MB
<2022-06-08 12:21:30.995>: [Info] (AZCore): [System] Font initialization
<2022-06-08 12:21:30.995>: [Info]: Using FreeType 2.5.0
<2022-06-08 12:21:54.374>: [Info] (AZCore): [System] Time initialization
<2022-06-08 12:21:54.374>: [Info] (AZCore): [System] Input initialization
<2022-06-08 12:21:54.374>: [Info] (AZCore): [System] UI system initialization
<2022-06-08 12:21:54.375>: [Info] (AZCore): [System] Initializing Animation System
<2022-06-08 12:21:54.375>: [Info] (AZCore): [System] Initializing 3D Engine
<2022-06-08 12:21:54.377>: [Info]: Sky light: Optical lookup tables loaded off disc.
<2022-06-08 12:21:54.378>: [Info] (AZCore): [System] Script System Initialization
<2022-06-08 12:21:54.378>: [Info] (AZCore): [System] Entity system initialization
<2022-06-08 12:21:54.381>: [Info] (AZCore): [System] Initializing additional systems
<2022-06-08 12:21:54.381>: [Info] (AZCore): [System] Dynamic Response System initialization
<2022-06-08 12:21:54.381>: [Info] (AZCore): [System] No Dynamic Response System was loaded from a module, the system will use the NULL DynamicResponseSystem.
<2022-06-08 12:21:54.381>: [Info]: Running machine spec auto detect (64 bit)...
<2022-06-08 12:21:54.381>: [Info]: - Windows 10 64 bit (build 10.0.19043)
<2022-06-08 12:21:54.381>: [Info]: - System memory
<2022-06-08 12:21:54.381>: [Info]: --- 16315 MB
<2022-06-08 12:21:54.381>: [Info]: - Intel(R) Xeon(R) CPU E5-2689 0 @ 2.60GHz
<2022-06-08 12:21:54.382>: [Info]: --- Number of available cores: 8 (out of 8)
<2022-06-08 12:21:54.382>: [Info]: --- Number of logical processors: 16
<2022-06-08 12:21:54.791>: [Info]: - Radeon RX 580 Series (vendor = 0x1002, device = 0x67df)
<2022-06-08 12:21:54.791>: [Info]: --- Dedicated video memory: 8170 MB
<2022-06-08 12:21:54.791>: [Info]: --- Feature level: DX11 (SM 5.0)
<2022-06-08 12:21:54.793>: [Info]: - Final rating: Machine class 2
<2022-06-08 12:21:56.364>: [Info] (AZCore): [System] == Version Info ===============================================================

<2022-06-08 12:21:56.364>: [Info] (AZCore): [System] [RETAIL].Javelin.1.18.555.1694880

<2022-06-08 12:21:56.364>: [Info] (AZCore): [System] ===============================================================================

<2022-06-08 12:21:56.377>: [Info]: Client config override file not found: @assets@/ClientOverride.json
<2022-06-08 12:21:58.799>: [Info] (AZCore): [Game] Steam Initialized!
<2022-06-08 12:21:58.799>: [Info] (AZCore): [Game] Using remote config: true
<2022-06-08 12:21:58.799>: [Info] (AZCore): [Game] Steam Utils obtained? true
<2022-06-08 12:21:58.799>: [Info] (AZCore): [Game] Using Steam App ID: 1063730
<2022-06-08 12:21:58.799>: [Info] (AZCore): [StackConfig] Configuring remote config with bucket ags-javelin-remote-config
<2022-06-08 12:21:58.799>: [Info]: Channel service uri: https://d2c74t4zimux3r.cloudfront.net/STEAM_APP_ID.1063730.json
<2022-06-08 12:21:59.444>: [Info]: Channel name: Retail
<2022-06-08 12:21:59.444>: [Info]: Found cluster data for cluster id: fra-prod
<2022-06-08 12:21:59.444>: [Info]: Display Name: EU Central
<2022-06-08 12:21:59.444>: [Info]: Auth Stack: https://2mfrik7h83.execute-api.us-east-1.amazonaws.com/Prod
<2022-06-08 12:21:59.444>: [Info]: Auth Stack Region: us-east-1
<2022-06-08 12:21:59.444>: [Info]: Gateway Host: u433g9r00c.execute-api.eu-central-1.amazonaws.com
<2022-06-08 12:21:59.444>: [Info]: Gateway Stack: d1w0bfy6smo4d1.cloudfront.net
<2022-06-08 12:21:59.444>: [Info]: Gateway Stack Region: eu-central-1
<2022-06-08 12:21:59.444>: [Info]: Http Gateway Stack: https://d1w0bfy6smo4d1.cloudfront.net/prod
<2022-06-08 12:21:59.444>: [Info]: Http Gateway Stack Region: eu-central-1
<2022-06-08 12:21:59.444>: [Info]: Found cluster data for cluster id: gru-prod
<2022-06-08 12:21:59.444>: [Info]: Display Name: SA East
<2022-06-08 12:21:59.444>: [Info]: Auth Stack: https://kqqt5twsi7.execute-api.us-east-1.amazonaws.com/Prod
<2022-06-08 12:21:59.444>: [Info]: Auth Stack Region: us-east-1
<2022-06-08 12:21:59.444>: [Info]: Gateway Host: j4n6whncmi.execute-api.sa-east-1.amazonaws.com
<2022-06-08 12:21:59.444>: [Info]: Gateway Stack: d1cjlmzk0xrm0z.cloudfront.net
<2022-06-08 12:21:59.444>: [Info]: Gateway Stack Region: sa-east-1
<2022-06-08 12:21:59.444>: [Info]: Http Gateway Stack: https://d1cjlmzk0xrm0z.cloudfront.net/prod
<2022-06-08 12:21:59.444>: [Info]: Http Gateway Stack Region: sa-east-1
<2022-06-08 12:21:59.444>: [Info]: Found cluster data for cluster id: iad-prod
<2022-06-08 12:21:59.444>: [Info]: Display Name: US East
<2022-06-08 12:21:59.444>: [Info]: Auth Stack: https://eudbjx6mig.execute-api.us-east-1.amazonaws.com/Prod
<2022-06-08 12:21:59.444>: [Info]: Auth Stack Region: us-east-1
<2022-06-08 12:21:59.444>: [Info]: Gateway Host: 0prplal5u1.execute-api.us-east-1.amazonaws.com
<2022-06-08 12:21:59.444>: [Info]: Gateway Stack: d2oeuvxi3kfsrw.cloudfront.net
<2022-06-08 12:21:59.444>: [Info]: Gateway Stack Region: us-east-1
<2022-06-08 12:21:59.444>: [Info]: Http Gateway Stack: https://d2oeuvxi3kfsrw.cloudfront.net/prod
<2022-06-08 12:21:59.444>: [Info]: Http Gateway Stack Region: us-east-1
<2022-06-08 12:21:59.444>: [Info]: Found cluster data for cluster id: pdx-prod
<2022-06-08 12:21:59.444>: [Info]: Display Name: US West
<2022-06-08 12:21:59.444>: [Info]: Auth Stack: https://q8hqllbg6k.execute-api.us-east-1.amazonaws.com/Prod
<2022-06-08 12:21:59.444>: [Info]: Auth Stack Region: us-east-1
<2022-06-08 12:21:59.444>: [Info]: Gateway Host: v7irlu1nrl.execute-api.us-west-2.amazonaws.com
<2022-06-08 12:21:59.444>: [Info]: Gateway Stack: d3bj4csovi1fe8.cloudfront.net
<2022-06-08 12:21:59.444>: [Info]: Gateway Stack Region: us-west-2
<2022-06-08 12:21:59.444>: [Info]: Http Gateway Stack: https://d3bj4csovi1fe8.cloudfront.net/prod
<2022-06-08 12:21:59.444>: [Info]: Http Gateway Stack Region: us-west-2
<2022-06-08 12:21:59.444>: [Info]: Found platform metadata for key: ENTITLEMENTS.STEAM_APP_ID.1063730
<2022-06-08 12:21:59.444>: [Info]: Found platform metadata for key: PERSONA.STEAM_APP_ID.1063730
<2022-06-08 12:21:59.444>: [Info]: Found persona role for cluster id: fra-prod - arn:aws:iam::093607389475:role/AgsLiveResources-AllowPersonaAccessRole-1U24RJQDKWS63
<2022-06-08 12:21:59.444>: [Info]: Found persona role for cluster id: fra-qa - arn:aws:iam::544220128841:role/AgsLiveResources-AllowPersonaAccessRole-PSN32B5D8G0L
<2022-06-08 12:21:59.444>: [Info]: Found persona role for cluster id: fra-staging - arn:aws:iam::411585047658:role/AgsLiveResources-AllowPersonaAccessRole-709I6ZY9EAFH
<2022-06-08 12:21:59.444>: [Info]: Found persona role for cluster id: gru-prod - arn:aws:iam::845253724667:role/AgsLiveResources-AllowPersonaAccessRole-SLHVYULH7U5
<2022-06-08 12:21:59.444>: [Info]: Found persona role for cluster id: iad-prod - arn:aws:iam::819349112573:role/AgsLiveResources-AllowPersonaAccessRole-1PHH0BI346X75
<2022-06-08 12:21:59.444>: [Info]: Found persona role for cluster id: iad-staging - arn:aws:iam::910532829260:role/AgsLiveResources-AllowPersonaAccessRole-OXG60NCUXR74
<2022-06-08 12:21:59.444>: [Info]: Found persona role for cluster id: pdx-devo - arn:aws:iam::166847089677:role/AgsLiveResources-AllowPersonaAccessRole-15NKM8MRPA2BX
<2022-06-08 12:21:59.444>: [Info]: Found persona role for cluster id: pdx-prod - arn:aws:iam::458929010575:role/AgsLiveResources-AllowPersonaAccessRole-QYL4I8P12BEA
<2022-06-08 12:21:59.444>: [Info]: Found persona role for cluster id: pdx-qa - arn:aws:iam::379061375310:role/AgsLiveResources-AllowPersonaAccessRole-116SW3GWSL7P1
<2022-06-08 12:21:59.444>: [Info]: Found persona role for cluster id: syd-prod - arn:aws:iam::018141801470:role/AgsLiveResources-AllowPersonaAccessRole-1CPZ9EG8SYMOQ
<2022-06-08 12:21:59.444>: [Info]: Found cluster data for cluster id: syd-prod
<2022-06-08 12:21:59.444>: [Info]: Display Name: AP Southeast
<2022-06-08 12:21:59.444>: [Info]: Auth Stack: https://hhf8nn71vb.execute-api.us-east-1.amazonaws.com/Prod
<2022-06-08 12:21:59.444>: [Info]: Auth Stack Region: us-east-1
<2022-06-08 12:21:59.444>: [Info]: Gateway Host: ep1m9qoir8.execute-api.ap-southeast-2.amazonaws.com
<2022-06-08 12:21:59.444>: [Info]: Gateway Stack: de4mfzk9wkelz.cloudfront.net
<2022-06-08 12:21:59.444>: [Info]: Gateway Stack Region: ap-southeast-2
<2022-06-08 12:21:59.444>: [Info]: Http Gateway Stack: https://de4mfzk9wkelz.cloudfront.net/prod
<2022-06-08 12:21:59.444>: [Info]: Http Gateway Stack Region: ap-southeast-2
<2022-06-08 12:22:05.374>: [Info]: Failure in initializing Fuel::Iap::IapClient: 14
<2022-06-08 12:22:05.376>: [Info] (AZCore): [Game] LogEnvironmentString: ProductId: STEAM_APP_ID.1063730
<2022-06-08 12:22:05.377>: [Info] (AZCore): [Game] LogEnvironmentString: ClusterId: iad-prod
<2022-06-08 12:22:05.379>: [Info] (AZCore): [StackConfig] LayerS3(): layer's "remoteCfg.public.RegionId" S3 key (old: ""), reset to new value: "applications/public/configuration-sets/RegionId/iad-prod/versionless"
<2022-06-08 12:22:05.379>: [Info] (AZCore): [StackConfig] LayerS3(): layer's "remoteCfg.public.RegionIdv" S3 key (old: ""), reset to new value: "applications/public/configuration-sets/RegionId/iad-prod/555;1694880"
<2022-06-08 12:22:05.379>: [Info] (AZCore): [StackConfig] LayerS3(): layer's "remoteCfg.public.CognitoId" S3 key (old: ""), reset to new value: "applications/public/configuration-sets/CognitoId/us-east-1:6ddd6498-c7d2-4df5-9ac6-855f140a3f09/versionless"
<2022-06-08 12:22:05.379>: [Info] (AZCore): [StackConfig] LayerS3(): layer's "remoteCfg.public.CognitoIdv" S3 key (old: ""), reset to new value: "applications/public/configuration-sets/CognitoId/us-east-1:6ddd6498-c7d2-4df5-9ac6-855f140a3f09/555;1694880"
<2022-06-08 12:22:05.379>: [Info] (AZCore): [StackConfig] LayerS3(): layer's "remoteCfg.publicGameplay.RegionId" S3 key (old: ""), reset to new value: "applications/publicGameplay/configuration-sets/RegionId/iad-prod/versionless"
<2022-06-08 12:22:05.379>: [Info] (AZCore): [StackConfig] LayerS3(): layer's "remoteCfg.publicGameplay.RegionIdv" S3 key (old: ""), reset to new value: "applications/publicGameplay/configuration-sets/RegionId/iad-prod/555;1694880"
<2022-06-08 12:22:05.379>: [Info] (AZCore): [StackConfig] LayerS3(): layer's "remoteCfg.publicGameplay.CognitoId" S3 key (old: ""), reset to new value: "applications/publicGameplay/configuration-sets/CognitoId/us-east-1:6ddd6498-c7d2-4df5-9ac6-855f140a3f09/versionless"
<2022-06-08 12:22:05.379>: [Info] (AZCore): [StackConfig] LayerS3(): layer's "remoteCfg.publicGameplay.CognitoIdv" S3 key (old: ""), reset to new value: "applications/publicGameplay/configuration-sets/CognitoId/us-east-1:6ddd6498-c7d2-4df5-9ac6-855f140a3f09/555;1694880"
<2022-06-08 12:22:05.379>: [Info] (AZCore): [AuthManager] Initializing Steam Auth Manager.
<2022-06-08 12:22:05.380>: [Info] (AZCore): [SteamAuth] Initializing Persona.
<2022-06-08 12:22:05.421>: [Info]: [EasyAntiCheat] Initializing EAC game client module...
<2022-06-08 12:22:05.438>: [Info]: [EasyAntiCheat] ...EAC game client module initialized successfully.
<2022-06-08 12:22:06.651>: [Info]: Initializing default materials...
<2022-06-08 12:22:06.652>: [Info]: Initializing default footstep material...
<2022-06-08 12:22:07.241>: [Info] (AZCore): [streamingGDEManager] Initialize()
<2022-06-08 12:22:07.241>: [Info] (AZCore): [AsyncMapUnload] No previous level to unload, so not starting async.  Just loading this map now: ("frontendv2")
<2022-06-08 12:22:07.241>: [Info]: ============================ Loading level frontendv2 ============================
<2022-06-08 12:22:12.428>: [Info] (AZCore): [Game] LogEnvironmentString: ClusterId: fra-prod
<2022-06-08 12:22:12.431>: [Info] (AZCore): [StackConfig] LayerS3(): layer's "remoteCfg.public.RegionId" S3 key (old: "applications/public/configuration-sets/RegionId/iad-prod/versionless"), reset to new value: "applications/public/configuration-sets/RegionId/fra-prod/versionless"
<2022-06-08 12:22:12.431>: [Info] (AZCore): [StackConfig] LayerS3(): layer's "remoteCfg.public.RegionIdv" S3 key (old: "applications/public/configuration-sets/RegionId/iad-prod/555;1694880"), reset to new value: "applications/public/configuration-sets/RegionId/fra-prod/555;1694880"
<2022-06-08 12:22:12.431>: [Info] (AZCore): [StackConfig] LayerS3(): layer's "remoteCfg.public.CognitoId" S3 key (old: "applications/public/configuration-sets/CognitoId/us-east-1:6ddd6498-c7d2-4df5-9ac6-855f140a3f09/versionless"), reset to new value: "applications/public/configuration-sets/CognitoId/us-east-1:0de93f7c-814e-4d48-a8fd-b6efc2f9ed93/versionless"
<2022-06-08 12:22:12.431>: [Info] (AZCore): [StackConfig] LayerS3(): layer's "remoteCfg.public.CognitoIdv" S3 key (old: "applications/public/configuration-sets/CognitoId/us-east-1:6ddd6498-c7d2-4df5-9ac6-855f140a3f09/555;1694880"), reset to new value: "applications/public/configuration-sets/CognitoId/us-east-1:0de93f7c-814e-4d48-a8fd-b6efc2f9ed93/555;1694880"
<2022-06-08 12:22:12.431>: [Info] (AZCore): [StackConfig] LayerS3(): layer's "remoteCfg.publicGameplay.RegionId" S3 key (old: "applications/publicGameplay/configuration-sets/RegionId/iad-prod/versionless"), reset to new value: "applications/publicGameplay/configuration-sets/RegionId/fra-prod/versionless"
<2022-06-08 12:22:12.431>: [Info] (AZCore): [StackConfig] LayerS3(): layer's "remoteCfg.publicGameplay.RegionIdv" S3 key (old: "applications/publicGameplay/configuration-sets/RegionId/iad-prod/555;1694880"), reset to new value: "applications/publicGameplay/configuration-sets/RegionId/fra-prod/555;1694880"
<2022-06-08 12:22:12.431>: [Info] (AZCore): [StackConfig] LayerS3(): layer's "remoteCfg.publicGameplay.CognitoId" S3 key (old: "applications/publicGameplay/configuration-sets/CognitoId/us-east-1:6ddd6498-c7d2-4df5-9ac6-855f140a3f09/versionless"), reset to new value: "applications/publicGameplay/configuration-sets/CognitoId/us-east-1:0de93f7c-814e-4d48-a8fd-b6efc2f9ed93/versionless"
<2022-06-08 12:22:12.431>: [Info] (AZCore): [StackConfig] LayerS3(): layer's "remoteCfg.publicGameplay.CognitoIdv" S3 key (old: "applications/publicGameplay/configuration-sets/CognitoId/us-east-1:6ddd6498-c7d2-4df5-9ac6-855f140a3f09/555;1694880"), reset to new value: "applications/publicGameplay/configuration-sets/CognitoId/us-east-1:0de93f7c-814e-4d48-a8fd-b6efc2f9ed93/555;1694880"
<2022-06-08 12:22:16.332>: [Info]: CGame::InitCoatlicueTerrain
<2022-06-08 12:22:16.357>: [Info] (AZCore): [Game] 0x441F4C03(user) attempting sign-in.
<2022-06-08 12:22:16.357>: [Info] (AZCore): [Game] LogEnvironmentString: Auth Mode: user
<2022-06-08 12:22:16.357>: [Info] (AZCore): [SteamAuth] Attempting to log in to Steam
<2022-06-08 12:22:16.357>: [Info] (AZCore): [SteamAuth] Getting steam auth session ticket.
<2022-06-08 12:22:16.357>: [Info] (AZCore): [Game] 0x441F4C03(user) attempting sign-in.
<2022-06-08 12:22:16.357>: [Info] (AZCore): [SteamAuth] Attempting to log in to Steam
<2022-06-08 12:22:16.357>: [Info] (AZCore): [SteamAuth] Getting steam auth session ticket.
<2022-06-08 12:22:16.836>: [Info] (AZCore): [SteamAuth] OnAuthSessionTicket: Authenticating using steam auth session ticket: 4
<2022-06-08 12:22:16.845>: [Info] (AZCore): [SteamAuth] CreateSteamSessionJob: Calling Persona to create steam session
<2022-06-08 12:22:17.892>: [Info] (AZCore): [SteamAuth] OnCreatedSessionSteam: Creating session for persona id: amzn1.developerPersonaId.02e9f3b7-55e1-865a-9031-570ce6f27a49.
<2022-06-08 12:22:17.892>: [Info] (AZCore): [SteamAuth] Calling Http API: https://d1w0bfy6smo4d1.cloudfront.net/prod/credentials
<2022-06-08 12:22:18.381>: [Info] (AZCore): [AuthStackCredentialsProvider] Successfully refreshed gateway AWS credentials, next attempt will start after 2022-06-08T13:17:16Z
<2022-06-08 12:22:18.381>: [Info] (AZCore): [AuthStackCredentialsProvider] Successfully refreshed persona AWS credentials, next attempt will start after 2022-06-08T13:17:16Z
<2022-06-08 12:22:18.397>: [Info] (AZCore): [Game] CGame::OnCampfireLoginComplete, login successful. ownership=permanent
<2022-06-08 12:22:18.397>: [Info] (AZCore): [Game] LogEnvironmentString: Gateway Signing Host: u433g9r00c.execute-api.eu-central-1.amazonaws.com
<2022-06-08 12:22:18.397>: [Info] (AZCore): [Game] LogEnvironmentString: Gateway Address: d1w0bfy6smo4d1.cloudfront.net
<2022-06-08 12:22:18.397>: [Info] (AZCore): [Game] LogEnvironmentString: HTTP Gateway Address: https://d1w0bfy6smo4d1.cloudfront.net/prod
<2022-06-08 12:22:18.397>: [Info] (AZCore): [Game] LogEnvironmentString: Gateway Mode: gateway
<2022-06-08 12:22:18.397>: [Info] (AZCore): [GameConnection] ConfigureLogin MODE_GATEWAY: endpoint=d1w0bfy6smo4d1.cloudfront.net, httpEntpoint=https://d1w0bfy6smo4d1.cloudfront.net/prod, region=eu-central-1
<2022-06-08 12:22:18.404>: [Info] (AZCore): [StackConfig] LayerS3(): layer's "remoteCfg.public.ProductId" S3 key (old: ""), reset to new value: "applications/public/configuration-sets/ProductId/STEAM_APP_ID.1063730/versionless"
<2022-06-08 12:22:18.404>: [Info] (AZCore): [StackConfig] Querying "remoteCfg.public.ProductId" remote config. S3 key: "applications/public/configuration-sets/ProductId/STEAM_APP_ID.1063730/versionless"
<2022-06-08 12:22:18.922>: [Info] (AZCore): [StackConfig] Retrieved layer's "remoteCfg.public.ProductId" remote config, with S3 key: "applications/public/configuration-sets/ProductId/STEAM_APP_ID.1063730/versionless" successfully, size: 339

<2022-06-08 12:22:18.928>: [Info] (AZCore): [StackConfig] LayerS3(): layer's "remoteCfg.public.ProductIdv" S3 key (old: ""), reset to new value: "applications/public/configuration-sets/ProductId/STEAM_APP_ID.1063730/555;1694880"
<2022-06-08 12:22:18.928>: [Info] (AZCore): [StackConfig] Querying "remoteCfg.public.ProductIdv" remote config. S3 key: "applications/public/configuration-sets/ProductId/STEAM_APP_ID.1063730/555;1694880"
<2022-06-08 12:22:19.036>: [Info] (AZCore): [StackConfig] LayerS3(): layer's "remoteCfg.public.RegionId" S3 key (old: "applications/public/configuration-sets/RegionId/fra-prod/versionless"), reset to new value: "applications/public/configuration-sets/RegionId/fra-prod/versionless"
<2022-06-08 12:22:19.036>: [Info] (AZCore): [StackConfig] Querying "remoteCfg.public.RegionId" remote config. S3 key: "applications/public/configuration-sets/RegionId/fra-prod/versionless"
<2022-06-08 12:22:19.153>: [Info] (AZCore): [StackConfig] Retrieved layer's "remoteCfg.public.RegionId" remote config, with S3 key: "applications/public/configuration-sets/RegionId/fra-prod/versionless" successfully, size: 246

<2022-06-08 12:22:19.162>: [Info] (AZCore): [StackConfig] LayerS3(): layer's "remoteCfg.public.RegionIdv" S3 key (old: "applications/public/configuration-sets/RegionId/fra-prod/555;1694880"), reset to new value: "applications/public/configuration-sets/RegionId/fra-prod/555;1694880"
<2022-06-08 12:22:19.162>: [Info] (AZCore): [StackConfig] Querying "remoteCfg.public.RegionIdv" remote config. S3 key: "applications/public/configuration-sets/RegionId/fra-prod/555;1694880"
<2022-06-08 12:22:19.282>: [Info] (AZCore): [StackConfig] LayerS3(): layer's "remoteCfg.publicGameplay.ProductId" S3 key (old: ""), reset to new value: "applications/publicGameplay/configuration-sets/ProductId/STEAM_APP_ID.1063730/versionless"
<2022-06-08 12:22:19.282>: [Info] (AZCore): [StackConfig] Querying "remoteCfg.publicGameplay.ProductId" remote config. S3 key: "applications/publicGameplay/configuration-sets/ProductId/STEAM_APP_ID.1063730/versionless"
<2022-06-08 12:22:19.400>: [Info] (AZCore): [StackConfig] Retrieved layer's "remoteCfg.publicGameplay.ProductId" remote config, with S3 key: "applications/publicGameplay/configuration-sets/ProductId/STEAM_APP_ID.1063730/versionless" successfully, size: 736

<2022-06-08 12:22:19.412>: [Info] (AZCore): [StackConfig] LayerS3(): layer's "remoteCfg.publicGameplay.ProductIdv" S3 key (old: ""), reset to new value: "applications/publicGameplay/configuration-sets/ProductId/STEAM_APP_ID.1063730/555;1694880"
<2022-06-08 12:22:19.412>: [Info] (AZCore): [StackConfig] Querying "remoteCfg.publicGameplay.ProductIdv" remote config. S3 key: "applications/publicGameplay/configuration-sets/ProductId/STEAM_APP_ID.1063730/555;1694880"
<2022-06-08 12:22:19.524>: [Info] (AZCore): [StackConfig] LayerS3(): layer's "remoteCfg.publicGameplay.RegionId" S3 key (old: "applications/publicGameplay/configuration-sets/RegionId/fra-prod/versionless"), reset to new value: "applications/publicGameplay/configuration-sets/RegionId/fra-prod/versionless"
<2022-06-08 12:22:19.524>: [Info] (AZCore): [StackConfig] Querying "remoteCfg.publicGameplay.RegionId" remote config. S3 key: "applications/publicGameplay/configuration-sets/RegionId/fra-prod/versionless"
<2022-06-08 12:22:19.645>: [Info] (AZCore): [StackConfig] Retrieved layer's "remoteCfg.publicGameplay.RegionId" remote config, with S3 key: "applications/publicGameplay/configuration-sets/RegionId/fra-prod/versionless" successfully, size: 137

<2022-06-08 12:22:19.668>: [Info] (AZCore): [StackConfig] LayerS3(): layer's "remoteCfg.publicGameplay.RegionIdv" S3 key (old: "applications/publicGameplay/configuration-sets/RegionId/fra-prod/555;1694880"), reset to new value: "applications/publicGameplay/configuration-sets/RegionId/fra-prod/555;1694880"
<2022-06-08 12:22:19.668>: [Info] (AZCore): [StackConfig] Querying "remoteCfg.publicGameplay.RegionIdv" remote config. S3 key: "applications/publicGameplay/configuration-sets/RegionId/fra-prod/555;1694880"
<2022-06-08 12:22:20.287>: [Info] (AZCore): [Game] LogEnvironmentString: Persona ID: amzn1.developerPersonaId.02e9f3b7-55e1-865a-9031-570ce6f27a49
<2022-06-08 12:22:20.678>: [Info]: 
<2022-06-08 12:22:20.680>: [Info]: Total number of logical processors: 16
<2022-06-08 12:22:20.680>: [Info]: Number of available logical processors: 16
<2022-06-08 12:22:20.680>: [Info]: Total number of system cores: 8
<2022-06-08 12:22:20.680>: [Info]: Number of cores available to process: 8
<2022-06-08 12:22:20.680>: [Info]:  
<2022-06-08 12:22:20.680>: [Info]: Processor 0:
<2022-06-08 12:22:20.680>: [Info]:   CPU: Intel        Intel(R) Xeon(R) CPU E5-2689 0 @ 2.60GHz
<2022-06-08 12:22:20.680>: [Info]:   Family: 6, Model: 13, Stepping: 7
<2022-06-08 12:22:20.680>: [Info]:   FPU: On-Chip
<2022-06-08 12:22:20.680>: [Info]:   3DNow!: not present
<2022-06-08 12:22:20.680>: [Info]:   MMX: not present
<2022-06-08 12:22:20.680>: [Info]:   SSE: present
<2022-06-08 12:22:20.680>: [Info]:   SSE2: present
<2022-06-08 12:22:20.680>: [Info]:   SSE3: present
<2022-06-08 12:22:20.680>: [Info]:   Serial number not present or disabled
<2022-06-08 12:22:20.680>: [Info]:  
<2022-06-08 12:22:20.680>: [Info]: Processor 1:
<2022-06-08 12:22:20.680>: [Info]:   CPU: Intel        Intel(R) Xeon(R) CPU E5-2689 0 @ 2.60GHz
<2022-06-08 12:22:20.680>: [Info]:   Family: 6, Model: 13, Stepping: 7
<2022-06-08 12:22:20.680>: [Info]:   FPU: On-Chip
<2022-06-08 12:22:20.680>: [Info]:   3DNow!: not present
<2022-06-08 12:22:20.680>: [Info]:   MMX: not present
<2022-06-08 12:22:20.680>: [Info]:   SSE: present
<2022-06-08 12:22:20.680>: [Info]:   SSE2: present
<2022-06-08 12:22:20.680>: [Info]:   SSE3: present
<2022-06-08 12:22:20.680>: [Info]:   Serial number not present or disabled
<2022-06-08 12:22:20.680>: [Info]:  
<2022-06-08 12:22:20.680>: [Info]: Processor 2:
<2022-06-08 12:22:20.680>: [Info]:   CPU: Intel        Intel(R) Xeon(R) CPU E5-2689 0 @ 2.60GHz
<2022-06-08 12:22:20.680>: [Info]:   Family: 6, Model: 13, Stepping: 7
<2022-06-08 12:22:20.680>: [Info]:   FPU: On-Chip
<2022-06-08 12:22:20.680>: [Info]:   3DNow!: not present
<2022-06-08 12:22:20.680>: [Info]:   MMX: not present
<2022-06-08 12:22:20.680>: [Info]:   SSE: present
<2022-06-08 12:22:20.680>: [Info]:   SSE2: present
<2022-06-08 12:22:20.680>: [Info]:   SSE3: present
<2022-06-08 12:22:20.680>: [Info]:   Serial number not present or disabled
<2022-06-08 12:22:20.680>: [Info]:  
<2022-06-08 12:22:20.680>: [Info]: Processor 3:
<2022-06-08 12:22:20.680>: [Info]:   CPU: Intel        Intel(R) Xeon(R) CPU E5-2689 0 @ 2.60GHz
<2022-06-08 12:22:20.680>: [Info]:   Family: 6, Model: 13, Stepping: 7
<2022-06-08 12:22:20.680>: [Info]:   FPU: On-Chip
<2022-06-08 12:22:20.680>: [Info]:   3DNow!: not present
<2022-06-08 12:22:20.680>: [Info]:   MMX: not present
<2022-06-08 12:22:20.680>: [Info]:   SSE: present
<2022-06-08 12:22:20.680>: [Info]:   SSE2: present
<2022-06-08 12:22:20.680>: [Info]:   SSE3: present
<2022-06-08 12:22:20.680>: [Info]:   Serial number not present or disabled
<2022-06-08 12:22:20.680>: [Info]:  
<2022-06-08 12:22:20.680>: [Info]: Processor 4:
<2022-06-08 12:22:20.680>: [Info]:   CPU: Intel        Intel(R) Xeon(R) CPU E5-2689 0 @ 2.60GHz
<2022-06-08 12:22:20.680>: [Info]:   Family: 6, Model: 13, Stepping: 7
<2022-06-08 12:22:20.680>: [Info]:   FPU: On-Chip
<2022-06-08 12:22:20.680>: [Info]:   3DNow!: not present
<2022-06-08 12:22:20.680>: [Info]:   MMX: not present
<2022-06-08 12:22:20.680>: [Info]:   SSE: present
<2022-06-08 12:22:20.680>: [Info]:   SSE2: present
<2022-06-08 12:22:20.680>: [Info]:   SSE3: present
<2022-06-08 12:22:20.680>: [Info]:   Serial number not present or disabled
<2022-06-08 12:22:20.680>: [Info]:  
<2022-06-08 12:22:20.680>: [Info]: Processor 5:
<2022-06-08 12:22:20.680>: [Info]:   CPU: Intel        Intel(R) Xeon(R) CPU E5-2689 0 @ 2.60GHz
<2022-06-08 12:22:20.680>: [Info]:   Family: 6, Model: 13, Stepping: 7
<2022-06-08 12:22:20.680>: [Info]:   FPU: On-Chip
<2022-06-08 12:22:20.680>: [Info]:   3DNow!: not present
<2022-06-08 12:22:20.680>: [Info]:   MMX: not present
<2022-06-08 12:22:20.680>: [Info]:   SSE: present
<2022-06-08 12:22:20.680>: [Info]:   SSE2: present
<2022-06-08 12:22:20.680>: [Info]:   SSE3: present
<2022-06-08 12:22:20.680>: [Info]:   Serial number not present or disabled
<2022-06-08 12:22:20.680>: [Info]:  
<2022-06-08 12:22:20.680>: [Info]: Processor 6:
<2022-06-08 12:22:20.680>: [Info]:   CPU: Intel        Intel(R) Xeon(R) CPU E5-2689 0 @ 2.60GHz
<2022-06-08 12:22:20.680>: [Info]:   Family: 6, Model: 13, Stepping: 7
<2022-06-08 12:22:20.680>: [Info]:   FPU: On-Chip
<2022-06-08 12:22:20.680>: [Info]:   3DNow!: not present
<2022-06-08 12:22:20.680>: [Info]:   MMX: not present
<2022-06-08 12:22:20.680>: [Info]:   SSE: present
<2022-06-08 12:22:20.680>: [Info]:   SSE2: present
<2022-06-08 12:22:20.680>: [Info]:   SSE3: present
<2022-06-08 12:22:20.680>: [Info]:   Serial number not present or disabled
<2022-06-08 12:22:20.680>: [Info]:  
<2022-06-08 12:22:20.680>: [Info]: Processor 7:
<2022-06-08 12:22:20.680>: [Info]:   CPU: Intel        Intel(R) Xeon(R) CPU E5-2689 0 @ 2.60GHz
<2022-06-08 12:22:20.680>: [Info]:   Family: 6, Model: 13, Stepping: 7
<2022-06-08 12:22:20.680>: [Info]:   FPU: On-Chip
<2022-06-08 12:22:20.680>: [Info]:   3DNow!: not present
<2022-06-08 12:22:20.680>: [Info]:   MMX: not present
<2022-06-08 12:22:20.680>: [Info]:   SSE: present
<2022-06-08 12:22:20.680>: [Info]:   SSE2: present
<2022-06-08 12:22:20.680>: [Info]:   SSE3: present
<2022-06-08 12:22:20.680>: [Info]:   Serial number not present or disabled
<2022-06-08 12:22:20.680>: [Info]:  
<2022-06-08 12:22:20.680>: [Info]: Change detected in analytics configuration. Re-instantiating network traffic reporter
<2022-06-08 12:23:02.978>: [Info] (AZCore): [Game] CGame::ActorContainerConnect
<2022-06-08 12:23:02.978>: [Info] (AZCore): [GameConnection] GameConnectionWrapper::Disconnect
<2022-06-08 12:23:02.978>: [Info] (AZCore): [GameConnection] GameConnectionWrapper::Connect: playerName = xuppra
<2022-06-08 12:23:02.978>: [Info] (AZCore): [GameConnection] Update state Disconnected to new state QueueGameLogin
<2022-06-08 12:23:02.995>: [Info] (AZCore): [GameConnection] Update state QueueGameLogin to new state WaitingForQueuedLogin
<2022-06-08 12:23:02.995>: [Info] (AZCore): [GameConnection] Queuing login for world () and character (9b7f7427-abde-4ac3-83cd-f10d78f51d29)
<2022-06-08 12:23:04.622>: [Info] (AZCore): [GameConnection] Received a login ticket: 86ae8332-ed32-420e-985c-61011022847a_3de3dfab-76c5-4b52-843c-a4a64f580b3a, location: , New Ticket
<2022-06-08 12:23:06.979>: [Info] (AZCore): [GameConnection] Received a login ticket: 86ae8332-ed32-420e-985c-61011022847a_3de3dfab-76c5-4b52-843c-a4a64f580b3a, location: , Refreshed Ticket
<2022-06-08 12:23:06.979>: [Info] (AZCore): [Game] LogEnvironmentString: World ID: 86ae8332-ed32-420e-985c-61011022847a
<2022-06-08 12:23:06.979>: [Info] (AZCore): [Game] LogEnvironmentString: World Name: live-1-12-2
<2022-06-08 12:23:06.979>: [Info] (AZCore): [Game] LogEnvironmentString: Character ID: 9b7f7427-abde-4ac3-83cd-f10d78f51d29
<2022-06-08 12:23:06.979>: [Info] (AZCore): [Game] LogEnvironmentString: REP Address: 35.71.153.244:22262
<2022-06-08 12:23:06.992>: [Info] (AZCore): [GameConnection] Update state WaitingForQueuedLogin to new state QueryForRemoteConfigClass
<2022-06-08 12:23:06.995>: [Info] (AZCore): [StackConfig] LayerS3(): layer's "remoteCfg.public.CognitoId" S3 key (old: "applications/public/configuration-sets/CognitoId/us-east-1:0de93f7c-814e-4d48-a8fd-b6efc2f9ed93/versionless"), reset to new value: "applications/public/configuration-sets/CognitoId/us-east-1:0de93f7c-814e-4d48-a8fd-b6efc2f9ed93/versionless"
<2022-06-08 12:23:06.996>: [Info] (AZCore): [GameConnection] Update state QueryForRemoteConfigClass to new state WaitingForRemoteConfigClass
<2022-06-08 12:23:06.997>: [Info] (AZCore): [StackConfig] Querying "remoteCfg.public.CognitoId" remote config. S3 key: "applications/public/configuration-sets/CognitoId/us-east-1:0de93f7c-814e-4d48-a8fd-b6efc2f9ed93/versionless"
<2022-06-08 12:23:07.482>: [Info] (AZCore): [StackConfig] Retrieved layer's "remoteCfg.public.CognitoId" remote config, with S3 key: "applications/public/configuration-sets/CognitoId/us-east-1:0de93f7c-814e-4d48-a8fd-b6efc2f9ed93/versionless" successfully, size: 462

<2022-06-08 12:23:07.492>: [Info] (AZCore): [GameConnection] Update state WaitingForRemoteConfigClass to new state QueryForRemoteConfigClass
<2022-06-08 12:23:07.508>: [Info] (AZCore): [StackConfig] LayerS3(): layer's "remoteCfg.public.CognitoIdv" S3 key (old: "applications/public/configuration-sets/CognitoId/us-east-1:0de93f7c-814e-4d48-a8fd-b6efc2f9ed93/555;1694880"), reset to new value: "applications/public/configuration-sets/CognitoId/us-east-1:0de93f7c-814e-4d48-a8fd-b6efc2f9ed93/555;1694880"
<2022-06-08 12:23:07.508>: [Info] (AZCore): [GameConnection] Update state QueryForRemoteConfigClass to new state WaitingForRemoteConfigClass
<2022-06-08 12:23:07.509>: [Info] (AZCore): [StackConfig] Querying "remoteCfg.public.CognitoIdv" remote config. S3 key: "applications/public/configuration-sets/CognitoId/us-east-1:0de93f7c-814e-4d48-a8fd-b6efc2f9ed93/555;1694880"
<2022-06-08 12:23:07.620>: [Info] (AZCore): [GameConnection] Update state WaitingForRemoteConfigClass to new state QueryForRemoteConfigClass
<2022-06-08 12:23:07.636>: [Info] (AZCore): [StackConfig] LayerS3(): layer's "remoteCfg.public.WorldId" S3 key (old: ""), reset to new value: "applications/public/configuration-sets/WorldId/86ae8332-ed32-420e-985c-61011022847a/versionless"
<2022-06-08 12:23:07.636>: [Info] (AZCore): [GameConnection] Update state QueryForRemoteConfigClass to new state WaitingForRemoteConfigClass
<2022-06-08 12:23:07.637>: [Info] (AZCore): [StackConfig] Querying "remoteCfg.public.WorldId" remote config. S3 key: "applications/public/configuration-sets/WorldId/86ae8332-ed32-420e-985c-61011022847a/versionless"
<2022-06-08 12:23:07.779>: [Info] (AZCore): [GameConnection] Update state WaitingForRemoteConfigClass to new state QueryForRemoteConfigClass
<2022-06-08 12:23:07.795>: [Info] (AZCore): [StackConfig] LayerS3(): layer's "remoteCfg.public.WorldIdv" S3 key (old: ""), reset to new value: "applications/public/configuration-sets/WorldId/86ae8332-ed32-420e-985c-61011022847a/555;1694880"
<2022-06-08 12:23:07.796>: [Info] (AZCore): [GameConnection] Update state QueryForRemoteConfigClass to new state WaitingForRemoteConfigClass
<2022-06-08 12:23:07.797>: [Info] (AZCore): [StackConfig] Querying "remoteCfg.public.WorldIdv" remote config. S3 key: "applications/public/configuration-sets/WorldId/86ae8332-ed32-420e-985c-61011022847a/555;1694880"
<2022-06-08 12:23:07.923>: [Info] (AZCore): [GameConnection] Update state WaitingForRemoteConfigClass to new state QueryForRemoteConfigClass
<2022-06-08 12:23:07.939>: [Info] (AZCore): [StackConfig] LayerS3(): layer's "remoteCfg.publicGameplay.CognitoId" S3 key (old: "applications/publicGameplay/configuration-sets/CognitoId/us-east-1:0de93f7c-814e-4d48-a8fd-b6efc2f9ed93/versionless"), reset to new value: "applications/publicGameplay/configuration-sets/CognitoId/us-east-1:0de93f7c-814e-4d48-a8fd-b6efc2f9ed93/versionless"
<2022-06-08 12:23:07.940>: [Info] (AZCore): [GameConnection] Update state QueryForRemoteConfigClass to new state WaitingForRemoteConfigClass
<2022-06-08 12:23:07.940>: [Info] (AZCore): [StackConfig] Querying "remoteCfg.publicGameplay.CognitoId" remote config. S3 key: "applications/publicGameplay/configuration-sets/CognitoId/us-east-1:0de93f7c-814e-4d48-a8fd-b6efc2f9ed93/versionless"
<2022-06-08 12:23:08.063>: [Info] (AZCore): [StackConfig] Retrieved layer's "remoteCfg.publicGameplay.CognitoId" remote config, with S3 key: "applications/publicGameplay/configuration-sets/CognitoId/us-east-1:0de93f7c-814e-4d48-a8fd-b6efc2f9ed93/versionless" successfully, size: 2244

<2022-06-08 12:23:08.068>: [Info] (AZCore): [GameConnection] Update state WaitingForRemoteConfigClass to new state QueryForRemoteConfigClass
<2022-06-08 12:23:08.084>: [Info] (AZCore): [StackConfig] LayerS3(): layer's "remoteCfg.publicGameplay.CognitoIdv" S3 key (old: "applications/publicGameplay/configuration-sets/CognitoId/us-east-1:0de93f7c-814e-4d48-a8fd-b6efc2f9ed93/555;1694880"), reset to new value: "applications/publicGameplay/configuration-sets/CognitoId/us-east-1:0de93f7c-814e-4d48-a8fd-b6efc2f9ed93/555;1694880"
<2022-06-08 12:23:08.085>: [Info] (AZCore): [GameConnection] Update state QueryForRemoteConfigClass to new state WaitingForRemoteConfigClass
<2022-06-08 12:23:08.085>: [Info] (AZCore): [StackConfig] Querying "remoteCfg.publicGameplay.CognitoIdv" remote config. S3 key: "applications/publicGameplay/configuration-sets/CognitoId/us-east-1:0de93f7c-814e-4d48-a8fd-b6efc2f9ed93/555;1694880"
<2022-06-08 12:23:08.196>: [Info] (AZCore): [GameConnection] Update state WaitingForRemoteConfigClass to new state QueryForRemoteConfigClass
<2022-06-08 12:23:08.212>: [Info] (AZCore): [StackConfig] LayerS3(): layer's "remoteCfg.publicGameplay.WorldId" S3 key (old: ""), reset to new value: "applications/publicGameplay/configuration-sets/WorldId/86ae8332-ed32-420e-985c-61011022847a/versionless"
<2022-06-08 12:23:08.212>: [Info] (AZCore): [GameConnection] Update state QueryForRemoteConfigClass to new state WaitingForRemoteConfigClass
<2022-06-08 12:23:08.213>: [Info] (AZCore): [StackConfig] Querying "remoteCfg.publicGameplay.WorldId" remote config. S3 key: "applications/publicGameplay/configuration-sets/WorldId/86ae8332-ed32-420e-985c-61011022847a/versionless"
<2022-06-08 12:23:08.340>: [Info] (AZCore): [GameConnection] Update state WaitingForRemoteConfigClass to new state QueryForRemoteConfigClass
<2022-06-08 12:23:08.356>: [Info] (AZCore): [StackConfig] LayerS3(): layer's "remoteCfg.publicGameplay.WorldIdv" S3 key (old: ""), reset to new value: "applications/publicGameplay/configuration-sets/WorldId/86ae8332-ed32-420e-985c-61011022847a/555;1694880"
<2022-06-08 12:23:08.356>: [Info] (AZCore): [GameConnection] Update state QueryForRemoteConfigClass to new state WaitingForRemoteConfigClass
<2022-06-08 12:23:08.357>: [Info] (AZCore): [StackConfig] Querying "remoteCfg.publicGameplay.WorldIdv" remote config. S3 key: "applications/publicGameplay/configuration-sets/WorldId/86ae8332-ed32-420e-985c-61011022847a/555;1694880"
<2022-06-08 12:23:08.484>: [Info] (AZCore): [GameConnection] Update state WaitingForRemoteConfigClass to new state QueryForRemoteConfigClass
<2022-06-08 12:23:08.500>: [Info] (AZCore): [GameConnection] Update state QueryForRemoteConfigClass to new state StartREPConnection
<2022-06-08 12:23:08.516>: [Info] (AZCore): [GameConnection] GameConnectionWrapper: start REP connection RepAddress = 35.71.153.244:22262, worldId = 86ae8332-ed32-420e-985c-61011022847a
<2022-06-08 12:23:08.519>: [Info] (AZCore): [GameConnection] Update state StartREPConnection to new state WaitingForREPConnection
<2022-06-08 12:23:08.688>: [Info] (AZCore): [GameConnection] GameConnectionWrapper: REP socket connection established, now waiting to register
<2022-06-08 12:23:08.749>: [Info] (AZCore): [GameConnection] GameConnectionWrapper: received registration response from REP
<2022-06-08 12:23:08.749>: [Info] (AZCore): [Game] LogEnvironmentString: Server version: [RELEASE].Javelin.1.18.555.1694880
<2022-06-08 12:23:08.756>: [Info] (AZCore): [GameConnection] GameConnectionWrapper: start actor game connection
<2022-06-08 12:23:08.756>: [Info] (AZCore): [GameMessagePort] Reset
<2022-06-08 12:23:08.756>: [Info] (AZCore): [GameConnection] Update state WaitingForREPConnection to new state WaitingForActorGameConnection
<2022-06-08 12:23:08.853>: [Info] (AZCore): [GameConnection] GameConnectionWrapper: actor game connection succeeds
<2022-06-08 12:23:08.853>: [Info] (AZCore): [GameConnection] Initialize current retry count : 0
<2022-06-08 12:23:08.853>: [Info] (AZCore): [GameConnection] Update state WaitingForActorGameConnection to new state WaitingForSpawnPoint
<2022-06-08 12:23:08.869>: [Info] (AZCore): [GameConnection] GameConnectionWrapper: spawn point found
<2022-06-08 12:23:08.869>: [Info] (AZCore): [GameConnection] Update state WaitingForSpawnPoint to new state WaitingForAOIClient
<2022-06-08 12:23:09.061>: [Info] (AZCore): [GameMessagePort] LevelInfoChanged
<2022-06-08 12:23:09.061>: [Info] (AZCore): [GameMessagePort] LevelInfoChanged m_clientContextInstanceId 0 changing to levelInfo.m_clientContextInstanceId 1
<2022-06-08 12:23:09.061>: [Info] (AZCore): [GameConnection] GameConnectionWrapper: AOI client available
<2022-06-08 12:23:09.061>: [Info] (AZCore): [GameConnection] Update state WaitingForAOIClient to new state WaitingForPlayerSpawn
<2022-06-08 12:23:09.093>: [Info] (AZCore): [GameMessagePort] Calling clientContext->Initialize
<2022-06-08 12:23:09.093>: [Info] (AZCore): [ClientContext] Initialize()
<2022-06-08 12:23:09.093>: [Info] (AZCore): [ClientContext] Cleanup()
<2022-06-08 12:23:11.193>: [Info] (AZCore): [streamingGDEManager] Initialize()
<2022-06-08 12:23:11.194>: [Info] (AZCore): [AsyncMapUnload] Loading of map "NewWorld_VitaeEterna" deferred in order to async unload previous level "frontendv2": starting async unload...
<2022-06-08 12:23:11.196>: [Info] (AZCore): [AsyncMapUnload] Lumberyard Connection State: "WaitingForPlayerSpawn"
<2022-06-08 12:23:11.196>: [Info] (AZCore): [AsyncMapUnload] waiting... numJobs 0, AssetBus::context.m_queue.size(): 328, waitingRefs (from bus): 0
<2022-06-08 12:23:11.196>: [Info] (AZCore): [GameMessagePort] HandleUnexpectedMessage skipping ReceiveStateBundle for bundle message due to clientContext == nullptr
<2022-06-08 12:23:11.202>: [Info] (AZCore): [AsyncMapUnload] DONE waiting... numJobs 0, AssetBus::context.m_queue.size(): 0, waitingRefs (from bus): 0
<2022-06-08 12:23:11.202>: [Info] (AZCore): [AsyncMapUnload] ...allowing map change
<2022-06-08 12:23:11.202>: [Info]: ============================ Loading level NewWorld_VitaeEterna ============================
<2022-06-08 12:23:15.303>: [Info]: CGame::InitCoatlicueTerrain
<2022-06-08 12:23:15.308>: [Info] (AZCore): [GameMessagePort] ProcessPendingReliableMsgQueue processing 48 messages from m_pendingUnexpectedMsgs
<2022-06-08 12:23:15.322>: [Info] (AZCore): [GameMessagePort] LevelInfoChanged
<2022-06-08 12:23:15.747>: [Info] (AZCore): [GDERenderManager] Init()
<2022-06-08 12:23:15.786>: [Info] (AZCore): [Game] LogEnvironmentString: Player Name: xuppra
<2022-06-08 12:23:15.786>: [Info] (AZCore): [Game] LogEnvironmentString: Player Actor: AE595B482D0B0A66E58F984433AC4281
<2022-06-08 12:23:15.814>: [Info]: SerializeOptions: Success
<2022-06-08 12:23:15.814>: [Info]: SerializeOptions: Moving to C:/Users/cedric/AppData/Roaming/AGS/New World/savedata/temp_usersettings.javsave
<2022-06-08 12:23:15.899>: [Info] (AZCore): [GameConnection] GameConnectionWrapper: player spawn succeeds, in game
<2022-06-08 12:23:15.899>: [Info] (AZCore): [GameConnection] Update state WaitingForPlayerSpawn to new state InGame
<2022-06-08 12:23:15.900>: [Info] (AZCore): [Game] JavelinGame::OnConnectionSucceed
<2022-06-08 12:23:19.133>: [Info] (AZCore): [GameMessagePort] LevelInfoChanged
<2022-06-08 12:23:27.309>: [Info]: SerializeOptions: Success
<2022-06-08 12:23:27.309>: [Info]: SerializeOptions: Moving to C:/Users/cedric/AppData/Roaming/AGS/New World/savedata/temp_usersettings.javsave
<2022-06-08 12:34:57.111>: [Info]: SerializeOptions: Success
<2022-06-08 12:34:57.111>: [Info]: SerializeOptions: Moving to C:/Users/cedric/AppData/Roaming/AGS/New World/savedata/temp_usersettings.javsave
<2022-06-08 12:34:57.769>: [Info] (AZCore): [GameMessagePort] LevelInfoChanged
<2022-06-08 12:34:57.769>: [Info] (AZCore): [GameMessagePort] Reset
<2022-06-08 12:34:57.769>: [Info] (AZCore): [GameConnection] Update state InGame to new state WaitingForAOIClient
<2022-06-08 12:34:57.769>: [Info] (AZCore): [GameMessagePort] LevelInfoChanged m_clientContextInstanceId 1 changing to levelInfo.m_clientContextInstanceId 2
<2022-06-08 12:34:57.898>: [Info] (AZCore): [GameConnection] GameConnectionWrapper: AOI client available
<2022-06-08 12:34:57.898>: [Info] (AZCore): [GameConnection] Update state WaitingForAOIClient to new state WaitingForPlayerSpawn
<2022-06-08 12:34:57.914>: [Info] (AZCore): [GameMessagePort] Calling clientContext->Initialize
<2022-06-08 12:34:57.914>: [Info] (AZCore): [ClientContext] Initialize()
<2022-06-08 12:34:57.914>: [Info] (AZCore): [ClientContext] Cleanup()
<2022-06-08 12:34:57.914>: [Info] (AZCore): [GDERenderManager] Releasing resources!
<2022-06-08 12:34:57.930>: [Info] (AZCore): [streamingGDEManager] Shutting down and releasing regions
<2022-06-08 12:34:58.000>: [Info] (AZCore): [streamingGDEManager] Shutting down and releasing regions
<2022-06-08 12:34:58.433>: [Info] (AZCore): [streamingGDEManager] Initialize()
<2022-06-08 12:34:58.434>: [Info] (AZCore): [AsyncMapUnload] Loading of map "NW_Arena01" deferred in order to async unload previous level "NewWorld_VitaeEterna": starting async unload...
<2022-06-08 12:34:58.439>: [Info] (AZCore): [AsyncMapUnload] Lumberyard Connection State: "WaitingForPlayerSpawn"
<2022-06-08 12:34:58.439>: [Info] (AZCore): [AsyncMapUnload] waiting... numJobs 0, AssetBus::context.m_queue.size(): 1933, waitingRefs (from bus): 0
<2022-06-08 12:34:58.439>: [Info] (AZCore): [GameMessagePort] HandleUnexpectedMessage skipping ReceiveStateBundle for bundle message due to clientContext == nullptr
<2022-06-08 12:34:58.495>: [Info] (AZCore): [AsyncMapUnload] DONE waiting... numJobs 0, AssetBus::context.m_queue.size(): 0, waitingRefs (from bus): 0
<2022-06-08 12:34:58.495>: [Info] (AZCore): [AsyncMapUnload] ...allowing map change
<2022-06-08 12:34:58.495>: [Info]: ============================ Loading level NW_Arena01 ============================
<2022-06-08 12:34:58.767>: [Info]: SerializeOptions: Success
<2022-06-08 12:34:58.767>: [Info]: SerializeOptions: Moving to C:/Users/cedric/AppData/Roaming/AGS/New World/savedata/temp_usersettings.javsave
<2022-06-08 12:35:01.432>: [Info]: CGame::InitCoatlicueTerrain
<2022-06-08 12:35:01.436>: [Info] (AZCore): [GameMessagePort] ProcessPendingReliableMsgQueue processing 1 messages from m_pendingUnexpectedMsgs
<2022-06-08 12:35:01.711>: [Info] (AZCore): [GDERenderManager] Init()
<2022-06-08 12:35:03.726>: [Info] (AZCore): [GameConnection] GameConnectionWrapper: player spawn succeeds, in game
<2022-06-08 12:35:03.726>: [Info] (AZCore): [GameConnection] Update state WaitingForPlayerSpawn to new state InGame
<2022-06-08 12:35:03.726>: [Info] (AZCore): [Game] JavelinGame::OnConnectionSucceed
<2022-06-08 12:41:05.310>: [Info]: SerializeOptions: Success
<2022-06-08 12:41:05.310>: [Info]: SerializeOptions: Moving to C:/Users/cedric/AppData/Roaming/AGS/New World/savedata/temp_usersettings.javsave
<2022-06-08 12:41:05.919>: [Info] (AZCore): [GameMessagePort] LevelInfoChanged
<2022-06-08 12:41:05.919>: [Info] (AZCore): [GameMessagePort] Reset
<2022-06-08 12:41:05.919>: [Info] (AZCore): [GameConnection] Update state InGame to new state WaitingForAOIClient
<2022-06-08 12:41:05.919>: [Info] (AZCore): [GameMessagePort] LevelInfoChanged m_clientContextInstanceId 2 changing to levelInfo.m_clientContextInstanceId 3
<2022-06-08 12:41:05.999>: [Info] (AZCore): [GameConnection] GameConnectionWrapper: AOI client available
<2022-06-08 12:41:05.999>: [Info] (AZCore): [GameConnection] Update state WaitingForAOIClient to new state WaitingForPlayerSpawn
<2022-06-08 12:41:06.079>: [Info] (AZCore): [GameMessagePort] Calling clientContext->Initialize
<2022-06-08 12:41:06.079>: [Info] (AZCore): [ClientContext] Initialize()
<2022-06-08 12:41:06.079>: [Info] (AZCore): [ClientContext] Cleanup()
<2022-06-08 12:41:06.079>: [Info] (AZCore): [GDERenderManager] Releasing resources!
<2022-06-08 12:41:06.081>: [Info] (AZCore): [streamingGDEManager] Shutting down and releasing regions
<2022-06-08 12:41:06.081>: [Info] (AZCore): [streamingGDEManager] Shutting down and releasing regions
<2022-06-08 12:41:08.079>: [Info] (AZCore): [streamingGDEManager] Initialize()
<2022-06-08 12:41:08.079>: [Info] (AZCore): [AsyncMapUnload] Loading of map "NewWorld_VitaeEterna" deferred in order to async unload previous level "NW_Arena01": starting async unload...
<2022-06-08 12:41:08.080>: [Info] (AZCore): [AsyncMapUnload] Lumberyard Connection State: "WaitingForPlayerSpawn"
<2022-06-08 12:41:08.080>: [Info] (AZCore): [AsyncMapUnload] waiting... numJobs 0, AssetBus::context.m_queue.size(): 280, waitingRefs (from bus): 0
<2022-06-08 12:41:08.080>: [Info] (AZCore): [GameMessagePort] HandleUnexpectedMessage skipping ReceiveStateBundle for bundle message due to clientContext == nullptr
<2022-06-08 12:41:08.950>: [Info] (AZCore): [AsyncMapUnload] DONE waiting... numJobs 0, AssetBus::context.m_queue.size(): 0, waitingRefs (from bus): 0
<2022-06-08 12:41:08.950>: [Info] (AZCore): [AsyncMapUnload] ...allowing map change
<2022-06-08 12:41:08.950>: [Info]: ============================ Loading level NewWorld_VitaeEterna ============================
<2022-06-08 12:41:11.684>: [Info]: CGame::InitCoatlicueTerrain
<2022-06-08 12:41:11.687>: [Info] (AZCore): [GameMessagePort] ProcessPendingReliableMsgQueue processing 35 messages from m_pendingUnexpectedMsgs
<2022-06-08 12:41:11.962>: [Info] (AZCore): [GDERenderManager] Init()
<2022-06-08 12:41:14.889>: [Info]: SerializeOptions: Success
<2022-06-08 12:41:14.889>: [Info]: SerializeOptions: Moving to C:/Users/cedric/AppData/Roaming/AGS/New World/savedata/temp_usersettings.javsave
<2022-06-08 12:41:14.912>: [Info] (AZCore): [GameConnection] GameConnectionWrapper: player spawn succeeds, in game
<2022-06-08 12:41:14.912>: [Info] (AZCore): [GameConnection] Update state WaitingForPlayerSpawn to new state InGame
<2022-06-08 12:41:14.912>: [Info] (AZCore): [Game] JavelinGame::OnConnectionSucceed
<2022-06-08 12:53:39.206>: [Info]: SerializeOptions: Success
<2022-06-08 12:53:39.206>: [Info]: SerializeOptions: Moving to C:/Users/cedric/AppData/Roaming/AGS/New World/savedata/temp_usersettings.javsave
<2022-06-08 12:53:39.835>: [Info] (AZCore): [GameMessagePort] LevelInfoChanged
<2022-06-08 12:53:39.835>: [Info] (AZCore): [GameMessagePort] Reset
<2022-06-08 12:53:39.835>: [Info] (AZCore): [GameConnection] Update state InGame to new state WaitingForAOIClient
<2022-06-08 12:53:39.835>: [Info] (AZCore): [GameMessagePort] LevelInfoChanged m_clientContextInstanceId 3 changing to levelInfo.m_clientContextInstanceId 4
<2022-06-08 12:53:39.835>: [Info] (AZCore): [GameConnection] GameConnectionWrapper: AOI client available
<2022-06-08 12:53:39.835>: [Info] (AZCore): [GameConnection] Update state WaitingForAOIClient to new state WaitingForPlayerSpawn
<2022-06-08 12:53:39.850>: [Info] (AZCore): [GameMessagePort] Calling clientContext->Initialize
<2022-06-08 12:53:39.850>: [Info] (AZCore): [ClientContext] Initialize()
<2022-06-08 12:53:39.850>: [Info] (AZCore): [ClientContext] Cleanup()
<2022-06-08 12:53:39.850>: [Info] (AZCore): [GDERenderManager] Releasing resources!
<2022-06-08 12:53:39.866>: [Info] (AZCore): [streamingGDEManager] Shutting down and releasing regions
<2022-06-08 12:53:39.928>: [Info] (AZCore): [streamingGDEManager] Shutting down and releasing regions
<2022-06-08 12:53:42.307>: [Info] (AZCore): [streamingGDEManager] Initialize()
<2022-06-08 12:53:42.309>: [Info] (AZCore): [AsyncMapUnload] Loading of map "NewWorld_VitaeEterna" deferred in order to async unload previous level "NewWorld_VitaeEterna": starting async unload...
<2022-06-08 12:53:42.312>: [Info] (AZCore): [AsyncMapUnload] Lumberyard Connection State: "WaitingForPlayerSpawn"
<2022-06-08 12:53:42.312>: [Info] (AZCore): [AsyncMapUnload] waiting... numJobs 0, AssetBus::context.m_queue.size(): 1894, waitingRefs (from bus): 0
<2022-06-08 12:53:42.312>: [Info] (AZCore): [GameMessagePort] HandleUnexpectedMessage skipping ReceiveStateBundle for bundle message due to clientContext == nullptr
<2022-06-08 12:53:43.290>: [Info] (AZCore): [AsyncMapUnload] DONE waiting... numJobs 0, AssetBus::context.m_queue.size(): 0, waitingRefs (from bus): 0
<2022-06-08 12:53:43.290>: [Info] (AZCore): [AsyncMapUnload] ...allowing map change
<2022-06-08 12:53:43.290>: [Info]: ============================ Loading level NewWorld_VitaeEterna ============================
<2022-06-08 12:53:46.035>: [Info]: CGame::InitCoatlicueTerrain
<2022-06-08 12:53:46.038>: [Info] (AZCore): [GameMessagePort] ProcessPendingReliableMsgQueue processing 1 messages from m_pendingUnexpectedMsgs
<2022-06-08 12:53:46.289>: [Info] (AZCore): [GDERenderManager] Init()
<2022-06-08 12:53:49.366>: [Info] (AZCore): [GameConnection] GameConnectionWrapper: player spawn succeeds, in game
<2022-06-08 12:53:49.366>: [Info] (AZCore): [GameConnection] Update state WaitingForPlayerSpawn to new state InGame
<2022-06-08 12:53:49.366>: [Info] (AZCore): [Game] JavelinGame::OnConnectionSucceed
<2022-06-08 12:53:49.914>: [Info]: SerializeOptions: Success
<2022-06-08 12:53:49.914>: [Info]: SerializeOptions: Moving to C:/Users/cedric/AppData/Roaming/AGS/New World/savedata/temp_usersettings.javsave
<2022-06-08 12:53:57.307>: [Info]: SerializeOptions: Success
<2022-06-08 12:53:57.307>: [Info]: SerializeOptions: Moving to C:/Users/cedric/AppData/Roaming/AGS/New World/savedata/temp_usersettings.javsave
<2022-06-08 13:00:48.893>: [Info] (AZCore): [GameMessagePort] MayHandleReplicationUnreliable() returning false clientContextInstanceId  4 m_clientContextInstanceId 4 seq 29715 m_lastUnreliableReplicationSeq 29716
<2022-06-08 13:00:54.344>: [Info] (AZCore): [GameMessagePort] MayHandleReplicationUnreliable() returning false clientContextInstanceId  4 m_clientContextInstanceId 4 seq 30095 m_lastUnreliableReplicationSeq 30096
<2022-06-08 13:03:06.222>: [Info]: SerializeOptions: Success
<2022-06-08 13:03:06.222>: [Info]: SerializeOptions: Moving to C:/Users/cedric/AppData/Roaming/AGS/New World/savedata/temp_usersettings.javsave
<2022-06-08 13:06:06.267>: [Info]: SerializeOptions: Success
<2022-06-08 13:06:06.267>: [Info]: SerializeOptions: Moving to C:/Users/cedric/AppData/Roaming/AGS/New World/savedata/temp_usersettings.javsave
<2022-06-08 13:11:45.387>: [Info]: SerializeOptions: Success
<2022-06-08 13:11:45.387>: [Info]: SerializeOptions: Moving to C:/Users/cedric/AppData/Roaming/AGS/New World/savedata/temp_usersettings.javsave
<2022-06-08 13:14:40.533>: [Info]: SerializeOptions: Success
<2022-06-08 13:14:40.533>: [Info]: SerializeOptions: Moving to C:/Users/cedric/AppData/Roaming/AGS/New World/savedata/temp_usersettings.javsave
<2022-06-08 13:16:59.041>: [Info]: SerializeOptions: Success
<2022-06-08 13:16:59.041>: [Info]: SerializeOptions: Moving to C:/Users/cedric/AppData/Roaming/AGS/New World/savedata/temp_usersettings.javsave
<2022-06-08 13:17:16.000>: [Info] (AZCore): [SteamAuth] Attempting to refresh AWS credentials
<2022-06-08 13:17:16.000>: [Info] (AZCore): [SteamAuth] Calling Http API: https://d1w0bfy6smo4d1.cloudfront.net/prod/credentials
<2022-06-08 13:17:16.225>: [Info] (AZCore): [AuthStackCredentialsProvider] Successfully refreshed gateway AWS credentials, next attempt will start after 2022-06-08T14:12:14Z
<2022-06-08 13:17:16.225>: [Info] (AZCore): [AuthStackCredentialsProvider] Successfully refreshed persona AWS credentials, next attempt will start after 2022-06-08T14:12:14Z
<2022-06-08 13:17:16.241>: [Info] (AZCore): [SteamAuth] Successfully updated AWS credentials.
<2022-06-08 13:17:40.466>: [Info]: SerializeOptions: Success
<2022-06-08 13:17:40.466>: [Info]: SerializeOptions: Moving to C:/Users/cedric/AppData/Roaming/AGS/New World/savedata/temp_usersettings.javsave
<2022-06-08 13:17:40.891>: [Info]: SerializeOptions: Success
<2022-06-08 13:17:40.891>: [Info]: SerializeOptions: Moving to C:/Users/cedric/AppData/Roaming/AGS/New World/savedata/temp_usersettings.javsave
<2022-06-08 13:17:41.580>: [Info] (AZCore): [GameMessagePort] LevelInfoChanged
<2022-06-08 13:17:41.580>: [Info] (AZCore): [GameMessagePort] Reset
<2022-06-08 13:17:41.580>: [Info] (AZCore): [GameConnection] Update state InGame to new state WaitingForAOIClient
<2022-06-08 13:17:41.580>: [Info] (AZCore): [GameMessagePort] LevelInfoChanged m_clientContextInstanceId 4 changing to levelInfo.m_clientContextInstanceId 5
<2022-06-08 13:17:41.611>: [Info] (AZCore): [GameConnection] GameConnectionWrapper: AOI client available
<2022-06-08 13:17:41.611>: [Info] (AZCore): [GameConnection] Update state WaitingForAOIClient to new state WaitingForPlayerSpawn
<2022-06-08 13:17:41.754>: [Info] (AZCore): [GameMessagePort] Calling clientContext->Initialize
<2022-06-08 13:17:41.754>: [Info] (AZCore): [ClientContext] Initialize()
<2022-06-08 13:17:41.754>: [Info] (AZCore): [ClientContext] Cleanup()
<2022-06-08 13:17:41.754>: [Info] (AZCore): [GDERenderManager] Releasing resources!
<2022-06-08 13:17:41.771>: [Info] (AZCore): [streamingGDEManager] Shutting down and releasing regions
<2022-06-08 13:17:41.820>: [Info] (AZCore): [streamingGDEManager] Shutting down and releasing regions
<2022-06-08 13:17:44.210>: [Info] (AZCore): [streamingGDEManager] Initialize()
<2022-06-08 13:17:44.210>: [Info] (AZCore): [AsyncMapUnload] Loading of map "NewWorld_VitaeEterna" deferred in order to async unload previous level "NewWorld_VitaeEterna": starting async unload...
<2022-06-08 13:17:44.216>: [Info] (AZCore): [AsyncMapUnload] Lumberyard Connection State: "WaitingForPlayerSpawn"
<2022-06-08 13:17:44.216>: [Info] (AZCore): [AsyncMapUnload] waiting... numJobs 0, AssetBus::context.m_queue.size(): 1715, waitingRefs (from bus): 0
<2022-06-08 13:17:44.216>: [Info] (AZCore): [GameMessagePort] HandleUnexpectedMessage skipping ReceiveStateBundle for bundle message due to clientContext == nullptr
<2022-06-08 13:17:45.006>: [Info] (AZCore): [AsyncMapUnload] waiting... numJobs 0, AssetBus::context.m_queue.size(): 24, waitingRefs (from bus): 0
<2022-06-08 13:17:45.081>: [Info] (AZCore): [AsyncMapUnload] DONE waiting... numJobs 0, AssetBus::context.m_queue.size(): 0, waitingRefs (from bus): 0
<2022-06-08 13:17:45.081>: [Info] (AZCore): [AsyncMapUnload] ...allowing map change
<2022-06-08 13:17:45.081>: [Info]: ============================ Loading level NewWorld_VitaeEterna ============================
<2022-06-08 13:17:47.816>: [Info]: CGame::InitCoatlicueTerrain
<2022-06-08 13:17:47.819>: [Info] (AZCore): [GameMessagePort] ProcessPendingReliableMsgQueue processing 19 messages from m_pendingUnexpectedMsgs
<2022-06-08 13:17:48.130>: [Info] (AZCore): [GDERenderManager] Init()
<2022-06-08 13:17:51.455>: [Info] (AZCore): [GameConnection] GameConnectionWrapper: player spawn succeeds, in game
<2022-06-08 13:17:51.455>: [Info] (AZCore): [GameConnection] Update state WaitingForPlayerSpawn to new state InGame
<2022-06-08 13:17:51.455>: [Info] (AZCore): [Game] JavelinGame::OnConnectionSucceed
<2022-06-08 13:17:56.434>: [Info]: SerializeOptions: Success
<2022-06-08 13:17:56.434>: [Info]: SerializeOptions: Moving to C:/Users/cedric/AppData/Roaming/AGS/New World/savedata/temp_usersettings.javsave
<2022-06-08 13:22:08.254>: [Info] (AZCore): [SteamAuth] EndSessionJob: Calling Persona to end session
<2022-06-08 13:22:08.844>: [Info] (AZCore): [SteamAuth] Persona EndSession called successfully
<2022-06-08 13:22:08.844>: [Info] (AZCore): [Game] CGame::ActorContainerDisconnect
<2022-06-08 13:22:08.844>: [Info] (AZCore): [GameConnection] GameConnectionWrapper::Disconnect
<2022-06-08 13:22:08.844>: [Info] (AZCore): [Game] CGame::OnDisconnection: Disconnected from REP
<2022-06-08 13:22:08.857>: [Info] (AZCore): [GameConnection] GameConnectionWrapper: disconnected from REP
<2022-06-08 13:22:08.870>: [Info]: [ERROR] ClientSDK: @mm_csdkerr_disconnect
<2022-06-08 13:22:09.973>: [Info] (AZCore): [GameConnection] Update state InGame to new state Disconnected
<2022-06-08 13:22:09.973>: [Info]: CSystem::Quit invoked from thread 15940 (main is 15940)
<2022-06-08 13:22:09.973>: [Info] (AZCore): [Game] CGame::ActorContainerDisconnect
