<2022-06-11 17:01:31.733>: [Info]: BackupNameAttachment=" Build(1700466) 11 Jun 22 (19 01 31)"  -- used by backup system

<2022-06-11 17:01:31.733>: [Info]: Log Started at local time Sat Jun 11 19:01:31 2022
<2022-06-11 17:01:31.733>: [Info]: Built on Thu Jun  9 00:55:39 2022

<2022-06-11 17:01:31.733>: [Info]: Running 64 bit Windows version
<2022-06-11 17:01:31.733>: [Info]: Executable: NewWorld.exe [AZ_RETAIL_CONFIG]
<2022-06-11 17:01:31.733>: [Info]: FileVersion: 1.18.280.1700466
<2022-06-11 17:01:31.733>: [Info]: ProductVersion: 1.18.280.1700466
<2022-06-11 17:01:31.733>: [Info]: Using Microsoft (tm) C++ Standard Library implementation

<2022-06-11 17:01:31.735>: [Info] (AZCore): [System] Loading system configuration from system_windows_pc.cfg...
<2022-06-11 17:01:31.735>: [Info] (AZCore): [System] GameDir: Assets

<2022-06-11 17:01:32.710>: [Info]: 
<2022-06-11 17:01:32.711>: [Info]: Total number of logical processors: 16
<2022-06-11 17:01:32.711>: [Info]: Number of available logical processors: 16
<2022-06-11 17:01:32.711>: [Info]: Total number of system cores: 8
<2022-06-11 17:01:32.711>: [Info]: Number of cores available to process: 8
<2022-06-11 17:01:32.711>: [Info]:  
<2022-06-11 17:01:32.711>: [Info]: Processor 0:
<2022-06-11 17:01:32.711>: [Info]:   CPU: Intel        Intel(R) Xeon(R) CPU E5-2689 0 @ 2.60GHz
<2022-06-11 17:01:32.711>: [Info]:   Family: 6, Model: 13, Stepping: 7
<2022-06-11 17:01:32.711>: [Info]:   FPU: On-Chip
<2022-06-11 17:01:32.711>: [Info]:   3DNow!: not present
<2022-06-11 17:01:32.711>: [Info]:   MMX: not present
<2022-06-11 17:01:32.711>: [Info]:   SSE: present
<2022-06-11 17:01:32.711>: [Info]:   SSE2: present
<2022-06-11 17:01:32.711>: [Info]:   SSE3: present
<2022-06-11 17:01:32.711>: [Info]:   Serial number not present or disabled
<2022-06-11 17:01:32.711>: [Info]:  
<2022-06-11 17:01:32.711>: [Info]: Processor 1:
<2022-06-11 17:01:32.711>: [Info]:   CPU: Intel        Intel(R) Xeon(R) CPU E5-2689 0 @ 2.60GHz
<2022-06-11 17:01:32.711>: [Info]:   Family: 6, Model: 13, Stepping: 7
<2022-06-11 17:01:32.711>: [Info]:   FPU: On-Chip
<2022-06-11 17:01:32.711>: [Info]:   3DNow!: not present
<2022-06-11 17:01:32.711>: [Info]:   MMX: not present
<2022-06-11 17:01:32.711>: [Info]:   SSE: present
<2022-06-11 17:01:32.711>: [Info]:   SSE2: present
<2022-06-11 17:01:32.711>: [Info]:   SSE3: present
<2022-06-11 17:01:32.711>: [Info]:   Serial number not present or disabled
<2022-06-11 17:01:32.711>: [Info]:  
<2022-06-11 17:01:32.711>: [Info]: Processor 2:
<2022-06-11 17:01:32.711>: [Info]:   CPU: Intel        Intel(R) Xeon(R) CPU E5-2689 0 @ 2.60GHz
<2022-06-11 17:01:32.711>: [Info]:   Family: 6, Model: 13, Stepping: 7
<2022-06-11 17:01:32.711>: [Info]:   FPU: On-Chip
<2022-06-11 17:01:32.711>: [Info]:   3DNow!: not present
<2022-06-11 17:01:32.711>: [Info]:   MMX: not present
<2022-06-11 17:01:32.711>: [Info]:   SSE: present
<2022-06-11 17:01:32.711>: [Info]:   SSE2: present
<2022-06-11 17:01:32.711>: [Info]:   SSE3: present
<2022-06-11 17:01:32.711>: [Info]:   Serial number not present or disabled
<2022-06-11 17:01:32.711>: [Info]:  
<2022-06-11 17:01:32.711>: [Info]: Processor 3:
<2022-06-11 17:01:32.711>: [Info]:   CPU: Intel        Intel(R) Xeon(R) CPU E5-2689 0 @ 2.60GHz
<2022-06-11 17:01:32.711>: [Info]:   Family: 6, Model: 13, Stepping: 7
<2022-06-11 17:01:32.711>: [Info]:   FPU: On-Chip
<2022-06-11 17:01:32.711>: [Info]:   3DNow!: not present
<2022-06-11 17:01:32.711>: [Info]:   MMX: not present
<2022-06-11 17:01:32.711>: [Info]:   SSE: present
<2022-06-11 17:01:32.711>: [Info]:   SSE2: present
<2022-06-11 17:01:32.711>: [Info]:   SSE3: present
<2022-06-11 17:01:32.711>: [Info]:   Serial number not present or disabled
<2022-06-11 17:01:32.711>: [Info]:  
<2022-06-11 17:01:32.711>: [Info]: Processor 4:
<2022-06-11 17:01:32.711>: [Info]:   CPU: Intel        Intel(R) Xeon(R) CPU E5-2689 0 @ 2.60GHz
<2022-06-11 17:01:32.711>: [Info]:   Family: 6, Model: 13, Stepping: 7
<2022-06-11 17:01:32.711>: [Info]:   FPU: On-Chip
<2022-06-11 17:01:32.712>: [Info]:   3DNow!: not present
<2022-06-11 17:01:32.712>: [Info]:   MMX: not present
<2022-06-11 17:01:32.712>: [Info]:   SSE: present
<2022-06-11 17:01:32.712>: [Info]:   SSE2: present
<2022-06-11 17:01:32.712>: [Info]:   SSE3: present
<2022-06-11 17:01:32.712>: [Info]:   Serial number not present or disabled
<2022-06-11 17:01:32.712>: [Info]:  
<2022-06-11 17:01:32.712>: [Info]: Processor 5:
<2022-06-11 17:01:32.712>: [Info]:   CPU: Intel        Intel(R) Xeon(R) CPU E5-2689 0 @ 2.60GHz
<2022-06-11 17:01:32.712>: [Info]:   Family: 6, Model: 13, Stepping: 7
<2022-06-11 17:01:32.712>: [Info]:   FPU: On-Chip
<2022-06-11 17:01:32.712>: [Info]:   3DNow!: not present
<2022-06-11 17:01:32.712>: [Info]:   MMX: not present
<2022-06-11 17:01:32.712>: [Info]:   SSE: present
<2022-06-11 17:01:32.712>: [Info]:   SSE2: present
<2022-06-11 17:01:32.712>: [Info]:   SSE3: present
<2022-06-11 17:01:32.712>: [Info]:   Serial number not present or disabled
<2022-06-11 17:01:32.712>: [Info]:  
<2022-06-11 17:01:32.712>: [Info]: Processor 6:
<2022-06-11 17:01:32.712>: [Info]:   CPU: Intel        Intel(R) Xeon(R) CPU E5-2689 0 @ 2.60GHz
<2022-06-11 17:01:32.712>: [Info]:   Family: 6, Model: 13, Stepping: 7
<2022-06-11 17:01:32.712>: [Info]:   FPU: On-Chip
<2022-06-11 17:01:32.712>: [Info]:   3DNow!: not present
<2022-06-11 17:01:32.712>: [Info]:   MMX: not present
<2022-06-11 17:01:32.712>: [Info]:   SSE: present
<2022-06-11 17:01:32.712>: [Info]:   SSE2: present
<2022-06-11 17:01:32.712>: [Info]:   SSE3: present
<2022-06-11 17:01:32.712>: [Info]:   Serial number not present or disabled
<2022-06-11 17:01:32.712>: [Info]:  
<2022-06-11 17:01:32.712>: [Info]: Processor 7:
<2022-06-11 17:01:32.712>: [Info]:   CPU: Intel        Intel(R) Xeon(R) CPU E5-2689 0 @ 2.60GHz
<2022-06-11 17:01:32.712>: [Info]:   Family: 6, Model: 13, Stepping: 7
<2022-06-11 17:01:32.712>: [Info]:   FPU: On-Chip
<2022-06-11 17:01:32.712>: [Info]:   3DNow!: not present
<2022-06-11 17:01:32.712>: [Info]:   MMX: not present
<2022-06-11 17:01:32.712>: [Info]:   SSE: present
<2022-06-11 17:01:32.712>: [Info]:   SSE2: present
<2022-06-11 17:01:32.712>: [Info]:   SSE3: present
<2022-06-11 17:01:32.712>: [Info]:   Serial number not present or disabled
<2022-06-11 17:01:32.712>: [Info]:  
<2022-06-11 17:01:32.712>: [Info]: Windows 10 64 bit (build 10.0.19043)
<2022-06-11 17:01:32.712>: [Info]: System language: French
<2022-06-11 17:01:32.712>: [Info]: Windows Directory: "C:\WINDOWS"
<2022-06-11 17:01:32.712>: [Info]: Local time is 19:01:32 06/11/22, system running for 389 minutes
<2022-06-11 17:01:32.712>: [Info]: 16316MB physical memory installed, 8147MB available, 134217727MB virtual memory installed, 50 percent of memory in use
<2022-06-11 17:01:32.712>: [Info]: PageFile usage: 237MB, Working Set: 287MB, Peak PageFile usage: 363MB,
<2022-06-11 17:01:32.713>: [Info]: Current display mode is 78043832, (Unknown graphics card)
<2022-06-11 17:01:32.713>: [Info]: IBM enhanced (101/102-key) keyboard and 5+ button mouse installed
<2022-06-11 17:01:32.713>: [Info]: --------------------------------------------------------------------------------
<2022-06-11 17:01:32.715>: [Info] (AZCore): [System] Stream Engine Initialization
<2022-06-11 17:01:32.716>: [Info]: GameName: New World
<2022-06-11 17:01:32.716>: [Info]: BuildTime: Thu Jun  9 00:55:39 2022

<2022-06-11 17:01:32.716>: [Info] (AZCore): [System] Physics initialization
<2022-06-11 17:01:32.716>: [Info] (AZCore): [System] Renderer initialization
<2022-06-11 17:01:32.718>: [Info]: Logging video adapters:
<2022-06-11 17:01:33.785>: [Info]: - Radeon RX 580 Series (vendor = 0x1002, device = 0x67df)
<2022-06-11 17:01:33.785>: [Info]:   - Adapter index: 0
<2022-06-11 17:01:33.785>: [Info]:   - Dedicated video memory: 8170 MB
<2022-06-11 17:01:33.785>: [Info]:   - Feature level: DX11 (SM 5.0)
<2022-06-11 17:01:33.785>: [Info]:   - Displays connected: yes
<2022-06-11 17:01:33.785>: [Info]:   - Suitable rendering device: yes
<2022-06-11 17:01:34.089>: [Info]: - Microsoft Basic Render Driver (vendor = 0x1414, device = 0x008c)
<2022-06-11 17:01:34.089>: [Info]:   - Adapter index: 1
<2022-06-11 17:01:34.089>: [Info]:   - Dedicated video memory: 0 MB
<2022-06-11 17:01:34.089>: [Info]:   - Feature level: DX11 (SM 5.0)
<2022-06-11 17:01:34.089>: [Info]:   - Displays connected: no
<2022-06-11 17:01:34.089>: [Info]:   - Suitable rendering device: no
<2022-06-11 17:01:36.373>: [Info]: Active GPUs: 1
<2022-06-11 17:01:37.722>: [Info] (AZCore): [Audio] AudioSystem initialized in High Ram mode. Available RAM [16315]MB, LowRam cutoff is [9216]MB
<2022-06-11 17:01:39.439>: [Info] (AZCore): [System] Font initialization
<2022-06-11 17:01:39.439>: [Info]: Using FreeType 2.5.0
<2022-06-11 17:01:57.276>: [Info] (AZCore): [System] Time initialization
<2022-06-11 17:01:57.276>: [Info] (AZCore): [System] Input initialization
<2022-06-11 17:01:57.276>: [Info] (AZCore): [System] UI system initialization
<2022-06-11 17:01:57.277>: [Info] (AZCore): [System] Initializing Animation System
<2022-06-11 17:01:57.277>: [Info] (AZCore): [System] Initializing 3D Engine
<2022-06-11 17:01:57.280>: [Info]: Sky light: Optical lookup tables loaded off disc.
<2022-06-11 17:01:57.281>: [Info] (AZCore): [System] Script System Initialization
<2022-06-11 17:01:57.281>: [Info] (AZCore): [System] Entity system initialization
<2022-06-11 17:01:57.284>: [Info] (AZCore): [System] Initializing additional systems
<2022-06-11 17:01:57.284>: [Info] (AZCore): [System] Dynamic Response System initialization
<2022-06-11 17:01:57.284>: [Info] (AZCore): [System] No Dynamic Response System was loaded from a module, the system will use the NULL DynamicResponseSystem.
<2022-06-11 17:01:57.284>: [Info]: Running machine spec auto detect (64 bit)...
<2022-06-11 17:01:57.284>: [Info]: - Windows 10 64 bit (build 10.0.19043)
<2022-06-11 17:01:57.284>: [Info]: - System memory
<2022-06-11 17:01:57.284>: [Info]: --- 16315 MB
<2022-06-11 17:01:57.284>: [Info]: - Intel(R) Xeon(R) CPU E5-2689 0 @ 2.60GHz
<2022-06-11 17:01:57.284>: [Info]: --- Number of available cores: 8 (out of 8)
<2022-06-11 17:01:57.284>: [Info]: --- Number of logical processors: 16
<2022-06-11 17:01:57.635>: [Info]: - Radeon RX 580 Series (vendor = 0x1002, device = 0x67df)
<2022-06-11 17:01:57.635>: [Info]: --- Dedicated video memory: 8170 MB
<2022-06-11 17:01:57.635>: [Info]: --- Feature level: DX11 (SM 5.0)
<2022-06-11 17:01:57.636>: [Info]: - Final rating: Machine class 2
<2022-06-11 17:01:58.875>: [Info] (AZCore): [System] == Version Info ===============================================================

<2022-06-11 17:01:58.875>: [Info] (AZCore): [System] [RETAIL].Javelin.1.18.280.1700466

<2022-06-11 17:01:58.875>: [Info] (AZCore): [System] ===============================================================================

<2022-06-11 17:01:58.885>: [Info]: Client config override file not found: @assets@/ClientOverride.json
<2022-06-11 17:02:02.437>: [Info] (AZCore): [Game] Steam Initialized!
<2022-06-11 17:02:02.437>: [Info] (AZCore): [Game] Using remote config: true
<2022-06-11 17:02:02.437>: [Info] (AZCore): [Game] Steam Utils obtained? true
<2022-06-11 17:02:02.437>: [Info] (AZCore): [Game] Using Steam App ID: 1063730
<2022-06-11 17:02:02.437>: [Info] (AZCore): [StackConfig] Configuring remote config with bucket ags-javelin-remote-config
<2022-06-11 17:02:02.437>: [Info]: Channel service uri: https://d2c74t4zimux3r.cloudfront.net/STEAM_APP_ID.1063730.json
<2022-06-11 17:02:02.965>: [Info]: Channel name: Retail
<2022-06-11 17:02:02.965>: [Info]: Found cluster data for cluster id: fra-prod
<2022-06-11 17:02:02.965>: [Info]: Display Name: EU Central
<2022-06-11 17:02:02.965>: [Info]: Auth Stack: https://2mfrik7h83.execute-api.us-east-1.amazonaws.com/Prod
<2022-06-11 17:02:02.965>: [Info]: Auth Stack Region: us-east-1
<2022-06-11 17:02:02.965>: [Info]: Gateway Host: u433g9r00c.execute-api.eu-central-1.amazonaws.com
<2022-06-11 17:02:02.965>: [Info]: Gateway Stack: d1w0bfy6smo4d1.cloudfront.net
<2022-06-11 17:02:02.965>: [Info]: Gateway Stack Region: eu-central-1
<2022-06-11 17:02:02.965>: [Info]: Http Gateway Stack: https://d1w0bfy6smo4d1.cloudfront.net/prod
<2022-06-11 17:02:02.965>: [Info]: Http Gateway Stack Region: eu-central-1
<2022-06-11 17:02:02.965>: [Info]: Found cluster data for cluster id: gru-prod
<2022-06-11 17:02:02.965>: [Info]: Display Name: SA East
<2022-06-11 17:02:02.965>: [Info]: Auth Stack: https://kqqt5twsi7.execute-api.us-east-1.amazonaws.com/Prod
<2022-06-11 17:02:02.965>: [Info]: Auth Stack Region: us-east-1
<2022-06-11 17:02:02.965>: [Info]: Gateway Host: j4n6whncmi.execute-api.sa-east-1.amazonaws.com
<2022-06-11 17:02:02.965>: [Info]: Gateway Stack: d1cjlmzk0xrm0z.cloudfront.net
<2022-06-11 17:02:02.965>: [Info]: Gateway Stack Region: sa-east-1
<2022-06-11 17:02:02.965>: [Info]: Http Gateway Stack: https://d1cjlmzk0xrm0z.cloudfront.net/prod
<2022-06-11 17:02:02.965>: [Info]: Http Gateway Stack Region: sa-east-1
<2022-06-11 17:02:02.965>: [Info]: Found cluster data for cluster id: iad-prod
<2022-06-11 17:02:02.965>: [Info]: Display Name: US East
<2022-06-11 17:02:02.965>: [Info]: Auth Stack: https://eudbjx6mig.execute-api.us-east-1.amazonaws.com/Prod
<2022-06-11 17:02:02.965>: [Info]: Auth Stack Region: us-east-1
<2022-06-11 17:02:02.965>: [Info]: Gateway Host: 0prplal5u1.execute-api.us-east-1.amazonaws.com
<2022-06-11 17:02:02.965>: [Info]: Gateway Stack: d2oeuvxi3kfsrw.cloudfront.net
<2022-06-11 17:02:02.965>: [Info]: Gateway Stack Region: us-east-1
<2022-06-11 17:02:02.965>: [Info]: Http Gateway Stack: https://d2oeuvxi3kfsrw.cloudfront.net/prod
<2022-06-11 17:02:02.965>: [Info]: Http Gateway Stack Region: us-east-1
<2022-06-11 17:02:02.965>: [Info]: Found cluster data for cluster id: pdx-prod
<2022-06-11 17:02:02.965>: [Info]: Display Name: US West
<2022-06-11 17:02:02.965>: [Info]: Auth Stack: https://q8hqllbg6k.execute-api.us-east-1.amazonaws.com/Prod
<2022-06-11 17:02:02.965>: [Info]: Auth Stack Region: us-east-1
<2022-06-11 17:02:02.965>: [Info]: Gateway Host: v7irlu1nrl.execute-api.us-west-2.amazonaws.com
<2022-06-11 17:02:02.965>: [Info]: Gateway Stack: d3bj4csovi1fe8.cloudfront.net
<2022-06-11 17:02:02.965>: [Info]: Gateway Stack Region: us-west-2
<2022-06-11 17:02:02.965>: [Info]: Http Gateway Stack: https://d3bj4csovi1fe8.cloudfront.net/prod
<2022-06-11 17:02:02.965>: [Info]: Http Gateway Stack Region: us-west-2
<2022-06-11 17:02:02.965>: [Info]: Found platform metadata for key: ENTITLEMENTS.STEAM_APP_ID.1063730
<2022-06-11 17:02:02.965>: [Info]: Found platform metadata for key: PERSONA.STEAM_APP_ID.1063730
<2022-06-11 17:02:02.965>: [Info]: Found persona role for cluster id: fra-prod - arn:aws:iam::093607389475:role/AgsLiveResources-AllowPersonaAccessRole-1U24RJQDKWS63
<2022-06-11 17:02:02.965>: [Info]: Found persona role for cluster id: fra-qa - arn:aws:iam::544220128841:role/AgsLiveResources-AllowPersonaAccessRole-PSN32B5D8G0L
<2022-06-11 17:02:02.965>: [Info]: Found persona role for cluster id: fra-staging - arn:aws:iam::411585047658:role/AgsLiveResources-AllowPersonaAccessRole-709I6ZY9EAFH
<2022-06-11 17:02:02.965>: [Info]: Found persona role for cluster id: gru-prod - arn:aws:iam::845253724667:role/AgsLiveResources-AllowPersonaAccessRole-SLHVYULH7U5
<2022-06-11 17:02:02.965>: [Info]: Found persona role for cluster id: iad-prod - arn:aws:iam::819349112573:role/AgsLiveResources-AllowPersonaAccessRole-1PHH0BI346X75
<2022-06-11 17:02:02.965>: [Info]: Found persona role for cluster id: iad-staging - arn:aws:iam::910532829260:role/AgsLiveResources-AllowPersonaAccessRole-OXG60NCUXR74
<2022-06-11 17:02:02.965>: [Info]: Found persona role for cluster id: pdx-devo - arn:aws:iam::166847089677:role/AgsLiveResources-AllowPersonaAccessRole-15NKM8MRPA2BX
<2022-06-11 17:02:02.965>: [Info]: Found persona role for cluster id: pdx-prod - arn:aws:iam::458929010575:role/AgsLiveResources-AllowPersonaAccessRole-QYL4I8P12BEA
<2022-06-11 17:02:02.965>: [Info]: Found persona role for cluster id: pdx-qa - arn:aws:iam::379061375310:role/AgsLiveResources-AllowPersonaAccessRole-116SW3GWSL7P1
<2022-06-11 17:02:02.965>: [Info]: Found persona role for cluster id: syd-prod - arn:aws:iam::018141801470:role/AgsLiveResources-AllowPersonaAccessRole-1CPZ9EG8SYMOQ
<2022-06-11 17:02:02.965>: [Info]: Found cluster data for cluster id: syd-prod
<2022-06-11 17:02:02.965>: [Info]: Display Name: AP Southeast
<2022-06-11 17:02:02.965>: [Info]: Auth Stack: https://hhf8nn71vb.execute-api.us-east-1.amazonaws.com/Prod
<2022-06-11 17:02:02.965>: [Info]: Auth Stack Region: us-east-1
<2022-06-11 17:02:02.965>: [Info]: Gateway Host: ep1m9qoir8.execute-api.ap-southeast-2.amazonaws.com
<2022-06-11 17:02:02.965>: [Info]: Gateway Stack: de4mfzk9wkelz.cloudfront.net
<2022-06-11 17:02:02.965>: [Info]: Gateway Stack Region: ap-southeast-2
<2022-06-11 17:02:02.965>: [Info]: Http Gateway Stack: https://de4mfzk9wkelz.cloudfront.net/prod
<2022-06-11 17:02:02.965>: [Info]: Http Gateway Stack Region: ap-southeast-2
<2022-06-11 17:02:08.543>: [Info]: Failure in initializing Fuel::Iap::IapClient: 14
<2022-06-11 17:02:08.545>: [Info] (AZCore): [Game] LogEnvironmentString: ProductId: STEAM_APP_ID.1063730
<2022-06-11 17:02:08.546>: [Info] (AZCore): [Game] LogEnvironmentString: ClusterId: fra-prod
<2022-06-11 17:02:08.548>: [Info] (AZCore): [StackConfig] LayerS3(): layer's "remoteCfg.public.RegionId" S3 key (old: ""), reset to new value: "applications/public/configuration-sets/RegionId/fra-prod/versionless"
<2022-06-11 17:02:08.548>: [Info] (AZCore): [StackConfig] LayerS3(): layer's "remoteCfg.public.RegionIdv" S3 key (old: ""), reset to new value: "applications/public/configuration-sets/RegionId/fra-prod/280;1700466"
<2022-06-11 17:02:08.548>: [Info] (AZCore): [StackConfig] LayerS3(): layer's "remoteCfg.public.CognitoId" S3 key (old: ""), reset to new value: "applications/public/configuration-sets/CognitoId/us-east-1:0de93f7c-814e-4d48-a8fd-b6efc2f9ed93/versionless"
<2022-06-11 17:02:08.548>: [Info] (AZCore): [StackConfig] LayerS3(): layer's "remoteCfg.public.CognitoIdv" S3 key (old: ""), reset to new value: "applications/public/configuration-sets/CognitoId/us-east-1:0de93f7c-814e-4d48-a8fd-b6efc2f9ed93/280;1700466"
<2022-06-11 17:02:08.548>: [Info] (AZCore): [StackConfig] LayerS3(): layer's "remoteCfg.publicGameplay.RegionId" S3 key (old: ""), reset to new value: "applications/publicGameplay/configuration-sets/RegionId/fra-prod/versionless"
<2022-06-11 17:02:08.548>: [Info] (AZCore): [StackConfig] LayerS3(): layer's "remoteCfg.publicGameplay.RegionIdv" S3 key (old: ""), reset to new value: "applications/publicGameplay/configuration-sets/RegionId/fra-prod/280;1700466"
<2022-06-11 17:02:08.548>: [Info] (AZCore): [StackConfig] LayerS3(): layer's "remoteCfg.publicGameplay.CognitoId" S3 key (old: ""), reset to new value: "applications/publicGameplay/configuration-sets/CognitoId/us-east-1:0de93f7c-814e-4d48-a8fd-b6efc2f9ed93/versionless"
<2022-06-11 17:02:08.548>: [Info] (AZCore): [StackConfig] LayerS3(): layer's "remoteCfg.publicGameplay.CognitoIdv" S3 key (old: ""), reset to new value: "applications/publicGameplay/configuration-sets/CognitoId/us-east-1:0de93f7c-814e-4d48-a8fd-b6efc2f9ed93/280;1700466"
<2022-06-11 17:02:08.548>: [Info] (AZCore): [AuthManager] Initializing Steam Auth Manager.
<2022-06-11 17:02:08.549>: [Info] (AZCore): [SteamAuth] Initializing Persona.
<2022-06-11 17:02:08.585>: [Info]: [EasyAntiCheat] Initializing EAC game client module...
<2022-06-11 17:02:08.607>: [Info]: [EasyAntiCheat] ...EAC game client module initialized successfully.
<2022-06-11 17:02:09.730>: [Info]: Initializing default materials...
<2022-06-11 17:02:09.731>: [Info]: Initializing default footstep material...
<2022-06-11 17:02:10.258>: [Info] (AZCore): [streamingGDEManager] Initialize()
<2022-06-11 17:02:10.258>: [Info] (AZCore): [AsyncMapUnload] No previous level to unload, so not starting async.  Just loading this map now: ("frontendv2")
<2022-06-11 17:02:10.258>: [Info]: ============================ Loading level frontendv2 ============================
<2022-06-11 17:02:18.059>: [Info]: CGame::InitCoatlicueTerrain
<2022-06-11 17:02:18.084>: [Info] (AZCore): [Game] 0x441F4C03(user) attempting sign-in.
<2022-06-11 17:02:18.084>: [Info] (AZCore): [Game] LogEnvironmentString: Auth Mode: user
<2022-06-11 17:02:18.084>: [Info] (AZCore): [SteamAuth] Attempting to log in to Steam
<2022-06-11 17:02:18.084>: [Info] (AZCore): [SteamAuth] Getting steam auth session ticket.
<2022-06-11 17:02:18.473>: [Info] (AZCore): [SteamAuth] OnAuthSessionTicket: Authenticating using steam auth session ticket: 3
<2022-06-11 17:02:18.478>: [Info] (AZCore): [SteamAuth] CreateSteamSessionJob: Calling Persona to create steam session
<2022-06-11 17:02:19.495>: [Info] (AZCore): [SteamAuth] OnCreatedSessionSteam: Persona failure, result code 700
<2022-06-11 17:02:19.495>: [Info] (AZCore): [SteamAuth] Found penalty: Type: BannedCheating, Id: 4mWMTYEBKT_Wbw8QyIJ2, Policy: CheatingBan3, IsBan: yes, IsWarning: no
<2022-06-11 17:02:19.495>: [Info] (AZCore): [AuthStackCredentialsProvider] Failed to get valid gateway AWS credentials, next attempt will start after 2022-06-11T17:03:23Z
<2022-06-11 17:02:19.495>: [Info] (AZCore): [SteamAuth] Calling Http API: https://d1w0bfy6smo4d1.cloudfront.net/prod/credentials
<2022-06-11 17:02:19.496>: [Info] (AZCore): [Game] CGame::OnCampfireLoginFailed with error: BannedCheating|0||
<2022-06-11 17:02:19.986>: [Info] (AZCore): [AuthStackCredentialsProvider] Failed to get valid Http API: Error returning 200 response code. AWS credentials, next attempt will start after 2022-06-11T17:03:22Z
<2022-06-11 17:02:31.808>: [Info]: User declined to retry authentication, exiting.
<2022-06-11 17:02:31.808>: [Info]: CSystem::Quit invoked from thread 1612 (main is 1612)
<2022-06-11 17:02:31.808>: [Info] (AZCore): [Game] CGame::ActorContainerDisconnect
