<2022-06-08 20:09:24.494>: [Info]: BackupNameAttachment=" Build(1694880) 08 Jun 22 (22 09 24)"  -- used by backup system

<2022-06-08 20:09:24.494>: [Info]: Log Started at local time Wed Jun  8 22:09:24 2022
<2022-06-08 20:09:24.495>: [Info]: Built on Sat Jun  4 00:49:10 2022

<2022-06-08 20:09:24.495>: [Info]: Running 64 bit Windows version
<2022-06-08 20:09:24.495>: [Info]: Executable: NewWorld.exe [AZ_RETAIL_CONFIG]
<2022-06-08 20:09:24.495>: [Info]: FileVersion: 1.18.555.1694880
<2022-06-08 20:09:24.495>: [Info]: ProductVersion: 1.18.555.1694880
<2022-06-08 20:09:24.495>: [Info]: Using Microsoft (tm) C++ Standard Library implementation

<2022-06-08 20:09:24.496>: [Info] (AZCore): [System] Loading system configuration from system_windows_pc.cfg...
<2022-06-08 20:09:24.496>: [Info] (AZCore): [System] GameDir: Assets

<2022-06-08 20:09:25.625>: [Info]: 
<2022-06-08 20:09:25.627>: [Info]: Total number of logical processors: 16
<2022-06-08 20:09:25.627>: [Info]: Number of available logical processors: 16
<2022-06-08 20:09:25.627>: [Info]: Total number of system cores: 8
<2022-06-08 20:09:25.627>: [Info]: Number of cores available to process: 8
<2022-06-08 20:09:25.627>: [Info]:  
<2022-06-08 20:09:25.627>: [Info]: Processor 0:
<2022-06-08 20:09:25.627>: [Info]:   CPU: Intel        Intel(R) Xeon(R) CPU E5-2689 0 @ 2.60GHz
<2022-06-08 20:09:25.627>: [Info]:   Family: 6, Model: 13, Stepping: 7
<2022-06-08 20:09:25.627>: [Info]:   FPU: On-Chip
<2022-06-08 20:09:25.627>: [Info]:   3DNow!: not present
<2022-06-08 20:09:25.627>: [Info]:   MMX: not present
<2022-06-08 20:09:25.627>: [Info]:   SSE: present
<2022-06-08 20:09:25.627>: [Info]:   SSE2: present
<2022-06-08 20:09:25.627>: [Info]:   SSE3: present
<2022-06-08 20:09:25.627>: [Info]:   Serial number not present or disabled
<2022-06-08 20:09:25.627>: [Info]:  
<2022-06-08 20:09:25.627>: [Info]: Processor 1:
<2022-06-08 20:09:25.627>: [Info]:   CPU: Intel        Intel(R) Xeon(R) CPU E5-2689 0 @ 2.60GHz
<2022-06-08 20:09:25.627>: [Info]:   Family: 6, Model: 13, Stepping: 7
<2022-06-08 20:09:25.627>: [Info]:   FPU: On-Chip
<2022-06-08 20:09:25.627>: [Info]:   3DNow!: not present
<2022-06-08 20:09:25.627>: [Info]:   MMX: not present
<2022-06-08 20:09:25.627>: [Info]:   SSE: present
<2022-06-08 20:09:25.627>: [Info]:   SSE2: present
<2022-06-08 20:09:25.627>: [Info]:   SSE3: present
<2022-06-08 20:09:25.627>: [Info]:   Serial number not present or disabled
<2022-06-08 20:09:25.627>: [Info]:  
<2022-06-08 20:09:25.627>: [Info]: Processor 2:
<2022-06-08 20:09:25.627>: [Info]:   CPU: Intel        Intel(R) Xeon(R) CPU E5-2689 0 @ 2.60GHz
<2022-06-08 20:09:25.627>: [Info]:   Family: 6, Model: 13, Stepping: 7
<2022-06-08 20:09:25.627>: [Info]:   FPU: On-Chip
<2022-06-08 20:09:25.627>: [Info]:   3DNow!: not present
<2022-06-08 20:09:25.627>: [Info]:   MMX: not present
<2022-06-08 20:09:25.627>: [Info]:   SSE: present
<2022-06-08 20:09:25.627>: [Info]:   SSE2: present
<2022-06-08 20:09:25.627>: [Info]:   SSE3: present
<2022-06-08 20:09:25.627>: [Info]:   Serial number not present or disabled
<2022-06-08 20:09:25.627>: [Info]:  
<2022-06-08 20:09:25.627>: [Info]: Processor 3:
<2022-06-08 20:09:25.627>: [Info]:   CPU: Intel        Intel(R) Xeon(R) CPU E5-2689 0 @ 2.60GHz
<2022-06-08 20:09:25.627>: [Info]:   Family: 6, Model: 13, Stepping: 7
<2022-06-08 20:09:25.627>: [Info]:   FPU: On-Chip
<2022-06-08 20:09:25.627>: [Info]:   3DNow!: not present
<2022-06-08 20:09:25.627>: [Info]:   MMX: not present
<2022-06-08 20:09:25.627>: [Info]:   SSE: present
<2022-06-08 20:09:25.627>: [Info]:   SSE2: present
<2022-06-08 20:09:25.627>: [Info]:   SSE3: present
<2022-06-08 20:09:25.627>: [Info]:   Serial number not present or disabled
<2022-06-08 20:09:25.627>: [Info]:  
<2022-06-08 20:09:25.627>: [Info]: Processor 4:
<2022-06-08 20:09:25.627>: [Info]:   CPU: Intel        Intel(R) Xeon(R) CPU E5-2689 0 @ 2.60GHz
<2022-06-08 20:09:25.627>: [Info]:   Family: 6, Model: 13, Stepping: 7
<2022-06-08 20:09:25.627>: [Info]:   FPU: On-Chip
<2022-06-08 20:09:25.627>: [Info]:   3DNow!: not present
<2022-06-08 20:09:25.627>: [Info]:   MMX: not present
<2022-06-08 20:09:25.627>: [Info]:   SSE: present
<2022-06-08 20:09:25.627>: [Info]:   SSE2: present
<2022-06-08 20:09:25.627>: [Info]:   SSE3: present
<2022-06-08 20:09:25.627>: [Info]:   Serial number not present or disabled
<2022-06-08 20:09:25.627>: [Info]:  
<2022-06-08 20:09:25.627>: [Info]: Processor 5:
<2022-06-08 20:09:25.627>: [Info]:   CPU: Intel        Intel(R) Xeon(R) CPU E5-2689 0 @ 2.60GHz
<2022-06-08 20:09:25.627>: [Info]:   Family: 6, Model: 13, Stepping: 7
<2022-06-08 20:09:25.627>: [Info]:   FPU: On-Chip
<2022-06-08 20:09:25.627>: [Info]:   3DNow!: not present
<2022-06-08 20:09:25.627>: [Info]:   MMX: not present
<2022-06-08 20:09:25.627>: [Info]:   SSE: present
<2022-06-08 20:09:25.627>: [Info]:   SSE2: present
<2022-06-08 20:09:25.627>: [Info]:   SSE3: present
<2022-06-08 20:09:25.627>: [Info]:   Serial number not present or disabled
<2022-06-08 20:09:25.627>: [Info]:  
<2022-06-08 20:09:25.627>: [Info]: Processor 6:
<2022-06-08 20:09:25.627>: [Info]:   CPU: Intel        Intel(R) Xeon(R) CPU E5-2689 0 @ 2.60GHz
<2022-06-08 20:09:25.627>: [Info]:   Family: 6, Model: 13, Stepping: 7
<2022-06-08 20:09:25.627>: [Info]:   FPU: On-Chip
<2022-06-08 20:09:25.627>: [Info]:   3DNow!: not present
<2022-06-08 20:09:25.627>: [Info]:   MMX: not present
<2022-06-08 20:09:25.627>: [Info]:   SSE: present
<2022-06-08 20:09:25.627>: [Info]:   SSE2: present
<2022-06-08 20:09:25.627>: [Info]:   SSE3: present
<2022-06-08 20:09:25.627>: [Info]:   Serial number not present or disabled
<2022-06-08 20:09:25.627>: [Info]:  
<2022-06-08 20:09:25.627>: [Info]: Processor 7:
<2022-06-08 20:09:25.627>: [Info]:   CPU: Intel        Intel(R) Xeon(R) CPU E5-2689 0 @ 2.60GHz
<2022-06-08 20:09:25.627>: [Info]:   Family: 6, Model: 13, Stepping: 7
<2022-06-08 20:09:25.627>: [Info]:   FPU: On-Chip
<2022-06-08 20:09:25.627>: [Info]:   3DNow!: not present
<2022-06-08 20:09:25.627>: [Info]:   MMX: not present
<2022-06-08 20:09:25.627>: [Info]:   SSE: present
<2022-06-08 20:09:25.627>: [Info]:   SSE2: present
<2022-06-08 20:09:25.627>: [Info]:   SSE3: present
<2022-06-08 20:09:25.627>: [Info]:   Serial number not present or disabled
<2022-06-08 20:09:25.627>: [Info]:  
<2022-06-08 20:09:25.627>: [Info]: Windows 10 64 bit (build 10.0.19043)
<2022-06-08 20:09:25.627>: [Info]: System language: French
<2022-06-08 20:09:25.627>: [Info]: Windows Directory: "C:\WINDOWS"
<2022-06-08 20:09:25.627>: [Info]: Local time is 22:09:25 06/08/22, system running for 13252 minutes
<2022-06-08 20:09:25.627>: [Info]: 16316MB physical memory installed, 6867MB available, 134217727MB virtual memory installed, 57 percent of memory in use
<2022-06-08 20:09:25.628>: [Info]: PageFile usage: 237MB, Working Set: 288MB, Peak PageFile usage: 363MB,
<2022-06-08 20:09:25.628>: [Info]: Current display mode is 78043832, (Unknown graphics card)
<2022-06-08 20:09:25.628>: [Info]: IBM enhanced (101/102-key) keyboard and 5+ button mouse installed
<2022-06-08 20:09:25.628>: [Info]: --------------------------------------------------------------------------------
<2022-06-08 20:09:25.631>: [Info] (AZCore): [System] Stream Engine Initialization
<2022-06-08 20:09:25.631>: [Info]: GameName: New World
<2022-06-08 20:09:25.631>: [Info]: BuildTime: Sat Jun  4 00:49:10 2022

<2022-06-08 20:09:25.631>: [Info] (AZCore): [System] Physics initialization
<2022-06-08 20:09:25.632>: [Info] (AZCore): [System] Renderer initialization
<2022-06-08 20:09:25.635>: [Info]: Logging video adapters:
<2022-06-08 20:09:26.997>: [Info]: - Radeon RX 580 Series (vendor = 0x1002, device = 0x67df)
<2022-06-08 20:09:26.997>: [Info]:   - Adapter index: 0
<2022-06-08 20:09:26.997>: [Info]:   - Dedicated video memory: 8170 MB
<2022-06-08 20:09:26.997>: [Info]:   - Feature level: DX11 (SM 5.0)
<2022-06-08 20:09:26.997>: [Info]:   - Displays connected: yes
<2022-06-08 20:09:26.997>: [Info]:   - Suitable rendering device: yes
<2022-06-08 20:09:27.379>: [Info]: - Microsoft Basic Render Driver (vendor = 0x1414, device = 0x008c)
<2022-06-08 20:09:27.379>: [Info]:   - Adapter index: 1
<2022-06-08 20:09:27.379>: [Info]:   - Dedicated video memory: 0 MB
<2022-06-08 20:09:27.379>: [Info]:   - Feature level: DX11 (SM 5.0)
<2022-06-08 20:09:27.380>: [Info]:   - Displays connected: no
<2022-06-08 20:09:27.380>: [Info]:   - Suitable rendering device: no
<2022-06-08 20:09:29.474>: [Info]: Active GPUs: 1
<2022-06-08 20:09:30.861>: [Info] (AZCore): [Audio] AudioSystem initialized in High Ram mode. Available RAM [16315]MB, LowRam cutoff is [9216]MB
<2022-06-08 20:09:32.593>: [Info] (AZCore): [System] Font initialization
<2022-06-08 20:09:32.593>: [Info]: Using FreeType 2.5.0
<2022-06-08 20:09:52.521>: [Info] (AZCore): [System] Time initialization
<2022-06-08 20:09:52.521>: [Info] (AZCore): [System] Input initialization
<2022-06-08 20:09:52.521>: [Info] (AZCore): [System] UI system initialization
<2022-06-08 20:09:52.522>: [Info] (AZCore): [System] Initializing Animation System
<2022-06-08 20:09:52.522>: [Info] (AZCore): [System] Initializing 3D Engine
<2022-06-08 20:09:52.523>: [Info]: Sky light: Optical lookup tables loaded off disc.
<2022-06-08 20:09:52.524>: [Info] (AZCore): [System] Script System Initialization
<2022-06-08 20:09:52.524>: [Info] (AZCore): [System] Entity system initialization
<2022-06-08 20:09:52.526>: [Info] (AZCore): [System] Initializing additional systems
<2022-06-08 20:09:52.526>: [Info] (AZCore): [System] Dynamic Response System initialization
<2022-06-08 20:09:52.526>: [Info] (AZCore): [System] No Dynamic Response System was loaded from a module, the system will use the NULL DynamicResponseSystem.
<2022-06-08 20:09:52.527>: [Info]: Running machine spec auto detect (64 bit)...
<2022-06-08 20:09:52.527>: [Info]: - Windows 10 64 bit (build 10.0.19043)
<2022-06-08 20:09:52.527>: [Info]: - System memory
<2022-06-08 20:09:52.527>: [Info]: --- 16315 MB
<2022-06-08 20:09:52.527>: [Info]: - Intel(R) Xeon(R) CPU E5-2689 0 @ 2.60GHz
<2022-06-08 20:09:52.527>: [Info]: --- Number of available cores: 8 (out of 8)
<2022-06-08 20:09:52.527>: [Info]: --- Number of logical processors: 16
<2022-06-08 20:09:52.863>: [Info]: - Radeon RX 580 Series (vendor = 0x1002, device = 0x67df)
<2022-06-08 20:09:52.863>: [Info]: --- Dedicated video memory: 8170 MB
<2022-06-08 20:09:52.863>: [Info]: --- Feature level: DX11 (SM 5.0)
<2022-06-08 20:09:52.864>: [Info]: - Final rating: Machine class 2
<2022-06-08 20:09:54.092>: [Info] (AZCore): [System] == Version Info ===============================================================

<2022-06-08 20:09:54.092>: [Info] (AZCore): [System] [RETAIL].Javelin.1.18.555.1694880

<2022-06-08 20:09:54.092>: [Info] (AZCore): [System] ===============================================================================

<2022-06-08 20:09:54.102>: [Info]: Client config override file not found: @assets@/ClientOverride.json
<2022-06-08 20:09:55.984>: [Info] (AZCore): [Game] Steam Initialized!
<2022-06-08 20:09:55.984>: [Info] (AZCore): [Game] Using remote config: true
<2022-06-08 20:09:55.985>: [Info] (AZCore): [Game] Steam Utils obtained? true
<2022-06-08 20:09:55.985>: [Info] (AZCore): [Game] Using Steam App ID: 1063730
<2022-06-08 20:09:55.985>: [Info] (AZCore): [StackConfig] Configuring remote config with bucket ags-javelin-remote-config
<2022-06-08 20:09:55.985>: [Info]: Channel service uri: https://d2c74t4zimux3r.cloudfront.net/STEAM_APP_ID.1063730.json
<2022-06-08 20:09:56.534>: [Info]: Channel name: Retail
<2022-06-08 20:09:56.534>: [Info]: Found cluster data for cluster id: fra-prod
<2022-06-08 20:09:56.534>: [Info]: Display Name: EU Central
<2022-06-08 20:09:56.534>: [Info]: Auth Stack: https://2mfrik7h83.execute-api.us-east-1.amazonaws.com/Prod
<2022-06-08 20:09:56.534>: [Info]: Auth Stack Region: us-east-1
<2022-06-08 20:09:56.534>: [Info]: Gateway Host: u433g9r00c.execute-api.eu-central-1.amazonaws.com
<2022-06-08 20:09:56.534>: [Info]: Gateway Stack: d1w0bfy6smo4d1.cloudfront.net
<2022-06-08 20:09:56.534>: [Info]: Gateway Stack Region: eu-central-1
<2022-06-08 20:09:56.534>: [Info]: Http Gateway Stack: https://d1w0bfy6smo4d1.cloudfront.net/prod
<2022-06-08 20:09:56.534>: [Info]: Http Gateway Stack Region: eu-central-1
<2022-06-08 20:09:56.534>: [Info]: Found cluster data for cluster id: gru-prod
<2022-06-08 20:09:56.534>: [Info]: Display Name: SA East
<2022-06-08 20:09:56.534>: [Info]: Auth Stack: https://kqqt5twsi7.execute-api.us-east-1.amazonaws.com/Prod
<2022-06-08 20:09:56.534>: [Info]: Auth Stack Region: us-east-1
<2022-06-08 20:09:56.534>: [Info]: Gateway Host: j4n6whncmi.execute-api.sa-east-1.amazonaws.com
<2022-06-08 20:09:56.534>: [Info]: Gateway Stack: d1cjlmzk0xrm0z.cloudfront.net
<2022-06-08 20:09:56.534>: [Info]: Gateway Stack Region: sa-east-1
<2022-06-08 20:09:56.534>: [Info]: Http Gateway Stack: https://d1cjlmzk0xrm0z.cloudfront.net/prod
<2022-06-08 20:09:56.534>: [Info]: Http Gateway Stack Region: sa-east-1
<2022-06-08 20:09:56.534>: [Info]: Found cluster data for cluster id: iad-prod
<2022-06-08 20:09:56.534>: [Info]: Display Name: US East
<2022-06-08 20:09:56.534>: [Info]: Auth Stack: https://eudbjx6mig.execute-api.us-east-1.amazonaws.com/Prod
<2022-06-08 20:09:56.534>: [Info]: Auth Stack Region: us-east-1
<2022-06-08 20:09:56.534>: [Info]: Gateway Host: 0prplal5u1.execute-api.us-east-1.amazonaws.com
<2022-06-08 20:09:56.534>: [Info]: Gateway Stack: d2oeuvxi3kfsrw.cloudfront.net
<2022-06-08 20:09:56.534>: [Info]: Gateway Stack Region: us-east-1
<2022-06-08 20:09:56.534>: [Info]: Http Gateway Stack: https://d2oeuvxi3kfsrw.cloudfront.net/prod
<2022-06-08 20:09:56.534>: [Info]: Http Gateway Stack Region: us-east-1
<2022-06-08 20:09:56.534>: [Info]: Found cluster data for cluster id: pdx-prod
<2022-06-08 20:09:56.534>: [Info]: Display Name: US West
<2022-06-08 20:09:56.534>: [Info]: Auth Stack: https://q8hqllbg6k.execute-api.us-east-1.amazonaws.com/Prod
<2022-06-08 20:09:56.534>: [Info]: Auth Stack Region: us-east-1
<2022-06-08 20:09:56.534>: [Info]: Gateway Host: v7irlu1nrl.execute-api.us-west-2.amazonaws.com
<2022-06-08 20:09:56.534>: [Info]: Gateway Stack: d3bj4csovi1fe8.cloudfront.net
<2022-06-08 20:09:56.534>: [Info]: Gateway Stack Region: us-west-2
<2022-06-08 20:09:56.534>: [Info]: Http Gateway Stack: https://d3bj4csovi1fe8.cloudfront.net/prod
<2022-06-08 20:09:56.534>: [Info]: Http Gateway Stack Region: us-west-2
<2022-06-08 20:09:56.534>: [Info]: Found platform metadata for key: ENTITLEMENTS.STEAM_APP_ID.1063730
<2022-06-08 20:09:56.534>: [Info]: Found platform metadata for key: PERSONA.STEAM_APP_ID.1063730
<2022-06-08 20:09:56.534>: [Info]: Found persona role for cluster id: fra-prod - arn:aws:iam::093607389475:role/AgsLiveResources-AllowPersonaAccessRole-1U24RJQDKWS63
<2022-06-08 20:09:56.534>: [Info]: Found persona role for cluster id: fra-qa - arn:aws:iam::544220128841:role/AgsLiveResources-AllowPersonaAccessRole-PSN32B5D8G0L
<2022-06-08 20:09:56.534>: [Info]: Found persona role for cluster id: fra-staging - arn:aws:iam::411585047658:role/AgsLiveResources-AllowPersonaAccessRole-709I6ZY9EAFH
<2022-06-08 20:09:56.534>: [Info]: Found persona role for cluster id: gru-prod - arn:aws:iam::845253724667:role/AgsLiveResources-AllowPersonaAccessRole-SLHVYULH7U5
<2022-06-08 20:09:56.534>: [Info]: Found persona role for cluster id: iad-prod - arn:aws:iam::819349112573:role/AgsLiveResources-AllowPersonaAccessRole-1PHH0BI346X75
<2022-06-08 20:09:56.534>: [Info]: Found persona role for cluster id: iad-staging - arn:aws:iam::910532829260:role/AgsLiveResources-AllowPersonaAccessRole-OXG60NCUXR74
<2022-06-08 20:09:56.534>: [Info]: Found persona role for cluster id: pdx-devo - arn:aws:iam::166847089677:role/AgsLiveResources-AllowPersonaAccessRole-15NKM8MRPA2BX
<2022-06-08 20:09:56.534>: [Info]: Found persona role for cluster id: pdx-prod - arn:aws:iam::458929010575:role/AgsLiveResources-AllowPersonaAccessRole-QYL4I8P12BEA
<2022-06-08 20:09:56.534>: [Info]: Found persona role for cluster id: pdx-qa - arn:aws:iam::379061375310:role/AgsLiveResources-AllowPersonaAccessRole-116SW3GWSL7P1
<2022-06-08 20:09:56.534>: [Info]: Found persona role for cluster id: syd-prod - arn:aws:iam::018141801470:role/AgsLiveResources-AllowPersonaAccessRole-1CPZ9EG8SYMOQ
<2022-06-08 20:09:56.534>: [Info]: Found cluster data for cluster id: syd-prod
<2022-06-08 20:09:56.534>: [Info]: Display Name: AP Southeast
<2022-06-08 20:09:56.534>: [Info]: Auth Stack: https://hhf8nn71vb.execute-api.us-east-1.amazonaws.com/Prod
<2022-06-08 20:09:56.534>: [Info]: Auth Stack Region: us-east-1
<2022-06-08 20:09:56.534>: [Info]: Gateway Host: ep1m9qoir8.execute-api.ap-southeast-2.amazonaws.com
<2022-06-08 20:09:56.534>: [Info]: Gateway Stack: de4mfzk9wkelz.cloudfront.net
<2022-06-08 20:09:56.534>: [Info]: Gateway Stack Region: ap-southeast-2
<2022-06-08 20:09:56.534>: [Info]: Http Gateway Stack: https://de4mfzk9wkelz.cloudfront.net/prod
<2022-06-08 20:09:56.534>: [Info]: Http Gateway Stack Region: ap-southeast-2
<2022-06-08 20:10:01.143>: [Info]: Failure in initializing Fuel::Iap::IapClient: 14
<2022-06-08 20:10:01.144>: [Info] (AZCore): [Game] LogEnvironmentString: ProductId: STEAM_APP_ID.1063730
<2022-06-08 20:10:01.145>: [Info] (AZCore): [Game] LogEnvironmentString: ClusterId: fra-prod
<2022-06-08 20:10:01.147>: [Info] (AZCore): [StackConfig] LayerS3(): layer's "remoteCfg.public.RegionId" S3 key (old: ""), reset to new value: "applications/public/configuration-sets/RegionId/fra-prod/versionless"
<2022-06-08 20:10:01.147>: [Info] (AZCore): [StackConfig] LayerS3(): layer's "remoteCfg.public.RegionIdv" S3 key (old: ""), reset to new value: "applications/public/configuration-sets/RegionId/fra-prod/555;1694880"
<2022-06-08 20:10:01.147>: [Info] (AZCore): [StackConfig] LayerS3(): layer's "remoteCfg.public.CognitoId" S3 key (old: ""), reset to new value: "applications/public/configuration-sets/CognitoId/us-east-1:0de93f7c-814e-4d48-a8fd-b6efc2f9ed93/versionless"
<2022-06-08 20:10:01.147>: [Info] (AZCore): [StackConfig] LayerS3(): layer's "remoteCfg.public.CognitoIdv" S3 key (old: ""), reset to new value: "applications/public/configuration-sets/CognitoId/us-east-1:0de93f7c-814e-4d48-a8fd-b6efc2f9ed93/555;1694880"
<2022-06-08 20:10:01.147>: [Info] (AZCore): [StackConfig] LayerS3(): layer's "remoteCfg.publicGameplay.RegionId" S3 key (old: ""), reset to new value: "applications/publicGameplay/configuration-sets/RegionId/fra-prod/versionless"
<2022-06-08 20:10:01.147>: [Info] (AZCore): [StackConfig] LayerS3(): layer's "remoteCfg.publicGameplay.RegionIdv" S3 key (old: ""), reset to new value: "applications/publicGameplay/configuration-sets/RegionId/fra-prod/555;1694880"
<2022-06-08 20:10:01.147>: [Info] (AZCore): [StackConfig] LayerS3(): layer's "remoteCfg.publicGameplay.CognitoId" S3 key (old: ""), reset to new value: "applications/publicGameplay/configuration-sets/CognitoId/us-east-1:0de93f7c-814e-4d48-a8fd-b6efc2f9ed93/versionless"
<2022-06-08 20:10:01.147>: [Info] (AZCore): [StackConfig] LayerS3(): layer's "remoteCfg.publicGameplay.CognitoIdv" S3 key (old: ""), reset to new value: "applications/publicGameplay/configuration-sets/CognitoId/us-east-1:0de93f7c-814e-4d48-a8fd-b6efc2f9ed93/555;1694880"
<2022-06-08 20:10:01.147>: [Info] (AZCore): [AuthManager] Initializing Steam Auth Manager.
<2022-06-08 20:10:01.147>: [Info] (AZCore): [SteamAuth] Initializing Persona.
<2022-06-08 20:10:01.176>: [Info]: [EasyAntiCheat] Initializing EAC game client module...
<2022-06-08 20:10:01.189>: [Info]: [EasyAntiCheat] ...EAC game client module initialized successfully.
<2022-06-08 20:10:02.177>: [Info]: Initializing default materials...
<2022-06-08 20:10:02.178>: [Info]: Initializing default footstep material...
<2022-06-08 20:10:02.626>: [Info] (AZCore): [streamingGDEManager] Initialize()
<2022-06-08 20:10:02.626>: [Info] (AZCore): [AsyncMapUnload] No previous level to unload, so not starting async.  Just loading this map now: ("frontendv2")
<2022-06-08 20:10:02.626>: [Info]: ============================ Loading level frontendv2 ============================
<2022-06-08 20:10:10.539>: [Info]: CGame::InitCoatlicueTerrain
<2022-06-08 20:10:10.555>: [Info] (AZCore): [Game] 0x441F4C03(user) attempting sign-in.
<2022-06-08 20:10:10.555>: [Info] (AZCore): [Game] LogEnvironmentString: Auth Mode: user
<2022-06-08 20:10:10.555>: [Info] (AZCore): [SteamAuth] Attempting to log in to Steam
<2022-06-08 20:10:10.555>: [Info] (AZCore): [SteamAuth] Getting steam auth session ticket.
<2022-06-08 20:10:11.135>: [Info] (AZCore): [SteamAuth] OnAuthSessionTicket: Authenticating using steam auth session ticket: 6
<2022-06-08 20:10:11.141>: [Info] (AZCore): [SteamAuth] CreateSteamSessionJob: Calling Persona to create steam session
<2022-06-08 20:10:12.360>: [Info] (AZCore): [SteamAuth] OnCreatedSessionSteam: Creating session for persona id: amzn1.developerPersonaId.02e9f3b7-55e1-865a-9031-570ce6f27a49.
<2022-06-08 20:10:12.360>: [Info] (AZCore): [SteamAuth] Calling Http API: https://d1w0bfy6smo4d1.cloudfront.net/prod/credentials
<2022-06-08 20:10:12.628>: [Info] (AZCore): [AuthStackCredentialsProvider] Successfully refreshed gateway AWS credentials, next attempt will start after 2022-06-08T21:05:11Z
<2022-06-08 20:10:12.628>: [Info] (AZCore): [AuthStackCredentialsProvider] Successfully refreshed persona AWS credentials, next attempt will start after 2022-06-08T21:05:11Z
<2022-06-08 20:10:12.644>: [Info] (AZCore): [Game] CGame::OnCampfireLoginComplete, login successful. ownership=permanent
<2022-06-08 20:10:12.644>: [Info] (AZCore): [Game] LogEnvironmentString: Gateway Signing Host: u433g9r00c.execute-api.eu-central-1.amazonaws.com
<2022-06-08 20:10:12.644>: [Info] (AZCore): [Game] LogEnvironmentString: Gateway Address: d1w0bfy6smo4d1.cloudfront.net
<2022-06-08 20:10:12.644>: [Info] (AZCore): [Game] LogEnvironmentString: HTTP Gateway Address: https://d1w0bfy6smo4d1.cloudfront.net/prod
<2022-06-08 20:10:12.644>: [Info] (AZCore): [Game] LogEnvironmentString: Gateway Mode: gateway
<2022-06-08 20:10:12.644>: [Info] (AZCore): [GameConnection] ConfigureLogin MODE_GATEWAY: endpoint=d1w0bfy6smo4d1.cloudfront.net, httpEntpoint=https://d1w0bfy6smo4d1.cloudfront.net/prod, region=eu-central-1
<2022-06-08 20:10:12.650>: [Info] (AZCore): [StackConfig] LayerS3(): layer's "remoteCfg.public.ProductId" S3 key (old: ""), reset to new value: "applications/public/configuration-sets/ProductId/STEAM_APP_ID.1063730/versionless"
<2022-06-08 20:10:12.650>: [Info] (AZCore): [StackConfig] Querying "remoteCfg.public.ProductId" remote config. S3 key: "applications/public/configuration-sets/ProductId/STEAM_APP_ID.1063730/versionless"
<2022-06-08 20:10:13.148>: [Info] (AZCore): [StackConfig] Retrieved layer's "remoteCfg.public.ProductId" remote config, with S3 key: "applications/public/configuration-sets/ProductId/STEAM_APP_ID.1063730/versionless" successfully, size: 339

<2022-06-08 20:10:13.152>: [Info] (AZCore): [StackConfig] LayerS3(): layer's "remoteCfg.public.ProductIdv" S3 key (old: ""), reset to new value: "applications/public/configuration-sets/ProductId/STEAM_APP_ID.1063730/555;1694880"
<2022-06-08 20:10:13.152>: [Info] (AZCore): [StackConfig] Querying "remoteCfg.public.ProductIdv" remote config. S3 key: "applications/public/configuration-sets/ProductId/STEAM_APP_ID.1063730/555;1694880"
<2022-06-08 20:10:13.261>: [Info] (AZCore): [StackConfig] LayerS3(): layer's "remoteCfg.public.RegionId" S3 key (old: "applications/public/configuration-sets/RegionId/fra-prod/versionless"), reset to new value: "applications/public/configuration-sets/RegionId/fra-prod/versionless"
<2022-06-08 20:10:13.261>: [Info] (AZCore): [StackConfig] Querying "remoteCfg.public.RegionId" remote config. S3 key: "applications/public/configuration-sets/RegionId/fra-prod/versionless"
<2022-06-08 20:10:13.389>: [Info] (AZCore): [StackConfig] Retrieved layer's "remoteCfg.public.RegionId" remote config, with S3 key: "applications/public/configuration-sets/RegionId/fra-prod/versionless" successfully, size: 246

<2022-06-08 20:10:13.393>: [Info] (AZCore): [StackConfig] LayerS3(): layer's "remoteCfg.public.RegionIdv" S3 key (old: "applications/public/configuration-sets/RegionId/fra-prod/555;1694880"), reset to new value: "applications/public/configuration-sets/RegionId/fra-prod/555;1694880"
<2022-06-08 20:10:13.393>: [Info] (AZCore): [StackConfig] Querying "remoteCfg.public.RegionIdv" remote config. S3 key: "applications/public/configuration-sets/RegionId/fra-prod/555;1694880"
<2022-06-08 20:10:13.508>: [Info] (AZCore): [StackConfig] LayerS3(): layer's "remoteCfg.publicGameplay.ProductId" S3 key (old: ""), reset to new value: "applications/publicGameplay/configuration-sets/ProductId/STEAM_APP_ID.1063730/versionless"
<2022-06-08 20:10:13.508>: [Info] (AZCore): [StackConfig] Querying "remoteCfg.publicGameplay.ProductId" remote config. S3 key: "applications/publicGameplay/configuration-sets/ProductId/STEAM_APP_ID.1063730/versionless"
<2022-06-08 20:10:13.622>: [Info] (AZCore): [StackConfig] Retrieved layer's "remoteCfg.publicGameplay.ProductId" remote config, with S3 key: "applications/publicGameplay/configuration-sets/ProductId/STEAM_APP_ID.1063730/versionless" successfully, size: 736

<2022-06-08 20:10:13.625>: [Info] (AZCore): [StackConfig] LayerS3(): layer's "remoteCfg.publicGameplay.ProductIdv" S3 key (old: ""), reset to new value: "applications/publicGameplay/configuration-sets/ProductId/STEAM_APP_ID.1063730/555;1694880"
<2022-06-08 20:10:13.625>: [Info] (AZCore): [StackConfig] Querying "remoteCfg.publicGameplay.ProductIdv" remote config. S3 key: "applications/publicGameplay/configuration-sets/ProductId/STEAM_APP_ID.1063730/555;1694880"
<2022-06-08 20:10:13.734>: [Info] (AZCore): [StackConfig] LayerS3(): layer's "remoteCfg.publicGameplay.RegionId" S3 key (old: "applications/publicGameplay/configuration-sets/RegionId/fra-prod/versionless"), reset to new value: "applications/publicGameplay/configuration-sets/RegionId/fra-prod/versionless"
<2022-06-08 20:10:13.734>: [Info] (AZCore): [StackConfig] Querying "remoteCfg.publicGameplay.RegionId" remote config. S3 key: "applications/publicGameplay/configuration-sets/RegionId/fra-prod/versionless"
<2022-06-08 20:10:13.851>: [Info] (AZCore): [StackConfig] Retrieved layer's "remoteCfg.publicGameplay.RegionId" remote config, with S3 key: "applications/publicGameplay/configuration-sets/RegionId/fra-prod/versionless" successfully, size: 137

<2022-06-08 20:10:13.855>: [Info] (AZCore): [StackConfig] LayerS3(): layer's "remoteCfg.publicGameplay.RegionIdv" S3 key (old: "applications/publicGameplay/configuration-sets/RegionId/fra-prod/555;1694880"), reset to new value: "applications/publicGameplay/configuration-sets/RegionId/fra-prod/555;1694880"
<2022-06-08 20:10:13.855>: [Info] (AZCore): [StackConfig] Querying "remoteCfg.publicGameplay.RegionIdv" remote config. S3 key: "applications/publicGameplay/configuration-sets/RegionId/fra-prod/555;1694880"
<2022-06-08 20:10:14.488>: [Info] (AZCore): [Game] LogEnvironmentString: Persona ID: amzn1.developerPersonaId.02e9f3b7-55e1-865a-9031-570ce6f27a49
<2022-06-08 20:10:14.809>: [Info]: 
<2022-06-08 20:10:14.827>: [Info]: Total number of logical processors: 16
<2022-06-08 20:10:14.827>: [Info]: Number of available logical processors: 16
<2022-06-08 20:10:14.827>: [Info]: Total number of system cores: 8
<2022-06-08 20:10:14.827>: [Info]: Number of cores available to process: 8
<2022-06-08 20:10:14.827>: [Info]:  
<2022-06-08 20:10:14.827>: [Info]: Processor 0:
<2022-06-08 20:10:14.827>: [Info]:   CPU: Intel        Intel(R) Xeon(R) CPU E5-2689 0 @ 2.60GHz
<2022-06-08 20:10:14.827>: [Info]:   Family: 6, Model: 13, Stepping: 7
<2022-06-08 20:10:14.827>: [Info]:   FPU: On-Chip
<2022-06-08 20:10:14.827>: [Info]:   3DNow!: not present
<2022-06-08 20:10:14.827>: [Info]:   MMX: not present
<2022-06-08 20:10:14.827>: [Info]:   SSE: present
<2022-06-08 20:10:14.827>: [Info]:   SSE2: present
<2022-06-08 20:10:14.827>: [Info]:   SSE3: present
<2022-06-08 20:10:14.827>: [Info]:   Serial number not present or disabled
<2022-06-08 20:10:14.827>: [Info]:  
<2022-06-08 20:10:14.827>: [Info]: Processor 1:
<2022-06-08 20:10:14.827>: [Info]:   CPU: Intel        Intel(R) Xeon(R) CPU E5-2689 0 @ 2.60GHz
<2022-06-08 20:10:14.827>: [Info]:   Family: 6, Model: 13, Stepping: 7
<2022-06-08 20:10:14.827>: [Info]:   FPU: On-Chip
<2022-06-08 20:10:14.827>: [Info]:   3DNow!: not present
<2022-06-08 20:10:14.827>: [Info]:   MMX: not present
<2022-06-08 20:10:14.827>: [Info]:   SSE: present
<2022-06-08 20:10:14.827>: [Info]:   SSE2: present
<2022-06-08 20:10:14.827>: [Info]:   SSE3: present
<2022-06-08 20:10:14.827>: [Info]:   Serial number not present or disabled
<2022-06-08 20:10:14.827>: [Info]:  
<2022-06-08 20:10:14.827>: [Info]: Processor 2:
<2022-06-08 20:10:14.827>: [Info]:   CPU: Intel        Intel(R) Xeon(R) CPU E5-2689 0 @ 2.60GHz
<2022-06-08 20:10:14.827>: [Info]:   Family: 6, Model: 13, Stepping: 7
<2022-06-08 20:10:14.827>: [Info]:   FPU: On-Chip
<2022-06-08 20:10:14.827>: [Info]:   3DNow!: not present
<2022-06-08 20:10:14.827>: [Info]:   MMX: not present
<2022-06-08 20:10:14.827>: [Info]:   SSE: present
<2022-06-08 20:10:14.827>: [Info]:   SSE2: present
<2022-06-08 20:10:14.827>: [Info]:   SSE3: present
<2022-06-08 20:10:14.827>: [Info]:   Serial number not present or disabled
<2022-06-08 20:10:14.827>: [Info]:  
<2022-06-08 20:10:14.827>: [Info]: Processor 3:
<2022-06-08 20:10:14.827>: [Info]:   CPU: Intel        Intel(R) Xeon(R) CPU E5-2689 0 @ 2.60GHz
<2022-06-08 20:10:14.827>: [Info]:   Family: 6, Model: 13, Stepping: 7
<2022-06-08 20:10:14.827>: [Info]:   FPU: On-Chip
<2022-06-08 20:10:14.827>: [Info]:   3DNow!: not present
<2022-06-08 20:10:14.827>: [Info]:   MMX: not present
<2022-06-08 20:10:14.827>: [Info]:   SSE: present
<2022-06-08 20:10:14.827>: [Info]:   SSE2: present
<2022-06-08 20:10:14.827>: [Info]:   SSE3: present
<2022-06-08 20:10:14.827>: [Info]:   Serial number not present or disabled
<2022-06-08 20:10:14.827>: [Info]:  
<2022-06-08 20:10:14.827>: [Info]: Processor 4:
<2022-06-08 20:10:14.827>: [Info]:   CPU: Intel        Intel(R) Xeon(R) CPU E5-2689 0 @ 2.60GHz
<2022-06-08 20:10:14.827>: [Info]:   Family: 6, Model: 13, Stepping: 7
<2022-06-08 20:10:14.827>: [Info]:   FPU: On-Chip
<2022-06-08 20:10:14.827>: [Info]:   3DNow!: not present
<2022-06-08 20:10:14.827>: [Info]:   MMX: not present
<2022-06-08 20:10:14.827>: [Info]:   SSE: present
<2022-06-08 20:10:14.827>: [Info]:   SSE2: present
<2022-06-08 20:10:14.827>: [Info]:   SSE3: present
<2022-06-08 20:10:14.827>: [Info]:   Serial number not present or disabled
<2022-06-08 20:10:14.827>: [Info]:  
<2022-06-08 20:10:14.827>: [Info]: Processor 5:
<2022-06-08 20:10:14.827>: [Info]:   CPU: Intel        Intel(R) Xeon(R) CPU E5-2689 0 @ 2.60GHz
<2022-06-08 20:10:14.827>: [Info]:   Family: 6, Model: 13, Stepping: 7
<2022-06-08 20:10:14.827>: [Info]:   FPU: On-Chip
<2022-06-08 20:10:14.827>: [Info]:   3DNow!: not present
<2022-06-08 20:10:14.827>: [Info]:   MMX: not present
<2022-06-08 20:10:14.827>: [Info]:   SSE: present
<2022-06-08 20:10:14.827>: [Info]:   SSE2: present
<2022-06-08 20:10:14.827>: [Info]:   SSE3: present
<2022-06-08 20:10:14.827>: [Info]:   Serial number not present or disabled
<2022-06-08 20:10:14.827>: [Info]:  
<2022-06-08 20:10:14.827>: [Info]: Processor 6:
<2022-06-08 20:10:14.827>: [Info]:   CPU: Intel        Intel(R) Xeon(R) CPU E5-2689 0 @ 2.60GHz
<2022-06-08 20:10:14.827>: [Info]:   Family: 6, Model: 13, Stepping: 7
<2022-06-08 20:10:14.827>: [Info]:   FPU: On-Chip
<2022-06-08 20:10:14.827>: [Info]:   3DNow!: not present
<2022-06-08 20:10:14.827>: [Info]:   MMX: not present
<2022-06-08 20:10:14.827>: [Info]:   SSE: present
<2022-06-08 20:10:14.827>: [Info]:   SSE2: present
<2022-06-08 20:10:14.827>: [Info]:   SSE3: present
<2022-06-08 20:10:14.827>: [Info]:   Serial number not present or disabled
<2022-06-08 20:10:14.827>: [Info]:  
<2022-06-08 20:10:14.827>: [Info]: Processor 7:
<2022-06-08 20:10:14.827>: [Info]:   CPU: Intel        Intel(R) Xeon(R) CPU E5-2689 0 @ 2.60GHz
<2022-06-08 20:10:14.827>: [Info]:   Family: 6, Model: 13, Stepping: 7
<2022-06-08 20:10:14.827>: [Info]:   FPU: On-Chip
<2022-06-08 20:10:14.827>: [Info]:   3DNow!: not present
<2022-06-08 20:10:14.827>: [Info]:   MMX: not present
<2022-06-08 20:10:14.827>: [Info]:   SSE: present
<2022-06-08 20:10:14.827>: [Info]:   SSE2: present
<2022-06-08 20:10:14.827>: [Info]:   SSE3: present
<2022-06-08 20:10:14.827>: [Info]:   Serial number not present or disabled
<2022-06-08 20:10:14.827>: [Info]:  
<2022-06-08 20:10:14.827>: [Info]: Change detected in analytics configuration. Re-instantiating network traffic reporter
<2022-06-08 20:10:23.497>: [Info] (AZCore): [Game] CGame::ActorContainerConnect
<2022-06-08 20:10:23.497>: [Info] (AZCore): [GameConnection] GameConnectionWrapper::Disconnect
<2022-06-08 20:10:23.497>: [Info] (AZCore): [GameConnection] GameConnectionWrapper::Connect: playerName = xuppra
<2022-06-08 20:10:23.497>: [Info] (AZCore): [GameConnection] Update state Disconnected to new state QueueGameLogin
<2022-06-08 20:10:23.513>: [Info] (AZCore): [GameConnection] Update state QueueGameLogin to new state WaitingForQueuedLogin
<2022-06-08 20:10:23.513>: [Info] (AZCore): [GameConnection] Queuing login for world () and character (9b7f7427-abde-4ac3-83cd-f10d78f51d29)
<2022-06-08 20:10:25.117>: [Info] (AZCore): [GameConnection] Received a login ticket: 86ae8332-ed32-420e-985c-61011022847a_e431883d-f30b-4ee0-bcc6-a78e12bfde8b, location: , New Ticket
<2022-06-08 20:10:27.358>: [Info] (AZCore): [GameConnection] Received a login ticket: 86ae8332-ed32-420e-985c-61011022847a_e431883d-f30b-4ee0-bcc6-a78e12bfde8b, location: , Refreshed Ticket
<2022-06-08 20:10:27.358>: [Info] (AZCore): [Game] LogEnvironmentString: World ID: 86ae8332-ed32-420e-985c-61011022847a
<2022-06-08 20:10:27.358>: [Info] (AZCore): [Game] LogEnvironmentString: World Name: live-1-12-2
<2022-06-08 20:10:27.358>: [Info] (AZCore): [Game] LogEnvironmentString: Character ID: 9b7f7427-abde-4ac3-83cd-f10d78f51d29
<2022-06-08 20:10:27.358>: [Info] (AZCore): [Game] LogEnvironmentString: REP Address: 35.71.153.244:36634
<2022-06-08 20:10:27.371>: [Info] (AZCore): [GameConnection] Update state WaitingForQueuedLogin to new state QueryForRemoteConfigClass
<2022-06-08 20:10:27.374>: [Info] (AZCore): [StackConfig] LayerS3(): layer's "remoteCfg.public.CognitoId" S3 key (old: "applications/public/configuration-sets/CognitoId/us-east-1:0de93f7c-814e-4d48-a8fd-b6efc2f9ed93/versionless"), reset to new value: "applications/public/configuration-sets/CognitoId/us-east-1:0de93f7c-814e-4d48-a8fd-b6efc2f9ed93/versionless"
<2022-06-08 20:10:27.374>: [Info] (AZCore): [GameConnection] Update state QueryForRemoteConfigClass to new state WaitingForRemoteConfigClass
<2022-06-08 20:10:27.375>: [Info] (AZCore): [StackConfig] Querying "remoteCfg.public.CognitoId" remote config. S3 key: "applications/public/configuration-sets/CognitoId/us-east-1:0de93f7c-814e-4d48-a8fd-b6efc2f9ed93/versionless"
<2022-06-08 20:10:27.835>: [Info] (AZCore): [StackConfig] Retrieved layer's "remoteCfg.public.CognitoId" remote config, with S3 key: "applications/public/configuration-sets/CognitoId/us-east-1:0de93f7c-814e-4d48-a8fd-b6efc2f9ed93/versionless" successfully, size: 462

<2022-06-08 20:10:27.842>: [Info] (AZCore): [GameConnection] Update state WaitingForRemoteConfigClass to new state QueryForRemoteConfigClass
<2022-06-08 20:10:27.858>: [Info] (AZCore): [StackConfig] LayerS3(): layer's "remoteCfg.public.CognitoIdv" S3 key (old: "applications/public/configuration-sets/CognitoId/us-east-1:0de93f7c-814e-4d48-a8fd-b6efc2f9ed93/555;1694880"), reset to new value: "applications/public/configuration-sets/CognitoId/us-east-1:0de93f7c-814e-4d48-a8fd-b6efc2f9ed93/555;1694880"
<2022-06-08 20:10:27.859>: [Info] (AZCore): [GameConnection] Update state QueryForRemoteConfigClass to new state WaitingForRemoteConfigClass
<2022-06-08 20:10:27.860>: [Info] (AZCore): [StackConfig] Querying "remoteCfg.public.CognitoIdv" remote config. S3 key: "applications/public/configuration-sets/CognitoId/us-east-1:0de93f7c-814e-4d48-a8fd-b6efc2f9ed93/555;1694880"
<2022-06-08 20:10:27.986>: [Info] (AZCore): [GameConnection] Update state WaitingForRemoteConfigClass to new state QueryForRemoteConfigClass
<2022-06-08 20:10:28.002>: [Info] (AZCore): [StackConfig] LayerS3(): layer's "remoteCfg.public.WorldId" S3 key (old: ""), reset to new value: "applications/public/configuration-sets/WorldId/86ae8332-ed32-420e-985c-61011022847a/versionless"
<2022-06-08 20:10:28.002>: [Info] (AZCore): [GameConnection] Update state QueryForRemoteConfigClass to new state WaitingForRemoteConfigClass
<2022-06-08 20:10:28.003>: [Info] (AZCore): [StackConfig] Querying "remoteCfg.public.WorldId" remote config. S3 key: "applications/public/configuration-sets/WorldId/86ae8332-ed32-420e-985c-61011022847a/versionless"
<2022-06-08 20:10:28.114>: [Info] (AZCore): [GameConnection] Update state WaitingForRemoteConfigClass to new state QueryForRemoteConfigClass
<2022-06-08 20:10:28.130>: [Info] (AZCore): [StackConfig] LayerS3(): layer's "remoteCfg.public.WorldIdv" S3 key (old: ""), reset to new value: "applications/public/configuration-sets/WorldId/86ae8332-ed32-420e-985c-61011022847a/555;1694880"
<2022-06-08 20:10:28.130>: [Info] (AZCore): [GameConnection] Update state QueryForRemoteConfigClass to new state WaitingForRemoteConfigClass
<2022-06-08 20:10:28.131>: [Info] (AZCore): [StackConfig] Querying "remoteCfg.public.WorldIdv" remote config. S3 key: "applications/public/configuration-sets/WorldId/86ae8332-ed32-420e-985c-61011022847a/555;1694880"
<2022-06-08 20:10:28.258>: [Info] (AZCore): [GameConnection] Update state WaitingForRemoteConfigClass to new state QueryForRemoteConfigClass
<2022-06-08 20:10:28.274>: [Info] (AZCore): [StackConfig] LayerS3(): layer's "remoteCfg.publicGameplay.CognitoId" S3 key (old: "applications/publicGameplay/configuration-sets/CognitoId/us-east-1:0de93f7c-814e-4d48-a8fd-b6efc2f9ed93/versionless"), reset to new value: "applications/publicGameplay/configuration-sets/CognitoId/us-east-1:0de93f7c-814e-4d48-a8fd-b6efc2f9ed93/versionless"
<2022-06-08 20:10:28.274>: [Info] (AZCore): [GameConnection] Update state QueryForRemoteConfigClass to new state WaitingForRemoteConfigClass
<2022-06-08 20:10:28.275>: [Info] (AZCore): [StackConfig] Querying "remoteCfg.publicGameplay.CognitoId" remote config. S3 key: "applications/publicGameplay/configuration-sets/CognitoId/us-east-1:0de93f7c-814e-4d48-a8fd-b6efc2f9ed93/versionless"
<2022-06-08 20:10:28.390>: [Info] (AZCore): [StackConfig] Retrieved layer's "remoteCfg.publicGameplay.CognitoId" remote config, with S3 key: "applications/publicGameplay/configuration-sets/CognitoId/us-east-1:0de93f7c-814e-4d48-a8fd-b6efc2f9ed93/versionless" successfully, size: 2244

<2022-06-08 20:10:28.403>: [Info] (AZCore): [GameConnection] Update state WaitingForRemoteConfigClass to new state QueryForRemoteConfigClass
<2022-06-08 20:10:28.419>: [Info] (AZCore): [StackConfig] LayerS3(): layer's "remoteCfg.publicGameplay.CognitoIdv" S3 key (old: "applications/publicGameplay/configuration-sets/CognitoId/us-east-1:0de93f7c-814e-4d48-a8fd-b6efc2f9ed93/555;1694880"), reset to new value: "applications/publicGameplay/configuration-sets/CognitoId/us-east-1:0de93f7c-814e-4d48-a8fd-b6efc2f9ed93/555;1694880"
<2022-06-08 20:10:28.419>: [Info] (AZCore): [GameConnection] Update state QueryForRemoteConfigClass to new state WaitingForRemoteConfigClass
<2022-06-08 20:10:28.420>: [Info] (AZCore): [StackConfig] Querying "remoteCfg.publicGameplay.CognitoIdv" remote config. S3 key: "applications/publicGameplay/configuration-sets/CognitoId/us-east-1:0de93f7c-814e-4d48-a8fd-b6efc2f9ed93/555;1694880"
<2022-06-08 20:10:28.547>: [Info] (AZCore): [GameConnection] Update state WaitingForRemoteConfigClass to new state QueryForRemoteConfigClass
<2022-06-08 20:10:28.563>: [Info] (AZCore): [StackConfig] LayerS3(): layer's "remoteCfg.publicGameplay.WorldId" S3 key (old: ""), reset to new value: "applications/publicGameplay/configuration-sets/WorldId/86ae8332-ed32-420e-985c-61011022847a/versionless"
<2022-06-08 20:10:28.563>: [Info] (AZCore): [GameConnection] Update state QueryForRemoteConfigClass to new state WaitingForRemoteConfigClass
<2022-06-08 20:10:28.564>: [Info] (AZCore): [StackConfig] Querying "remoteCfg.publicGameplay.WorldId" remote config. S3 key: "applications/publicGameplay/configuration-sets/WorldId/86ae8332-ed32-420e-985c-61011022847a/versionless"
<2022-06-08 20:10:28.691>: [Info] (AZCore): [GameConnection] Update state WaitingForRemoteConfigClass to new state QueryForRemoteConfigClass
<2022-06-08 20:10:28.707>: [Info] (AZCore): [StackConfig] LayerS3(): layer's "remoteCfg.publicGameplay.WorldIdv" S3 key (old: ""), reset to new value: "applications/publicGameplay/configuration-sets/WorldId/86ae8332-ed32-420e-985c-61011022847a/555;1694880"
<2022-06-08 20:10:28.707>: [Info] (AZCore): [GameConnection] Update state QueryForRemoteConfigClass to new state WaitingForRemoteConfigClass
<2022-06-08 20:10:28.708>: [Info] (AZCore): [StackConfig] Querying "remoteCfg.publicGameplay.WorldIdv" remote config. S3 key: "applications/publicGameplay/configuration-sets/WorldId/86ae8332-ed32-420e-985c-61011022847a/555;1694880"
<2022-06-08 20:10:28.819>: [Info] (AZCore): [GameConnection] Update state WaitingForRemoteConfigClass to new state QueryForRemoteConfigClass
<2022-06-08 20:10:28.835>: [Info] (AZCore): [GameConnection] Update state QueryForRemoteConfigClass to new state StartREPConnection
<2022-06-08 20:10:28.851>: [Info] (AZCore): [GameConnection] GameConnectionWrapper: start REP connection RepAddress = 35.71.153.244:36634, worldId = 86ae8332-ed32-420e-985c-61011022847a
<2022-06-08 20:10:28.853>: [Info] (AZCore): [GameConnection] Update state StartREPConnection to new state WaitingForREPConnection
<2022-06-08 20:10:29.030>: [Info] (AZCore): [GameConnection] GameConnectionWrapper: REP socket connection established, now waiting to register
<2022-06-08 20:10:29.088>: [Info] (AZCore): [GameConnection] GameConnectionWrapper: received registration response from REP
<2022-06-08 20:10:29.088>: [Info] (AZCore): [Game] LogEnvironmentString: Server version: [RELEASE].Javelin.1.18.555.1694880
<2022-06-08 20:10:29.091>: [Info] (AZCore): [GameConnection] GameConnectionWrapper: start actor game connection
<2022-06-08 20:10:29.091>: [Info] (AZCore): [GameMessagePort] Reset
<2022-06-08 20:10:29.092>: [Info] (AZCore): [GameConnection] Update state WaitingForREPConnection to new state WaitingForActorGameConnection
<2022-06-08 20:10:29.203>: [Info] (AZCore): [GameConnection] GameConnectionWrapper: actor game connection succeeds
<2022-06-08 20:10:29.203>: [Info] (AZCore): [GameConnection] Initialize current retry count : 0
<2022-06-08 20:10:29.203>: [Info] (AZCore): [GameConnection] Update state WaitingForActorGameConnection to new state WaitingForSpawnPoint
<2022-06-08 20:10:29.219>: [Info] (AZCore): [GameConnection] GameConnectionWrapper: spawn point found
<2022-06-08 20:10:29.219>: [Info] (AZCore): [GameConnection] Update state WaitingForSpawnPoint to new state WaitingForAOIClient
<2022-06-08 20:10:29.443>: [Info] (AZCore): [GameMessagePort] LevelInfoChanged
<2022-06-08 20:10:29.443>: [Info] (AZCore): [GameMessagePort] LevelInfoChanged m_clientContextInstanceId 0 changing to levelInfo.m_clientContextInstanceId 1
<2022-06-08 20:10:29.443>: [Info] (AZCore): [GameConnection] GameConnectionWrapper: AOI client available
<2022-06-08 20:10:29.443>: [Info] (AZCore): [GameConnection] Update state WaitingForAOIClient to new state WaitingForPlayerSpawn
<2022-06-08 20:10:29.475>: [Info] (AZCore): [GameMessagePort] Calling clientContext->Initialize
<2022-06-08 20:10:29.475>: [Info] (AZCore): [ClientContext] Initialize()
<2022-06-08 20:10:29.475>: [Info] (AZCore): [ClientContext] Cleanup()
<2022-06-08 20:10:31.797>: [Info] (AZCore): [streamingGDEManager] Initialize()
<2022-06-08 20:10:31.798>: [Info] (AZCore): [AsyncMapUnload] Loading of map "NewWorld_VitaeEterna" deferred in order to async unload previous level "frontendv2": starting async unload...
<2022-06-08 20:10:31.800>: [Info] (AZCore): [AsyncMapUnload] Lumberyard Connection State: "WaitingForPlayerSpawn"
<2022-06-08 20:10:31.800>: [Info] (AZCore): [AsyncMapUnload] waiting... numJobs 0, AssetBus::context.m_queue.size(): 328, waitingRefs (from bus): 0
<2022-06-08 20:10:31.800>: [Info] (AZCore): [GameMessagePort] HandleUnexpectedMessage skipping ReceiveStateBundle for bundle message due to clientContext == nullptr
<2022-06-08 20:10:31.806>: [Info] (AZCore): [AsyncMapUnload] DONE waiting... numJobs 0, AssetBus::context.m_queue.size(): 0, waitingRefs (from bus): 0
<2022-06-08 20:10:31.806>: [Info] (AZCore): [AsyncMapUnload] ...allowing map change
<2022-06-08 20:10:31.806>: [Info]: ============================ Loading level NewWorld_VitaeEterna ============================
<2022-06-08 20:10:36.418>: [Info]: CGame::InitCoatlicueTerrain
<2022-06-08 20:10:36.423>: [Info] (AZCore): [GameMessagePort] ProcessPendingReliableMsgQueue processing 70 messages from m_pendingUnexpectedMsgs
<2022-06-08 20:10:36.435>: [Info] (AZCore): [GameMessagePort] LevelInfoChanged
<2022-06-08 20:10:36.912>: [Info] (AZCore): [GDERenderManager] Init()
<2022-06-08 20:10:36.953>: [Info] (AZCore): [Game] LogEnvironmentString: Player Name: xuppra
<2022-06-08 20:10:36.953>: [Info] (AZCore): [Game] LogEnvironmentString: Player Actor: AE595B482D0B0A66E58F984433AC4281
<2022-06-08 20:10:36.980>: [Info]: SerializeOptions: Success
<2022-06-08 20:10:36.980>: [Info]: SerializeOptions: Moving to C:/Users/cedric/AppData/Roaming/AGS/New World/savedata/temp_usersettings.javsave
<2022-06-08 20:10:37.023>: [Info] (AZCore): [GameConnection] GameConnectionWrapper: player spawn succeeds, in game
<2022-06-08 20:10:37.023>: [Info] (AZCore): [GameConnection] Update state WaitingForPlayerSpawn to new state InGame
<2022-06-08 20:10:37.023>: [Info] (AZCore): [Game] JavelinGame::OnConnectionSucceed
<2022-06-08 20:10:39.646>: [Info] (AZCore): [GameMessagePort] LevelInfoChanged
<2022-06-08 20:10:48.524>: [Info]: SerializeOptions: Success
<2022-06-08 20:10:48.524>: [Info]: SerializeOptions: Moving to C:/Users/cedric/AppData/Roaming/AGS/New World/savedata/temp_usersettings.javsave
<2022-06-08 20:15:19.960>: [Info]: SerializeOptions: Success
<2022-06-08 20:15:19.960>: [Info]: SerializeOptions: Moving to C:/Users/cedric/AppData/Roaming/AGS/New World/savedata/temp_usersettings.javsave
<2022-06-08 20:15:20.111>: [Info]: SerializeOptions: Success
<2022-06-08 20:15:20.111>: [Info]: SerializeOptions: Moving to C:/Users/cedric/AppData/Roaming/AGS/New World/savedata/temp_usersettings.javsave
<2022-06-08 20:15:27.561>: [Info]: SerializeOptions: Success
<2022-06-08 20:15:27.561>: [Info]: SerializeOptions: Moving to C:/Users/cedric/AppData/Roaming/AGS/New World/savedata/temp_usersettings.javsave
<2022-06-08 20:15:35.068>: [Info]: SerializeOptions: Success
<2022-06-08 20:15:35.068>: [Info]: SerializeOptions: Moving to C:/Users/cedric/AppData/Roaming/AGS/New World/savedata/temp_usersettings.javsave
<2022-06-08 20:15:42.606>: [Info]: SerializeOptions: Success
<2022-06-08 20:15:42.606>: [Info]: SerializeOptions: Moving to C:/Users/cedric/AppData/Roaming/AGS/New World/savedata/temp_usersettings.javsave
<2022-06-08 20:26:39.992>: [Info] (AZCore): [GameMessagePort] MayHandleReplicationUnreliable() returning false clientContextInstanceId  1 m_clientContextInstanceId 1 seq 60838 m_lastUnreliableReplicationSeq 60839
<2022-06-08 20:30:46.781>: [Info] (AZCore): [GameMessagePort] MayHandleReplicationUnreliable() returning false clientContextInstanceId  1 m_clientContextInstanceId 1 seq 77662 m_lastUnreliableReplicationSeq 77663
<2022-06-08 20:31:10.073>: [Info] (AZCore): [GameMessagePort] MayHandleReplicationUnreliable() returning false clientContextInstanceId  1 m_clientContextInstanceId 1 seq 79386 m_lastUnreliableReplicationSeq 79387
<2022-06-08 20:31:23.108>: [Info]: SerializeOptions: Success
<2022-06-08 20:31:23.108>: [Info]: SerializeOptions: Moving to C:/Users/cedric/AppData/Roaming/AGS/New World/savedata/temp_usersettings.javsave
<2022-06-08 20:32:02.736>: [Info] (AZCore): [GameMessagePort] MayHandleReplicationUnreliable() returning false clientContextInstanceId  1 m_clientContextInstanceId 1 seq 83395 m_lastUnreliableReplicationSeq 83396
<2022-06-08 20:33:23.224>: [Info]: SerializeOptions: Success
<2022-06-08 20:33:23.224>: [Info]: SerializeOptions: Moving to C:/Users/cedric/AppData/Roaming/AGS/New World/savedata/temp_usersettings.javsave
<2022-06-08 20:34:53.473>: [Info]: SerializeOptions: Success
<2022-06-08 20:34:53.473>: [Info]: SerializeOptions: Moving to C:/Users/cedric/AppData/Roaming/AGS/New World/savedata/temp_usersettings.javsave
<2022-06-08 20:35:25.201>: [Info] (AZCore): [GameMessagePort] MayHandleReplicationUnreliable() returning false clientContextInstanceId  1 m_clientContextInstanceId 1 seq 98504 m_lastUnreliableReplicationSeq 98505
<2022-06-08 20:35:38.842>: [Info] (AZCore): [GameMessagePort] MayHandleReplicationUnreliable() returning false clientContextInstanceId  1 m_clientContextInstanceId 1 seq 99609 m_lastUnreliableReplicationSeq 99611
<2022-06-08 20:35:38.842>: [Info] (AZCore): [GameMessagePort] MayHandleReplicationUnreliable() returning false clientContextInstanceId  1 m_clientContextInstanceId 1 seq 99610 m_lastUnreliableReplicationSeq 99611
<2022-06-08 20:36:00.921>: [Info]: SerializeOptions: Success
<2022-06-08 20:36:00.921>: [Info]: SerializeOptions: Moving to C:/Users/cedric/AppData/Roaming/AGS/New World/savedata/temp_usersettings.javsave
<2022-06-08 20:36:30.090>: [Info] (AZCore): [GameMessagePort] MayHandleReplicationUnreliable() returning false clientContextInstanceId  1 m_clientContextInstanceId 1 seq 103431 m_lastUnreliableReplicationSeq 103432
<2022-06-08 20:36:35.182>: [Info] (AZCore): [GameMessagePort] MayHandleReplicationUnreliable() returning false clientContextInstanceId  1 m_clientContextInstanceId 1 seq 103853 m_lastUnreliableReplicationSeq 103854
<2022-06-08 20:36:37.156>: [Info] (AZCore): [GameMessagePort] MayHandleReplicationUnreliable() returning false clientContextInstanceId  1 m_clientContextInstanceId 1 seq 104006 m_lastUnreliableReplicationSeq 104007
<2022-06-08 20:37:52.344>: [Info]: SerializeOptions: Success
<2022-06-08 20:37:52.344>: [Info]: SerializeOptions: Moving to C:/Users/cedric/AppData/Roaming/AGS/New World/savedata/temp_usersettings.javsave
<2022-06-08 20:38:12.027>: [Info] (AZCore): [GameMessagePort] MayHandleReplicationUnreliable() returning false clientContextInstanceId  1 m_clientContextInstanceId 1 seq 111366 m_lastUnreliableReplicationSeq 111367
<2022-06-08 20:38:28.030>: [Info] (AZCore): [GameMessagePort] MayHandleReplicationUnreliable() returning false clientContextInstanceId  1 m_clientContextInstanceId 1 seq 112627 m_lastUnreliableReplicationSeq 112628
<2022-06-08 20:38:48.965>: [Info]: SerializeOptions: Success
<2022-06-08 20:38:48.965>: [Info]: SerializeOptions: Moving to C:/Users/cedric/AppData/Roaming/AGS/New World/savedata/temp_usersettings.javsave
<2022-06-08 20:40:56.377>: [Info]: SerializeOptions: Success
<2022-06-08 20:40:56.377>: [Info]: SerializeOptions: Moving to C:/Users/cedric/AppData/Roaming/AGS/New World/savedata/temp_usersettings.javsave
<2022-06-08 20:41:49.403>: [Info] (AZCore): [GameMessagePort] MayHandleReplicationUnreliable() returning false clientContextInstanceId  1 m_clientContextInstanceId 1 seq 128208 m_lastUnreliableReplicationSeq 128209
<2022-06-08 20:42:43.756>: [Info]: SerializeOptions: Success
<2022-06-08 20:42:43.756>: [Info]: SerializeOptions: Moving to C:/Users/cedric/AppData/Roaming/AGS/New World/savedata/temp_usersettings.javsave
<2022-06-08 20:43:55.859>: [Info]: SerializeOptions: Success
<2022-06-08 20:43:55.859>: [Info]: SerializeOptions: Moving to C:/Users/cedric/AppData/Roaming/AGS/New World/savedata/temp_usersettings.javsave
<2022-06-08 20:44:25.964>: [Info] (AZCore): [GameMessagePort] MayHandleReplicationUnreliable() returning false clientContextInstanceId  1 m_clientContextInstanceId 1 seq 139831 m_lastUnreliableReplicationSeq 139832
<2022-06-08 20:44:27.233>: [Info] (AZCore): [GameMessagePort] MayHandleReplicationUnreliable() returning false clientContextInstanceId  1 m_clientContextInstanceId 1 seq 139921 m_lastUnreliableReplicationSeq 139922
<2022-06-08 20:44:35.259>: [Info] (AZCore): [GameMessagePort] MayHandleReplicationUnreliable() returning false clientContextInstanceId  1 m_clientContextInstanceId 1 seq 140522 m_lastUnreliableReplicationSeq 140523
<2022-06-08 20:45:12.732>: [Info]: SerializeOptions: Success
<2022-06-08 20:45:12.732>: [Info]: SerializeOptions: Moving to C:/Users/cedric/AppData/Roaming/AGS/New World/savedata/temp_usersettings.javsave
<2022-06-08 20:47:14.634>: [Info]: SerializeOptions: Success
<2022-06-08 20:47:14.634>: [Info]: SerializeOptions: Moving to C:/Users/cedric/AppData/Roaming/AGS/New World/savedata/temp_usersettings.javsave
<2022-06-08 20:47:48.216>: [Info] (AZCore): [GameMessagePort] MayHandleReplicationUnreliable() returning false clientContextInstanceId  1 m_clientContextInstanceId 1 seq 155365 m_lastUnreliableReplicationSeq 155367
<2022-06-08 20:47:48.216>: [Info] (AZCore): [GameMessagePort] MayHandleReplicationUnreliable() returning false clientContextInstanceId  1 m_clientContextInstanceId 1 seq 155366 m_lastUnreliableReplicationSeq 155367
<2022-06-08 20:48:40.773>: [Info]: SerializeOptions: Success
<2022-06-08 20:48:40.773>: [Info]: SerializeOptions: Moving to C:/Users/cedric/AppData/Roaming/AGS/New World/savedata/temp_usersettings.javsave
<2022-06-08 20:49:57.481>: [Info] (AZCore): [GameMessagePort] MayHandleReplicationUnreliable() returning false clientContextInstanceId  1 m_clientContextInstanceId 1 seq 165183 m_lastUnreliableReplicationSeq 165185
<2022-06-08 20:49:57.481>: [Info] (AZCore): [GameMessagePort] MayHandleReplicationUnreliable() returning false clientContextInstanceId  1 m_clientContextInstanceId 1 seq 165184 m_lastUnreliableReplicationSeq 165185
<2022-06-08 20:50:02.870>: [Info] (AZCore): [GameMessagePort] MayHandleReplicationUnreliable() returning false clientContextInstanceId  1 m_clientContextInstanceId 1 seq 165597 m_lastUnreliableReplicationSeq 165598
<2022-06-08 20:50:03.634>: [Info] (AZCore): [GameMessagePort] MayHandleReplicationUnreliable() returning false clientContextInstanceId  1 m_clientContextInstanceId 1 seq 165655 m_lastUnreliableReplicationSeq 165656
<2022-06-08 20:50:05.891>: [Info] (AZCore): [GameMessagePort] MayHandleReplicationUnreliable() returning false clientContextInstanceId  1 m_clientContextInstanceId 1 seq 165830 m_lastUnreliableReplicationSeq 165831
<2022-06-08 20:50:06.178>: [Info] (AZCore): [GameMessagePort] MayHandleReplicationUnreliable() returning false clientContextInstanceId  1 m_clientContextInstanceId 1 seq 165852 m_lastUnreliableReplicationSeq 165853
<2022-06-08 20:50:52.260>: [Info]: SerializeOptions: Success
<2022-06-08 20:50:52.260>: [Info]: SerializeOptions: Moving to C:/Users/cedric/AppData/Roaming/AGS/New World/savedata/temp_usersettings.javsave
<2022-06-08 20:51:17.670>: [Info] (AZCore): [GameMessagePort] MayHandleReplicationUnreliable() returning false clientContextInstanceId  1 m_clientContextInstanceId 1 seq 171171 m_lastUnreliableReplicationSeq 171172
<2022-06-08 20:51:22.470>: [Info] (AZCore): [GameMessagePort] MayHandleReplicationUnreliable() returning false clientContextInstanceId  1 m_clientContextInstanceId 1 seq 171525 m_lastUnreliableReplicationSeq 171526
<2022-06-08 20:52:21.524>: [Info] (AZCore): [GameMessagePort] MayHandleReplicationUnreliable() returning false clientContextInstanceId  1 m_clientContextInstanceId 1 seq 175823 m_lastUnreliableReplicationSeq 175824
<2022-06-08 20:52:30.822>: [Info] (AZCore): [GameMessagePort] MayHandleReplicationUnreliable() returning false clientContextInstanceId  1 m_clientContextInstanceId 1 seq 176536 m_lastUnreliableReplicationSeq 176537
<2022-06-08 20:53:28.421>: [Info]: SerializeOptions: Success
<2022-06-08 20:53:28.421>: [Info]: SerializeOptions: Moving to C:/Users/cedric/AppData/Roaming/AGS/New World/savedata/temp_usersettings.javsave
<2022-06-08 20:54:20.267>: [Info]: SerializeOptions: Success
<2022-06-08 20:54:20.267>: [Info]: SerializeOptions: Moving to C:/Users/cedric/AppData/Roaming/AGS/New World/savedata/temp_usersettings.javsave
<2022-06-08 20:54:22.629>: [Info] (AZCore): [GameMessagePort] MayHandleReplicationUnreliable() returning false clientContextInstanceId  1 m_clientContextInstanceId 1 seq 184859 m_lastUnreliableReplicationSeq 184860
<2022-06-08 20:54:57.243>: [Info] (AZCore): [GameMessagePort] MayHandleReplicationUnreliable() returning false clientContextInstanceId  1 m_clientContextInstanceId 1 seq 187403 m_lastUnreliableReplicationSeq 187404
<2022-06-08 20:56:12.525>: [Info]: SerializeOptions: Success
<2022-06-08 20:56:12.526>: [Info]: SerializeOptions: Moving to C:/Users/cedric/AppData/Roaming/AGS/New World/savedata/temp_usersettings.javsave
<2022-06-08 20:56:16.710>: [Info] (AZCore): [GameMessagePort] MayHandleReplicationUnreliable() returning false clientContextInstanceId  1 m_clientContextInstanceId 1 seq 193245 m_lastUnreliableReplicationSeq 193246
<2022-06-08 20:56:38.286>: [Info] (AZCore): [GameMessagePort] MayHandleReplicationUnreliable() returning false clientContextInstanceId  1 m_clientContextInstanceId 1 seq 194830 m_lastUnreliableReplicationSeq 194831
<2022-06-08 20:57:01.961>: [Info] (AZCore): [GameMessagePort] MayHandleReplicationUnreliable() returning false clientContextInstanceId  1 m_clientContextInstanceId 1 seq 196643 m_lastUnreliableReplicationSeq 196644
<2022-06-08 20:57:07.190>: [Info] (AZCore): [GameMessagePort] MayHandleReplicationUnreliable() returning false clientContextInstanceId  1 m_clientContextInstanceId 1 seq 197033 m_lastUnreliableReplicationSeq 197034
<2022-06-08 20:58:14.190>: [Info]: SerializeOptions: Success
<2022-06-08 20:58:14.190>: [Info]: SerializeOptions: Moving to C:/Users/cedric/AppData/Roaming/AGS/New World/savedata/temp_usersettings.javsave
<2022-06-08 21:02:02.354>: [Info]: SerializeOptions: Success
<2022-06-08 21:02:02.354>: [Info]: SerializeOptions: Moving to C:/Users/cedric/AppData/Roaming/AGS/New World/savedata/temp_usersettings.javsave
<2022-06-08 21:03:40.969>: [Info] (AZCore): [GameMessagePort] MayHandleReplicationUnreliable() returning false clientContextInstanceId  1 m_clientContextInstanceId 1 seq 223163 m_lastUnreliableReplicationSeq 223169
<2022-06-08 21:03:40.969>: [Info] (AZCore): [GameMessagePort] MayHandleReplicationUnreliable() returning false clientContextInstanceId  1 m_clientContextInstanceId 1 seq 223164 m_lastUnreliableReplicationSeq 223169
<2022-06-08 21:03:40.969>: [Info] (AZCore): [GameMessagePort] MayHandleReplicationUnreliable() returning false clientContextInstanceId  1 m_clientContextInstanceId 1 seq 223165 m_lastUnreliableReplicationSeq 223169
<2022-06-08 21:03:40.969>: [Info] (AZCore): [GameMessagePort] MayHandleReplicationUnreliable() returning false clientContextInstanceId  1 m_clientContextInstanceId 1 seq 223166 m_lastUnreliableReplicationSeq 223169
<2022-06-08 21:03:40.969>: [Info] (AZCore): [GameMessagePort] MayHandleReplicationUnreliable() returning false clientContextInstanceId  1 m_clientContextInstanceId 1 seq 223167 m_lastUnreliableReplicationSeq 223169
<2022-06-08 21:03:40.969>: [Info] (AZCore): [GameMessagePort] MayHandleReplicationUnreliable() returning false clientContextInstanceId  1 m_clientContextInstanceId 1 seq 223168 m_lastUnreliableReplicationSeq 223169
<2022-06-08 21:05:11.008>: [Info] (AZCore): [SteamAuth] Attempting to refresh AWS credentials
<2022-06-08 21:05:11.008>: [Info] (AZCore): [SteamAuth] Calling Http API: https://d1w0bfy6smo4d1.cloudfront.net/prod/credentials
<2022-06-08 21:05:11.357>: [Info] (AZCore): [AuthStackCredentialsProvider] Successfully refreshed gateway AWS credentials, next attempt will start after 2022-06-08T22:00:10Z
<2022-06-08 21:05:11.357>: [Info] (AZCore): [AuthStackCredentialsProvider] Successfully refreshed persona AWS credentials, next attempt will start after 2022-06-08T22:00:10Z
<2022-06-08 21:05:11.376>: [Info] (AZCore): [SteamAuth] Successfully updated AWS credentials.
<2022-06-08 21:28:39.117>: [Info]: SerializeOptions: Success
<2022-06-08 21:28:39.117>: [Info]: SerializeOptions: Moving to C:/Users/cedric/AppData/Roaming/AGS/New World/savedata/temp_usersettings.javsave
<2022-06-08 21:28:39.756>: [Info] (AZCore): [GameMessagePort] LevelInfoChanged
<2022-06-08 21:28:39.756>: [Info] (AZCore): [GameMessagePort] Reset
<2022-06-08 21:28:39.756>: [Info] (AZCore): [GameConnection] Update state InGame to new state WaitingForAOIClient
<2022-06-08 21:28:39.756>: [Info] (AZCore): [GameMessagePort] LevelInfoChanged m_clientContextInstanceId 1 changing to levelInfo.m_clientContextInstanceId 2
<2022-06-08 21:28:39.772>: [Info] (AZCore): [GameConnection] GameConnectionWrapper: AOI client available
<2022-06-08 21:28:39.772>: [Info] (AZCore): [GameConnection] Update state WaitingForAOIClient to new state WaitingForPlayerSpawn
<2022-06-08 21:28:39.916>: [Info] (AZCore): [GameMessagePort] Calling clientContext->Initialize
<2022-06-08 21:28:39.916>: [Info] (AZCore): [ClientContext] Initialize()
<2022-06-08 21:28:39.916>: [Info] (AZCore): [ClientContext] Cleanup()
<2022-06-08 21:28:39.916>: [Info] (AZCore): [GDERenderManager] Releasing resources!
<2022-06-08 21:28:39.933>: [Info] (AZCore): [streamingGDEManager] Shutting down and releasing regions
<2022-06-08 21:28:40.009>: [Info] (AZCore): [streamingGDEManager] Shutting down and releasing regions
<2022-06-08 21:28:40.479>: [Info] (AZCore): [streamingGDEManager] Initialize()
<2022-06-08 21:28:40.481>: [Info] (AZCore): [AsyncMapUnload] Loading of map "NW_Arena01" deferred in order to async unload previous level "NewWorld_VitaeEterna": starting async unload...
<2022-06-08 21:28:40.486>: [Info] (AZCore): [AsyncMapUnload] Lumberyard Connection State: "WaitingForPlayerSpawn"
<2022-06-08 21:28:40.486>: [Info] (AZCore): [AsyncMapUnload] waiting... numJobs 0, AssetBus::context.m_queue.size(): 2197, waitingRefs (from bus): 0
<2022-06-08 21:28:40.486>: [Info] (AZCore): [GameMessagePort] HandleUnexpectedMessage skipping ReceiveStateBundle for bundle message due to clientContext == nullptr
<2022-06-08 21:28:40.546>: [Info] (AZCore): [AsyncMapUnload] DONE waiting... numJobs 0, AssetBus::context.m_queue.size(): 0, waitingRefs (from bus): 0
<2022-06-08 21:28:40.546>: [Info] (AZCore): [AsyncMapUnload] ...allowing map change
<2022-06-08 21:28:40.546>: [Info]: ============================ Loading level NW_Arena01 ============================
<2022-06-08 21:28:40.844>: [Info]: SerializeOptions: Success
<2022-06-08 21:28:40.844>: [Info]: SerializeOptions: Moving to C:/Users/cedric/AppData/Roaming/AGS/New World/savedata/temp_usersettings.javsave
<2022-06-08 21:28:43.337>: [Info]: CGame::InitCoatlicueTerrain
<2022-06-08 21:28:43.341>: [Info] (AZCore): [GameMessagePort] ProcessPendingReliableMsgQueue processing 1 messages from m_pendingUnexpectedMsgs
<2022-06-08 21:28:43.613>: [Info] (AZCore): [GDERenderManager] Init()
<2022-06-08 21:28:46.508>: [Info] (AZCore): [GameConnection] GameConnectionWrapper: player spawn succeeds, in game
<2022-06-08 21:28:46.508>: [Info] (AZCore): [GameConnection] Update state WaitingForPlayerSpawn to new state InGame
<2022-06-08 21:28:46.508>: [Info] (AZCore): [Game] JavelinGame::OnConnectionSucceed
<2022-06-08 21:33:52.343>: [Info] (AZCore): [GameMessagePort] MayHandleReplicationUnreliable() returning false clientContextInstanceId  2 m_clientContextInstanceId 2 seq 18426 m_lastUnreliableReplicationSeq 18427
<2022-06-08 21:34:25.784>: [Info]: SerializeOptions: Success
<2022-06-08 21:34:25.784>: [Info]: SerializeOptions: Moving to C:/Users/cedric/AppData/Roaming/AGS/New World/savedata/temp_usersettings.javsave
<2022-06-08 21:34:26.433>: [Info] (AZCore): [GameMessagePort] LevelInfoChanged
<2022-06-08 21:34:26.434>: [Info] (AZCore): [GameMessagePort] Reset
<2022-06-08 21:34:26.434>: [Info] (AZCore): [GameConnection] Update state InGame to new state WaitingForAOIClient
<2022-06-08 21:34:26.434>: [Info] (AZCore): [GameMessagePort] LevelInfoChanged m_clientContextInstanceId 2 changing to levelInfo.m_clientContextInstanceId 3
<2022-06-08 21:34:26.449>: [Info] (AZCore): [GameConnection] GameConnectionWrapper: AOI client available
<2022-06-08 21:34:26.449>: [Info] (AZCore): [GameConnection] Update state WaitingForAOIClient to new state WaitingForPlayerSpawn
<2022-06-08 21:34:26.611>: [Info] (AZCore): [GameMessagePort] Calling clientContext->Initialize
<2022-06-08 21:34:26.611>: [Info] (AZCore): [ClientContext] Initialize()
<2022-06-08 21:34:26.611>: [Info] (AZCore): [ClientContext] Cleanup()
<2022-06-08 21:34:26.611>: [Info] (AZCore): [GDERenderManager] Releasing resources!
<2022-06-08 21:34:26.613>: [Info] (AZCore): [streamingGDEManager] Shutting down and releasing regions
<2022-06-08 21:34:26.614>: [Info] (AZCore): [streamingGDEManager] Shutting down and releasing regions
<2022-06-08 21:34:28.654>: [Info] (AZCore): [streamingGDEManager] Initialize()
<2022-06-08 21:34:28.655>: [Info] (AZCore): [AsyncMapUnload] Loading of map "NewWorld_VitaeEterna" deferred in order to async unload previous level "NW_Arena01": starting async unload...
<2022-06-08 21:34:28.655>: [Info] (AZCore): [AsyncMapUnload] Lumberyard Connection State: "WaitingForPlayerSpawn"
<2022-06-08 21:34:28.655>: [Info] (AZCore): [AsyncMapUnload] waiting... numJobs 0, AssetBus::context.m_queue.size(): 301, waitingRefs (from bus): 0
<2022-06-08 21:34:28.655>: [Info] (AZCore): [GameMessagePort] HandleUnexpectedMessage skipping ReceiveStateBundle for bundle message due to clientContext == nullptr
<2022-06-08 21:34:29.591>: [Info] (AZCore): [AsyncMapUnload] DONE waiting... numJobs 0, AssetBus::context.m_queue.size(): 0, waitingRefs (from bus): 0
<2022-06-08 21:34:29.591>: [Info] (AZCore): [AsyncMapUnload] ...allowing map change
<2022-06-08 21:34:29.591>: [Info]: ============================ Loading level NewWorld_VitaeEterna ============================
<2022-06-08 21:34:29.866>: [Info]: SerializeOptions: Success
<2022-06-08 21:34:29.866>: [Info]: SerializeOptions: Moving to C:/Users/cedric/AppData/Roaming/AGS/New World/savedata/temp_usersettings.javsave
<2022-06-08 21:34:32.379>: [Info]: CGame::InitCoatlicueTerrain
<2022-06-08 21:34:32.382>: [Info] (AZCore): [GameMessagePort] ProcessPendingReliableMsgQueue processing 48 messages from m_pendingUnexpectedMsgs
<2022-06-08 21:34:32.664>: [Info] (AZCore): [GDERenderManager] Init()
<2022-06-08 21:34:36.679>: [Info] (AZCore): [GameConnection] GameConnectionWrapper: player spawn succeeds, in game
<2022-06-08 21:34:36.679>: [Info] (AZCore): [GameConnection] Update state WaitingForPlayerSpawn to new state InGame
<2022-06-08 21:34:36.679>: [Info] (AZCore): [Game] JavelinGame::OnConnectionSucceed
<2022-06-08 21:45:53.408>: [Info] (AZCore): [SteamAuth] EndSessionJob: Calling Persona to end session
<2022-06-08 21:45:53.951>: [Info] (AZCore): [SteamAuth] Persona EndSession called successfully
<2022-06-08 21:45:53.951>: [Info] (AZCore): [Game] CGame::ActorContainerDisconnect
<2022-06-08 21:45:53.951>: [Info] (AZCore): [GameConnection] GameConnectionWrapper::Disconnect
<2022-06-08 21:45:53.951>: [Info] (AZCore): [Game] CGame::OnDisconnection: Disconnected from REP
<2022-06-08 21:45:53.965>: [Info] (AZCore): [GameConnection] GameConnectionWrapper: disconnected from REP
<2022-06-08 21:45:53.978>: [Info]: [ERROR] ClientSDK: @mm_csdkerr_disconnect
<2022-06-08 21:45:55.087>: [Info] (AZCore): [GameConnection] Update state InGame to new state Disconnected
<2022-06-08 21:45:55.087>: [Info]: CSystem::Quit invoked from thread 12236 (main is 12236)
<2022-06-08 21:45:55.087>: [Info] (AZCore): [Game] CGame::ActorContainerDisconnect
