<2022-06-06 17:59:35.783>: [Info]: BackupNameAttachment=" Build(1687873) 06 Jun 22 (19 59 35)"  -- used by backup system

<2022-06-06 17:59:35.783>: [Info]: Log Started at local time Mon Jun  6 19:59:35 2022
<2022-06-06 17:59:35.784>: [Info]: Built on Sat May 28 01:10:18 2022

<2022-06-06 17:59:35.784>: [Info]: Running 64 bit Windows version
<2022-06-06 17:59:35.784>: [Info]: Executable: NewWorld.exe [AZ_RETAIL_CONFIG]
<2022-06-06 17:59:35.784>: [Info]: FileVersion: 1.18.547.1687873
<2022-06-06 17:59:35.784>: [Info]: ProductVersion: 1.18.547.1687873
<2022-06-06 17:59:35.784>: [Info]: Using Microsoft (tm) C++ Standard Library implementation

<2022-06-06 17:59:35.785>: [Info] (AZCore): [System] Loading system configuration from system_windows_pc.cfg...
<2022-06-06 17:59:35.785>: [Info] (AZCore): [System] GameDir: Assets

<2022-06-06 17:59:36.750>: [Info]: 
<2022-06-06 17:59:36.792>: [Info]: Total number of logical processors: 16
<2022-06-06 17:59:36.792>: [Info]: Number of available logical processors: 16
<2022-06-06 17:59:36.792>: [Info]: Total number of system cores: 8
<2022-06-06 17:59:36.792>: [Info]: Number of cores available to process: 8
<2022-06-06 17:59:36.792>: [Info]:  
<2022-06-06 17:59:36.792>: [Info]: Processor 0:
<2022-06-06 17:59:36.792>: [Info]:   CPU: Intel        Intel(R) Xeon(R) CPU E5-2689 0 @ 2.60GHz
<2022-06-06 17:59:36.792>: [Info]:   Family: 6, Model: 13, Stepping: 7
<2022-06-06 17:59:36.792>: [Info]:   FPU: On-Chip
<2022-06-06 17:59:36.792>: [Info]:   3DNow!: not present
<2022-06-06 17:59:36.792>: [Info]:   MMX: not present
<2022-06-06 17:59:36.792>: [Info]:   SSE: present
<2022-06-06 17:59:36.792>: [Info]:   SSE2: present
<2022-06-06 17:59:36.792>: [Info]:   SSE3: present
<2022-06-06 17:59:36.792>: [Info]:   Serial number not present or disabled
<2022-06-06 17:59:36.792>: [Info]:  
<2022-06-06 17:59:36.792>: [Info]: Processor 1:
<2022-06-06 17:59:36.792>: [Info]:   CPU: Intel        Intel(R) Xeon(R) CPU E5-2689 0 @ 2.60GHz
<2022-06-06 17:59:36.792>: [Info]:   Family: 6, Model: 13, Stepping: 7
<2022-06-06 17:59:36.792>: [Info]:   FPU: On-Chip
<2022-06-06 17:59:36.792>: [Info]:   3DNow!: not present
<2022-06-06 17:59:36.792>: [Info]:   MMX: not present
<2022-06-06 17:59:36.792>: [Info]:   SSE: present
<2022-06-06 17:59:36.792>: [Info]:   SSE2: present
<2022-06-06 17:59:36.792>: [Info]:   SSE3: present
<2022-06-06 17:59:36.792>: [Info]:   Serial number not present or disabled
<2022-06-06 17:59:36.792>: [Info]:  
<2022-06-06 17:59:36.792>: [Info]: Processor 2:
<2022-06-06 17:59:36.792>: [Info]:   CPU: Intel        Intel(R) Xeon(R) CPU E5-2689 0 @ 2.60GHz
<2022-06-06 17:59:36.792>: [Info]:   Family: 6, Model: 13, Stepping: 7
<2022-06-06 17:59:36.792>: [Info]:   FPU: On-Chip
<2022-06-06 17:59:36.792>: [Info]:   3DNow!: not present
<2022-06-06 17:59:36.792>: [Info]:   MMX: not present
<2022-06-06 17:59:36.792>: [Info]:   SSE: present
<2022-06-06 17:59:36.792>: [Info]:   SSE2: present
<2022-06-06 17:59:36.792>: [Info]:   SSE3: present
<2022-06-06 17:59:36.792>: [Info]:   Serial number not present or disabled
<2022-06-06 17:59:36.792>: [Info]:  
<2022-06-06 17:59:36.792>: [Info]: Processor 3:
<2022-06-06 17:59:36.792>: [Info]:   CPU: Intel        Intel(R) Xeon(R) CPU E5-2689 0 @ 2.60GHz
<2022-06-06 17:59:36.792>: [Info]:   Family: 6, Model: 13, Stepping: 7
<2022-06-06 17:59:36.792>: [Info]:   FPU: On-Chip
<2022-06-06 17:59:36.792>: [Info]:   3DNow!: not present
<2022-06-06 17:59:36.792>: [Info]:   MMX: not present
<2022-06-06 17:59:36.792>: [Info]:   SSE: present
<2022-06-06 17:59:36.792>: [Info]:   SSE2: present
<2022-06-06 17:59:36.792>: [Info]:   SSE3: present
<2022-06-06 17:59:36.792>: [Info]:   Serial number not present or disabled
<2022-06-06 17:59:36.792>: [Info]:  
<2022-06-06 17:59:36.792>: [Info]: Processor 4:
<2022-06-06 17:59:36.792>: [Info]:   CPU: Intel        Intel(R) Xeon(R) CPU E5-2689 0 @ 2.60GHz
<2022-06-06 17:59:36.792>: [Info]:   Family: 6, Model: 13, Stepping: 7
<2022-06-06 17:59:36.792>: [Info]:   FPU: On-Chip
<2022-06-06 17:59:36.792>: [Info]:   3DNow!: not present
<2022-06-06 17:59:36.792>: [Info]:   MMX: not present
<2022-06-06 17:59:36.792>: [Info]:   SSE: present
<2022-06-06 17:59:36.792>: [Info]:   SSE2: present
<2022-06-06 17:59:36.792>: [Info]:   SSE3: present
<2022-06-06 17:59:36.792>: [Info]:   Serial number not present or disabled
<2022-06-06 17:59:36.792>: [Info]:  
<2022-06-06 17:59:36.792>: [Info]: Processor 5:
<2022-06-06 17:59:36.792>: [Info]:   CPU: Intel        Intel(R) Xeon(R) CPU E5-2689 0 @ 2.60GHz
<2022-06-06 17:59:36.792>: [Info]:   Family: 6, Model: 13, Stepping: 7
<2022-06-06 17:59:36.792>: [Info]:   FPU: On-Chip
<2022-06-06 17:59:36.792>: [Info]:   3DNow!: not present
<2022-06-06 17:59:36.792>: [Info]:   MMX: not present
<2022-06-06 17:59:36.792>: [Info]:   SSE: present
<2022-06-06 17:59:36.792>: [Info]:   SSE2: present
<2022-06-06 17:59:36.792>: [Info]:   SSE3: present
<2022-06-06 17:59:36.792>: [Info]:   Serial number not present or disabled
<2022-06-06 17:59:36.792>: [Info]:  
<2022-06-06 17:59:36.792>: [Info]: Processor 6:
<2022-06-06 17:59:36.792>: [Info]:   CPU: Intel        Intel(R) Xeon(R) CPU E5-2689 0 @ 2.60GHz
<2022-06-06 17:59:36.792>: [Info]:   Family: 6, Model: 13, Stepping: 7
<2022-06-06 17:59:36.792>: [Info]:   FPU: On-Chip
<2022-06-06 17:59:36.792>: [Info]:   3DNow!: not present
<2022-06-06 17:59:36.792>: [Info]:   MMX: not present
<2022-06-06 17:59:36.792>: [Info]:   SSE: present
<2022-06-06 17:59:36.792>: [Info]:   SSE2: present
<2022-06-06 17:59:36.792>: [Info]:   SSE3: present
<2022-06-06 17:59:36.792>: [Info]:   Serial number not present or disabled
<2022-06-06 17:59:36.792>: [Info]:  
<2022-06-06 17:59:36.792>: [Info]: Processor 7:
<2022-06-06 17:59:36.792>: [Info]:   CPU: Intel        Intel(R) Xeon(R) CPU E5-2689 0 @ 2.60GHz
<2022-06-06 17:59:36.792>: [Info]:   Family: 6, Model: 13, Stepping: 7
<2022-06-06 17:59:36.792>: [Info]:   FPU: On-Chip
<2022-06-06 17:59:36.792>: [Info]:   3DNow!: not present
<2022-06-06 17:59:36.792>: [Info]:   MMX: not present
<2022-06-06 17:59:36.792>: [Info]:   SSE: present
<2022-06-06 17:59:36.792>: [Info]:   SSE2: present
<2022-06-06 17:59:36.792>: [Info]:   SSE3: present
<2022-06-06 17:59:36.792>: [Info]:   Serial number not present or disabled
<2022-06-06 17:59:36.792>: [Info]:  
<2022-06-06 17:59:36.793>: [Info]: Windows 10 64 bit (build 10.0.19043)
<2022-06-06 17:59:36.793>: [Info]: System language: French
<2022-06-06 17:59:36.793>: [Info]: Windows Directory: "C:\WINDOWS"
<2022-06-06 17:59:36.793>: [Info]: Local time is 19:59:36 06/06/22, system running for 10242 minutes
<2022-06-06 17:59:36.793>: [Info]: 16316MB physical memory installed, 6455MB available, 134217727MB virtual memory installed, 60 percent of memory in use
<2022-06-06 17:59:36.795>: [Info]: PageFile usage: 200MB, Working Set: 250MB, Peak PageFile usage: 363MB,
<2022-06-06 17:59:36.795>: [Info]: Current display mode is 78043832, (Unknown graphics card)
<2022-06-06 17:59:36.795>: [Info]: IBM enhanced (101/102-key) keyboard and 5+ button mouse installed
<2022-06-06 17:59:36.795>: [Info]: --------------------------------------------------------------------------------
<2022-06-06 17:59:36.800>: [Info] (AZCore): [System] Stream Engine Initialization
<2022-06-06 17:59:36.802>: [Info]: GameName: New World
<2022-06-06 17:59:36.802>: [Info]: BuildTime: Sat May 28 01:10:18 2022

<2022-06-06 17:59:36.802>: [Info] (AZCore): [System] Physics initialization
<2022-06-06 17:59:36.804>: [Info] (AZCore): [System] Renderer initialization
<2022-06-06 17:59:36.809>: [Info]: Logging video adapters:
<2022-06-06 17:59:38.271>: [Info]: - Radeon RX 580 Series (vendor = 0x1002, device = 0x67df)
<2022-06-06 17:59:38.271>: [Info]:   - Adapter index: 0
<2022-06-06 17:59:38.271>: [Info]:   - Dedicated video memory: 8170 MB
<2022-06-06 17:59:38.271>: [Info]:   - Feature level: DX11 (SM 5.0)
<2022-06-06 17:59:38.271>: [Info]:   - Displays connected: yes
<2022-06-06 17:59:38.271>: [Info]:   - Suitable rendering device: yes
<2022-06-06 17:59:38.661>: [Info]: - Microsoft Basic Render Driver (vendor = 0x1414, device = 0x008c)
<2022-06-06 17:59:38.661>: [Info]:   - Adapter index: 1
<2022-06-06 17:59:38.661>: [Info]:   - Dedicated video memory: 0 MB
<2022-06-06 17:59:38.661>: [Info]:   - Feature level: DX11 (SM 5.0)
<2022-06-06 17:59:38.661>: [Info]:   - Displays connected: no
<2022-06-06 17:59:38.661>: [Info]:   - Suitable rendering device: no
<2022-06-06 17:59:41.078>: [Info]: Active GPUs: 1
<2022-06-06 17:59:42.670>: [Info] (AZCore): [Audio] AudioSystem initialized in High Ram mode. Available RAM [16315]MB, LowRam cutoff is [9216]MB
<2022-06-06 17:59:44.823>: [Info] (AZCore): [System] Font initialization
<2022-06-06 17:59:44.823>: [Info]: Using FreeType 2.5.0
<2022-06-06 18:00:07.702>: [Info] (AZCore): [System] Time initialization
<2022-06-06 18:00:07.702>: [Info] (AZCore): [System] Input initialization
<2022-06-06 18:00:07.702>: [Info] (AZCore): [System] UI system initialization
<2022-06-06 18:00:07.703>: [Info] (AZCore): [System] Initializing Animation System
<2022-06-06 18:00:07.703>: [Info] (AZCore): [System] Initializing 3D Engine
<2022-06-06 18:00:07.705>: [Info]: Sky light: Optical lookup tables loaded off disc.
<2022-06-06 18:00:07.705>: [Info] (AZCore): [System] Script System Initialization
<2022-06-06 18:00:07.705>: [Info] (AZCore): [System] Entity system initialization
<2022-06-06 18:00:07.709>: [Info] (AZCore): [System] Initializing additional systems
<2022-06-06 18:00:07.709>: [Info] (AZCore): [System] Dynamic Response System initialization
<2022-06-06 18:00:07.709>: [Info] (AZCore): [System] No Dynamic Response System was loaded from a module, the system will use the NULL DynamicResponseSystem.
<2022-06-06 18:00:07.709>: [Info]: Running machine spec auto detect (64 bit)...
<2022-06-06 18:00:07.709>: [Info]: - Windows 10 64 bit (build 10.0.19043)
<2022-06-06 18:00:07.709>: [Info]: - System memory
<2022-06-06 18:00:07.709>: [Info]: --- 16315 MB
<2022-06-06 18:00:07.709>: [Info]: - Intel(R) Xeon(R) CPU E5-2689 0 @ 2.60GHz
<2022-06-06 18:00:07.709>: [Info]: --- Number of available cores: 8 (out of 8)
<2022-06-06 18:00:07.710>: [Info]: --- Number of logical processors: 16
<2022-06-06 18:00:08.151>: [Info]: - Radeon RX 580 Series (vendor = 0x1002, device = 0x67df)
<2022-06-06 18:00:08.151>: [Info]: --- Dedicated video memory: 8170 MB
<2022-06-06 18:00:08.151>: [Info]: --- Feature level: DX11 (SM 5.0)
<2022-06-06 18:00:08.152>: [Info]: - Final rating: Machine class 2
<2022-06-06 18:00:09.714>: [Info] (AZCore): [System] == Version Info ===============================================================

<2022-06-06 18:00:09.714>: [Info] (AZCore): [System] [RETAIL].Javelin.1.18.547.1687873

<2022-06-06 18:00:09.714>: [Info] (AZCore): [System] ===============================================================================

<2022-06-06 18:00:09.726>: [Info]: Client config override file not found: @assets@/ClientOverride.json
<2022-06-06 18:00:12.235>: [Info] (AZCore): [Game] Steam Initialized!
<2022-06-06 18:00:12.236>: [Info] (AZCore): [Game] Using remote config: true
<2022-06-06 18:00:12.236>: [Info] (AZCore): [Game] Steam Utils obtained? true
<2022-06-06 18:00:12.236>: [Info] (AZCore): [Game] Using Steam App ID: 1063730
<2022-06-06 18:00:12.236>: [Info] (AZCore): [StackConfig] Configuring remote config with bucket ags-javelin-remote-config
<2022-06-06 18:00:12.236>: [Info]: Channel service uri: https://d2c74t4zimux3r.cloudfront.net/STEAM_APP_ID.1063730.json
<2022-06-06 18:00:12.899>: [Info]: Channel name: Retail
<2022-06-06 18:00:12.899>: [Info]: Found cluster data for cluster id: fra-prod
<2022-06-06 18:00:12.899>: [Info]: Display Name: EU Central
<2022-06-06 18:00:12.899>: [Info]: Auth Stack: https://2mfrik7h83.execute-api.us-east-1.amazonaws.com/Prod
<2022-06-06 18:00:12.899>: [Info]: Auth Stack Region: us-east-1
<2022-06-06 18:00:12.899>: [Info]: Gateway Host: u433g9r00c.execute-api.eu-central-1.amazonaws.com
<2022-06-06 18:00:12.899>: [Info]: Gateway Stack: d1w0bfy6smo4d1.cloudfront.net
<2022-06-06 18:00:12.899>: [Info]: Gateway Stack Region: eu-central-1
<2022-06-06 18:00:12.899>: [Info]: Http Gateway Stack: https://d1w0bfy6smo4d1.cloudfront.net/prod
<2022-06-06 18:00:12.899>: [Info]: Http Gateway Stack Region: eu-central-1
<2022-06-06 18:00:12.899>: [Info]: Found cluster data for cluster id: gru-prod
<2022-06-06 18:00:12.899>: [Info]: Display Name: SA East
<2022-06-06 18:00:12.899>: [Info]: Auth Stack: https://kqqt5twsi7.execute-api.us-east-1.amazonaws.com/Prod
<2022-06-06 18:00:12.899>: [Info]: Auth Stack Region: us-east-1
<2022-06-06 18:00:12.899>: [Info]: Gateway Host: j4n6whncmi.execute-api.sa-east-1.amazonaws.com
<2022-06-06 18:00:12.899>: [Info]: Gateway Stack: d1cjlmzk0xrm0z.cloudfront.net
<2022-06-06 18:00:12.899>: [Info]: Gateway Stack Region: sa-east-1
<2022-06-06 18:00:12.899>: [Info]: Http Gateway Stack: https://d1cjlmzk0xrm0z.cloudfront.net/prod
<2022-06-06 18:00:12.899>: [Info]: Http Gateway Stack Region: sa-east-1
<2022-06-06 18:00:12.899>: [Info]: Found cluster data for cluster id: iad-prod
<2022-06-06 18:00:12.899>: [Info]: Display Name: US East
<2022-06-06 18:00:12.899>: [Info]: Auth Stack: https://eudbjx6mig.execute-api.us-east-1.amazonaws.com/Prod
<2022-06-06 18:00:12.899>: [Info]: Auth Stack Region: us-east-1
<2022-06-06 18:00:12.899>: [Info]: Gateway Host: 0prplal5u1.execute-api.us-east-1.amazonaws.com
<2022-06-06 18:00:12.899>: [Info]: Gateway Stack: d2oeuvxi3kfsrw.cloudfront.net
<2022-06-06 18:00:12.899>: [Info]: Gateway Stack Region: us-east-1
<2022-06-06 18:00:12.899>: [Info]: Http Gateway Stack: https://d2oeuvxi3kfsrw.cloudfront.net/prod
<2022-06-06 18:00:12.899>: [Info]: Http Gateway Stack Region: us-east-1
<2022-06-06 18:00:12.899>: [Info]: Found cluster data for cluster id: pdx-prod
<2022-06-06 18:00:12.899>: [Info]: Display Name: US West
<2022-06-06 18:00:12.899>: [Info]: Auth Stack: https://q8hqllbg6k.execute-api.us-east-1.amazonaws.com/Prod
<2022-06-06 18:00:12.899>: [Info]: Auth Stack Region: us-east-1
<2022-06-06 18:00:12.899>: [Info]: Gateway Host: v7irlu1nrl.execute-api.us-west-2.amazonaws.com
<2022-06-06 18:00:12.899>: [Info]: Gateway Stack: d3bj4csovi1fe8.cloudfront.net
<2022-06-06 18:00:12.899>: [Info]: Gateway Stack Region: us-west-2
<2022-06-06 18:00:12.899>: [Info]: Http Gateway Stack: https://d3bj4csovi1fe8.cloudfront.net/prod
<2022-06-06 18:00:12.899>: [Info]: Http Gateway Stack Region: us-west-2
<2022-06-06 18:00:12.899>: [Info]: Found platform metadata for key: ENTITLEMENTS.STEAM_APP_ID.1063730
<2022-06-06 18:00:12.899>: [Info]: Found platform metadata for key: PERSONA.STEAM_APP_ID.1063730
<2022-06-06 18:00:12.899>: [Info]: Found persona role for cluster id: fra-prod - arn:aws:iam::093607389475:role/AgsLiveResources-AllowPersonaAccessRole-1U24RJQDKWS63
<2022-06-06 18:00:12.899>: [Info]: Found persona role for cluster id: fra-qa - arn:aws:iam::544220128841:role/AgsLiveResources-AllowPersonaAccessRole-PSN32B5D8G0L
<2022-06-06 18:00:12.899>: [Info]: Found persona role for cluster id: fra-staging - arn:aws:iam::411585047658:role/AgsLiveResources-AllowPersonaAccessRole-709I6ZY9EAFH
<2022-06-06 18:00:12.899>: [Info]: Found persona role for cluster id: gru-prod - arn:aws:iam::845253724667:role/AgsLiveResources-AllowPersonaAccessRole-SLHVYULH7U5
<2022-06-06 18:00:12.899>: [Info]: Found persona role for cluster id: iad-prod - arn:aws:iam::819349112573:role/AgsLiveResources-AllowPersonaAccessRole-1PHH0BI346X75
<2022-06-06 18:00:12.899>: [Info]: Found persona role for cluster id: iad-staging - arn:aws:iam::910532829260:role/AgsLiveResources-AllowPersonaAccessRole-OXG60NCUXR74
<2022-06-06 18:00:12.899>: [Info]: Found persona role for cluster id: pdx-devo - arn:aws:iam::166847089677:role/AgsLiveResources-AllowPersonaAccessRole-15NKM8MRPA2BX
<2022-06-06 18:00:12.899>: [Info]: Found persona role for cluster id: pdx-prod - arn:aws:iam::458929010575:role/AgsLiveResources-AllowPersonaAccessRole-QYL4I8P12BEA
<2022-06-06 18:00:12.899>: [Info]: Found persona role for cluster id: pdx-qa - arn:aws:iam::379061375310:role/AgsLiveResources-AllowPersonaAccessRole-116SW3GWSL7P1
<2022-06-06 18:00:12.899>: [Info]: Found persona role for cluster id: syd-prod - arn:aws:iam::018141801470:role/AgsLiveResources-AllowPersonaAccessRole-1CPZ9EG8SYMOQ
<2022-06-06 18:00:12.899>: [Info]: Found cluster data for cluster id: syd-prod
<2022-06-06 18:00:12.899>: [Info]: Display Name: AP Southeast
<2022-06-06 18:00:12.899>: [Info]: Auth Stack: https://hhf8nn71vb.execute-api.us-east-1.amazonaws.com/Prod
<2022-06-06 18:00:12.899>: [Info]: Auth Stack Region: us-east-1
<2022-06-06 18:00:12.899>: [Info]: Gateway Host: ep1m9qoir8.execute-api.ap-southeast-2.amazonaws.com
<2022-06-06 18:00:12.899>: [Info]: Gateway Stack: de4mfzk9wkelz.cloudfront.net
<2022-06-06 18:00:12.899>: [Info]: Gateway Stack Region: ap-southeast-2
<2022-06-06 18:00:12.899>: [Info]: Http Gateway Stack: https://de4mfzk9wkelz.cloudfront.net/prod
<2022-06-06 18:00:12.899>: [Info]: Http Gateway Stack Region: ap-southeast-2
<2022-06-06 18:00:18.677>: [Info]: Failure in initializing Fuel::Iap::IapClient: 14
<2022-06-06 18:00:18.678>: [Info] (AZCore): [Game] LogEnvironmentString: ProductId: STEAM_APP_ID.1063730
<2022-06-06 18:00:18.679>: [Info] (AZCore): [Game] LogEnvironmentString: ClusterId: fra-prod
<2022-06-06 18:00:18.681>: [Info] (AZCore): [StackConfig] LayerS3(): layer's "remoteCfg.public.RegionId" S3 key (old: ""), reset to new value: "applications/public/configuration-sets/RegionId/fra-prod/versionless"
<2022-06-06 18:00:18.681>: [Info] (AZCore): [StackConfig] LayerS3(): layer's "remoteCfg.public.RegionIdv" S3 key (old: ""), reset to new value: "applications/public/configuration-sets/RegionId/fra-prod/547;1687873"
<2022-06-06 18:00:18.681>: [Info] (AZCore): [StackConfig] LayerS3(): layer's "remoteCfg.public.CognitoId" S3 key (old: ""), reset to new value: "applications/public/configuration-sets/CognitoId/us-east-1:0de93f7c-814e-4d48-a8fd-b6efc2f9ed93/versionless"
<2022-06-06 18:00:18.681>: [Info] (AZCore): [StackConfig] LayerS3(): layer's "remoteCfg.public.CognitoIdv" S3 key (old: ""), reset to new value: "applications/public/configuration-sets/CognitoId/us-east-1:0de93f7c-814e-4d48-a8fd-b6efc2f9ed93/547;1687873"
<2022-06-06 18:00:18.681>: [Info] (AZCore): [StackConfig] LayerS3(): layer's "remoteCfg.publicGameplay.RegionId" S3 key (old: ""), reset to new value: "applications/publicGameplay/configuration-sets/RegionId/fra-prod/versionless"
<2022-06-06 18:00:18.681>: [Info] (AZCore): [StackConfig] LayerS3(): layer's "remoteCfg.publicGameplay.RegionIdv" S3 key (old: ""), reset to new value: "applications/publicGameplay/configuration-sets/RegionId/fra-prod/547;1687873"
<2022-06-06 18:00:18.681>: [Info] (AZCore): [StackConfig] LayerS3(): layer's "remoteCfg.publicGameplay.CognitoId" S3 key (old: ""), reset to new value: "applications/publicGameplay/configuration-sets/CognitoId/us-east-1:0de93f7c-814e-4d48-a8fd-b6efc2f9ed93/versionless"
<2022-06-06 18:00:18.681>: [Info] (AZCore): [StackConfig] LayerS3(): layer's "remoteCfg.publicGameplay.CognitoIdv" S3 key (old: ""), reset to new value: "applications/publicGameplay/configuration-sets/CognitoId/us-east-1:0de93f7c-814e-4d48-a8fd-b6efc2f9ed93/547;1687873"
<2022-06-06 18:00:18.681>: [Info] (AZCore): [AuthManager] Initializing Steam Auth Manager.
<2022-06-06 18:00:18.682>: [Info] (AZCore): [SteamAuth] Initializing Persona.
<2022-06-06 18:00:18.718>: [Info]: [EasyAntiCheat] Initializing EAC game client module...
<2022-06-06 18:00:18.742>: [Info]: [EasyAntiCheat] ...EAC game client module initialized successfully.
<2022-06-06 18:00:19.964>: [Info]: Initializing default materials...
<2022-06-06 18:00:19.965>: [Info]: Initializing default footstep material...
<2022-06-06 18:00:20.562>: [Info] (AZCore): [streamingGDEManager] Initialize()
<2022-06-06 18:00:20.562>: [Info] (AZCore): [AsyncMapUnload] No previous level to unload, so not starting async.  Just loading this map now: ("frontendv2")
<2022-06-06 18:00:20.562>: [Info]: ============================ Loading level frontendv2 ============================
<2022-06-06 18:00:29.809>: [Info]: CGame::InitCoatlicueTerrain
<2022-06-06 18:00:29.835>: [Info] (AZCore): [Game] 0x441F4C03(user) attempting sign-in.
<2022-06-06 18:00:29.835>: [Info] (AZCore): [Game] LogEnvironmentString: Auth Mode: user
<2022-06-06 18:00:29.835>: [Info] (AZCore): [SteamAuth] Attempting to log in to Steam
<2022-06-06 18:00:29.835>: [Info] (AZCore): [SteamAuth] Getting steam auth session ticket.
<2022-06-06 18:00:30.285>: [Info] (AZCore): [SteamAuth] OnAuthSessionTicket: Authenticating using steam auth session ticket: 3
<2022-06-06 18:00:30.291>: [Info] (AZCore): [SteamAuth] CreateSteamSessionJob: Calling Persona to create steam session
<2022-06-06 18:00:31.402>: [Info] (AZCore): [SteamAuth] OnCreatedSessionSteam: Creating session for persona id: amzn1.developerPersonaId.02e9f3b7-55e1-865a-9031-570ce6f27a49.
<2022-06-06 18:00:31.402>: [Info] (AZCore): [SteamAuth] Calling Http API: https://d1w0bfy6smo4d1.cloudfront.net/prod/credentials
<2022-06-06 18:00:31.899>: [Info] (AZCore): [AuthStackCredentialsProvider] Successfully refreshed gateway AWS credentials, next attempt will start after 2022-06-06T18:55:30Z
<2022-06-06 18:00:31.899>: [Info] (AZCore): [AuthStackCredentialsProvider] Successfully refreshed persona AWS credentials, next attempt will start after 2022-06-06T18:55:30Z
<2022-06-06 18:00:31.915>: [Info] (AZCore): [Game] CGame::OnCampfireLoginComplete, login successful. ownership=permanent
<2022-06-06 18:00:31.916>: [Info] (AZCore): [Game] LogEnvironmentString: Gateway Signing Host: u433g9r00c.execute-api.eu-central-1.amazonaws.com
<2022-06-06 18:00:31.916>: [Info] (AZCore): [Game] LogEnvironmentString: Gateway Address: d1w0bfy6smo4d1.cloudfront.net
<2022-06-06 18:00:31.916>: [Info] (AZCore): [Game] LogEnvironmentString: HTTP Gateway Address: https://d1w0bfy6smo4d1.cloudfront.net/prod
<2022-06-06 18:00:31.916>: [Info] (AZCore): [Game] LogEnvironmentString: Gateway Mode: gateway
<2022-06-06 18:00:31.916>: [Info] (AZCore): [GameConnection] ConfigureLogin MODE_GATEWAY: endpoint=d1w0bfy6smo4d1.cloudfront.net, httpEntpoint=https://d1w0bfy6smo4d1.cloudfront.net/prod, region=eu-central-1
<2022-06-06 18:00:31.921>: [Info] (AZCore): [StackConfig] LayerS3(): layer's "remoteCfg.public.ProductId" S3 key (old: ""), reset to new value: "applications/public/configuration-sets/ProductId/STEAM_APP_ID.1063730/versionless"
<2022-06-06 18:00:31.921>: [Info] (AZCore): [StackConfig] Querying "remoteCfg.public.ProductId" remote config. S3 key: "applications/public/configuration-sets/ProductId/STEAM_APP_ID.1063730/versionless"
<2022-06-06 18:00:32.407>: [Info] (AZCore): [StackConfig] Retrieved layer's "remoteCfg.public.ProductId" remote config, with S3 key: "applications/public/configuration-sets/ProductId/STEAM_APP_ID.1063730/versionless" successfully, size: 339

<2022-06-06 18:00:32.411>: [Info] (AZCore): [StackConfig] LayerS3(): layer's "remoteCfg.public.ProductIdv" S3 key (old: ""), reset to new value: "applications/public/configuration-sets/ProductId/STEAM_APP_ID.1063730/547;1687873"
<2022-06-06 18:00:32.411>: [Info] (AZCore): [StackConfig] Querying "remoteCfg.public.ProductIdv" remote config. S3 key: "applications/public/configuration-sets/ProductId/STEAM_APP_ID.1063730/547;1687873"
<2022-06-06 18:00:32.524>: [Info] (AZCore): [StackConfig] LayerS3(): layer's "remoteCfg.public.RegionId" S3 key (old: "applications/public/configuration-sets/RegionId/fra-prod/versionless"), reset to new value: "applications/public/configuration-sets/RegionId/fra-prod/versionless"
<2022-06-06 18:00:32.524>: [Info] (AZCore): [StackConfig] Querying "remoteCfg.public.RegionId" remote config. S3 key: "applications/public/configuration-sets/RegionId/fra-prod/versionless"
<2022-06-06 18:00:32.639>: [Info] (AZCore): [StackConfig] Retrieved layer's "remoteCfg.public.RegionId" remote config, with S3 key: "applications/public/configuration-sets/RegionId/fra-prod/versionless" successfully, size: 246

<2022-06-06 18:00:32.643>: [Info] (AZCore): [StackConfig] LayerS3(): layer's "remoteCfg.public.RegionIdv" S3 key (old: "applications/public/configuration-sets/RegionId/fra-prod/547;1687873"), reset to new value: "applications/public/configuration-sets/RegionId/fra-prod/547;1687873"
<2022-06-06 18:00:32.643>: [Info] (AZCore): [StackConfig] Querying "remoteCfg.public.RegionIdv" remote config. S3 key: "applications/public/configuration-sets/RegionId/fra-prod/547;1687873"
<2022-06-06 18:00:32.762>: [Info] (AZCore): [StackConfig] LayerS3(): layer's "remoteCfg.publicGameplay.ProductId" S3 key (old: ""), reset to new value: "applications/publicGameplay/configuration-sets/ProductId/STEAM_APP_ID.1063730/versionless"
<2022-06-06 18:00:32.762>: [Info] (AZCore): [StackConfig] Querying "remoteCfg.publicGameplay.ProductId" remote config. S3 key: "applications/publicGameplay/configuration-sets/ProductId/STEAM_APP_ID.1063730/versionless"
<2022-06-06 18:00:32.879>: [Info] (AZCore): [StackConfig] Retrieved layer's "remoteCfg.publicGameplay.ProductId" remote config, with S3 key: "applications/publicGameplay/configuration-sets/ProductId/STEAM_APP_ID.1063730/versionless" successfully, size: 736

<2022-06-06 18:00:32.884>: [Info] (AZCore): [StackConfig] LayerS3(): layer's "remoteCfg.publicGameplay.ProductIdv" S3 key (old: ""), reset to new value: "applications/publicGameplay/configuration-sets/ProductId/STEAM_APP_ID.1063730/547;1687873"
<2022-06-06 18:00:32.884>: [Info] (AZCore): [StackConfig] Querying "remoteCfg.publicGameplay.ProductIdv" remote config. S3 key: "applications/publicGameplay/configuration-sets/ProductId/STEAM_APP_ID.1063730/547;1687873"
<2022-06-06 18:00:32.999>: [Info] (AZCore): [StackConfig] LayerS3(): layer's "remoteCfg.publicGameplay.RegionId" S3 key (old: "applications/publicGameplay/configuration-sets/RegionId/fra-prod/versionless"), reset to new value: "applications/publicGameplay/configuration-sets/RegionId/fra-prod/versionless"
<2022-06-06 18:00:32.999>: [Info] (AZCore): [StackConfig] Querying "remoteCfg.publicGameplay.RegionId" remote config. S3 key: "applications/publicGameplay/configuration-sets/RegionId/fra-prod/versionless"
<2022-06-06 18:00:33.120>: [Info] (AZCore): [StackConfig] Retrieved layer's "remoteCfg.publicGameplay.RegionId" remote config, with S3 key: "applications/publicGameplay/configuration-sets/RegionId/fra-prod/versionless" successfully, size: 137

<2022-06-06 18:00:33.130>: [Info] (AZCore): [StackConfig] LayerS3(): layer's "remoteCfg.publicGameplay.RegionIdv" S3 key (old: "applications/publicGameplay/configuration-sets/RegionId/fra-prod/547;1687873"), reset to new value: "applications/publicGameplay/configuration-sets/RegionId/fra-prod/547;1687873"
<2022-06-06 18:00:33.130>: [Info] (AZCore): [StackConfig] Querying "remoteCfg.publicGameplay.RegionIdv" remote config. S3 key: "applications/publicGameplay/configuration-sets/RegionId/fra-prod/547;1687873"
<2022-06-06 18:00:33.783>: [Info] (AZCore): [Game] LogEnvironmentString: Persona ID: amzn1.developerPersonaId.02e9f3b7-55e1-865a-9031-570ce6f27a49
<2022-06-06 18:00:34.183>: [Info]: 
<2022-06-06 18:00:34.186>: [Info]: Total number of logical processors: 16
<2022-06-06 18:00:34.187>: [Info]: Number of available logical processors: 16
<2022-06-06 18:00:34.187>: [Info]: Total number of system cores: 8
<2022-06-06 18:00:34.187>: [Info]: Number of cores available to process: 8
<2022-06-06 18:00:34.187>: [Info]:  
<2022-06-06 18:00:34.187>: [Info]: Processor 0:
<2022-06-06 18:00:34.187>: [Info]:   CPU: Intel        Intel(R) Xeon(R) CPU E5-2689 0 @ 2.60GHz
<2022-06-06 18:00:34.187>: [Info]:   Family: 6, Model: 13, Stepping: 7
<2022-06-06 18:00:34.187>: [Info]:   FPU: On-Chip
<2022-06-06 18:00:34.187>: [Info]:   3DNow!: not present
<2022-06-06 18:00:34.187>: [Info]:   MMX: not present
<2022-06-06 18:00:34.187>: [Info]:   SSE: present
<2022-06-06 18:00:34.187>: [Info]:   SSE2: present
<2022-06-06 18:00:34.187>: [Info]:   SSE3: present
<2022-06-06 18:00:34.187>: [Info]:   Serial number not present or disabled
<2022-06-06 18:00:34.187>: [Info]:  
<2022-06-06 18:00:34.187>: [Info]: Processor 1:
<2022-06-06 18:00:34.187>: [Info]:   CPU: Intel        Intel(R) Xeon(R) CPU E5-2689 0 @ 2.60GHz
<2022-06-06 18:00:34.187>: [Info]:   Family: 6, Model: 13, Stepping: 7
<2022-06-06 18:00:34.187>: [Info]:   FPU: On-Chip
<2022-06-06 18:00:34.187>: [Info]:   3DNow!: not present
<2022-06-06 18:00:34.187>: [Info]:   MMX: not present
<2022-06-06 18:00:34.187>: [Info]:   SSE: present
<2022-06-06 18:00:34.187>: [Info]:   SSE2: present
<2022-06-06 18:00:34.187>: [Info]:   SSE3: present
<2022-06-06 18:00:34.187>: [Info]:   Serial number not present or disabled
<2022-06-06 18:00:34.187>: [Info]:  
<2022-06-06 18:00:34.187>: [Info]: Processor 2:
<2022-06-06 18:00:34.187>: [Info]:   CPU: Intel        Intel(R) Xeon(R) CPU E5-2689 0 @ 2.60GHz
<2022-06-06 18:00:34.187>: [Info]:   Family: 6, Model: 13, Stepping: 7
<2022-06-06 18:00:34.187>: [Info]:   FPU: On-Chip
<2022-06-06 18:00:34.187>: [Info]:   3DNow!: not present
<2022-06-06 18:00:34.187>: [Info]:   MMX: not present
<2022-06-06 18:00:34.187>: [Info]:   SSE: present
<2022-06-06 18:00:34.187>: [Info]:   SSE2: present
<2022-06-06 18:00:34.187>: [Info]:   SSE3: present
<2022-06-06 18:00:34.187>: [Info]:   Serial number not present or disabled
<2022-06-06 18:00:34.187>: [Info]:  
<2022-06-06 18:00:34.187>: [Info]: Processor 3:
<2022-06-06 18:00:34.187>: [Info]:   CPU: Intel        Intel(R) Xeon(R) CPU E5-2689 0 @ 2.60GHz
<2022-06-06 18:00:34.187>: [Info]:   Family: 6, Model: 13, Stepping: 7
<2022-06-06 18:00:34.187>: [Info]:   FPU: On-Chip
<2022-06-06 18:00:34.187>: [Info]:   3DNow!: not present
<2022-06-06 18:00:34.187>: [Info]:   MMX: not present
<2022-06-06 18:00:34.187>: [Info]:   SSE: present
<2022-06-06 18:00:34.187>: [Info]:   SSE2: present
<2022-06-06 18:00:34.187>: [Info]:   SSE3: present
<2022-06-06 18:00:34.187>: [Info]:   Serial number not present or disabled
<2022-06-06 18:00:34.187>: [Info]:  
<2022-06-06 18:00:34.187>: [Info]: Processor 4:
<2022-06-06 18:00:34.187>: [Info]:   CPU: Intel        Intel(R) Xeon(R) CPU E5-2689 0 @ 2.60GHz
<2022-06-06 18:00:34.187>: [Info]:   Family: 6, Model: 13, Stepping: 7
<2022-06-06 18:00:34.187>: [Info]:   FPU: On-Chip
<2022-06-06 18:00:34.187>: [Info]:   3DNow!: not present
<2022-06-06 18:00:34.187>: [Info]:   MMX: not present
<2022-06-06 18:00:34.187>: [Info]:   SSE: present
<2022-06-06 18:00:34.187>: [Info]:   SSE2: present
<2022-06-06 18:00:34.187>: [Info]:   SSE3: present
<2022-06-06 18:00:34.187>: [Info]:   Serial number not present or disabled
<2022-06-06 18:00:34.187>: [Info]:  
<2022-06-06 18:00:34.187>: [Info]: Processor 5:
<2022-06-06 18:00:34.187>: [Info]:   CPU: Intel        Intel(R) Xeon(R) CPU E5-2689 0 @ 2.60GHz
<2022-06-06 18:00:34.187>: [Info]:   Family: 6, Model: 13, Stepping: 7
<2022-06-06 18:00:34.187>: [Info]:   FPU: On-Chip
<2022-06-06 18:00:34.187>: [Info]:   3DNow!: not present
<2022-06-06 18:00:34.187>: [Info]:   MMX: not present
<2022-06-06 18:00:34.187>: [Info]:   SSE: present
<2022-06-06 18:00:34.187>: [Info]:   SSE2: present
<2022-06-06 18:00:34.187>: [Info]:   SSE3: present
<2022-06-06 18:00:34.187>: [Info]:   Serial number not present or disabled
<2022-06-06 18:00:34.187>: [Info]:  
<2022-06-06 18:00:34.187>: [Info]: Processor 6:
<2022-06-06 18:00:34.187>: [Info]:   CPU: Intel        Intel(R) Xeon(R) CPU E5-2689 0 @ 2.60GHz
<2022-06-06 18:00:34.187>: [Info]:   Family: 6, Model: 13, Stepping: 7
<2022-06-06 18:00:34.187>: [Info]:   FPU: On-Chip
<2022-06-06 18:00:34.187>: [Info]:   3DNow!: not present
<2022-06-06 18:00:34.187>: [Info]:   MMX: not present
<2022-06-06 18:00:34.187>: [Info]:   SSE: present
<2022-06-06 18:00:34.187>: [Info]:   SSE2: present
<2022-06-06 18:00:34.187>: [Info]:   SSE3: present
<2022-06-06 18:00:34.187>: [Info]:   Serial number not present or disabled
<2022-06-06 18:00:34.187>: [Info]:  
<2022-06-06 18:00:34.187>: [Info]: Processor 7:
<2022-06-06 18:00:34.187>: [Info]:   CPU: Intel        Intel(R) Xeon(R) CPU E5-2689 0 @ 2.60GHz
<2022-06-06 18:00:34.187>: [Info]:   Family: 6, Model: 13, Stepping: 7
<2022-06-06 18:00:34.187>: [Info]:   FPU: On-Chip
<2022-06-06 18:00:34.187>: [Info]:   3DNow!: not present
<2022-06-06 18:00:34.187>: [Info]:   MMX: not present
<2022-06-06 18:00:34.187>: [Info]:   SSE: present
<2022-06-06 18:00:34.187>: [Info]:   SSE2: present
<2022-06-06 18:00:34.187>: [Info]:   SSE3: present
<2022-06-06 18:00:34.187>: [Info]:   Serial number not present or disabled
<2022-06-06 18:00:34.187>: [Info]:  
<2022-06-06 18:00:34.187>: [Info]: Change detected in analytics configuration. Re-instantiating network traffic reporter
<2022-06-06 18:00:45.232>: [Info] (AZCore): [Game] CGame::ActorContainerConnect
<2022-06-06 18:00:45.232>: [Info] (AZCore): [GameConnection] GameConnectionWrapper::Disconnect
<2022-06-06 18:00:45.232>: [Info] (AZCore): [GameConnection] GameConnectionWrapper::Connect: playerName = xuppra
<2022-06-06 18:00:45.232>: [Info] (AZCore): [GameConnection] Update state Disconnected to new state QueueGameLogin
<2022-06-06 18:00:45.248>: [Info] (AZCore): [GameConnection] Update state QueueGameLogin to new state WaitingForQueuedLogin
<2022-06-06 18:00:45.248>: [Info] (AZCore): [GameConnection] Queuing login for world () and character (9b7f7427-abde-4ac3-83cd-f10d78f51d29)
<2022-06-06 18:00:46.847>: [Info] (AZCore): [GameConnection] Received a login ticket: 86ae8332-ed32-420e-985c-61011022847a_21092bb3-bcb7-4019-b58c-bce0c28a9a5f, location: , New Ticket
<2022-06-06 18:00:49.101>: [Info] (AZCore): [GameConnection] Received a login ticket: 86ae8332-ed32-420e-985c-61011022847a_21092bb3-bcb7-4019-b58c-bce0c28a9a5f, location: , Refreshed Ticket
<2022-06-06 18:00:49.101>: [Info] (AZCore): [Game] LogEnvironmentString: World ID: 86ae8332-ed32-420e-985c-61011022847a
<2022-06-06 18:00:49.101>: [Info] (AZCore): [Game] LogEnvironmentString: World Name: live-1-12-2
<2022-06-06 18:00:49.101>: [Info] (AZCore): [Game] LogEnvironmentString: Character ID: 9b7f7427-abde-4ac3-83cd-f10d78f51d29
<2022-06-06 18:00:49.101>: [Info] (AZCore): [Game] LogEnvironmentString: REP Address: 35.71.153.244:22262
<2022-06-06 18:00:49.114>: [Info] (AZCore): [GameConnection] Update state WaitingForQueuedLogin to new state QueryForRemoteConfigClass
<2022-06-06 18:00:49.117>: [Info] (AZCore): [StackConfig] LayerS3(): layer's "remoteCfg.public.CognitoId" S3 key (old: "applications/public/configuration-sets/CognitoId/us-east-1:0de93f7c-814e-4d48-a8fd-b6efc2f9ed93/versionless"), reset to new value: "applications/public/configuration-sets/CognitoId/us-east-1:0de93f7c-814e-4d48-a8fd-b6efc2f9ed93/versionless"
<2022-06-06 18:00:49.117>: [Info] (AZCore): [GameConnection] Update state QueryForRemoteConfigClass to new state WaitingForRemoteConfigClass
<2022-06-06 18:00:49.118>: [Info] (AZCore): [StackConfig] Querying "remoteCfg.public.CognitoId" remote config. S3 key: "applications/public/configuration-sets/CognitoId/us-east-1:0de93f7c-814e-4d48-a8fd-b6efc2f9ed93/versionless"
<2022-06-06 18:00:49.575>: [Info] (AZCore): [StackConfig] Retrieved layer's "remoteCfg.public.CognitoId" remote config, with S3 key: "applications/public/configuration-sets/CognitoId/us-east-1:0de93f7c-814e-4d48-a8fd-b6efc2f9ed93/versionless" successfully, size: 462

<2022-06-06 18:00:49.582>: [Info] (AZCore): [GameConnection] Update state WaitingForRemoteConfigClass to new state QueryForRemoteConfigClass
<2022-06-06 18:00:49.598>: [Info] (AZCore): [StackConfig] LayerS3(): layer's "remoteCfg.public.CognitoIdv" S3 key (old: "applications/public/configuration-sets/CognitoId/us-east-1:0de93f7c-814e-4d48-a8fd-b6efc2f9ed93/547;1687873"), reset to new value: "applications/public/configuration-sets/CognitoId/us-east-1:0de93f7c-814e-4d48-a8fd-b6efc2f9ed93/547;1687873"
<2022-06-06 18:00:49.598>: [Info] (AZCore): [GameConnection] Update state QueryForRemoteConfigClass to new state WaitingForRemoteConfigClass
<2022-06-06 18:00:49.599>: [Info] (AZCore): [StackConfig] Querying "remoteCfg.public.CognitoIdv" remote config. S3 key: "applications/public/configuration-sets/CognitoId/us-east-1:0de93f7c-814e-4d48-a8fd-b6efc2f9ed93/547;1687873"
<2022-06-06 18:00:49.725>: [Info] (AZCore): [GameConnection] Update state WaitingForRemoteConfigClass to new state QueryForRemoteConfigClass
<2022-06-06 18:00:49.741>: [Info] (AZCore): [StackConfig] LayerS3(): layer's "remoteCfg.public.WorldId" S3 key (old: ""), reset to new value: "applications/public/configuration-sets/WorldId/86ae8332-ed32-420e-985c-61011022847a/versionless"
<2022-06-06 18:00:49.741>: [Info] (AZCore): [GameConnection] Update state QueryForRemoteConfigClass to new state WaitingForRemoteConfigClass
<2022-06-06 18:00:49.742>: [Info] (AZCore): [StackConfig] Querying "remoteCfg.public.WorldId" remote config. S3 key: "applications/public/configuration-sets/WorldId/86ae8332-ed32-420e-985c-61011022847a/versionless"
<2022-06-06 18:00:49.854>: [Info] (AZCore): [GameConnection] Update state WaitingForRemoteConfigClass to new state QueryForRemoteConfigClass
<2022-06-06 18:00:49.870>: [Info] (AZCore): [StackConfig] LayerS3(): layer's "remoteCfg.public.WorldIdv" S3 key (old: ""), reset to new value: "applications/public/configuration-sets/WorldId/86ae8332-ed32-420e-985c-61011022847a/547;1687873"
<2022-06-06 18:00:49.870>: [Info] (AZCore): [GameConnection] Update state QueryForRemoteConfigClass to new state WaitingForRemoteConfigClass
<2022-06-06 18:00:49.871>: [Info] (AZCore): [StackConfig] Querying "remoteCfg.public.WorldIdv" remote config. S3 key: "applications/public/configuration-sets/WorldId/86ae8332-ed32-420e-985c-61011022847a/547;1687873"
<2022-06-06 18:00:49.998>: [Info] (AZCore): [GameConnection] Update state WaitingForRemoteConfigClass to new state QueryForRemoteConfigClass
<2022-06-06 18:00:50.014>: [Info] (AZCore): [StackConfig] LayerS3(): layer's "remoteCfg.publicGameplay.CognitoId" S3 key (old: "applications/publicGameplay/configuration-sets/CognitoId/us-east-1:0de93f7c-814e-4d48-a8fd-b6efc2f9ed93/versionless"), reset to new value: "applications/publicGameplay/configuration-sets/CognitoId/us-east-1:0de93f7c-814e-4d48-a8fd-b6efc2f9ed93/versionless"
<2022-06-06 18:00:50.014>: [Info] (AZCore): [GameConnection] Update state QueryForRemoteConfigClass to new state WaitingForRemoteConfigClass
<2022-06-06 18:00:50.015>: [Info] (AZCore): [StackConfig] Querying "remoteCfg.publicGameplay.CognitoId" remote config. S3 key: "applications/publicGameplay/configuration-sets/CognitoId/us-east-1:0de93f7c-814e-4d48-a8fd-b6efc2f9ed93/versionless"
<2022-06-06 18:00:50.141>: [Info] (AZCore): [StackConfig] Retrieved layer's "remoteCfg.publicGameplay.CognitoId" remote config, with S3 key: "applications/publicGameplay/configuration-sets/CognitoId/us-east-1:0de93f7c-814e-4d48-a8fd-b6efc2f9ed93/versionless" successfully, size: 2244

<2022-06-06 18:00:50.142>: [Info] (AZCore): [GameConnection] Update state WaitingForRemoteConfigClass to new state QueryForRemoteConfigClass
<2022-06-06 18:00:50.158>: [Info] (AZCore): [StackConfig] LayerS3(): layer's "remoteCfg.publicGameplay.CognitoIdv" S3 key (old: "applications/publicGameplay/configuration-sets/CognitoId/us-east-1:0de93f7c-814e-4d48-a8fd-b6efc2f9ed93/547;1687873"), reset to new value: "applications/publicGameplay/configuration-sets/CognitoId/us-east-1:0de93f7c-814e-4d48-a8fd-b6efc2f9ed93/547;1687873"
<2022-06-06 18:00:50.158>: [Info] (AZCore): [GameConnection] Update state QueryForRemoteConfigClass to new state WaitingForRemoteConfigClass
<2022-06-06 18:00:50.159>: [Info] (AZCore): [StackConfig] Querying "remoteCfg.publicGameplay.CognitoIdv" remote config. S3 key: "applications/publicGameplay/configuration-sets/CognitoId/us-east-1:0de93f7c-814e-4d48-a8fd-b6efc2f9ed93/547;1687873"
<2022-06-06 18:00:50.271>: [Info] (AZCore): [GameConnection] Update state WaitingForRemoteConfigClass to new state QueryForRemoteConfigClass
<2022-06-06 18:00:50.287>: [Info] (AZCore): [StackConfig] LayerS3(): layer's "remoteCfg.publicGameplay.WorldId" S3 key (old: ""), reset to new value: "applications/publicGameplay/configuration-sets/WorldId/86ae8332-ed32-420e-985c-61011022847a/versionless"
<2022-06-06 18:00:50.288>: [Info] (AZCore): [GameConnection] Update state QueryForRemoteConfigClass to new state WaitingForRemoteConfigClass
<2022-06-06 18:00:50.288>: [Info] (AZCore): [StackConfig] Querying "remoteCfg.publicGameplay.WorldId" remote config. S3 key: "applications/publicGameplay/configuration-sets/WorldId/86ae8332-ed32-420e-985c-61011022847a/versionless"
<2022-06-06 18:00:50.415>: [Info] (AZCore): [GameConnection] Update state WaitingForRemoteConfigClass to new state QueryForRemoteConfigClass
<2022-06-06 18:00:50.431>: [Info] (AZCore): [StackConfig] LayerS3(): layer's "remoteCfg.publicGameplay.WorldIdv" S3 key (old: ""), reset to new value: "applications/publicGameplay/configuration-sets/WorldId/86ae8332-ed32-420e-985c-61011022847a/547;1687873"
<2022-06-06 18:00:50.432>: [Info] (AZCore): [GameConnection] Update state QueryForRemoteConfigClass to new state WaitingForRemoteConfigClass
<2022-06-06 18:00:50.432>: [Info] (AZCore): [StackConfig] Querying "remoteCfg.publicGameplay.WorldIdv" remote config. S3 key: "applications/publicGameplay/configuration-sets/WorldId/86ae8332-ed32-420e-985c-61011022847a/547;1687873"
<2022-06-06 18:00:50.543>: [Info] (AZCore): [GameConnection] Update state WaitingForRemoteConfigClass to new state QueryForRemoteConfigClass
<2022-06-06 18:00:50.559>: [Info] (AZCore): [GameConnection] Update state QueryForRemoteConfigClass to new state StartREPConnection
<2022-06-06 18:00:50.575>: [Info] (AZCore): [GameConnection] GameConnectionWrapper: start REP connection RepAddress = 35.71.153.244:22262, worldId = 86ae8332-ed32-420e-985c-61011022847a
<2022-06-06 18:00:50.578>: [Info] (AZCore): [GameConnection] Update state StartREPConnection to new state WaitingForREPConnection
<2022-06-06 18:00:50.767>: [Info] (AZCore): [GameConnection] GameConnectionWrapper: REP socket connection established, now waiting to register
<2022-06-06 18:00:50.824>: [Info] (AZCore): [GameConnection] GameConnectionWrapper: received registration response from REP
<2022-06-06 18:00:50.824>: [Info] (AZCore): [Game] LogEnvironmentString: Server version: [RELEASE].Javelin.1.18.547.1687873
<2022-06-06 18:00:50.829>: [Info] (AZCore): [GameConnection] GameConnectionWrapper: start actor game connection
<2022-06-06 18:00:50.829>: [Info] (AZCore): [GameMessagePort] Reset
<2022-06-06 18:00:50.829>: [Info] (AZCore): [GameConnection] Update state WaitingForREPConnection to new state WaitingForActorGameConnection
<2022-06-06 18:00:50.957>: [Info] (AZCore): [GameConnection] GameConnectionWrapper: actor game connection succeeds
<2022-06-06 18:00:50.957>: [Info] (AZCore): [GameConnection] Initialize current retry count : 0
<2022-06-06 18:00:50.957>: [Info] (AZCore): [GameConnection] Update state WaitingForActorGameConnection to new state WaitingForSpawnPoint
<2022-06-06 18:00:50.973>: [Info] (AZCore): [GameConnection] GameConnectionWrapper: spawn point found
<2022-06-06 18:00:50.973>: [Info] (AZCore): [GameConnection] Update state WaitingForSpawnPoint to new state WaitingForAOIClient
<2022-06-06 18:00:51.165>: [Info] (AZCore): [GameMessagePort] LevelInfoChanged
<2022-06-06 18:00:51.165>: [Info] (AZCore): [GameMessagePort] LevelInfoChanged m_clientContextInstanceId 0 changing to levelInfo.m_clientContextInstanceId 1
<2022-06-06 18:00:51.165>: [Info] (AZCore): [GameConnection] GameConnectionWrapper: AOI client available
<2022-06-06 18:00:51.165>: [Info] (AZCore): [GameConnection] Update state WaitingForAOIClient to new state WaitingForPlayerSpawn
<2022-06-06 18:00:51.182>: [Info] (AZCore): [GameMessagePort] Calling clientContext->Initialize
<2022-06-06 18:00:51.182>: [Info] (AZCore): [ClientContext] Initialize()
<2022-06-06 18:00:51.182>: [Info] (AZCore): [ClientContext] Cleanup()
<2022-06-06 18:00:53.177>: [Info] (AZCore): [streamingGDEManager] Initialize()
<2022-06-06 18:00:53.178>: [Info] (AZCore): [AsyncMapUnload] Loading of map "NewWorld_VitaeEterna" deferred in order to async unload previous level "frontendv2": starting async unload...
<2022-06-06 18:00:53.180>: [Info] (AZCore): [AsyncMapUnload] Lumberyard Connection State: "WaitingForPlayerSpawn"
<2022-06-06 18:00:53.180>: [Info] (AZCore): [AsyncMapUnload] waiting... numJobs 0, AssetBus::context.m_queue.size(): 328, waitingRefs (from bus): 0
<2022-06-06 18:00:53.180>: [Info] (AZCore): [GameMessagePort] HandleUnexpectedMessage skipping ReceiveStateBundle for bundle message due to clientContext == nullptr
<2022-06-06 18:00:53.185>: [Info] (AZCore): [AsyncMapUnload] DONE waiting... numJobs 0, AssetBus::context.m_queue.size(): 0, waitingRefs (from bus): 0
<2022-06-06 18:00:53.185>: [Info] (AZCore): [AsyncMapUnload] ...allowing map change
<2022-06-06 18:00:53.185>: [Info]: ============================ Loading level NewWorld_VitaeEterna ============================
<2022-06-06 18:00:57.209>: [Info]: CGame::InitCoatlicueTerrain
<2022-06-06 18:00:57.213>: [Info] (AZCore): [GameMessagePort] ProcessPendingReliableMsgQueue processing 2 messages from m_pendingUnexpectedMsgs
<2022-06-06 18:00:57.224>: [Info] (AZCore): [GameMessagePort] LevelInfoChanged
<2022-06-06 18:00:57.787>: [Info] (AZCore): [GDERenderManager] Init()
<2022-06-06 18:00:57.825>: [Info] (AZCore): [Game] LogEnvironmentString: Player Name: xuppra
<2022-06-06 18:00:57.825>: [Info] (AZCore): [Game] LogEnvironmentString: Player Actor: AE595B482D0B0A66E58F984433AC4281
<2022-06-06 18:00:57.848>: [Info]: SerializeOptions: Success
<2022-06-06 18:00:57.848>: [Info]: SerializeOptions: Moving to C:/Users/cedric/AppData/Roaming/AGS/New World/savedata/temp_usersettings.javsave
<2022-06-06 18:00:57.904>: [Info] (AZCore): [GameConnection] GameConnectionWrapper: player spawn succeeds, in game
<2022-06-06 18:00:57.904>: [Info] (AZCore): [GameConnection] Update state WaitingForPlayerSpawn to new state InGame
<2022-06-06 18:00:57.904>: [Info] (AZCore): [Game] JavelinGame::OnConnectionSucceed
<2022-06-06 18:01:01.218>: [Info] (AZCore): [GameMessagePort] LevelInfoChanged
<2022-06-06 18:01:09.646>: [Info]: SerializeOptions: Success
<2022-06-06 18:01:09.646>: [Info]: SerializeOptions: Moving to C:/Users/cedric/AppData/Roaming/AGS/New World/savedata/temp_usersettings.javsave
<2022-06-06 18:04:05.166>: [Info]: SerializeOptions: Success
<2022-06-06 18:04:05.166>: [Info]: SerializeOptions: Moving to C:/Users/cedric/AppData/Roaming/AGS/New World/savedata/temp_usersettings.javsave
<2022-06-06 18:07:05.707>: [Info]: SerializeOptions: Success
<2022-06-06 18:07:05.707>: [Info]: SerializeOptions: Moving to C:/Users/cedric/AppData/Roaming/AGS/New World/savedata/temp_usersettings.javsave
<2022-06-06 18:07:06.033>: [Info]: SerializeOptions: Success
<2022-06-06 18:07:06.033>: [Info]: SerializeOptions: Moving to C:/Users/cedric/AppData/Roaming/AGS/New World/savedata/temp_usersettings.javsave
<2022-06-06 18:07:08.923>: [Info] (AZCore): [GameMessagePort] LevelInfoChanged
<2022-06-06 18:07:08.923>: [Info] (AZCore): [GameMessagePort] Reset
<2022-06-06 18:07:08.923>: [Info] (AZCore): [GameConnection] Update state InGame to new state WaitingForAOIClient
<2022-06-06 18:07:08.923>: [Info] (AZCore): [GameMessagePort] LevelInfoChanged m_clientContextInstanceId 1 changing to levelInfo.m_clientContextInstanceId 2
<2022-06-06 18:07:09.051>: [Info] (AZCore): [GameConnection] GameConnectionWrapper: AOI client available
<2022-06-06 18:07:09.051>: [Info] (AZCore): [GameConnection] Update state WaitingForAOIClient to new state WaitingForPlayerSpawn
<2022-06-06 18:07:09.068>: [Info] (AZCore): [GameMessagePort] Calling clientContext->Initialize
<2022-06-06 18:07:09.068>: [Info] (AZCore): [ClientContext] Initialize()
<2022-06-06 18:07:09.068>: [Info] (AZCore): [ClientContext] Cleanup()
<2022-06-06 18:07:09.068>: [Info] (AZCore): [GDERenderManager] Releasing resources!
<2022-06-06 18:07:09.096>: [Info] (AZCore): [streamingGDEManager] Shutting down and releasing regions
<2022-06-06 18:07:09.126>: [Info] (AZCore): [streamingGDEManager] Shutting down and releasing regions
<2022-06-06 18:07:12.161>: [Info] (AZCore): [streamingGDEManager] Initialize()
<2022-06-06 18:07:12.162>: [Info] (AZCore): [AsyncMapUnload] Loading of map "NewWorld_VitaeEterna" deferred in order to async unload previous level "NewWorld_VitaeEterna": starting async unload...
<2022-06-06 18:07:12.168>: [Info] (AZCore): [AsyncMapUnload] Lumberyard Connection State: "WaitingForPlayerSpawn"
<2022-06-06 18:07:12.168>: [Info] (AZCore): [AsyncMapUnload] waiting... numJobs 0, AssetBus::context.m_queue.size(): 3256, waitingRefs (from bus): 0
<2022-06-06 18:07:12.168>: [Info] (AZCore): [GameMessagePort] HandleUnexpectedMessage skipping ReceiveStateBundle for bundle message due to clientContext == nullptr
<2022-06-06 18:07:13.209>: [Info]: SerializeOptions: Success
<2022-06-06 18:07:13.209>: [Info]: SerializeOptions: Moving to C:/Users/cedric/AppData/Roaming/AGS/New World/savedata/temp_usersettings.javsave
<2022-06-06 18:07:13.289>: [Info] (AZCore): [AsyncMapUnload] waiting... numJobs 0, AssetBus::context.m_queue.size(): 2, waitingRefs (from bus): 0
<2022-06-06 18:07:13.357>: [Info] (AZCore): [AsyncMapUnload] waiting... numJobs 0, AssetBus::context.m_queue.size(): 1563, waitingRefs (from bus): 0
<2022-06-06 18:07:13.476>: [Info] (AZCore): [AsyncMapUnload] waiting... numJobs 0, AssetBus::context.m_queue.size(): 1347, waitingRefs (from bus): 0
<2022-06-06 18:07:13.536>: [Info] (AZCore): [AsyncMapUnload] waiting... numJobs 0, AssetBus::context.m_queue.size(): 22, waitingRefs (from bus): 0
<2022-06-06 18:07:13.545>: [Info] (AZCore): [AsyncMapUnload] DONE waiting... numJobs 0, AssetBus::context.m_queue.size(): 0, waitingRefs (from bus): 0
<2022-06-06 18:07:13.545>: [Info] (AZCore): [AsyncMapUnload] ...allowing map change
<2022-06-06 18:07:13.545>: [Info]: ============================ Loading level NewWorld_VitaeEterna ============================
<2022-06-06 18:07:17.050>: [Info]: CGame::InitCoatlicueTerrain
<2022-06-06 18:07:17.055>: [Info] (AZCore): [GameMessagePort] ProcessPendingReliableMsgQueue processing 2 messages from m_pendingUnexpectedMsgs
<2022-06-06 18:07:17.548>: [Info] (AZCore): [GDERenderManager] Init()
<2022-06-06 18:07:20.999>: [Info]: SerializeOptions: Success
<2022-06-06 18:07:20.999>: [Info]: SerializeOptions: Moving to C:/Users/cedric/AppData/Roaming/AGS/New World/savedata/temp_usersettings.javsave
<2022-06-06 18:07:22.088>: [Info] (AZCore): [GameConnection] GameConnectionWrapper: player spawn succeeds, in game
<2022-06-06 18:07:22.088>: [Info] (AZCore): [GameConnection] Update state WaitingForPlayerSpawn to new state InGame
<2022-06-06 18:07:22.088>: [Info] (AZCore): [Game] JavelinGame::OnConnectionSucceed
<2022-06-06 18:07:29.104>: [Info]: SerializeOptions: Success
<2022-06-06 18:07:29.104>: [Info]: SerializeOptions: Moving to C:/Users/cedric/AppData/Roaming/AGS/New World/savedata/temp_usersettings.javsave
<2022-06-06 18:09:37.787>: [Info] (AZCore): [GameMessagePort] MayHandleReplicationUnreliable() returning false clientContextInstanceId  2 m_clientContextInstanceId 2 seq 8304 m_lastUnreliableReplicationSeq 8305
<2022-06-06 18:10:31.043>: [Info]: SerializeOptions: Success
<2022-06-06 18:10:31.043>: [Info]: SerializeOptions: Moving to C:/Users/cedric/AppData/Roaming/AGS/New World/savedata/temp_usersettings.javsave
<2022-06-06 18:11:53.785>: [Info]: SerializeOptions: Success
<2022-06-06 18:11:53.785>: [Info]: SerializeOptions: Moving to C:/Users/cedric/AppData/Roaming/AGS/New World/savedata/temp_usersettings.javsave
<2022-06-06 18:13:41.152>: [Info]: SerializeOptions: Success
<2022-06-06 18:13:41.152>: [Info]: SerializeOptions: Moving to C:/Users/cedric/AppData/Roaming/AGS/New World/savedata/temp_usersettings.javsave
<2022-06-06 18:14:59.059>: [Info] (AZCore): [GameMessagePort] MayHandleReplicationUnreliable() returning false clientContextInstanceId  2 m_clientContextInstanceId 2 seq 28756 m_lastUnreliableReplicationSeq 28757
<2022-06-06 18:15:29.228>: [Info] (AZCore): [GameMessagePort] MayHandleReplicationUnreliable() returning false clientContextInstanceId  2 m_clientContextInstanceId 2 seq 30615 m_lastUnreliableReplicationSeq 30616
<2022-06-06 18:15:44.235>: [Info]: SerializeOptions: Success
<2022-06-06 18:15:44.235>: [Info]: SerializeOptions: Moving to C:/Users/cedric/AppData/Roaming/AGS/New World/savedata/temp_usersettings.javsave
<2022-06-06 18:18:02.835>: [Info] (AZCore): [GameMessagePort] MayHandleReplicationUnreliable() returning false clientContextInstanceId  2 m_clientContextInstanceId 2 seq 40252 m_lastUnreliableReplicationSeq 40254
<2022-06-06 18:18:02.835>: [Info] (AZCore): [GameMessagePort] MayHandleReplicationUnreliable() returning false clientContextInstanceId  2 m_clientContextInstanceId 2 seq 40253 m_lastUnreliableReplicationSeq 40254
<2022-06-06 18:21:14.860>: [Info]: SerializeOptions: Success
<2022-06-06 18:21:14.860>: [Info]: SerializeOptions: Moving to C:/Users/cedric/AppData/Roaming/AGS/New World/savedata/temp_usersettings.javsave
<2022-06-06 18:30:55.769>: [Info]: SerializeOptions: Success
<2022-06-06 18:30:55.769>: [Info]: SerializeOptions: Moving to C:/Users/cedric/AppData/Roaming/AGS/New World/savedata/temp_usersettings.javsave
<2022-06-06 18:30:56.352>: [Info]: SerializeOptions: Success
<2022-06-06 18:30:56.352>: [Info]: SerializeOptions: Moving to C:/Users/cedric/AppData/Roaming/AGS/New World/savedata/temp_usersettings.javsave
<2022-06-06 18:30:56.376>: [Info] (AZCore): [GameMessagePort] LevelInfoChanged
<2022-06-06 18:30:56.376>: [Info] (AZCore): [GameMessagePort] Reset
<2022-06-06 18:30:56.376>: [Info] (AZCore): [GameConnection] Update state InGame to new state WaitingForAOIClient
<2022-06-06 18:30:56.376>: [Info] (AZCore): [GameMessagePort] LevelInfoChanged m_clientContextInstanceId 2 changing to levelInfo.m_clientContextInstanceId 3
<2022-06-06 18:30:56.376>: [Info] (AZCore): [GameConnection] GameConnectionWrapper: AOI client available
<2022-06-06 18:30:56.376>: [Info] (AZCore): [GameConnection] Update state WaitingForAOIClient to new state WaitingForPlayerSpawn
<2022-06-06 18:30:56.426>: [Info] (AZCore): [GameMessagePort] Calling clientContext->Initialize
<2022-06-06 18:30:56.426>: [Info] (AZCore): [ClientContext] Initialize()
<2022-06-06 18:30:56.426>: [Info] (AZCore): [ClientContext] Cleanup()
<2022-06-06 18:30:56.426>: [Info] (AZCore): [GDERenderManager] Releasing resources!
<2022-06-06 18:30:56.446>: [Info] (AZCore): [streamingGDEManager] Shutting down and releasing regions
<2022-06-06 18:30:56.490>: [Info] (AZCore): [streamingGDEManager] Shutting down and releasing regions
<2022-06-06 18:30:58.805>: [Info] (AZCore): [streamingGDEManager] Initialize()
<2022-06-06 18:30:58.806>: [Info] (AZCore): [AsyncMapUnload] Loading of map "NewWorld_VitaeEterna" deferred in order to async unload previous level "NewWorld_VitaeEterna": starting async unload...
<2022-06-06 18:30:58.811>: [Info] (AZCore): [AsyncMapUnload] Lumberyard Connection State: "WaitingForPlayerSpawn"
<2022-06-06 18:30:58.811>: [Info] (AZCore): [AsyncMapUnload] waiting... numJobs 0, AssetBus::context.m_queue.size(): 1727, waitingRefs (from bus): 0
<2022-06-06 18:30:58.811>: [Info] (AZCore): [GameMessagePort] HandleUnexpectedMessage skipping ReceiveStateBundle for bundle message due to clientContext == nullptr
<2022-06-06 18:30:59.742>: [Info] (AZCore): [AsyncMapUnload] DONE waiting... numJobs 0, AssetBus::context.m_queue.size(): 0, waitingRefs (from bus): 0
<2022-06-06 18:30:59.742>: [Info] (AZCore): [AsyncMapUnload] ...allowing map change
<2022-06-06 18:30:59.742>: [Info]: ============================ Loading level NewWorld_VitaeEterna ============================
<2022-06-06 18:31:02.825>: [Info]: CGame::InitCoatlicueTerrain
<2022-06-06 18:31:02.828>: [Info] (AZCore): [GameMessagePort] ProcessPendingReliableMsgQueue processing 43 messages from m_pendingUnexpectedMsgs
<2022-06-06 18:31:03.238>: [Info] (AZCore): [GDERenderManager] Init()
<2022-06-06 18:31:06.233>: [Info] (AZCore): [GameConnection] GameConnectionWrapper: player spawn succeeds, in game
<2022-06-06 18:31:06.233>: [Info] (AZCore): [GameConnection] Update state WaitingForPlayerSpawn to new state InGame
<2022-06-06 18:31:06.233>: [Info] (AZCore): [Game] JavelinGame::OnConnectionSucceed
<2022-06-06 18:31:12.269>: [Info]: SerializeOptions: Success
<2022-06-06 18:31:12.269>: [Info]: SerializeOptions: Moving to C:/Users/cedric/AppData/Roaming/AGS/New World/savedata/temp_usersettings.javsave
<2022-06-06 18:55:30.011>: [Info] (AZCore): [SteamAuth] Attempting to refresh AWS credentials
<2022-06-06 18:55:30.011>: [Info] (AZCore): [SteamAuth] Calling Http API: https://d1w0bfy6smo4d1.cloudfront.net/prod/credentials
<2022-06-06 18:55:30.267>: [Info] (AZCore): [AuthStackCredentialsProvider] Successfully refreshed gateway AWS credentials, next attempt will start after 2022-06-06T19:50:28Z
<2022-06-06 18:55:30.267>: [Info] (AZCore): [AuthStackCredentialsProvider] Successfully refreshed persona AWS credentials, next attempt will start after 2022-06-06T19:50:28Z
<2022-06-06 18:55:30.283>: [Info] (AZCore): [SteamAuth] Successfully updated AWS credentials.
<2022-06-06 18:56:11.442>: [Info]: SerializeOptions: Success
<2022-06-06 18:56:11.442>: [Info]: SerializeOptions: Moving to C:/Users/cedric/AppData/Roaming/AGS/New World/savedata/temp_usersettings.javsave
<2022-06-06 19:03:29.735>: [Info]: SerializeOptions: Success
<2022-06-06 19:03:29.735>: [Info]: SerializeOptions: Moving to C:/Users/cedric/AppData/Roaming/AGS/New World/savedata/temp_usersettings.javsave
<2022-06-06 19:05:18.222>: [Info] (AZCore): [GameMessagePort] MayHandleReplicationUnreliable() returning false clientContextInstanceId  3 m_clientContextInstanceId 3 seq 123815 m_lastUnreliableReplicationSeq 123816
<2022-06-06 19:10:51.437>: [Info]: SerializeOptions: Success
<2022-06-06 19:10:51.437>: [Info]: SerializeOptions: Moving to C:/Users/cedric/AppData/Roaming/AGS/New World/savedata/temp_usersettings.javsave
<2022-06-06 19:10:59.137>: [Info]: SerializeOptions: Success
<2022-06-06 19:10:59.137>: [Info]: SerializeOptions: Moving to C:/Users/cedric/AppData/Roaming/AGS/New World/savedata/temp_usersettings.javsave
<2022-06-06 19:15:35.350>: [Info]: SerializeOptions: Success
<2022-06-06 19:15:35.350>: [Info]: SerializeOptions: Moving to C:/Users/cedric/AppData/Roaming/AGS/New World/savedata/temp_usersettings.javsave
<2022-06-06 19:15:35.501>: [Info]: SerializeOptions: Success
<2022-06-06 19:15:35.501>: [Info]: SerializeOptions: Moving to C:/Users/cedric/AppData/Roaming/AGS/New World/savedata/temp_usersettings.javsave
<2022-06-06 19:15:42.955>: [Info]: SerializeOptions: Success
<2022-06-06 19:15:42.955>: [Info]: SerializeOptions: Moving to C:/Users/cedric/AppData/Roaming/AGS/New World/savedata/temp_usersettings.javsave
<2022-06-06 19:15:50.461>: [Info]: SerializeOptions: Success
<2022-06-06 19:15:50.461>: [Info]: SerializeOptions: Moving to C:/Users/cedric/AppData/Roaming/AGS/New World/savedata/temp_usersettings.javsave
<2022-06-06 19:15:57.953>: [Info]: SerializeOptions: Success
<2022-06-06 19:15:57.953>: [Info]: SerializeOptions: Moving to C:/Users/cedric/AppData/Roaming/AGS/New World/savedata/temp_usersettings.javsave
<2022-06-06 19:16:05.460>: [Info]: SerializeOptions: Success
<2022-06-06 19:16:05.460>: [Info]: SerializeOptions: Moving to C:/Users/cedric/AppData/Roaming/AGS/New World/savedata/temp_usersettings.javsave
<2022-06-06 19:16:13.021>: [Info]: SerializeOptions: Success
<2022-06-06 19:16:13.021>: [Info]: SerializeOptions: Moving to C:/Users/cedric/AppData/Roaming/AGS/New World/savedata/temp_usersettings.javsave
<2022-06-06 19:31:20.321>: [Info] (AZCore): [GameMessagePort] MayHandleReplicationUnreliable() returning false clientContextInstanceId  3 m_clientContextInstanceId 3 seq 227047 m_lastUnreliableReplicationSeq 227048
<2022-06-06 19:31:22.040>: [Info] (AZCore): [GameMessagePort] MayHandleReplicationUnreliable() returning false clientContextInstanceId  3 m_clientContextInstanceId 3 seq 227194 m_lastUnreliableReplicationSeq 227195
<2022-06-06 19:32:43.564>: [Info]: SerializeOptions: Success
<2022-06-06 19:32:43.564>: [Info]: SerializeOptions: Moving to C:/Users/cedric/AppData/Roaming/AGS/New World/savedata/temp_usersettings.javsave
<2022-06-06 19:34:46.409>: [Info]: SerializeOptions: Success
<2022-06-06 19:34:46.409>: [Info]: SerializeOptions: Moving to C:/Users/cedric/AppData/Roaming/AGS/New World/savedata/temp_usersettings.javsave
<2022-06-06 19:35:30.479>: [Info] (AZCore): [GameMessagePort] MayHandleReplicationUnreliable() returning false clientContextInstanceId  3 m_clientContextInstanceId 3 seq 245940 m_lastUnreliableReplicationSeq 245941
<2022-06-06 19:35:58.945>: [Info] (AZCore): [GameMessagePort] MayHandleReplicationUnreliable() returning false clientContextInstanceId  3 m_clientContextInstanceId 3 seq 248162 m_lastUnreliableReplicationSeq 248163
<2022-06-06 19:36:02.343>: [Info] (AZCore): [GameMessagePort] MayHandleReplicationUnreliable() returning false clientContextInstanceId  3 m_clientContextInstanceId 3 seq 248415 m_lastUnreliableReplicationSeq 248416
<2022-06-06 19:36:04.322>: [Info] (AZCore): [GameMessagePort] MayHandleReplicationUnreliable() returning false clientContextInstanceId  3 m_clientContextInstanceId 3 seq 248566 m_lastUnreliableReplicationSeq 248567
<2022-06-06 19:36:35.651>: [Info]: SerializeOptions: Success
<2022-06-06 19:36:35.651>: [Info]: SerializeOptions: Moving to C:/Users/cedric/AppData/Roaming/AGS/New World/savedata/temp_usersettings.javsave
<2022-06-06 19:36:51.513>: [Info] (AZCore): [GameMessagePort] MayHandleReplicationUnreliable() returning false clientContextInstanceId  3 m_clientContextInstanceId 3 seq 252193 m_lastUnreliableReplicationSeq 252194
<2022-06-06 19:37:10.841>: [Info] (AZCore): [GameMessagePort] MayHandleReplicationUnreliable() returning false clientContextInstanceId  3 m_clientContextInstanceId 3 seq 253662 m_lastUnreliableReplicationSeq 253663
<2022-06-06 19:37:22.099>: [Info] (AZCore): [GameMessagePort] MayHandleReplicationUnreliable() returning false clientContextInstanceId  3 m_clientContextInstanceId 3 seq 254541 m_lastUnreliableReplicationSeq 254542
<2022-06-06 19:37:54.712>: [Info] (AZCore): [GameMessagePort] MayHandleReplicationUnreliable() returning false clientContextInstanceId  3 m_clientContextInstanceId 3 seq 257009 m_lastUnreliableReplicationSeq 257010
<2022-06-06 19:38:20.114>: [Info] (AZCore): [GameMessagePort] MayHandleReplicationUnreliable() returning false clientContextInstanceId  3 m_clientContextInstanceId 3 seq 258920 m_lastUnreliableReplicationSeq 258921
<2022-06-06 19:40:56.184>: [Info]: SerializeOptions: Success
<2022-06-06 19:40:56.184>: [Info]: SerializeOptions: Moving to C:/Users/cedric/AppData/Roaming/AGS/New World/savedata/temp_usersettings.javsave
<2022-06-06 19:41:03.867>: [Info]: SerializeOptions: Success
<2022-06-06 19:41:03.867>: [Info]: SerializeOptions: Moving to C:/Users/cedric/AppData/Roaming/AGS/New World/savedata/temp_usersettings.javsave
<2022-06-06 19:46:50.049>: [Info] (AZCore): [SteamAuth] EndSessionJob: Calling Persona to end session
<2022-06-06 19:46:50.545>: [Info] (AZCore): [SteamAuth] Persona EndSession called successfully
<2022-06-06 19:46:50.545>: [Info] (AZCore): [Game] CGame::ActorContainerDisconnect
<2022-06-06 19:46:50.545>: [Info] (AZCore): [GameConnection] GameConnectionWrapper::Disconnect
<2022-06-06 19:46:50.545>: [Info] (AZCore): [Game] CGame::OnDisconnection: Disconnected from REP
<2022-06-06 19:46:50.561>: [Info] (AZCore): [GameConnection] GameConnectionWrapper: disconnected from REP
<2022-06-06 19:46:50.574>: [Info]: [ERROR] ClientSDK: @mm_csdkerr_disconnect
<2022-06-06 19:46:51.689>: [Info] (AZCore): [GameConnection] Update state InGame to new state Disconnected
<2022-06-06 19:46:51.689>: [Info]: CSystem::Quit invoked from thread 16900 (main is 16900)
<2022-06-06 19:46:51.689>: [Info] (AZCore): [Game] CGame::ActorContainerDisconnect
