<2022-06-06 11:58:12.265>: [Info]: BackupNameAttachment=" Build(1687873) 06 Jun 22 (13 58 12)"  -- used by backup system

<2022-06-06 11:58:12.265>: [Info]: Log Started at local time Mon Jun  6 13:58:12 2022
<2022-06-06 11:58:12.266>: [Info]: Built on Sat May 28 01:10:18 2022

<2022-06-06 11:58:12.266>: [Info]: Running 64 bit Windows version
<2022-06-06 11:58:12.266>: [Info]: Executable: NewWorld.exe [AZ_RETAIL_CONFIG]
<2022-06-06 11:58:12.266>: [Info]: FileVersion: 1.18.547.1687873
<2022-06-06 11:58:12.266>: [Info]: ProductVersion: 1.18.547.1687873
<2022-06-06 11:58:12.266>: [Info]: Using Microsoft (tm) C++ Standard Library implementation

<2022-06-06 11:58:12.268>: [Info] (AZCore): [System] Loading system configuration from system_windows_pc.cfg...
<2022-06-06 11:58:12.268>: [Info] (AZCore): [System] GameDir: Assets

<2022-06-06 11:58:13.447>: [Info]: 
<2022-06-06 11:58:13.448>: [Info]: Total number of logical processors: 16
<2022-06-06 11:58:13.448>: [Info]: Number of available logical processors: 16
<2022-06-06 11:58:13.448>: [Info]: Total number of system cores: 8
<2022-06-06 11:58:13.448>: [Info]: Number of cores available to process: 8
<2022-06-06 11:58:13.448>: [Info]:  
<2022-06-06 11:58:13.448>: [Info]: Processor 0:
<2022-06-06 11:58:13.448>: [Info]:   CPU: Intel        Intel(R) Xeon(R) CPU E5-2689 0 @ 2.60GHz
<2022-06-06 11:58:13.448>: [Info]:   Family: 6, Model: 13, Stepping: 7
<2022-06-06 11:58:13.448>: [Info]:   FPU: On-Chip
<2022-06-06 11:58:13.448>: [Info]:   3DNow!: not present
<2022-06-06 11:58:13.448>: [Info]:   MMX: not present
<2022-06-06 11:58:13.448>: [Info]:   SSE: present
<2022-06-06 11:58:13.448>: [Info]:   SSE2: present
<2022-06-06 11:58:13.448>: [Info]:   SSE3: present
<2022-06-06 11:58:13.448>: [Info]:   Serial number not present or disabled
<2022-06-06 11:58:13.448>: [Info]:  
<2022-06-06 11:58:13.448>: [Info]: Processor 1:
<2022-06-06 11:58:13.448>: [Info]:   CPU: Intel        Intel(R) Xeon(R) CPU E5-2689 0 @ 2.60GHz
<2022-06-06 11:58:13.448>: [Info]:   Family: 6, Model: 13, Stepping: 7
<2022-06-06 11:58:13.448>: [Info]:   FPU: On-Chip
<2022-06-06 11:58:13.448>: [Info]:   3DNow!: not present
<2022-06-06 11:58:13.448>: [Info]:   MMX: not present
<2022-06-06 11:58:13.448>: [Info]:   SSE: present
<2022-06-06 11:58:13.448>: [Info]:   SSE2: present
<2022-06-06 11:58:13.448>: [Info]:   SSE3: present
<2022-06-06 11:58:13.448>: [Info]:   Serial number not present or disabled
<2022-06-06 11:58:13.448>: [Info]:  
<2022-06-06 11:58:13.448>: [Info]: Processor 2:
<2022-06-06 11:58:13.448>: [Info]:   CPU: Intel        Intel(R) Xeon(R) CPU E5-2689 0 @ 2.60GHz
<2022-06-06 11:58:13.448>: [Info]:   Family: 6, Model: 13, Stepping: 7
<2022-06-06 11:58:13.448>: [Info]:   FPU: On-Chip
<2022-06-06 11:58:13.448>: [Info]:   3DNow!: not present
<2022-06-06 11:58:13.448>: [Info]:   MMX: not present
<2022-06-06 11:58:13.448>: [Info]:   SSE: present
<2022-06-06 11:58:13.448>: [Info]:   SSE2: present
<2022-06-06 11:58:13.448>: [Info]:   SSE3: present
<2022-06-06 11:58:13.448>: [Info]:   Serial number not present or disabled
<2022-06-06 11:58:13.448>: [Info]:  
<2022-06-06 11:58:13.448>: [Info]: Processor 3:
<2022-06-06 11:58:13.448>: [Info]:   CPU: Intel        Intel(R) Xeon(R) CPU E5-2689 0 @ 2.60GHz
<2022-06-06 11:58:13.448>: [Info]:   Family: 6, Model: 13, Stepping: 7
<2022-06-06 11:58:13.448>: [Info]:   FPU: On-Chip
<2022-06-06 11:58:13.448>: [Info]:   3DNow!: not present
<2022-06-06 11:58:13.448>: [Info]:   MMX: not present
<2022-06-06 11:58:13.448>: [Info]:   SSE: present
<2022-06-06 11:58:13.448>: [Info]:   SSE2: present
<2022-06-06 11:58:13.448>: [Info]:   SSE3: present
<2022-06-06 11:58:13.448>: [Info]:   Serial number not present or disabled
<2022-06-06 11:58:13.448>: [Info]:  
<2022-06-06 11:58:13.448>: [Info]: Processor 4:
<2022-06-06 11:58:13.448>: [Info]:   CPU: Intel        Intel(R) Xeon(R) CPU E5-2689 0 @ 2.60GHz
<2022-06-06 11:58:13.448>: [Info]:   Family: 6, Model: 13, Stepping: 7
<2022-06-06 11:58:13.448>: [Info]:   FPU: On-Chip
<2022-06-06 11:58:13.448>: [Info]:   3DNow!: not present
<2022-06-06 11:58:13.448>: [Info]:   MMX: not present
<2022-06-06 11:58:13.448>: [Info]:   SSE: present
<2022-06-06 11:58:13.448>: [Info]:   SSE2: present
<2022-06-06 11:58:13.448>: [Info]:   SSE3: present
<2022-06-06 11:58:13.448>: [Info]:   Serial number not present or disabled
<2022-06-06 11:58:13.448>: [Info]:  
<2022-06-06 11:58:13.448>: [Info]: Processor 5:
<2022-06-06 11:58:13.448>: [Info]:   CPU: Intel        Intel(R) Xeon(R) CPU E5-2689 0 @ 2.60GHz
<2022-06-06 11:58:13.448>: [Info]:   Family: 6, Model: 13, Stepping: 7
<2022-06-06 11:58:13.448>: [Info]:   FPU: On-Chip
<2022-06-06 11:58:13.448>: [Info]:   3DNow!: not present
<2022-06-06 11:58:13.448>: [Info]:   MMX: not present
<2022-06-06 11:58:13.448>: [Info]:   SSE: present
<2022-06-06 11:58:13.448>: [Info]:   SSE2: present
<2022-06-06 11:58:13.448>: [Info]:   SSE3: present
<2022-06-06 11:58:13.448>: [Info]:   Serial number not present or disabled
<2022-06-06 11:58:13.448>: [Info]:  
<2022-06-06 11:58:13.448>: [Info]: Processor 6:
<2022-06-06 11:58:13.448>: [Info]:   CPU: Intel        Intel(R) Xeon(R) CPU E5-2689 0 @ 2.60GHz
<2022-06-06 11:58:13.448>: [Info]:   Family: 6, Model: 13, Stepping: 7
<2022-06-06 11:58:13.448>: [Info]:   FPU: On-Chip
<2022-06-06 11:58:13.448>: [Info]:   3DNow!: not present
<2022-06-06 11:58:13.448>: [Info]:   MMX: not present
<2022-06-06 11:58:13.448>: [Info]:   SSE: present
<2022-06-06 11:58:13.448>: [Info]:   SSE2: present
<2022-06-06 11:58:13.448>: [Info]:   SSE3: present
<2022-06-06 11:58:13.448>: [Info]:   Serial number not present or disabled
<2022-06-06 11:58:13.448>: [Info]:  
<2022-06-06 11:58:13.448>: [Info]: Processor 7:
<2022-06-06 11:58:13.448>: [Info]:   CPU: Intel        Intel(R) Xeon(R) CPU E5-2689 0 @ 2.60GHz
<2022-06-06 11:58:13.448>: [Info]:   Family: 6, Model: 13, Stepping: 7
<2022-06-06 11:58:13.448>: [Info]:   FPU: On-Chip
<2022-06-06 11:58:13.448>: [Info]:   3DNow!: not present
<2022-06-06 11:58:13.448>: [Info]:   MMX: not present
<2022-06-06 11:58:13.448>: [Info]:   SSE: present
<2022-06-06 11:58:13.448>: [Info]:   SSE2: present
<2022-06-06 11:58:13.448>: [Info]:   SSE3: present
<2022-06-06 11:58:13.449>: [Info]:   Serial number not present or disabled
<2022-06-06 11:58:13.449>: [Info]:  
<2022-06-06 11:58:13.449>: [Info]: Windows 10 64 bit (build 10.0.19043)
<2022-06-06 11:58:13.449>: [Info]: System language: French
<2022-06-06 11:58:13.449>: [Info]: Windows Directory: "C:\WINDOWS"
<2022-06-06 11:58:13.449>: [Info]: Local time is 13:58:13 06/06/22, system running for 9881 minutes
<2022-06-06 11:58:13.449>: [Info]: 16316MB physical memory installed, 11036MB available, 134217727MB virtual memory installed, 32 percent of memory in use
<2022-06-06 11:58:13.450>: [Info]: PageFile usage: 199MB, Working Set: 249MB, Peak PageFile usage: 363MB,
<2022-06-06 11:58:13.450>: [Info]: Current display mode is 78043832, (Unknown graphics card)
<2022-06-06 11:58:13.450>: [Info]: IBM enhanced (101/102-key) keyboard and 5+ button mouse installed
<2022-06-06 11:58:13.450>: [Info]: --------------------------------------------------------------------------------
<2022-06-06 11:58:13.452>: [Info] (AZCore): [System] Stream Engine Initialization
<2022-06-06 11:58:13.453>: [Info]: GameName: New World
<2022-06-06 11:58:13.453>: [Info]: BuildTime: Sat May 28 01:10:18 2022

<2022-06-06 11:58:13.453>: [Info] (AZCore): [System] Physics initialization
<2022-06-06 11:58:13.454>: [Info] (AZCore): [System] Renderer initialization
<2022-06-06 11:58:13.457>: [Info]: Logging video adapters:
<2022-06-06 11:58:14.897>: [Info]: - Radeon RX 580 Series (vendor = 0x1002, device = 0x67df)
<2022-06-06 11:58:14.897>: [Info]:   - Adapter index: 0
<2022-06-06 11:58:14.897>: [Info]:   - Dedicated video memory: 8170 MB
<2022-06-06 11:58:14.897>: [Info]:   - Feature level: DX11 (SM 5.0)
<2022-06-06 11:58:14.897>: [Info]:   - Displays connected: yes
<2022-06-06 11:58:14.897>: [Info]:   - Suitable rendering device: yes
<2022-06-06 11:58:15.263>: [Info]: - Microsoft Basic Render Driver (vendor = 0x1414, device = 0x008c)
<2022-06-06 11:58:15.263>: [Info]:   - Adapter index: 1
<2022-06-06 11:58:15.263>: [Info]:   - Dedicated video memory: 0 MB
<2022-06-06 11:58:15.263>: [Info]:   - Feature level: DX11 (SM 5.0)
<2022-06-06 11:58:15.263>: [Info]:   - Displays connected: no
<2022-06-06 11:58:15.263>: [Info]:   - Suitable rendering device: no
<2022-06-06 11:58:17.238>: [Info]: Active GPUs: 1
<2022-06-06 11:58:18.575>: [Info] (AZCore): [Audio] AudioSystem initialized in High Ram mode. Available RAM [16315]MB, LowRam cutoff is [9216]MB
<2022-06-06 11:58:20.434>: [Info] (AZCore): [System] Font initialization
<2022-06-06 11:58:20.434>: [Info]: Using FreeType 2.5.0
<2022-06-06 11:58:40.623>: [Info] (AZCore): [System] Time initialization
<2022-06-06 11:58:40.623>: [Info] (AZCore): [System] Input initialization
<2022-06-06 11:58:40.624>: [Info] (AZCore): [System] UI system initialization
<2022-06-06 11:58:40.624>: [Info] (AZCore): [System] Initializing Animation System
<2022-06-06 11:58:40.625>: [Info] (AZCore): [System] Initializing 3D Engine
<2022-06-06 11:58:40.626>: [Info]: Sky light: Optical lookup tables loaded off disc.
<2022-06-06 11:58:40.627>: [Info] (AZCore): [System] Script System Initialization
<2022-06-06 11:58:40.627>: [Info] (AZCore): [System] Entity system initialization
<2022-06-06 11:58:40.629>: [Info] (AZCore): [System] Initializing additional systems
<2022-06-06 11:58:40.629>: [Info] (AZCore): [System] Dynamic Response System initialization
<2022-06-06 11:58:40.629>: [Info] (AZCore): [System] No Dynamic Response System was loaded from a module, the system will use the NULL DynamicResponseSystem.
<2022-06-06 11:58:40.630>: [Info]: Running machine spec auto detect (64 bit)...
<2022-06-06 11:58:40.630>: [Info]: - Windows 10 64 bit (build 10.0.19043)
<2022-06-06 11:58:40.630>: [Info]: - System memory
<2022-06-06 11:58:40.630>: [Info]: --- 16315 MB
<2022-06-06 11:58:40.630>: [Info]: - Intel(R) Xeon(R) CPU E5-2689 0 @ 2.60GHz
<2022-06-06 11:58:40.630>: [Info]: --- Number of available cores: 8 (out of 8)
<2022-06-06 11:58:40.630>: [Info]: --- Number of logical processors: 16
<2022-06-06 11:58:40.943>: [Info]: - Radeon RX 580 Series (vendor = 0x1002, device = 0x67df)
<2022-06-06 11:58:40.943>: [Info]: --- Dedicated video memory: 8170 MB
<2022-06-06 11:58:40.943>: [Info]: --- Feature level: DX11 (SM 5.0)
<2022-06-06 11:58:40.944>: [Info]: - Final rating: Machine class 2
<2022-06-06 11:58:42.100>: [Info] (AZCore): [System] == Version Info ===============================================================

<2022-06-06 11:58:42.100>: [Info] (AZCore): [System] [RETAIL].Javelin.1.18.547.1687873

<2022-06-06 11:58:42.100>: [Info] (AZCore): [System] ===============================================================================

<2022-06-06 11:58:42.111>: [Info]: Client config override file not found: @assets@/ClientOverride.json
<2022-06-06 11:58:44.117>: [Info] (AZCore): [Game] Steam Initialized!
<2022-06-06 11:58:44.117>: [Info] (AZCore): [Game] Using remote config: true
<2022-06-06 11:58:44.117>: [Info] (AZCore): [Game] Steam Utils obtained? true
<2022-06-06 11:58:44.117>: [Info] (AZCore): [Game] Using Steam App ID: 1063730
<2022-06-06 11:58:44.117>: [Info] (AZCore): [StackConfig] Configuring remote config with bucket ags-javelin-remote-config
<2022-06-06 11:58:44.117>: [Info]: Channel service uri: https://d2c74t4zimux3r.cloudfront.net/STEAM_APP_ID.1063730.json
<2022-06-06 11:58:44.842>: [Info]: Channel name: Retail
<2022-06-06 11:58:44.842>: [Info]: Found cluster data for cluster id: fra-prod
<2022-06-06 11:58:44.842>: [Info]: Display Name: EU Central
<2022-06-06 11:58:44.842>: [Info]: Auth Stack: https://2mfrik7h83.execute-api.us-east-1.amazonaws.com/Prod
<2022-06-06 11:58:44.842>: [Info]: Auth Stack Region: us-east-1
<2022-06-06 11:58:44.842>: [Info]: Gateway Host: u433g9r00c.execute-api.eu-central-1.amazonaws.com
<2022-06-06 11:58:44.842>: [Info]: Gateway Stack: d1w0bfy6smo4d1.cloudfront.net
<2022-06-06 11:58:44.842>: [Info]: Gateway Stack Region: eu-central-1
<2022-06-06 11:58:44.842>: [Info]: Http Gateway Stack: https://d1w0bfy6smo4d1.cloudfront.net/prod
<2022-06-06 11:58:44.842>: [Info]: Http Gateway Stack Region: eu-central-1
<2022-06-06 11:58:44.842>: [Info]: Found cluster data for cluster id: gru-prod
<2022-06-06 11:58:44.842>: [Info]: Display Name: SA East
<2022-06-06 11:58:44.842>: [Info]: Auth Stack: https://kqqt5twsi7.execute-api.us-east-1.amazonaws.com/Prod
<2022-06-06 11:58:44.842>: [Info]: Auth Stack Region: us-east-1
<2022-06-06 11:58:44.842>: [Info]: Gateway Host: j4n6whncmi.execute-api.sa-east-1.amazonaws.com
<2022-06-06 11:58:44.842>: [Info]: Gateway Stack: d1cjlmzk0xrm0z.cloudfront.net
<2022-06-06 11:58:44.842>: [Info]: Gateway Stack Region: sa-east-1
<2022-06-06 11:58:44.842>: [Info]: Http Gateway Stack: https://d1cjlmzk0xrm0z.cloudfront.net/prod
<2022-06-06 11:58:44.842>: [Info]: Http Gateway Stack Region: sa-east-1
<2022-06-06 11:58:44.842>: [Info]: Found cluster data for cluster id: iad-prod
<2022-06-06 11:58:44.842>: [Info]: Display Name: US East
<2022-06-06 11:58:44.842>: [Info]: Auth Stack: https://eudbjx6mig.execute-api.us-east-1.amazonaws.com/Prod
<2022-06-06 11:58:44.842>: [Info]: Auth Stack Region: us-east-1
<2022-06-06 11:58:44.842>: [Info]: Gateway Host: 0prplal5u1.execute-api.us-east-1.amazonaws.com
<2022-06-06 11:58:44.842>: [Info]: Gateway Stack: d2oeuvxi3kfsrw.cloudfront.net
<2022-06-06 11:58:44.842>: [Info]: Gateway Stack Region: us-east-1
<2022-06-06 11:58:44.842>: [Info]: Http Gateway Stack: https://d2oeuvxi3kfsrw.cloudfront.net/prod
<2022-06-06 11:58:44.842>: [Info]: Http Gateway Stack Region: us-east-1
<2022-06-06 11:58:44.842>: [Info]: Found cluster data for cluster id: pdx-prod
<2022-06-06 11:58:44.842>: [Info]: Display Name: US West
<2022-06-06 11:58:44.842>: [Info]: Auth Stack: https://q8hqllbg6k.execute-api.us-east-1.amazonaws.com/Prod
<2022-06-06 11:58:44.842>: [Info]: Auth Stack Region: us-east-1
<2022-06-06 11:58:44.842>: [Info]: Gateway Host: v7irlu1nrl.execute-api.us-west-2.amazonaws.com
<2022-06-06 11:58:44.842>: [Info]: Gateway Stack: d3bj4csovi1fe8.cloudfront.net
<2022-06-06 11:58:44.842>: [Info]: Gateway Stack Region: us-west-2
<2022-06-06 11:58:44.842>: [Info]: Http Gateway Stack: https://d3bj4csovi1fe8.cloudfront.net/prod
<2022-06-06 11:58:44.842>: [Info]: Http Gateway Stack Region: us-west-2
<2022-06-06 11:58:44.842>: [Info]: Found platform metadata for key: ENTITLEMENTS.STEAM_APP_ID.1063730
<2022-06-06 11:58:44.842>: [Info]: Found platform metadata for key: PERSONA.STEAM_APP_ID.1063730
<2022-06-06 11:58:44.842>: [Info]: Found persona role for cluster id: fra-prod - arn:aws:iam::093607389475:role/AgsLiveResources-AllowPersonaAccessRole-1U24RJQDKWS63
<2022-06-06 11:58:44.842>: [Info]: Found persona role for cluster id: fra-qa - arn:aws:iam::544220128841:role/AgsLiveResources-AllowPersonaAccessRole-PSN32B5D8G0L
<2022-06-06 11:58:44.842>: [Info]: Found persona role for cluster id: fra-staging - arn:aws:iam::411585047658:role/AgsLiveResources-AllowPersonaAccessRole-709I6ZY9EAFH
<2022-06-06 11:58:44.842>: [Info]: Found persona role for cluster id: gru-prod - arn:aws:iam::845253724667:role/AgsLiveResources-AllowPersonaAccessRole-SLHVYULH7U5
<2022-06-06 11:58:44.842>: [Info]: Found persona role for cluster id: iad-prod - arn:aws:iam::819349112573:role/AgsLiveResources-AllowPersonaAccessRole-1PHH0BI346X75
<2022-06-06 11:58:44.842>: [Info]: Found persona role for cluster id: iad-staging - arn:aws:iam::910532829260:role/AgsLiveResources-AllowPersonaAccessRole-OXG60NCUXR74
<2022-06-06 11:58:44.842>: [Info]: Found persona role for cluster id: pdx-devo - arn:aws:iam::166847089677:role/AgsLiveResources-AllowPersonaAccessRole-15NKM8MRPA2BX
<2022-06-06 11:58:44.842>: [Info]: Found persona role for cluster id: pdx-prod - arn:aws:iam::458929010575:role/AgsLiveResources-AllowPersonaAccessRole-QYL4I8P12BEA
<2022-06-06 11:58:44.842>: [Info]: Found persona role for cluster id: pdx-qa - arn:aws:iam::379061375310:role/AgsLiveResources-AllowPersonaAccessRole-116SW3GWSL7P1
<2022-06-06 11:58:44.842>: [Info]: Found persona role for cluster id: syd-prod - arn:aws:iam::018141801470:role/AgsLiveResources-AllowPersonaAccessRole-1CPZ9EG8SYMOQ
<2022-06-06 11:58:44.842>: [Info]: Found cluster data for cluster id: syd-prod
<2022-06-06 11:58:44.842>: [Info]: Display Name: AP Southeast
<2022-06-06 11:58:44.842>: [Info]: Auth Stack: https://hhf8nn71vb.execute-api.us-east-1.amazonaws.com/Prod
<2022-06-06 11:58:44.842>: [Info]: Auth Stack Region: us-east-1
<2022-06-06 11:58:44.842>: [Info]: Gateway Host: ep1m9qoir8.execute-api.ap-southeast-2.amazonaws.com
<2022-06-06 11:58:44.842>: [Info]: Gateway Stack: de4mfzk9wkelz.cloudfront.net
<2022-06-06 11:58:44.842>: [Info]: Gateway Stack Region: ap-southeast-2
<2022-06-06 11:58:44.842>: [Info]: Http Gateway Stack: https://de4mfzk9wkelz.cloudfront.net/prod
<2022-06-06 11:58:44.842>: [Info]: Http Gateway Stack Region: ap-southeast-2
<2022-06-06 11:58:49.533>: [Info]: Failure in initializing Fuel::Iap::IapClient: 14
<2022-06-06 11:58:49.534>: [Info] (AZCore): [Game] LogEnvironmentString: ProductId: STEAM_APP_ID.1063730
<2022-06-06 11:58:49.535>: [Info] (AZCore): [Game] LogEnvironmentString: ClusterId: fra-prod
<2022-06-06 11:58:49.537>: [Info] (AZCore): [StackConfig] LayerS3(): layer's "remoteCfg.public.RegionId" S3 key (old: ""), reset to new value: "applications/public/configuration-sets/RegionId/fra-prod/versionless"
<2022-06-06 11:58:49.537>: [Info] (AZCore): [StackConfig] LayerS3(): layer's "remoteCfg.public.RegionIdv" S3 key (old: ""), reset to new value: "applications/public/configuration-sets/RegionId/fra-prod/547;1687873"
<2022-06-06 11:58:49.537>: [Info] (AZCore): [StackConfig] LayerS3(): layer's "remoteCfg.public.CognitoId" S3 key (old: ""), reset to new value: "applications/public/configuration-sets/CognitoId/us-east-1:0de93f7c-814e-4d48-a8fd-b6efc2f9ed93/versionless"
<2022-06-06 11:58:49.537>: [Info] (AZCore): [StackConfig] LayerS3(): layer's "remoteCfg.public.CognitoIdv" S3 key (old: ""), reset to new value: "applications/public/configuration-sets/CognitoId/us-east-1:0de93f7c-814e-4d48-a8fd-b6efc2f9ed93/547;1687873"
<2022-06-06 11:58:49.537>: [Info] (AZCore): [StackConfig] LayerS3(): layer's "remoteCfg.publicGameplay.RegionId" S3 key (old: ""), reset to new value: "applications/publicGameplay/configuration-sets/RegionId/fra-prod/versionless"
<2022-06-06 11:58:49.537>: [Info] (AZCore): [StackConfig] LayerS3(): layer's "remoteCfg.publicGameplay.RegionIdv" S3 key (old: ""), reset to new value: "applications/publicGameplay/configuration-sets/RegionId/fra-prod/547;1687873"
<2022-06-06 11:58:49.537>: [Info] (AZCore): [StackConfig] LayerS3(): layer's "remoteCfg.publicGameplay.CognitoId" S3 key (old: ""), reset to new value: "applications/publicGameplay/configuration-sets/CognitoId/us-east-1:0de93f7c-814e-4d48-a8fd-b6efc2f9ed93/versionless"
<2022-06-06 11:58:49.537>: [Info] (AZCore): [StackConfig] LayerS3(): layer's "remoteCfg.publicGameplay.CognitoIdv" S3 key (old: ""), reset to new value: "applications/publicGameplay/configuration-sets/CognitoId/us-east-1:0de93f7c-814e-4d48-a8fd-b6efc2f9ed93/547;1687873"
<2022-06-06 11:58:49.537>: [Info] (AZCore): [AuthManager] Initializing Steam Auth Manager.
<2022-06-06 11:58:49.537>: [Info] (AZCore): [SteamAuth] Initializing Persona.
<2022-06-06 11:58:49.572>: [Info]: [EasyAntiCheat] Initializing EAC game client module...
<2022-06-06 11:58:49.593>: [Info]: [EasyAntiCheat] ...EAC game client module initialized successfully.
<2022-06-06 11:58:50.608>: [Info]: Initializing default materials...
<2022-06-06 11:58:50.609>: [Info]: Initializing default footstep material...
<2022-06-06 11:58:51.067>: [Info] (AZCore): [streamingGDEManager] Initialize()
<2022-06-06 11:58:51.067>: [Info] (AZCore): [AsyncMapUnload] No previous level to unload, so not starting async.  Just loading this map now: ("frontendv2")
<2022-06-06 11:58:51.067>: [Info]: ============================ Loading level frontendv2 ============================
<2022-06-06 11:58:58.825>: [Info]: CGame::InitCoatlicueTerrain
<2022-06-06 11:58:58.842>: [Info] (AZCore): [Game] 0x441F4C03(user) attempting sign-in.
<2022-06-06 11:58:58.842>: [Info] (AZCore): [Game] LogEnvironmentString: Auth Mode: user
<2022-06-06 11:58:58.842>: [Info] (AZCore): [SteamAuth] Attempting to log in to Steam
<2022-06-06 11:58:58.842>: [Info] (AZCore): [SteamAuth] Getting steam auth session ticket.
<2022-06-06 11:59:00.166>: [Info] (AZCore): [SteamAuth] OnAuthSessionTicket: Authenticating using steam auth session ticket: 2
<2022-06-06 11:59:00.169>: [Info] (AZCore): [SteamAuth] CreateSteamSessionJob: Calling Persona to create steam session
<2022-06-06 11:59:00.968>: [Info] (AZCore): [SteamAuth] OnCreatedSessionSteam: Creating session for persona id: amzn1.developerPersonaId.02e9f3b7-55e1-865a-9031-570ce6f27a49.
<2022-06-06 11:59:00.968>: [Info] (AZCore): [SteamAuth] Calling Http API: https://d1w0bfy6smo4d1.cloudfront.net/prod/credentials
<2022-06-06 11:59:01.160>: [Info] (AZCore): [AuthStackCredentialsProvider] Successfully refreshed gateway AWS credentials, next attempt will start after 2022-06-06T12:53:59Z
<2022-06-06 11:59:01.160>: [Info] (AZCore): [AuthStackCredentialsProvider] Successfully refreshed persona AWS credentials, next attempt will start after 2022-06-06T12:53:59Z
<2022-06-06 11:59:01.176>: [Info] (AZCore): [Game] CGame::OnCampfireLoginComplete, login successful. ownership=permanent
<2022-06-06 11:59:01.176>: [Info] (AZCore): [Game] LogEnvironmentString: Gateway Signing Host: u433g9r00c.execute-api.eu-central-1.amazonaws.com
<2022-06-06 11:59:01.176>: [Info] (AZCore): [Game] LogEnvironmentString: Gateway Address: d1w0bfy6smo4d1.cloudfront.net
<2022-06-06 11:59:01.176>: [Info] (AZCore): [Game] LogEnvironmentString: HTTP Gateway Address: https://d1w0bfy6smo4d1.cloudfront.net/prod
<2022-06-06 11:59:01.176>: [Info] (AZCore): [Game] LogEnvironmentString: Gateway Mode: gateway
<2022-06-06 11:59:01.176>: [Info] (AZCore): [GameConnection] ConfigureLogin MODE_GATEWAY: endpoint=d1w0bfy6smo4d1.cloudfront.net, httpEntpoint=https://d1w0bfy6smo4d1.cloudfront.net/prod, region=eu-central-1
<2022-06-06 11:59:01.179>: [Info] (AZCore): [StackConfig] LayerS3(): layer's "remoteCfg.public.ProductId" S3 key (old: ""), reset to new value: "applications/public/configuration-sets/ProductId/STEAM_APP_ID.1063730/versionless"
<2022-06-06 11:59:01.179>: [Info] (AZCore): [StackConfig] Querying "remoteCfg.public.ProductId" remote config. S3 key: "applications/public/configuration-sets/ProductId/STEAM_APP_ID.1063730/versionless"
<2022-06-06 11:59:01.643>: [Info] (AZCore): [StackConfig] Retrieved layer's "remoteCfg.public.ProductId" remote config, with S3 key: "applications/public/configuration-sets/ProductId/STEAM_APP_ID.1063730/versionless" successfully, size: 339

<2022-06-06 11:59:01.646>: [Info] (AZCore): [StackConfig] LayerS3(): layer's "remoteCfg.public.ProductIdv" S3 key (old: ""), reset to new value: "applications/public/configuration-sets/ProductId/STEAM_APP_ID.1063730/547;1687873"
<2022-06-06 11:59:01.646>: [Info] (AZCore): [StackConfig] Querying "remoteCfg.public.ProductIdv" remote config. S3 key: "applications/public/configuration-sets/ProductId/STEAM_APP_ID.1063730/547;1687873"
<2022-06-06 11:59:01.755>: [Info] (AZCore): [StackConfig] LayerS3(): layer's "remoteCfg.public.RegionId" S3 key (old: "applications/public/configuration-sets/RegionId/fra-prod/versionless"), reset to new value: "applications/public/configuration-sets/RegionId/fra-prod/versionless"
<2022-06-06 11:59:01.755>: [Info] (AZCore): [StackConfig] Querying "remoteCfg.public.RegionId" remote config. S3 key: "applications/public/configuration-sets/RegionId/fra-prod/versionless"
<2022-06-06 11:59:01.870>: [Info] (AZCore): [StackConfig] Retrieved layer's "remoteCfg.public.RegionId" remote config, with S3 key: "applications/public/configuration-sets/RegionId/fra-prod/versionless" successfully, size: 246

<2022-06-06 11:59:01.873>: [Info] (AZCore): [StackConfig] LayerS3(): layer's "remoteCfg.public.RegionIdv" S3 key (old: "applications/public/configuration-sets/RegionId/fra-prod/547;1687873"), reset to new value: "applications/public/configuration-sets/RegionId/fra-prod/547;1687873"
<2022-06-06 11:59:01.873>: [Info] (AZCore): [StackConfig] Querying "remoteCfg.public.RegionIdv" remote config. S3 key: "applications/public/configuration-sets/RegionId/fra-prod/547;1687873"
<2022-06-06 11:59:01.991>: [Info] (AZCore): [StackConfig] LayerS3(): layer's "remoteCfg.publicGameplay.ProductId" S3 key (old: ""), reset to new value: "applications/publicGameplay/configuration-sets/ProductId/STEAM_APP_ID.1063730/versionless"
<2022-06-06 11:59:01.991>: [Info] (AZCore): [StackConfig] Querying "remoteCfg.publicGameplay.ProductId" remote config. S3 key: "applications/publicGameplay/configuration-sets/ProductId/STEAM_APP_ID.1063730/versionless"
<2022-06-06 11:59:02.120>: [Info] (AZCore): [StackConfig] Retrieved layer's "remoteCfg.publicGameplay.ProductId" remote config, with S3 key: "applications/publicGameplay/configuration-sets/ProductId/STEAM_APP_ID.1063730/versionless" successfully, size: 736

<2022-06-06 11:59:02.123>: [Info] (AZCore): [StackConfig] LayerS3(): layer's "remoteCfg.publicGameplay.ProductIdv" S3 key (old: ""), reset to new value: "applications/publicGameplay/configuration-sets/ProductId/STEAM_APP_ID.1063730/547;1687873"
<2022-06-06 11:59:02.123>: [Info] (AZCore): [StackConfig] Querying "remoteCfg.publicGameplay.ProductIdv" remote config. S3 key: "applications/publicGameplay/configuration-sets/ProductId/STEAM_APP_ID.1063730/547;1687873"
<2022-06-06 11:59:02.233>: [Info] (AZCore): [StackConfig] LayerS3(): layer's "remoteCfg.publicGameplay.RegionId" S3 key (old: "applications/publicGameplay/configuration-sets/RegionId/fra-prod/versionless"), reset to new value: "applications/publicGameplay/configuration-sets/RegionId/fra-prod/versionless"
<2022-06-06 11:59:02.233>: [Info] (AZCore): [StackConfig] Querying "remoteCfg.publicGameplay.RegionId" remote config. S3 key: "applications/publicGameplay/configuration-sets/RegionId/fra-prod/versionless"
<2022-06-06 11:59:02.346>: [Info] (AZCore): [StackConfig] Retrieved layer's "remoteCfg.publicGameplay.RegionId" remote config, with S3 key: "applications/publicGameplay/configuration-sets/RegionId/fra-prod/versionless" successfully, size: 137

<2022-06-06 11:59:02.349>: [Info] (AZCore): [StackConfig] LayerS3(): layer's "remoteCfg.publicGameplay.RegionIdv" S3 key (old: "applications/publicGameplay/configuration-sets/RegionId/fra-prod/547;1687873"), reset to new value: "applications/publicGameplay/configuration-sets/RegionId/fra-prod/547;1687873"
<2022-06-06 11:59:02.349>: [Info] (AZCore): [StackConfig] Querying "remoteCfg.publicGameplay.RegionIdv" remote config. S3 key: "applications/publicGameplay/configuration-sets/RegionId/fra-prod/547;1687873"
<2022-06-06 11:59:03.201>: [Info] (AZCore): [Game] LogEnvironmentString: Persona ID: amzn1.developerPersonaId.02e9f3b7-55e1-865a-9031-570ce6f27a49
<2022-06-06 11:59:03.506>: [Info]: 
<2022-06-06 11:59:03.507>: [Info]: Total number of logical processors: 16
<2022-06-06 11:59:03.507>: [Info]: Number of available logical processors: 16
<2022-06-06 11:59:03.507>: [Info]: Total number of system cores: 8
<2022-06-06 11:59:03.507>: [Info]: Number of cores available to process: 8
<2022-06-06 11:59:03.507>: [Info]:  
<2022-06-06 11:59:03.507>: [Info]: Processor 0:
<2022-06-06 11:59:03.507>: [Info]:   CPU: Intel        Intel(R) Xeon(R) CPU E5-2689 0 @ 2.60GHz
<2022-06-06 11:59:03.507>: [Info]:   Family: 6, Model: 13, Stepping: 7
<2022-06-06 11:59:03.507>: [Info]:   FPU: On-Chip
<2022-06-06 11:59:03.507>: [Info]:   3DNow!: not present
<2022-06-06 11:59:03.507>: [Info]:   MMX: not present
<2022-06-06 11:59:03.507>: [Info]:   SSE: present
<2022-06-06 11:59:03.507>: [Info]:   SSE2: present
<2022-06-06 11:59:03.507>: [Info]:   SSE3: present
<2022-06-06 11:59:03.507>: [Info]:   Serial number not present or disabled
<2022-06-06 11:59:03.507>: [Info]:  
<2022-06-06 11:59:03.507>: [Info]: Processor 1:
<2022-06-06 11:59:03.507>: [Info]:   CPU: Intel        Intel(R) Xeon(R) CPU E5-2689 0 @ 2.60GHz
<2022-06-06 11:59:03.507>: [Info]:   Family: 6, Model: 13, Stepping: 7
<2022-06-06 11:59:03.507>: [Info]:   FPU: On-Chip
<2022-06-06 11:59:03.507>: [Info]:   3DNow!: not present
<2022-06-06 11:59:03.507>: [Info]:   MMX: not present
<2022-06-06 11:59:03.507>: [Info]:   SSE: present
<2022-06-06 11:59:03.507>: [Info]:   SSE2: present
<2022-06-06 11:59:03.507>: [Info]:   SSE3: present
<2022-06-06 11:59:03.507>: [Info]:   Serial number not present or disabled
<2022-06-06 11:59:03.507>: [Info]:  
<2022-06-06 11:59:03.507>: [Info]: Processor 2:
<2022-06-06 11:59:03.507>: [Info]:   CPU: Intel        Intel(R) Xeon(R) CPU E5-2689 0 @ 2.60GHz
<2022-06-06 11:59:03.507>: [Info]:   Family: 6, Model: 13, Stepping: 7
<2022-06-06 11:59:03.507>: [Info]:   FPU: On-Chip
<2022-06-06 11:59:03.507>: [Info]:   3DNow!: not present
<2022-06-06 11:59:03.507>: [Info]:   MMX: not present
<2022-06-06 11:59:03.507>: [Info]:   SSE: present
<2022-06-06 11:59:03.507>: [Info]:   SSE2: present
<2022-06-06 11:59:03.507>: [Info]:   SSE3: present
<2022-06-06 11:59:03.507>: [Info]:   Serial number not present or disabled
<2022-06-06 11:59:03.507>: [Info]:  
<2022-06-06 11:59:03.507>: [Info]: Processor 3:
<2022-06-06 11:59:03.507>: [Info]:   CPU: Intel        Intel(R) Xeon(R) CPU E5-2689 0 @ 2.60GHz
<2022-06-06 11:59:03.507>: [Info]:   Family: 6, Model: 13, Stepping: 7
<2022-06-06 11:59:03.507>: [Info]:   FPU: On-Chip
<2022-06-06 11:59:03.507>: [Info]:   3DNow!: not present
<2022-06-06 11:59:03.507>: [Info]:   MMX: not present
<2022-06-06 11:59:03.507>: [Info]:   SSE: present
<2022-06-06 11:59:03.507>: [Info]:   SSE2: present
<2022-06-06 11:59:03.507>: [Info]:   SSE3: present
<2022-06-06 11:59:03.507>: [Info]:   Serial number not present or disabled
<2022-06-06 11:59:03.507>: [Info]:  
<2022-06-06 11:59:03.507>: [Info]: Processor 4:
<2022-06-06 11:59:03.507>: [Info]:   CPU: Intel        Intel(R) Xeon(R) CPU E5-2689 0 @ 2.60GHz
<2022-06-06 11:59:03.507>: [Info]:   Family: 6, Model: 13, Stepping: 7
<2022-06-06 11:59:03.507>: [Info]:   FPU: On-Chip
<2022-06-06 11:59:03.507>: [Info]:   3DNow!: not present
<2022-06-06 11:59:03.507>: [Info]:   MMX: not present
<2022-06-06 11:59:03.507>: [Info]:   SSE: present
<2022-06-06 11:59:03.507>: [Info]:   SSE2: present
<2022-06-06 11:59:03.507>: [Info]:   SSE3: present
<2022-06-06 11:59:03.507>: [Info]:   Serial number not present or disabled
<2022-06-06 11:59:03.507>: [Info]:  
<2022-06-06 11:59:03.507>: [Info]: Processor 5:
<2022-06-06 11:59:03.507>: [Info]:   CPU: Intel        Intel(R) Xeon(R) CPU E5-2689 0 @ 2.60GHz
<2022-06-06 11:59:03.507>: [Info]:   Family: 6, Model: 13, Stepping: 7
<2022-06-06 11:59:03.507>: [Info]:   FPU: On-Chip
<2022-06-06 11:59:03.507>: [Info]:   3DNow!: not present
<2022-06-06 11:59:03.507>: [Info]:   MMX: not present
<2022-06-06 11:59:03.507>: [Info]:   SSE: present
<2022-06-06 11:59:03.507>: [Info]:   SSE2: present
<2022-06-06 11:59:03.507>: [Info]:   SSE3: present
<2022-06-06 11:59:03.507>: [Info]:   Serial number not present or disabled
<2022-06-06 11:59:03.507>: [Info]:  
<2022-06-06 11:59:03.507>: [Info]: Processor 6:
<2022-06-06 11:59:03.507>: [Info]:   CPU: Intel        Intel(R) Xeon(R) CPU E5-2689 0 @ 2.60GHz
<2022-06-06 11:59:03.507>: [Info]:   Family: 6, Model: 13, Stepping: 7
<2022-06-06 11:59:03.507>: [Info]:   FPU: On-Chip
<2022-06-06 11:59:03.507>: [Info]:   3DNow!: not present
<2022-06-06 11:59:03.507>: [Info]:   MMX: not present
<2022-06-06 11:59:03.507>: [Info]:   SSE: present
<2022-06-06 11:59:03.507>: [Info]:   SSE2: present
<2022-06-06 11:59:03.507>: [Info]:   SSE3: present
<2022-06-06 11:59:03.507>: [Info]:   Serial number not present or disabled
<2022-06-06 11:59:03.507>: [Info]:  
<2022-06-06 11:59:03.507>: [Info]: Processor 7:
<2022-06-06 11:59:03.507>: [Info]:   CPU: Intel        Intel(R) Xeon(R) CPU E5-2689 0 @ 2.60GHz
<2022-06-06 11:59:03.507>: [Info]:   Family: 6, Model: 13, Stepping: 7
<2022-06-06 11:59:03.507>: [Info]:   FPU: On-Chip
<2022-06-06 11:59:03.507>: [Info]:   3DNow!: not present
<2022-06-06 11:59:03.507>: [Info]:   MMX: not present
<2022-06-06 11:59:03.507>: [Info]:   SSE: present
<2022-06-06 11:59:03.507>: [Info]:   SSE2: present
<2022-06-06 11:59:03.507>: [Info]:   SSE3: present
<2022-06-06 11:59:03.507>: [Info]:   Serial number not present or disabled
<2022-06-06 11:59:03.507>: [Info]:  
<2022-06-06 11:59:03.507>: [Info]: Change detected in analytics configuration. Re-instantiating network traffic reporter
<2022-06-06 11:59:19.002>: [Info] (AZCore): [Game] CGame::ActorContainerConnect
<2022-06-06 11:59:19.002>: [Info] (AZCore): [GameConnection] GameConnectionWrapper::Disconnect
<2022-06-06 11:59:19.002>: [Info] (AZCore): [GameConnection] GameConnectionWrapper::Connect: playerName = xuppra
<2022-06-06 11:59:19.002>: [Info] (AZCore): [GameConnection] Update state Disconnected to new state QueueGameLogin
<2022-06-06 11:59:19.018>: [Info] (AZCore): [GameConnection] Update state QueueGameLogin to new state WaitingForQueuedLogin
<2022-06-06 11:59:19.018>: [Info] (AZCore): [GameConnection] Queuing login for world () and character (9b7f7427-abde-4ac3-83cd-f10d78f51d29)
<2022-06-06 11:59:20.649>: [Info] (AZCore): [GameConnection] Received a login ticket: 86ae8332-ed32-420e-985c-61011022847a_64e8bae3-86ae-4d76-afb2-79f9a2ad9f99, location: , New Ticket
<2022-06-06 11:59:22.986>: [Info] (AZCore): [GameConnection] Received a login ticket: 86ae8332-ed32-420e-985c-61011022847a_64e8bae3-86ae-4d76-afb2-79f9a2ad9f99, location: , Refreshed Ticket
<2022-06-06 11:59:22.986>: [Info] (AZCore): [Game] LogEnvironmentString: World ID: 86ae8332-ed32-420e-985c-61011022847a
<2022-06-06 11:59:22.986>: [Info] (AZCore): [Game] LogEnvironmentString: World Name: live-1-12-2
<2022-06-06 11:59:22.986>: [Info] (AZCore): [Game] LogEnvironmentString: Character ID: 9b7f7427-abde-4ac3-83cd-f10d78f51d29
<2022-06-06 11:59:22.986>: [Info] (AZCore): [Game] LogEnvironmentString: REP Address: 52.223.18.203:56797
<2022-06-06 11:59:22.999>: [Info] (AZCore): [GameConnection] Update state WaitingForQueuedLogin to new state QueryForRemoteConfigClass
<2022-06-06 11:59:23.003>: [Info] (AZCore): [StackConfig] LayerS3(): layer's "remoteCfg.public.CognitoId" S3 key (old: "applications/public/configuration-sets/CognitoId/us-east-1:0de93f7c-814e-4d48-a8fd-b6efc2f9ed93/versionless"), reset to new value: "applications/public/configuration-sets/CognitoId/us-east-1:0de93f7c-814e-4d48-a8fd-b6efc2f9ed93/versionless"
<2022-06-06 11:59:23.003>: [Info] (AZCore): [GameConnection] Update state QueryForRemoteConfigClass to new state WaitingForRemoteConfigClass
<2022-06-06 11:59:23.004>: [Info] (AZCore): [StackConfig] Querying "remoteCfg.public.CognitoId" remote config. S3 key: "applications/public/configuration-sets/CognitoId/us-east-1:0de93f7c-814e-4d48-a8fd-b6efc2f9ed93/versionless"
<2022-06-06 11:59:23.500>: [Info] (AZCore): [StackConfig] Retrieved layer's "remoteCfg.public.CognitoId" remote config, with S3 key: "applications/public/configuration-sets/CognitoId/us-east-1:0de93f7c-814e-4d48-a8fd-b6efc2f9ed93/versionless" successfully, size: 462

<2022-06-06 11:59:23.515>: [Info] (AZCore): [GameConnection] Update state WaitingForRemoteConfigClass to new state QueryForRemoteConfigClass
<2022-06-06 11:59:23.531>: [Info] (AZCore): [StackConfig] LayerS3(): layer's "remoteCfg.public.CognitoIdv" S3 key (old: "applications/public/configuration-sets/CognitoId/us-east-1:0de93f7c-814e-4d48-a8fd-b6efc2f9ed93/547;1687873"), reset to new value: "applications/public/configuration-sets/CognitoId/us-east-1:0de93f7c-814e-4d48-a8fd-b6efc2f9ed93/547;1687873"
<2022-06-06 11:59:23.531>: [Info] (AZCore): [GameConnection] Update state QueryForRemoteConfigClass to new state WaitingForRemoteConfigClass
<2022-06-06 11:59:23.532>: [Info] (AZCore): [StackConfig] Querying "remoteCfg.public.CognitoIdv" remote config. S3 key: "applications/public/configuration-sets/CognitoId/us-east-1:0de93f7c-814e-4d48-a8fd-b6efc2f9ed93/547;1687873"
<2022-06-06 11:59:23.643>: [Info] (AZCore): [GameConnection] Update state WaitingForRemoteConfigClass to new state QueryForRemoteConfigClass
<2022-06-06 11:59:23.659>: [Info] (AZCore): [StackConfig] LayerS3(): layer's "remoteCfg.public.WorldId" S3 key (old: ""), reset to new value: "applications/public/configuration-sets/WorldId/86ae8332-ed32-420e-985c-61011022847a/versionless"
<2022-06-06 11:59:23.659>: [Info] (AZCore): [GameConnection] Update state QueryForRemoteConfigClass to new state WaitingForRemoteConfigClass
<2022-06-06 11:59:23.660>: [Info] (AZCore): [StackConfig] Querying "remoteCfg.public.WorldId" remote config. S3 key: "applications/public/configuration-sets/WorldId/86ae8332-ed32-420e-985c-61011022847a/versionless"
<2022-06-06 11:59:23.770>: [Info] (AZCore): [GameConnection] Update state WaitingForRemoteConfigClass to new state QueryForRemoteConfigClass
<2022-06-06 11:59:23.786>: [Info] (AZCore): [StackConfig] LayerS3(): layer's "remoteCfg.public.WorldIdv" S3 key (old: ""), reset to new value: "applications/public/configuration-sets/WorldId/86ae8332-ed32-420e-985c-61011022847a/547;1687873"
<2022-06-06 11:59:23.787>: [Info] (AZCore): [GameConnection] Update state QueryForRemoteConfigClass to new state WaitingForRemoteConfigClass
<2022-06-06 11:59:23.788>: [Info] (AZCore): [StackConfig] Querying "remoteCfg.public.WorldIdv" remote config. S3 key: "applications/public/configuration-sets/WorldId/86ae8332-ed32-420e-985c-61011022847a/547;1687873"
<2022-06-06 11:59:23.898>: [Info] (AZCore): [GameConnection] Update state WaitingForRemoteConfigClass to new state QueryForRemoteConfigClass
<2022-06-06 11:59:23.914>: [Info] (AZCore): [StackConfig] LayerS3(): layer's "remoteCfg.publicGameplay.CognitoId" S3 key (old: "applications/publicGameplay/configuration-sets/CognitoId/us-east-1:0de93f7c-814e-4d48-a8fd-b6efc2f9ed93/versionless"), reset to new value: "applications/publicGameplay/configuration-sets/CognitoId/us-east-1:0de93f7c-814e-4d48-a8fd-b6efc2f9ed93/versionless"
<2022-06-06 11:59:23.915>: [Info] (AZCore): [GameConnection] Update state QueryForRemoteConfigClass to new state WaitingForRemoteConfigClass
<2022-06-06 11:59:23.915>: [Info] (AZCore): [StackConfig] Querying "remoteCfg.publicGameplay.CognitoId" remote config. S3 key: "applications/publicGameplay/configuration-sets/CognitoId/us-east-1:0de93f7c-814e-4d48-a8fd-b6efc2f9ed93/versionless"
<2022-06-06 11:59:24.037>: [Info] (AZCore): [StackConfig] Retrieved layer's "remoteCfg.publicGameplay.CognitoId" remote config, with S3 key: "applications/publicGameplay/configuration-sets/CognitoId/us-east-1:0de93f7c-814e-4d48-a8fd-b6efc2f9ed93/versionless" successfully, size: 2244

<2022-06-06 11:59:24.042>: [Info] (AZCore): [GameConnection] Update state WaitingForRemoteConfigClass to new state QueryForRemoteConfigClass
<2022-06-06 11:59:24.058>: [Info] (AZCore): [StackConfig] LayerS3(): layer's "remoteCfg.publicGameplay.CognitoIdv" S3 key (old: "applications/publicGameplay/configuration-sets/CognitoId/us-east-1:0de93f7c-814e-4d48-a8fd-b6efc2f9ed93/547;1687873"), reset to new value: "applications/publicGameplay/configuration-sets/CognitoId/us-east-1:0de93f7c-814e-4d48-a8fd-b6efc2f9ed93/547;1687873"
<2022-06-06 11:59:24.059>: [Info] (AZCore): [GameConnection] Update state QueryForRemoteConfigClass to new state WaitingForRemoteConfigClass
<2022-06-06 11:59:24.059>: [Info] (AZCore): [StackConfig] Querying "remoteCfg.publicGameplay.CognitoIdv" remote config. S3 key: "applications/publicGameplay/configuration-sets/CognitoId/us-east-1:0de93f7c-814e-4d48-a8fd-b6efc2f9ed93/547;1687873"
<2022-06-06 11:59:24.170>: [Info] (AZCore): [GameConnection] Update state WaitingForRemoteConfigClass to new state QueryForRemoteConfigClass
<2022-06-06 11:59:24.186>: [Info] (AZCore): [StackConfig] LayerS3(): layer's "remoteCfg.publicGameplay.WorldId" S3 key (old: ""), reset to new value: "applications/publicGameplay/configuration-sets/WorldId/86ae8332-ed32-420e-985c-61011022847a/versionless"
<2022-06-06 11:59:24.186>: [Info] (AZCore): [GameConnection] Update state QueryForRemoteConfigClass to new state WaitingForRemoteConfigClass
<2022-06-06 11:59:24.187>: [Info] (AZCore): [StackConfig] Querying "remoteCfg.publicGameplay.WorldId" remote config. S3 key: "applications/publicGameplay/configuration-sets/WorldId/86ae8332-ed32-420e-985c-61011022847a/versionless"
<2022-06-06 11:59:24.314>: [Info] (AZCore): [GameConnection] Update state WaitingForRemoteConfigClass to new state QueryForRemoteConfigClass
<2022-06-06 11:59:24.330>: [Info] (AZCore): [StackConfig] LayerS3(): layer's "remoteCfg.publicGameplay.WorldIdv" S3 key (old: ""), reset to new value: "applications/publicGameplay/configuration-sets/WorldId/86ae8332-ed32-420e-985c-61011022847a/547;1687873"
<2022-06-06 11:59:24.330>: [Info] (AZCore): [GameConnection] Update state QueryForRemoteConfigClass to new state WaitingForRemoteConfigClass
<2022-06-06 11:59:24.331>: [Info] (AZCore): [StackConfig] Querying "remoteCfg.publicGameplay.WorldIdv" remote config. S3 key: "applications/publicGameplay/configuration-sets/WorldId/86ae8332-ed32-420e-985c-61011022847a/547;1687873"
<2022-06-06 11:59:24.442>: [Info] (AZCore): [GameConnection] Update state WaitingForRemoteConfigClass to new state QueryForRemoteConfigClass
<2022-06-06 11:59:24.458>: [Info] (AZCore): [GameConnection] Update state QueryForRemoteConfigClass to new state StartREPConnection
<2022-06-06 11:59:24.474>: [Info] (AZCore): [GameConnection] GameConnectionWrapper: start REP connection RepAddress = 52.223.18.203:56797, worldId = 86ae8332-ed32-420e-985c-61011022847a
<2022-06-06 11:59:24.477>: [Info] (AZCore): [GameConnection] Update state StartREPConnection to new state WaitingForREPConnection
<2022-06-06 11:59:24.654>: [Info] (AZCore): [GameConnection] GameConnectionWrapper: REP socket connection established, now waiting to register
<2022-06-06 11:59:24.712>: [Info] (AZCore): [GameConnection] GameConnectionWrapper: received registration response from REP
<2022-06-06 11:59:24.712>: [Info] (AZCore): [Game] LogEnvironmentString: Server version: [RELEASE].Javelin.1.18.547.1687873
<2022-06-06 11:59:24.714>: [Info] (AZCore): [GameConnection] GameConnectionWrapper: start actor game connection
<2022-06-06 11:59:24.714>: [Info] (AZCore): [GameMessagePort] Reset
<2022-06-06 11:59:24.714>: [Info] (AZCore): [GameConnection] Update state WaitingForREPConnection to new state WaitingForActorGameConnection
<2022-06-06 11:59:24.826>: [Info] (AZCore): [GameConnection] GameConnectionWrapper: actor game connection succeeds
<2022-06-06 11:59:24.826>: [Info] (AZCore): [GameConnection] Initialize current retry count : 0
<2022-06-06 11:59:24.826>: [Info] (AZCore): [GameConnection] Update state WaitingForActorGameConnection to new state WaitingForSpawnPoint
<2022-06-06 11:59:24.842>: [Info] (AZCore): [GameConnection] GameConnectionWrapper: spawn point found
<2022-06-06 11:59:24.842>: [Info] (AZCore): [GameConnection] Update state WaitingForSpawnPoint to new state WaitingForAOIClient
<2022-06-06 11:59:25.052>: [Info] (AZCore): [GameMessagePort] LevelInfoChanged
<2022-06-06 11:59:25.052>: [Info] (AZCore): [GameMessagePort] LevelInfoChanged m_clientContextInstanceId 0 changing to levelInfo.m_clientContextInstanceId 1
<2022-06-06 11:59:25.052>: [Info] (AZCore): [GameConnection] GameConnectionWrapper: AOI client available
<2022-06-06 11:59:25.052>: [Info] (AZCore): [GameConnection] Update state WaitingForAOIClient to new state WaitingForPlayerSpawn
<2022-06-06 11:59:25.084>: [Info] (AZCore): [GameMessagePort] Calling clientContext->Initialize
<2022-06-06 11:59:25.084>: [Info] (AZCore): [ClientContext] Initialize()
<2022-06-06 11:59:25.084>: [Info] (AZCore): [ClientContext] Cleanup()
<2022-06-06 11:59:26.970>: [Info] (AZCore): [streamingGDEManager] Initialize()
<2022-06-06 11:59:26.971>: [Info] (AZCore): [AsyncMapUnload] Loading of map "NewWorld_VitaeEterna" deferred in order to async unload previous level "frontendv2": starting async unload...
<2022-06-06 11:59:26.973>: [Info] (AZCore): [AsyncMapUnload] Lumberyard Connection State: "WaitingForPlayerSpawn"
<2022-06-06 11:59:26.973>: [Info] (AZCore): [AsyncMapUnload] waiting... numJobs 0, AssetBus::context.m_queue.size(): 328, waitingRefs (from bus): 0
<2022-06-06 11:59:26.973>: [Info] (AZCore): [GameMessagePort] HandleUnexpectedMessage skipping ReceiveStateBundle for bundle message due to clientContext == nullptr
<2022-06-06 11:59:26.978>: [Info] (AZCore): [AsyncMapUnload] DONE waiting... numJobs 0, AssetBus::context.m_queue.size(): 0, waitingRefs (from bus): 0
<2022-06-06 11:59:26.978>: [Info] (AZCore): [AsyncMapUnload] ...allowing map change
<2022-06-06 11:59:26.978>: [Info]: ============================ Loading level NewWorld_VitaeEterna ============================
<2022-06-06 11:59:30.836>: [Info]: CGame::InitCoatlicueTerrain
<2022-06-06 11:59:30.841>: [Info] (AZCore): [GameMessagePort] ProcessPendingReliableMsgQueue processing 2 messages from m_pendingUnexpectedMsgs
<2022-06-06 11:59:30.853>: [Info] (AZCore): [GameMessagePort] LevelInfoChanged
<2022-06-06 11:59:31.397>: [Info] (AZCore): [GDERenderManager] Init()
<2022-06-06 11:59:31.435>: [Info] (AZCore): [Game] LogEnvironmentString: Player Name: xuppra
<2022-06-06 11:59:31.435>: [Info] (AZCore): [Game] LogEnvironmentString: Player Actor: AE595B482D0B0A66E58F984433AC4281
<2022-06-06 11:59:31.481>: [Info]: SerializeOptions: Success
<2022-06-06 11:59:31.481>: [Info]: SerializeOptions: Moving to C:/Users/cedric/AppData/Roaming/AGS/New World/savedata/temp_usersettings.javsave
<2022-06-06 11:59:31.513>: [Info] (AZCore): [GameConnection] GameConnectionWrapper: player spawn succeeds, in game
<2022-06-06 11:59:31.513>: [Info] (AZCore): [GameConnection] Update state WaitingForPlayerSpawn to new state InGame
<2022-06-06 11:59:31.513>: [Info] (AZCore): [Game] JavelinGame::OnConnectionSucceed
<2022-06-06 11:59:35.277>: [Info] (AZCore): [GameMessagePort] LevelInfoChanged
<2022-06-06 11:59:42.746>: [Info]: SerializeOptions: Success
<2022-06-06 11:59:42.746>: [Info]: SerializeOptions: Moving to C:/Users/cedric/AppData/Roaming/AGS/New World/savedata/temp_usersettings.javsave
<2022-06-06 12:03:05.545>: [Info]: SerializeOptions: Success
<2022-06-06 12:03:05.545>: [Info]: SerializeOptions: Moving to C:/Users/cedric/AppData/Roaming/AGS/New World/savedata/temp_usersettings.javsave
<2022-06-06 12:04:26.480>: [Info] (AZCore): [GameMessagePort] MayHandleReplicationUnreliable() returning false clientContextInstanceId  1 m_clientContextInstanceId 1 seq 17580 m_lastUnreliableReplicationSeq 17581
<2022-06-06 12:08:29.701>: [Info]: SerializeOptions: Success
<2022-06-06 12:08:29.701>: [Info]: SerializeOptions: Moving to C:/Users/cedric/AppData/Roaming/AGS/New World/savedata/temp_usersettings.javsave
<2022-06-06 12:08:31.095>: [Info] (AZCore): [GameMessagePort] LevelInfoChanged
<2022-06-06 12:08:31.095>: [Info] (AZCore): [GameMessagePort] Reset
<2022-06-06 12:08:31.095>: [Info] (AZCore): [GameConnection] Update state InGame to new state WaitingForAOIClient
<2022-06-06 12:08:31.095>: [Info] (AZCore): [GameMessagePort] LevelInfoChanged m_clientContextInstanceId 1 changing to levelInfo.m_clientContextInstanceId 2
<2022-06-06 12:08:31.144>: [Info] (AZCore): [GameConnection] GameConnectionWrapper: AOI client available
<2022-06-06 12:08:31.144>: [Info] (AZCore): [GameConnection] Update state WaitingForAOIClient to new state WaitingForPlayerSpawn
<2022-06-06 12:08:31.227>: [Info] (AZCore): [GameMessagePort] Calling clientContext->Initialize
<2022-06-06 12:08:31.227>: [Info] (AZCore): [ClientContext] Initialize()
<2022-06-06 12:08:31.227>: [Info] (AZCore): [ClientContext] Cleanup()
<2022-06-06 12:08:31.227>: [Info] (AZCore): [GDERenderManager] Releasing resources!
<2022-06-06 12:08:31.265>: [Info] (AZCore): [streamingGDEManager] Shutting down and releasing regions
<2022-06-06 12:08:31.329>: [Info] (AZCore): [streamingGDEManager] Shutting down and releasing regions
<2022-06-06 12:08:32.452>: [Info] (AZCore): [streamingGDEManager] Initialize()
<2022-06-06 12:08:32.453>: [Info] (AZCore): [AsyncMapUnload] Loading of map "NW_Arena01" deferred in order to async unload previous level "NewWorld_VitaeEterna": starting async unload...
<2022-06-06 12:08:32.458>: [Info] (AZCore): [AsyncMapUnload] Lumberyard Connection State: "WaitingForPlayerSpawn"
<2022-06-06 12:08:32.458>: [Info] (AZCore): [AsyncMapUnload] waiting... numJobs 0, AssetBus::context.m_queue.size(): 3705, waitingRefs (from bus): 0
<2022-06-06 12:08:32.458>: [Info] (AZCore): [GameMessagePort] HandleUnexpectedMessage skipping ReceiveStateBundle for bundle message due to clientContext == nullptr
<2022-06-06 12:08:32.612>: [Info] (AZCore): [AsyncMapUnload] DONE waiting... numJobs 0, AssetBus::context.m_queue.size(): 0, waitingRefs (from bus): 0
<2022-06-06 12:08:32.612>: [Info] (AZCore): [AsyncMapUnload] ...allowing map change
<2022-06-06 12:08:32.612>: [Info]: ============================ Loading level NW_Arena01 ============================
<2022-06-06 12:08:32.933>: [Info]: SerializeOptions: Success
<2022-06-06 12:08:32.933>: [Info]: SerializeOptions: Moving to C:/Users/cedric/AppData/Roaming/AGS/New World/savedata/temp_usersettings.javsave
<2022-06-06 12:08:35.407>: [Info]: CGame::InitCoatlicueTerrain
<2022-06-06 12:08:35.410>: [Info] (AZCore): [GameMessagePort] ProcessPendingReliableMsgQueue processing 1 messages from m_pendingUnexpectedMsgs
<2022-06-06 12:08:35.706>: [Info] (AZCore): [GDERenderManager] Init()
<2022-06-06 12:08:38.825>: [Info] (AZCore): [GameConnection] GameConnectionWrapper: player spawn succeeds, in game
<2022-06-06 12:08:38.825>: [Info] (AZCore): [GameConnection] Update state WaitingForPlayerSpawn to new state InGame
<2022-06-06 12:08:38.825>: [Info] (AZCore): [Game] JavelinGame::OnConnectionSucceed
<2022-06-06 12:13:19.383>: [Info] (AZCore): [GameMessagePort] MayHandleReplicationUnreliable() returning false clientContextInstanceId  2 m_clientContextInstanceId 2 seq 16936 m_lastUnreliableReplicationSeq 16937
<2022-06-06 12:14:50.018>: [Info]: SerializeOptions: Success
<2022-06-06 12:14:50.018>: [Info]: SerializeOptions: Moving to C:/Users/cedric/AppData/Roaming/AGS/New World/savedata/temp_usersettings.javsave
<2022-06-06 12:14:50.679>: [Info] (AZCore): [GameMessagePort] LevelInfoChanged
<2022-06-06 12:14:50.679>: [Info] (AZCore): [GameMessagePort] Reset
<2022-06-06 12:14:50.679>: [Info] (AZCore): [GameConnection] Update state InGame to new state WaitingForAOIClient
<2022-06-06 12:14:50.679>: [Info] (AZCore): [GameMessagePort] LevelInfoChanged m_clientContextInstanceId 2 changing to levelInfo.m_clientContextInstanceId 3
<2022-06-06 12:14:50.679>: [Info] (AZCore): [GameConnection] GameConnectionWrapper: AOI client available
<2022-06-06 12:14:50.679>: [Info] (AZCore): [GameConnection] Update state WaitingForAOIClient to new state WaitingForPlayerSpawn
<2022-06-06 12:14:50.839>: [Info] (AZCore): [GameMessagePort] Calling clientContext->Initialize
<2022-06-06 12:14:50.839>: [Info] (AZCore): [ClientContext] Initialize()
<2022-06-06 12:14:50.839>: [Info] (AZCore): [ClientContext] Cleanup()
<2022-06-06 12:14:50.839>: [Info] (AZCore): [GDERenderManager] Releasing resources!
<2022-06-06 12:14:50.840>: [Info] (AZCore): [streamingGDEManager] Shutting down and releasing regions
<2022-06-06 12:14:50.841>: [Info] (AZCore): [streamingGDEManager] Shutting down and releasing regions
<2022-06-06 12:14:52.681>: [Info] (AZCore): [streamingGDEManager] Initialize()
<2022-06-06 12:14:52.681>: [Info] (AZCore): [AsyncMapUnload] Loading of map "NewWorld_VitaeEterna" deferred in order to async unload previous level "NW_Arena01": starting async unload...
<2022-06-06 12:14:52.682>: [Info] (AZCore): [AsyncMapUnload] Lumberyard Connection State: "WaitingForPlayerSpawn"
<2022-06-06 12:14:52.682>: [Info] (AZCore): [AsyncMapUnload] waiting... numJobs 0, AssetBus::context.m_queue.size(): 221, waitingRefs (from bus): 0
<2022-06-06 12:14:52.682>: [Info] (AZCore): [GameMessagePort] HandleUnexpectedMessage skipping ReceiveStateBundle for bundle message due to clientContext == nullptr
<2022-06-06 12:14:53.469>: [Info] (AZCore): [AsyncMapUnload] waiting... numJobs 56, AssetBus::context.m_queue.size(): 6, waitingRefs (from bus): 0
<2022-06-06 12:14:53.583>: [Info] (AZCore): [AsyncMapUnload] waiting... numJobs 0, AssetBus::context.m_queue.size(): 1, waitingRefs (from bus): 0
<2022-06-06 12:14:53.606>: [Info] (AZCore): [AsyncMapUnload] waiting... numJobs 0, AssetBus::context.m_queue.size(): 778, waitingRefs (from bus): 0
<2022-06-06 12:14:53.623>: [Info] (AZCore): [AsyncMapUnload] waiting... numJobs 0, AssetBus::context.m_queue.size(): 7, waitingRefs (from bus): 0
<2022-06-06 12:14:53.639>: [Info] (AZCore): [AsyncMapUnload] waiting... numJobs 0, AssetBus::context.m_queue.size(): 12, waitingRefs (from bus): 0
<2022-06-06 12:14:53.655>: [Info] (AZCore): [AsyncMapUnload] waiting... numJobs 0, AssetBus::context.m_queue.size(): 29, waitingRefs (from bus): 0
<2022-06-06 12:14:53.671>: [Info] (AZCore): [AsyncMapUnload] DONE waiting... numJobs 0, AssetBus::context.m_queue.size(): 0, waitingRefs (from bus): 0
<2022-06-06 12:14:53.671>: [Info] (AZCore): [AsyncMapUnload] ...allowing map change
<2022-06-06 12:14:53.671>: [Info]: ============================ Loading level NewWorld_VitaeEterna ============================
<2022-06-06 12:14:53.907>: [Info]: SerializeOptions: Success
<2022-06-06 12:14:53.907>: [Info]: SerializeOptions: Moving to C:/Users/cedric/AppData/Roaming/AGS/New World/savedata/temp_usersettings.javsave
<2022-06-06 12:14:56.353>: [Info]: CGame::InitCoatlicueTerrain
<2022-06-06 12:14:56.356>: [Info] (AZCore): [GameMessagePort] ProcessPendingReliableMsgQueue processing 50 messages from m_pendingUnexpectedMsgs
<2022-06-06 12:14:56.838>: [Info] (AZCore): [GDERenderManager] Init()
<2022-06-06 12:14:59.298>: [Info] (AZCore): [GameConnection] GameConnectionWrapper: player spawn succeeds, in game
<2022-06-06 12:14:59.298>: [Info] (AZCore): [GameConnection] Update state WaitingForPlayerSpawn to new state InGame
<2022-06-06 12:14:59.298>: [Info] (AZCore): [Game] JavelinGame::OnConnectionSucceed
<2022-06-06 12:15:06.320>: [Info]: SerializeOptions: Success
<2022-06-06 12:15:06.320>: [Info]: SerializeOptions: Moving to C:/Users/cedric/AppData/Roaming/AGS/New World/savedata/temp_usersettings.javsave
<2022-06-06 12:20:16.209>: [Info]: SerializeOptions: Success
<2022-06-06 12:20:16.209>: [Info]: SerializeOptions: Moving to C:/Users/cedric/AppData/Roaming/AGS/New World/savedata/temp_usersettings.javsave
<2022-06-06 12:20:16.631>: [Info] (AZCore): [GameMessagePort] LevelInfoChanged
<2022-06-06 12:20:16.631>: [Info] (AZCore): [GameMessagePort] Reset
<2022-06-06 12:20:16.631>: [Info] (AZCore): [GameConnection] Update state InGame to new state WaitingForAOIClient
<2022-06-06 12:20:16.631>: [Info] (AZCore): [GameMessagePort] LevelInfoChanged m_clientContextInstanceId 3 changing to levelInfo.m_clientContextInstanceId 4
<2022-06-06 12:20:16.750>: [Info] (AZCore): [GameConnection] GameConnectionWrapper: AOI client available
<2022-06-06 12:20:16.750>: [Info] (AZCore): [GameConnection] Update state WaitingForAOIClient to new state WaitingForPlayerSpawn
<2022-06-06 12:20:16.768>: [Info] (AZCore): [GameMessagePort] Calling clientContext->Initialize
<2022-06-06 12:20:16.768>: [Info] (AZCore): [ClientContext] Initialize()
<2022-06-06 12:20:16.768>: [Info] (AZCore): [ClientContext] Cleanup()
<2022-06-06 12:20:16.768>: [Info] (AZCore): [GDERenderManager] Releasing resources!
<2022-06-06 12:20:16.801>: [Info] (AZCore): [streamingGDEManager] Shutting down and releasing regions
<2022-06-06 12:20:16.866>: [Info] (AZCore): [streamingGDEManager] Shutting down and releasing regions
<2022-06-06 12:20:17.907>: [Info] (AZCore): [streamingGDEManager] Initialize()
<2022-06-06 12:20:17.908>: [Info] (AZCore): [AsyncMapUnload] Loading of map "NW_Arena01" deferred in order to async unload previous level "NewWorld_VitaeEterna": starting async unload...
<2022-06-06 12:20:17.912>: [Info] (AZCore): [AsyncMapUnload] Lumberyard Connection State: "WaitingForPlayerSpawn"
<2022-06-06 12:20:17.912>: [Info] (AZCore): [AsyncMapUnload] waiting... numJobs 0, AssetBus::context.m_queue.size(): 3587, waitingRefs (from bus): 0
<2022-06-06 12:20:17.912>: [Info] (AZCore): [GameMessagePort] HandleUnexpectedMessage skipping ReceiveStateBundle for bundle message due to clientContext == nullptr
<2022-06-06 12:20:17.955>: [Info]: SerializeOptions: Success
<2022-06-06 12:20:17.955>: [Info]: SerializeOptions: Moving to C:/Users/cedric/AppData/Roaming/AGS/New World/savedata/temp_usersettings.javsave
<2022-06-06 12:20:18.036>: [Info] (AZCore): [AsyncMapUnload] waiting... numJobs 0, AssetBus::context.m_queue.size(): 1, waitingRefs (from bus): 0
<2022-06-06 12:20:18.107>: [Info] (AZCore): [AsyncMapUnload] waiting... numJobs 0, AssetBus::context.m_queue.size(): 1558, waitingRefs (from bus): 0
<2022-06-06 12:20:18.204>: [Info] (AZCore): [AsyncMapUnload] waiting... numJobs 0, AssetBus::context.m_queue.size(): 1022, waitingRefs (from bus): 0
<2022-06-06 12:20:18.275>: [Info] (AZCore): [AsyncMapUnload] DONE waiting... numJobs 0, AssetBus::context.m_queue.size(): 0, waitingRefs (from bus): 0
<2022-06-06 12:20:18.275>: [Info] (AZCore): [AsyncMapUnload] ...allowing map change
<2022-06-06 12:20:18.275>: [Info]: ============================ Loading level NW_Arena01 ============================
<2022-06-06 12:20:18.488>: [Info]: SerializeOptions: Success
<2022-06-06 12:20:18.488>: [Info]: SerializeOptions: Moving to C:/Users/cedric/AppData/Roaming/AGS/New World/savedata/temp_usersettings.javsave
<2022-06-06 12:20:20.961>: [Info]: CGame::InitCoatlicueTerrain
<2022-06-06 12:20:20.965>: [Info] (AZCore): [GameMessagePort] ProcessPendingReliableMsgQueue processing 2 messages from m_pendingUnexpectedMsgs
<2022-06-06 12:20:21.243>: [Info] (AZCore): [GDERenderManager] Init()
<2022-06-06 12:20:24.576>: [Info] (AZCore): [GameConnection] GameConnectionWrapper: player spawn succeeds, in game
<2022-06-06 12:20:24.576>: [Info] (AZCore): [GameConnection] Update state WaitingForPlayerSpawn to new state InGame
<2022-06-06 12:20:24.576>: [Info] (AZCore): [Game] JavelinGame::OnConnectionSucceed
<2022-06-06 12:27:15.378>: [Info]: SerializeOptions: Success
<2022-06-06 12:27:15.378>: [Info]: SerializeOptions: Moving to C:/Users/cedric/AppData/Roaming/AGS/New World/savedata/temp_usersettings.javsave
<2022-06-06 12:27:15.861>: [Info] (AZCore): [GameMessagePort] LevelInfoChanged
<2022-06-06 12:27:15.861>: [Info] (AZCore): [GameMessagePort] Reset
<2022-06-06 12:27:15.861>: [Info] (AZCore): [GameConnection] Update state InGame to new state WaitingForAOIClient
<2022-06-06 12:27:15.861>: [Info] (AZCore): [GameMessagePort] LevelInfoChanged m_clientContextInstanceId 4 changing to levelInfo.m_clientContextInstanceId 5
<2022-06-06 12:27:15.877>: [Info] (AZCore): [GameConnection] GameConnectionWrapper: AOI client available
<2022-06-06 12:27:15.877>: [Info] (AZCore): [GameConnection] Update state WaitingForAOIClient to new state WaitingForPlayerSpawn
<2022-06-06 12:27:16.006>: [Info] (AZCore): [GameMessagePort] Calling clientContext->Initialize
<2022-06-06 12:27:16.006>: [Info] (AZCore): [ClientContext] Initialize()
<2022-06-06 12:27:16.006>: [Info] (AZCore): [ClientContext] Cleanup()
<2022-06-06 12:27:16.006>: [Info] (AZCore): [GDERenderManager] Releasing resources!
<2022-06-06 12:27:16.007>: [Info] (AZCore): [streamingGDEManager] Shutting down and releasing regions
<2022-06-06 12:27:16.008>: [Info] (AZCore): [streamingGDEManager] Shutting down and releasing regions
<2022-06-06 12:27:17.919>: [Info] (AZCore): [streamingGDEManager] Initialize()
<2022-06-06 12:27:17.919>: [Info] (AZCore): [AsyncMapUnload] Loading of map "NewWorld_VitaeEterna" deferred in order to async unload previous level "NW_Arena01": starting async unload...
<2022-06-06 12:27:17.920>: [Info] (AZCore): [AsyncMapUnload] Lumberyard Connection State: "WaitingForPlayerSpawn"
<2022-06-06 12:27:17.920>: [Info] (AZCore): [AsyncMapUnload] waiting... numJobs 0, AssetBus::context.m_queue.size(): 290, waitingRefs (from bus): 0
<2022-06-06 12:27:17.920>: [Info] (AZCore): [GameMessagePort] HandleUnexpectedMessage skipping ReceiveStateBundle for bundle message due to clientContext == nullptr
<2022-06-06 12:27:18.564>: [Info] (AZCore): [AsyncMapUnload] waiting... numJobs 153, AssetBus::context.m_queue.size(): 7, waitingRefs (from bus): 0
<2022-06-06 12:27:18.621>: [Info] (AZCore): [AsyncMapUnload] waiting... numJobs 116, AssetBus::context.m_queue.size(): 6, waitingRefs (from bus): 0
<2022-06-06 12:27:18.701>: [Info] (AZCore): [AsyncMapUnload] waiting... numJobs 61, AssetBus::context.m_queue.size(): 4, waitingRefs (from bus): 0
<2022-06-06 12:27:18.717>: [Info] (AZCore): [AsyncMapUnload] waiting... numJobs 48, AssetBus::context.m_queue.size(): 20, waitingRefs (from bus): 0
<2022-06-06 12:27:18.813>: [Info] (AZCore): [AsyncMapUnload] DONE waiting... numJobs 0, AssetBus::context.m_queue.size(): 0, waitingRefs (from bus): 0
<2022-06-06 12:27:18.813>: [Info] (AZCore): [AsyncMapUnload] ...allowing map change
<2022-06-06 12:27:18.813>: [Info]: ============================ Loading level NewWorld_VitaeEterna ============================
<2022-06-06 12:27:19.057>: [Info]: SerializeOptions: Success
<2022-06-06 12:27:19.057>: [Info]: SerializeOptions: Moving to C:/Users/cedric/AppData/Roaming/AGS/New World/savedata/temp_usersettings.javsave
<2022-06-06 12:27:21.514>: [Info]: CGame::InitCoatlicueTerrain
<2022-06-06 12:27:21.517>: [Info] (AZCore): [GameMessagePort] ProcessPendingReliableMsgQueue processing 40 messages from m_pendingUnexpectedMsgs
<2022-06-06 12:27:22.060>: [Info] (AZCore): [GDERenderManager] Init()
<2022-06-06 12:27:24.668>: [Info] (AZCore): [GameConnection] GameConnectionWrapper: player spawn succeeds, in game
<2022-06-06 12:27:24.668>: [Info] (AZCore): [GameConnection] Update state WaitingForPlayerSpawn to new state InGame
<2022-06-06 12:27:24.668>: [Info] (AZCore): [Game] JavelinGame::OnConnectionSucceed
<2022-06-06 12:27:31.786>: [Info]: SerializeOptions: Success
<2022-06-06 12:27:31.786>: [Info]: SerializeOptions: Moving to C:/Users/cedric/AppData/Roaming/AGS/New World/savedata/temp_usersettings.javsave
<2022-06-06 12:29:16.832>: [Info] (AZCore): [SteamAuth] EndSessionJob: Calling Persona to end session
<2022-06-06 12:29:17.341>: [Info] (AZCore): [SteamAuth] Persona EndSession called successfully
<2022-06-06 12:29:17.341>: [Info] (AZCore): [Game] CGame::ActorContainerDisconnect
<2022-06-06 12:29:17.341>: [Info] (AZCore): [GameConnection] GameConnectionWrapper::Disconnect
<2022-06-06 12:29:17.341>: [Info] (AZCore): [Game] CGame::OnDisconnection: Disconnected from REP
<2022-06-06 12:29:17.354>: [Info] (AZCore): [GameConnection] GameConnectionWrapper: disconnected from REP
<2022-06-06 12:29:17.367>: [Info]: [ERROR] ClientSDK: @mm_csdkerr_disconnect
<2022-06-06 12:29:18.471>: [Info] (AZCore): [GameConnection] Update state InGame to new state Disconnected
<2022-06-06 12:29:18.471>: [Info]: CSystem::Quit invoked from thread 18148 (main is 18148)
<2022-06-06 12:29:18.471>: [Info] (AZCore): [Game] CGame::ActorContainerDisconnect
