<2022-06-08 22:17:18.941>: [Info]: BackupNameAttachment=" Build(1694880) 09 Jun 22 (00 17 18)"  -- used by backup system

<2022-06-08 22:17:18.941>: [Info]: Log Started at local time Thu Jun  9 00:17:18 2022
<2022-06-08 22:17:18.942>: [Info]: Built on Sat Jun  4 00:49:10 2022

<2022-06-08 22:17:18.942>: [Info]: Running 64 bit Windows version
<2022-06-08 22:17:18.942>: [Info]: Executable: NewWorld.exe [AZ_RETAIL_CONFIG]
<2022-06-08 22:17:18.942>: [Info]: FileVersion: 1.18.555.1694880
<2022-06-08 22:17:18.942>: [Info]: ProductVersion: 1.18.555.1694880
<2022-06-08 22:17:18.942>: [Info]: Using Microsoft (tm) C++ Standard Library implementation

<2022-06-08 22:17:18.943>: [Info] (AZCore): [System] Loading system configuration from system_windows_pc.cfg...
<2022-06-08 22:17:18.943>: [Info] (AZCore): [System] GameDir: Assets

<2022-06-08 22:17:20.097>: [Info]: 
<2022-06-08 22:17:20.108>: [Info]: Total number of logical processors: 16
<2022-06-08 22:17:20.108>: [Info]: Number of available logical processors: 16
<2022-06-08 22:17:20.108>: [Info]: Total number of system cores: 8
<2022-06-08 22:17:20.108>: [Info]: Number of cores available to process: 8
<2022-06-08 22:17:20.108>: [Info]:  
<2022-06-08 22:17:20.108>: [Info]: Processor 0:
<2022-06-08 22:17:20.108>: [Info]:   CPU: Intel        Intel(R) Xeon(R) CPU E5-2689 0 @ 2.60GHz
<2022-06-08 22:17:20.108>: [Info]:   Family: 6, Model: 13, Stepping: 7
<2022-06-08 22:17:20.108>: [Info]:   FPU: On-Chip
<2022-06-08 22:17:20.108>: [Info]:   3DNow!: not present
<2022-06-08 22:17:20.108>: [Info]:   MMX: not present
<2022-06-08 22:17:20.108>: [Info]:   SSE: present
<2022-06-08 22:17:20.108>: [Info]:   SSE2: present
<2022-06-08 22:17:20.108>: [Info]:   SSE3: present
<2022-06-08 22:17:20.108>: [Info]:   Serial number not present or disabled
<2022-06-08 22:17:20.108>: [Info]:  
<2022-06-08 22:17:20.108>: [Info]: Processor 1:
<2022-06-08 22:17:20.108>: [Info]:   CPU: Intel        Intel(R) Xeon(R) CPU E5-2689 0 @ 2.60GHz
<2022-06-08 22:17:20.108>: [Info]:   Family: 6, Model: 13, Stepping: 7
<2022-06-08 22:17:20.108>: [Info]:   FPU: On-Chip
<2022-06-08 22:17:20.108>: [Info]:   3DNow!: not present
<2022-06-08 22:17:20.108>: [Info]:   MMX: not present
<2022-06-08 22:17:20.108>: [Info]:   SSE: present
<2022-06-08 22:17:20.108>: [Info]:   SSE2: present
<2022-06-08 22:17:20.108>: [Info]:   SSE3: present
<2022-06-08 22:17:20.108>: [Info]:   Serial number not present or disabled
<2022-06-08 22:17:20.108>: [Info]:  
<2022-06-08 22:17:20.108>: [Info]: Processor 2:
<2022-06-08 22:17:20.108>: [Info]:   CPU: Intel        Intel(R) Xeon(R) CPU E5-2689 0 @ 2.60GHz
<2022-06-08 22:17:20.108>: [Info]:   Family: 6, Model: 13, Stepping: 7
<2022-06-08 22:17:20.108>: [Info]:   FPU: On-Chip
<2022-06-08 22:17:20.108>: [Info]:   3DNow!: not present
<2022-06-08 22:17:20.108>: [Info]:   MMX: not present
<2022-06-08 22:17:20.108>: [Info]:   SSE: present
<2022-06-08 22:17:20.108>: [Info]:   SSE2: present
<2022-06-08 22:17:20.108>: [Info]:   SSE3: present
<2022-06-08 22:17:20.108>: [Info]:   Serial number not present or disabled
<2022-06-08 22:17:20.108>: [Info]:  
<2022-06-08 22:17:20.108>: [Info]: Processor 3:
<2022-06-08 22:17:20.108>: [Info]:   CPU: Intel        Intel(R) Xeon(R) CPU E5-2689 0 @ 2.60GHz
<2022-06-08 22:17:20.108>: [Info]:   Family: 6, Model: 13, Stepping: 7
<2022-06-08 22:17:20.108>: [Info]:   FPU: On-Chip
<2022-06-08 22:17:20.108>: [Info]:   3DNow!: not present
<2022-06-08 22:17:20.108>: [Info]:   MMX: not present
<2022-06-08 22:17:20.108>: [Info]:   SSE: present
<2022-06-08 22:17:20.108>: [Info]:   SSE2: present
<2022-06-08 22:17:20.108>: [Info]:   SSE3: present
<2022-06-08 22:17:20.108>: [Info]:   Serial number not present or disabled
<2022-06-08 22:17:20.108>: [Info]:  
<2022-06-08 22:17:20.108>: [Info]: Processor 4:
<2022-06-08 22:17:20.108>: [Info]:   CPU: Intel        Intel(R) Xeon(R) CPU E5-2689 0 @ 2.60GHz
<2022-06-08 22:17:20.108>: [Info]:   Family: 6, Model: 13, Stepping: 7
<2022-06-08 22:17:20.108>: [Info]:   FPU: On-Chip
<2022-06-08 22:17:20.108>: [Info]:   3DNow!: not present
<2022-06-08 22:17:20.108>: [Info]:   MMX: not present
<2022-06-08 22:17:20.108>: [Info]:   SSE: present
<2022-06-08 22:17:20.108>: [Info]:   SSE2: present
<2022-06-08 22:17:20.108>: [Info]:   SSE3: present
<2022-06-08 22:17:20.108>: [Info]:   Serial number not present or disabled
<2022-06-08 22:17:20.108>: [Info]:  
<2022-06-08 22:17:20.108>: [Info]: Processor 5:
<2022-06-08 22:17:20.108>: [Info]:   CPU: Intel        Intel(R) Xeon(R) CPU E5-2689 0 @ 2.60GHz
<2022-06-08 22:17:20.108>: [Info]:   Family: 6, Model: 13, Stepping: 7
<2022-06-08 22:17:20.108>: [Info]:   FPU: On-Chip
<2022-06-08 22:17:20.108>: [Info]:   3DNow!: not present
<2022-06-08 22:17:20.108>: [Info]:   MMX: not present
<2022-06-08 22:17:20.108>: [Info]:   SSE: present
<2022-06-08 22:17:20.108>: [Info]:   SSE2: present
<2022-06-08 22:17:20.108>: [Info]:   SSE3: present
<2022-06-08 22:17:20.108>: [Info]:   Serial number not present or disabled
<2022-06-08 22:17:20.108>: [Info]:  
<2022-06-08 22:17:20.108>: [Info]: Processor 6:
<2022-06-08 22:17:20.108>: [Info]:   CPU: Intel        Intel(R) Xeon(R) CPU E5-2689 0 @ 2.60GHz
<2022-06-08 22:17:20.108>: [Info]:   Family: 6, Model: 13, Stepping: 7
<2022-06-08 22:17:20.108>: [Info]:   FPU: On-Chip
<2022-06-08 22:17:20.108>: [Info]:   3DNow!: not present
<2022-06-08 22:17:20.108>: [Info]:   MMX: not present
<2022-06-08 22:17:20.108>: [Info]:   SSE: present
<2022-06-08 22:17:20.108>: [Info]:   SSE2: present
<2022-06-08 22:17:20.108>: [Info]:   SSE3: present
<2022-06-08 22:17:20.108>: [Info]:   Serial number not present or disabled
<2022-06-08 22:17:20.108>: [Info]:  
<2022-06-08 22:17:20.108>: [Info]: Processor 7:
<2022-06-08 22:17:20.108>: [Info]:   CPU: Intel        Intel(R) Xeon(R) CPU E5-2689 0 @ 2.60GHz
<2022-06-08 22:17:20.108>: [Info]:   Family: 6, Model: 13, Stepping: 7
<2022-06-08 22:17:20.108>: [Info]:   FPU: On-Chip
<2022-06-08 22:17:20.108>: [Info]:   3DNow!: not present
<2022-06-08 22:17:20.108>: [Info]:   MMX: not present
<2022-06-08 22:17:20.108>: [Info]:   SSE: present
<2022-06-08 22:17:20.108>: [Info]:   SSE2: present
<2022-06-08 22:17:20.108>: [Info]:   SSE3: present
<2022-06-08 22:17:20.108>: [Info]:   Serial number not present or disabled
<2022-06-08 22:17:20.108>: [Info]:  
<2022-06-08 22:17:20.109>: [Info]: Windows 10 64 bit (build 10.0.19043)
<2022-06-08 22:17:20.109>: [Info]: System language: French
<2022-06-08 22:17:20.109>: [Info]: Windows Directory: "C:\WINDOWS"
<2022-06-08 22:17:20.109>: [Info]: Local time is 00:17:20 06/09/22, system running for 13380 minutes
<2022-06-08 22:17:20.109>: [Info]: 16316MB physical memory installed, 8025MB available, 134217727MB virtual memory installed, 50 percent of memory in use
<2022-06-08 22:17:20.110>: [Info]: PageFile usage: 237MB, Working Set: 287MB, Peak PageFile usage: 363MB,
<2022-06-08 22:17:20.110>: [Info]: Current display mode is 78043832, (Unknown graphics card)
<2022-06-08 22:17:20.110>: [Info]: IBM enhanced (101/102-key) keyboard and 5+ button mouse installed
<2022-06-08 22:17:20.110>: [Info]: --------------------------------------------------------------------------------
<2022-06-08 22:17:20.113>: [Info] (AZCore): [System] Stream Engine Initialization
<2022-06-08 22:17:20.113>: [Info]: GameName: New World
<2022-06-08 22:17:20.113>: [Info]: BuildTime: Sat Jun  4 00:49:10 2022

<2022-06-08 22:17:20.113>: [Info] (AZCore): [System] Physics initialization
<2022-06-08 22:17:20.114>: [Info] (AZCore): [System] Renderer initialization
<2022-06-08 22:17:20.117>: [Info]: Logging video adapters:
<2022-06-08 22:17:21.537>: [Info]: - Radeon RX 580 Series (vendor = 0x1002, device = 0x67df)
<2022-06-08 22:17:21.537>: [Info]:   - Adapter index: 0
<2022-06-08 22:17:21.537>: [Info]:   - Dedicated video memory: 8170 MB
<2022-06-08 22:17:21.537>: [Info]:   - Feature level: DX11 (SM 5.0)
<2022-06-08 22:17:21.537>: [Info]:   - Displays connected: yes
<2022-06-08 22:17:21.537>: [Info]:   - Suitable rendering device: yes
<2022-06-08 22:17:21.898>: [Info]: - Microsoft Basic Render Driver (vendor = 0x1414, device = 0x008c)
<2022-06-08 22:17:21.898>: [Info]:   - Adapter index: 1
<2022-06-08 22:17:21.898>: [Info]:   - Dedicated video memory: 0 MB
<2022-06-08 22:17:21.898>: [Info]:   - Feature level: DX11 (SM 5.0)
<2022-06-08 22:17:21.898>: [Info]:   - Displays connected: no
<2022-06-08 22:17:21.898>: [Info]:   - Suitable rendering device: no
<2022-06-08 22:17:23.988>: [Info]: Active GPUs: 1
<2022-06-08 22:17:25.242>: [Info] (AZCore): [Audio] AudioSystem initialized in High Ram mode. Available RAM [16315]MB, LowRam cutoff is [9216]MB
<2022-06-08 22:17:27.114>: [Info] (AZCore): [System] Font initialization
<2022-06-08 22:17:27.114>: [Info]: Using FreeType 2.5.0
<2022-06-08 22:17:45.036>: [Info] (AZCore): [System] Time initialization
<2022-06-08 22:17:45.036>: [Info] (AZCore): [System] Input initialization
<2022-06-08 22:17:45.036>: [Info] (AZCore): [System] UI system initialization
<2022-06-08 22:17:45.037>: [Info] (AZCore): [System] Initializing Animation System
<2022-06-08 22:17:45.037>: [Info] (AZCore): [System] Initializing 3D Engine
<2022-06-08 22:17:45.038>: [Info]: Sky light: Optical lookup tables loaded off disc.
<2022-06-08 22:17:45.039>: [Info] (AZCore): [System] Script System Initialization
<2022-06-08 22:17:45.039>: [Info] (AZCore): [System] Entity system initialization
<2022-06-08 22:17:45.041>: [Info] (AZCore): [System] Initializing additional systems
<2022-06-08 22:17:45.041>: [Info] (AZCore): [System] Dynamic Response System initialization
<2022-06-08 22:17:45.041>: [Info] (AZCore): [System] No Dynamic Response System was loaded from a module, the system will use the NULL DynamicResponseSystem.
<2022-06-08 22:17:45.042>: [Info]: Running machine spec auto detect (64 bit)...
<2022-06-08 22:17:45.042>: [Info]: - Windows 10 64 bit (build 10.0.19043)
<2022-06-08 22:17:45.042>: [Info]: - System memory
<2022-06-08 22:17:45.042>: [Info]: --- 16315 MB
<2022-06-08 22:17:45.042>: [Info]: - Intel(R) Xeon(R) CPU E5-2689 0 @ 2.60GHz
<2022-06-08 22:17:45.042>: [Info]: --- Number of available cores: 8 (out of 8)
<2022-06-08 22:17:45.042>: [Info]: --- Number of logical processors: 16
<2022-06-08 22:17:45.363>: [Info]: - Radeon RX 580 Series (vendor = 0x1002, device = 0x67df)
<2022-06-08 22:17:45.363>: [Info]: --- Dedicated video memory: 8170 MB
<2022-06-08 22:17:45.363>: [Info]: --- Feature level: DX11 (SM 5.0)
<2022-06-08 22:17:45.365>: [Info]: - Final rating: Machine class 2
<2022-06-08 22:17:46.625>: [Info] (AZCore): [System] == Version Info ===============================================================

<2022-06-08 22:17:46.625>: [Info] (AZCore): [System] [RETAIL].Javelin.1.18.555.1694880

<2022-06-08 22:17:46.625>: [Info] (AZCore): [System] ===============================================================================

<2022-06-08 22:17:46.636>: [Info]: Client config override file not found: @assets@/ClientOverride.json
<2022-06-08 22:17:48.554>: [Info] (AZCore): [Game] Steam Initialized!
<2022-06-08 22:17:48.554>: [Info] (AZCore): [Game] Using remote config: true
<2022-06-08 22:17:48.554>: [Info] (AZCore): [Game] Steam Utils obtained? true
<2022-06-08 22:17:48.554>: [Info] (AZCore): [Game] Using Steam App ID: 1063730
<2022-06-08 22:17:48.554>: [Info] (AZCore): [StackConfig] Configuring remote config with bucket ags-javelin-remote-config
<2022-06-08 22:17:48.554>: [Info]: Channel service uri: https://d2c74t4zimux3r.cloudfront.net/STEAM_APP_ID.1063730.json
<2022-06-08 22:17:49.128>: [Info]: Channel name: Retail
<2022-06-08 22:17:49.128>: [Info]: Found cluster data for cluster id: fra-prod
<2022-06-08 22:17:49.128>: [Info]: Display Name: EU Central
<2022-06-08 22:17:49.128>: [Info]: Auth Stack: https://2mfrik7h83.execute-api.us-east-1.amazonaws.com/Prod
<2022-06-08 22:17:49.128>: [Info]: Auth Stack Region: us-east-1
<2022-06-08 22:17:49.128>: [Info]: Gateway Host: u433g9r00c.execute-api.eu-central-1.amazonaws.com
<2022-06-08 22:17:49.128>: [Info]: Gateway Stack: d1w0bfy6smo4d1.cloudfront.net
<2022-06-08 22:17:49.128>: [Info]: Gateway Stack Region: eu-central-1
<2022-06-08 22:17:49.128>: [Info]: Http Gateway Stack: https://d1w0bfy6smo4d1.cloudfront.net/prod
<2022-06-08 22:17:49.128>: [Info]: Http Gateway Stack Region: eu-central-1
<2022-06-08 22:17:49.128>: [Info]: Found cluster data for cluster id: gru-prod
<2022-06-08 22:17:49.128>: [Info]: Display Name: SA East
<2022-06-08 22:17:49.128>: [Info]: Auth Stack: https://kqqt5twsi7.execute-api.us-east-1.amazonaws.com/Prod
<2022-06-08 22:17:49.128>: [Info]: Auth Stack Region: us-east-1
<2022-06-08 22:17:49.128>: [Info]: Gateway Host: j4n6whncmi.execute-api.sa-east-1.amazonaws.com
<2022-06-08 22:17:49.128>: [Info]: Gateway Stack: d1cjlmzk0xrm0z.cloudfront.net
<2022-06-08 22:17:49.128>: [Info]: Gateway Stack Region: sa-east-1
<2022-06-08 22:17:49.128>: [Info]: Http Gateway Stack: https://d1cjlmzk0xrm0z.cloudfront.net/prod
<2022-06-08 22:17:49.128>: [Info]: Http Gateway Stack Region: sa-east-1
<2022-06-08 22:17:49.128>: [Info]: Found cluster data for cluster id: iad-prod
<2022-06-08 22:17:49.128>: [Info]: Display Name: US East
<2022-06-08 22:17:49.128>: [Info]: Auth Stack: https://eudbjx6mig.execute-api.us-east-1.amazonaws.com/Prod
<2022-06-08 22:17:49.128>: [Info]: Auth Stack Region: us-east-1
<2022-06-08 22:17:49.128>: [Info]: Gateway Host: 0prplal5u1.execute-api.us-east-1.amazonaws.com
<2022-06-08 22:17:49.128>: [Info]: Gateway Stack: d2oeuvxi3kfsrw.cloudfront.net
<2022-06-08 22:17:49.128>: [Info]: Gateway Stack Region: us-east-1
<2022-06-08 22:17:49.128>: [Info]: Http Gateway Stack: https://d2oeuvxi3kfsrw.cloudfront.net/prod
<2022-06-08 22:17:49.128>: [Info]: Http Gateway Stack Region: us-east-1
<2022-06-08 22:17:49.128>: [Info]: Found cluster data for cluster id: pdx-prod
<2022-06-08 22:17:49.128>: [Info]: Display Name: US West
<2022-06-08 22:17:49.128>: [Info]: Auth Stack: https://q8hqllbg6k.execute-api.us-east-1.amazonaws.com/Prod
<2022-06-08 22:17:49.128>: [Info]: Auth Stack Region: us-east-1
<2022-06-08 22:17:49.128>: [Info]: Gateway Host: v7irlu1nrl.execute-api.us-west-2.amazonaws.com
<2022-06-08 22:17:49.128>: [Info]: Gateway Stack: d3bj4csovi1fe8.cloudfront.net
<2022-06-08 22:17:49.128>: [Info]: Gateway Stack Region: us-west-2
<2022-06-08 22:17:49.128>: [Info]: Http Gateway Stack: https://d3bj4csovi1fe8.cloudfront.net/prod
<2022-06-08 22:17:49.128>: [Info]: Http Gateway Stack Region: us-west-2
<2022-06-08 22:17:49.128>: [Info]: Found platform metadata for key: ENTITLEMENTS.STEAM_APP_ID.1063730
<2022-06-08 22:17:49.128>: [Info]: Found platform metadata for key: PERSONA.STEAM_APP_ID.1063730
<2022-06-08 22:17:49.128>: [Info]: Found persona role for cluster id: fra-prod - arn:aws:iam::093607389475:role/AgsLiveResources-AllowPersonaAccessRole-1U24RJQDKWS63
<2022-06-08 22:17:49.128>: [Info]: Found persona role for cluster id: fra-qa - arn:aws:iam::544220128841:role/AgsLiveResources-AllowPersonaAccessRole-PSN32B5D8G0L
<2022-06-08 22:17:49.128>: [Info]: Found persona role for cluster id: fra-staging - arn:aws:iam::411585047658:role/AgsLiveResources-AllowPersonaAccessRole-709I6ZY9EAFH
<2022-06-08 22:17:49.128>: [Info]: Found persona role for cluster id: gru-prod - arn:aws:iam::845253724667:role/AgsLiveResources-AllowPersonaAccessRole-SLHVYULH7U5
<2022-06-08 22:17:49.128>: [Info]: Found persona role for cluster id: iad-prod - arn:aws:iam::819349112573:role/AgsLiveResources-AllowPersonaAccessRole-1PHH0BI346X75
<2022-06-08 22:17:49.128>: [Info]: Found persona role for cluster id: iad-staging - arn:aws:iam::910532829260:role/AgsLiveResources-AllowPersonaAccessRole-OXG60NCUXR74
<2022-06-08 22:17:49.128>: [Info]: Found persona role for cluster id: pdx-devo - arn:aws:iam::166847089677:role/AgsLiveResources-AllowPersonaAccessRole-15NKM8MRPA2BX
<2022-06-08 22:17:49.128>: [Info]: Found persona role for cluster id: pdx-prod - arn:aws:iam::458929010575:role/AgsLiveResources-AllowPersonaAccessRole-QYL4I8P12BEA
<2022-06-08 22:17:49.128>: [Info]: Found persona role for cluster id: pdx-qa - arn:aws:iam::379061375310:role/AgsLiveResources-AllowPersonaAccessRole-116SW3GWSL7P1
<2022-06-08 22:17:49.128>: [Info]: Found persona role for cluster id: syd-prod - arn:aws:iam::018141801470:role/AgsLiveResources-AllowPersonaAccessRole-1CPZ9EG8SYMOQ
<2022-06-08 22:17:49.128>: [Info]: Found cluster data for cluster id: syd-prod
<2022-06-08 22:17:49.128>: [Info]: Display Name: AP Southeast
<2022-06-08 22:17:49.128>: [Info]: Auth Stack: https://hhf8nn71vb.execute-api.us-east-1.amazonaws.com/Prod
<2022-06-08 22:17:49.128>: [Info]: Auth Stack Region: us-east-1
<2022-06-08 22:17:49.128>: [Info]: Gateway Host: ep1m9qoir8.execute-api.ap-southeast-2.amazonaws.com
<2022-06-08 22:17:49.128>: [Info]: Gateway Stack: de4mfzk9wkelz.cloudfront.net
<2022-06-08 22:17:49.128>: [Info]: Gateway Stack Region: ap-southeast-2
<2022-06-08 22:17:49.128>: [Info]: Http Gateway Stack: https://de4mfzk9wkelz.cloudfront.net/prod
<2022-06-08 22:17:49.128>: [Info]: Http Gateway Stack Region: ap-southeast-2
<2022-06-08 22:17:53.622>: [Info]: Failure in initializing Fuel::Iap::IapClient: 14
<2022-06-08 22:17:53.623>: [Info] (AZCore): [Game] LogEnvironmentString: ProductId: STEAM_APP_ID.1063730
<2022-06-08 22:17:53.624>: [Info] (AZCore): [Game] LogEnvironmentString: ClusterId: fra-prod
<2022-06-08 22:17:53.626>: [Info] (AZCore): [StackConfig] LayerS3(): layer's "remoteCfg.public.RegionId" S3 key (old: ""), reset to new value: "applications/public/configuration-sets/RegionId/fra-prod/versionless"
<2022-06-08 22:17:53.626>: [Info] (AZCore): [StackConfig] LayerS3(): layer's "remoteCfg.public.RegionIdv" S3 key (old: ""), reset to new value: "applications/public/configuration-sets/RegionId/fra-prod/555;1694880"
<2022-06-08 22:17:53.626>: [Info] (AZCore): [StackConfig] LayerS3(): layer's "remoteCfg.public.CognitoId" S3 key (old: ""), reset to new value: "applications/public/configuration-sets/CognitoId/us-east-1:0de93f7c-814e-4d48-a8fd-b6efc2f9ed93/versionless"
<2022-06-08 22:17:53.626>: [Info] (AZCore): [StackConfig] LayerS3(): layer's "remoteCfg.public.CognitoIdv" S3 key (old: ""), reset to new value: "applications/public/configuration-sets/CognitoId/us-east-1:0de93f7c-814e-4d48-a8fd-b6efc2f9ed93/555;1694880"
<2022-06-08 22:17:53.626>: [Info] (AZCore): [StackConfig] LayerS3(): layer's "remoteCfg.publicGameplay.RegionId" S3 key (old: ""), reset to new value: "applications/publicGameplay/configuration-sets/RegionId/fra-prod/versionless"
<2022-06-08 22:17:53.626>: [Info] (AZCore): [StackConfig] LayerS3(): layer's "remoteCfg.publicGameplay.RegionIdv" S3 key (old: ""), reset to new value: "applications/publicGameplay/configuration-sets/RegionId/fra-prod/555;1694880"
<2022-06-08 22:17:53.626>: [Info] (AZCore): [StackConfig] LayerS3(): layer's "remoteCfg.publicGameplay.CognitoId" S3 key (old: ""), reset to new value: "applications/publicGameplay/configuration-sets/CognitoId/us-east-1:0de93f7c-814e-4d48-a8fd-b6efc2f9ed93/versionless"
<2022-06-08 22:17:53.626>: [Info] (AZCore): [StackConfig] LayerS3(): layer's "remoteCfg.publicGameplay.CognitoIdv" S3 key (old: ""), reset to new value: "applications/publicGameplay/configuration-sets/CognitoId/us-east-1:0de93f7c-814e-4d48-a8fd-b6efc2f9ed93/555;1694880"
<2022-06-08 22:17:53.626>: [Info] (AZCore): [AuthManager] Initializing Steam Auth Manager.
<2022-06-08 22:17:53.627>: [Info] (AZCore): [SteamAuth] Initializing Persona.
<2022-06-08 22:17:53.660>: [Info]: [EasyAntiCheat] Initializing EAC game client module...
<2022-06-08 22:17:53.673>: [Info]: [EasyAntiCheat] ...EAC game client module initialized successfully.
<2022-06-08 22:17:54.559>: [Info]: Initializing default materials...
<2022-06-08 22:17:54.559>: [Info]: Initializing default footstep material...
<2022-06-08 22:17:55.019>: [Info] (AZCore): [streamingGDEManager] Initialize()
<2022-06-08 22:17:55.019>: [Info] (AZCore): [AsyncMapUnload] No previous level to unload, so not starting async.  Just loading this map now: ("frontendv2")
<2022-06-08 22:17:55.019>: [Info]: ============================ Loading level frontendv2 ============================
<2022-06-08 22:18:02.875>: [Info]: CGame::InitCoatlicueTerrain
<2022-06-08 22:18:02.893>: [Info] (AZCore): [Game] 0x441F4C03(user) attempting sign-in.
<2022-06-08 22:18:02.893>: [Info] (AZCore): [Game] LogEnvironmentString: Auth Mode: user
<2022-06-08 22:18:02.893>: [Info] (AZCore): [SteamAuth] Attempting to log in to Steam
<2022-06-08 22:18:02.893>: [Info] (AZCore): [SteamAuth] Getting steam auth session ticket.
<2022-06-08 22:18:03.262>: [Info] (AZCore): [SteamAuth] OnAuthSessionTicket: Authenticating using steam auth session ticket: 7
<2022-06-08 22:18:03.266>: [Info] (AZCore): [SteamAuth] CreateSteamSessionJob: Calling Persona to create steam session
<2022-06-08 22:18:04.239>: [Info] (AZCore): [SteamAuth] OnCreatedSessionSteam: Creating session for persona id: amzn1.developerPersonaId.02e9f3b7-55e1-865a-9031-570ce6f27a49.
<2022-06-08 22:18:04.239>: [Info] (AZCore): [SteamAuth] Calling Http API: https://d1w0bfy6smo4d1.cloudfront.net/prod/credentials
<2022-06-08 22:18:04.464>: [Info] (AZCore): [AuthStackCredentialsProvider] Successfully refreshed gateway AWS credentials, next attempt will start after 2022-06-08T23:13:04Z
<2022-06-08 22:18:04.464>: [Info] (AZCore): [AuthStackCredentialsProvider] Successfully refreshed persona AWS credentials, next attempt will start after 2022-06-08T23:13:04Z
<2022-06-08 22:18:04.763>: [Info] (AZCore): [Game] CGame::OnCampfireLoginComplete, login successful. ownership=permanent
<2022-06-08 22:18:04.763>: [Info] (AZCore): [Game] LogEnvironmentString: Gateway Signing Host: u433g9r00c.execute-api.eu-central-1.amazonaws.com
<2022-06-08 22:18:04.763>: [Info] (AZCore): [Game] LogEnvironmentString: Gateway Address: d1w0bfy6smo4d1.cloudfront.net
<2022-06-08 22:18:04.763>: [Info] (AZCore): [Game] LogEnvironmentString: HTTP Gateway Address: https://d1w0bfy6smo4d1.cloudfront.net/prod
<2022-06-08 22:18:04.763>: [Info] (AZCore): [Game] LogEnvironmentString: Gateway Mode: gateway
<2022-06-08 22:18:04.763>: [Info] (AZCore): [GameConnection] ConfigureLogin MODE_GATEWAY: endpoint=d1w0bfy6smo4d1.cloudfront.net, httpEntpoint=https://d1w0bfy6smo4d1.cloudfront.net/prod, region=eu-central-1
<2022-06-08 22:18:04.769>: [Info] (AZCore): [StackConfig] LayerS3(): layer's "remoteCfg.public.ProductId" S3 key (old: ""), reset to new value: "applications/public/configuration-sets/ProductId/STEAM_APP_ID.1063730/versionless"
<2022-06-08 22:18:04.769>: [Info] (AZCore): [StackConfig] Querying "remoteCfg.public.ProductId" remote config. S3 key: "applications/public/configuration-sets/ProductId/STEAM_APP_ID.1063730/versionless"
<2022-06-08 22:18:05.264>: [Info] (AZCore): [StackConfig] Retrieved layer's "remoteCfg.public.ProductId" remote config, with S3 key: "applications/public/configuration-sets/ProductId/STEAM_APP_ID.1063730/versionless" successfully, size: 339

<2022-06-08 22:18:05.266>: [Info] (AZCore): [StackConfig] LayerS3(): layer's "remoteCfg.public.ProductIdv" S3 key (old: ""), reset to new value: "applications/public/configuration-sets/ProductId/STEAM_APP_ID.1063730/555;1694880"
<2022-06-08 22:18:05.266>: [Info] (AZCore): [StackConfig] Querying "remoteCfg.public.ProductIdv" remote config. S3 key: "applications/public/configuration-sets/ProductId/STEAM_APP_ID.1063730/555;1694880"
<2022-06-08 22:18:05.417>: [Info] (AZCore): [StackConfig] LayerS3(): layer's "remoteCfg.public.RegionId" S3 key (old: "applications/public/configuration-sets/RegionId/fra-prod/versionless"), reset to new value: "applications/public/configuration-sets/RegionId/fra-prod/versionless"
<2022-06-08 22:18:05.417>: [Info] (AZCore): [StackConfig] Querying "remoteCfg.public.RegionId" remote config. S3 key: "applications/public/configuration-sets/RegionId/fra-prod/versionless"
<2022-06-08 22:18:05.532>: [Info] (AZCore): [StackConfig] Retrieved layer's "remoteCfg.public.RegionId" remote config, with S3 key: "applications/public/configuration-sets/RegionId/fra-prod/versionless" successfully, size: 246

<2022-06-08 22:18:05.535>: [Info] (AZCore): [StackConfig] LayerS3(): layer's "remoteCfg.public.RegionIdv" S3 key (old: "applications/public/configuration-sets/RegionId/fra-prod/555;1694880"), reset to new value: "applications/public/configuration-sets/RegionId/fra-prod/555;1694880"
<2022-06-08 22:18:05.535>: [Info] (AZCore): [StackConfig] Querying "remoteCfg.public.RegionIdv" remote config. S3 key: "applications/public/configuration-sets/RegionId/fra-prod/555;1694880"
<2022-06-08 22:18:05.658>: [Info] (AZCore): [StackConfig] LayerS3(): layer's "remoteCfg.publicGameplay.ProductId" S3 key (old: ""), reset to new value: "applications/publicGameplay/configuration-sets/ProductId/STEAM_APP_ID.1063730/versionless"
<2022-06-08 22:18:05.658>: [Info] (AZCore): [StackConfig] Querying "remoteCfg.publicGameplay.ProductId" remote config. S3 key: "applications/publicGameplay/configuration-sets/ProductId/STEAM_APP_ID.1063730/versionless"
<2022-06-08 22:18:05.778>: [Info] (AZCore): [StackConfig] Retrieved layer's "remoteCfg.publicGameplay.ProductId" remote config, with S3 key: "applications/publicGameplay/configuration-sets/ProductId/STEAM_APP_ID.1063730/versionless" successfully, size: 736

<2022-06-08 22:18:05.782>: [Info] (AZCore): [StackConfig] LayerS3(): layer's "remoteCfg.publicGameplay.ProductIdv" S3 key (old: ""), reset to new value: "applications/publicGameplay/configuration-sets/ProductId/STEAM_APP_ID.1063730/555;1694880"
<2022-06-08 22:18:05.782>: [Info] (AZCore): [StackConfig] Querying "remoteCfg.publicGameplay.ProductIdv" remote config. S3 key: "applications/publicGameplay/configuration-sets/ProductId/STEAM_APP_ID.1063730/555;1694880"
<2022-06-08 22:18:05.898>: [Info] (AZCore): [StackConfig] LayerS3(): layer's "remoteCfg.publicGameplay.RegionId" S3 key (old: "applications/publicGameplay/configuration-sets/RegionId/fra-prod/versionless"), reset to new value: "applications/publicGameplay/configuration-sets/RegionId/fra-prod/versionless"
<2022-06-08 22:18:05.898>: [Info] (AZCore): [StackConfig] Querying "remoteCfg.publicGameplay.RegionId" remote config. S3 key: "applications/publicGameplay/configuration-sets/RegionId/fra-prod/versionless"
<2022-06-08 22:18:06.024>: [Info] (AZCore): [StackConfig] Retrieved layer's "remoteCfg.publicGameplay.RegionId" remote config, with S3 key: "applications/publicGameplay/configuration-sets/RegionId/fra-prod/versionless" successfully, size: 137

<2022-06-08 22:18:06.029>: [Info] (AZCore): [StackConfig] LayerS3(): layer's "remoteCfg.publicGameplay.RegionIdv" S3 key (old: "applications/publicGameplay/configuration-sets/RegionId/fra-prod/555;1694880"), reset to new value: "applications/publicGameplay/configuration-sets/RegionId/fra-prod/555;1694880"
<2022-06-08 22:18:06.029>: [Info] (AZCore): [StackConfig] Querying "remoteCfg.publicGameplay.RegionIdv" remote config. S3 key: "applications/publicGameplay/configuration-sets/RegionId/fra-prod/555;1694880"
<2022-06-08 22:18:06.701>: [Info] (AZCore): [Game] LogEnvironmentString: Persona ID: amzn1.developerPersonaId.02e9f3b7-55e1-865a-9031-570ce6f27a49
<2022-06-08 22:18:07.018>: [Info]: 
<2022-06-08 22:18:07.020>: [Info]: Total number of logical processors: 16
<2022-06-08 22:18:07.020>: [Info]: Number of available logical processors: 16
<2022-06-08 22:18:07.020>: [Info]: Total number of system cores: 8
<2022-06-08 22:18:07.020>: [Info]: Number of cores available to process: 8
<2022-06-08 22:18:07.020>: [Info]:  
<2022-06-08 22:18:07.020>: [Info]: Processor 0:
<2022-06-08 22:18:07.020>: [Info]:   CPU: Intel        Intel(R) Xeon(R) CPU E5-2689 0 @ 2.60GHz
<2022-06-08 22:18:07.020>: [Info]:   Family: 6, Model: 13, Stepping: 7
<2022-06-08 22:18:07.020>: [Info]:   FPU: On-Chip
<2022-06-08 22:18:07.020>: [Info]:   3DNow!: not present
<2022-06-08 22:18:07.020>: [Info]:   MMX: not present
<2022-06-08 22:18:07.020>: [Info]:   SSE: present
<2022-06-08 22:18:07.020>: [Info]:   SSE2: present
<2022-06-08 22:18:07.020>: [Info]:   SSE3: present
<2022-06-08 22:18:07.020>: [Info]:   Serial number not present or disabled
<2022-06-08 22:18:07.020>: [Info]:  
<2022-06-08 22:18:07.020>: [Info]: Processor 1:
<2022-06-08 22:18:07.020>: [Info]:   CPU: Intel        Intel(R) Xeon(R) CPU E5-2689 0 @ 2.60GHz
<2022-06-08 22:18:07.020>: [Info]:   Family: 6, Model: 13, Stepping: 7
<2022-06-08 22:18:07.020>: [Info]:   FPU: On-Chip
<2022-06-08 22:18:07.020>: [Info]:   3DNow!: not present
<2022-06-08 22:18:07.020>: [Info]:   MMX: not present
<2022-06-08 22:18:07.020>: [Info]:   SSE: present
<2022-06-08 22:18:07.020>: [Info]:   SSE2: present
<2022-06-08 22:18:07.020>: [Info]:   SSE3: present
<2022-06-08 22:18:07.020>: [Info]:   Serial number not present or disabled
<2022-06-08 22:18:07.020>: [Info]:  
<2022-06-08 22:18:07.020>: [Info]: Processor 2:
<2022-06-08 22:18:07.020>: [Info]:   CPU: Intel        Intel(R) Xeon(R) CPU E5-2689 0 @ 2.60GHz
<2022-06-08 22:18:07.020>: [Info]:   Family: 6, Model: 13, Stepping: 7
<2022-06-08 22:18:07.020>: [Info]:   FPU: On-Chip
<2022-06-08 22:18:07.020>: [Info]:   3DNow!: not present
<2022-06-08 22:18:07.020>: [Info]:   MMX: not present
<2022-06-08 22:18:07.020>: [Info]:   SSE: present
<2022-06-08 22:18:07.020>: [Info]:   SSE2: present
<2022-06-08 22:18:07.020>: [Info]:   SSE3: present
<2022-06-08 22:18:07.020>: [Info]:   Serial number not present or disabled
<2022-06-08 22:18:07.020>: [Info]:  
<2022-06-08 22:18:07.020>: [Info]: Processor 3:
<2022-06-08 22:18:07.020>: [Info]:   CPU: Intel        Intel(R) Xeon(R) CPU E5-2689 0 @ 2.60GHz
<2022-06-08 22:18:07.020>: [Info]:   Family: 6, Model: 13, Stepping: 7
<2022-06-08 22:18:07.020>: [Info]:   FPU: On-Chip
<2022-06-08 22:18:07.020>: [Info]:   3DNow!: not present
<2022-06-08 22:18:07.020>: [Info]:   MMX: not present
<2022-06-08 22:18:07.020>: [Info]:   SSE: present
<2022-06-08 22:18:07.020>: [Info]:   SSE2: present
<2022-06-08 22:18:07.020>: [Info]:   SSE3: present
<2022-06-08 22:18:07.020>: [Info]:   Serial number not present or disabled
<2022-06-08 22:18:07.020>: [Info]:  
<2022-06-08 22:18:07.020>: [Info]: Processor 4:
<2022-06-08 22:18:07.020>: [Info]:   CPU: Intel        Intel(R) Xeon(R) CPU E5-2689 0 @ 2.60GHz
<2022-06-08 22:18:07.020>: [Info]:   Family: 6, Model: 13, Stepping: 7
<2022-06-08 22:18:07.020>: [Info]:   FPU: On-Chip
<2022-06-08 22:18:07.020>: [Info]:   3DNow!: not present
<2022-06-08 22:18:07.020>: [Info]:   MMX: not present
<2022-06-08 22:18:07.020>: [Info]:   SSE: present
<2022-06-08 22:18:07.020>: [Info]:   SSE2: present
<2022-06-08 22:18:07.020>: [Info]:   SSE3: present
<2022-06-08 22:18:07.020>: [Info]:   Serial number not present or disabled
<2022-06-08 22:18:07.020>: [Info]:  
<2022-06-08 22:18:07.020>: [Info]: Processor 5:
<2022-06-08 22:18:07.020>: [Info]:   CPU: Intel        Intel(R) Xeon(R) CPU E5-2689 0 @ 2.60GHz
<2022-06-08 22:18:07.020>: [Info]:   Family: 6, Model: 13, Stepping: 7
<2022-06-08 22:18:07.020>: [Info]:   FPU: On-Chip
<2022-06-08 22:18:07.020>: [Info]:   3DNow!: not present
<2022-06-08 22:18:07.020>: [Info]:   MMX: not present
<2022-06-08 22:18:07.020>: [Info]:   SSE: present
<2022-06-08 22:18:07.020>: [Info]:   SSE2: present
<2022-06-08 22:18:07.020>: [Info]:   SSE3: present
<2022-06-08 22:18:07.020>: [Info]:   Serial number not present or disabled
<2022-06-08 22:18:07.020>: [Info]:  
<2022-06-08 22:18:07.020>: [Info]: Processor 6:
<2022-06-08 22:18:07.020>: [Info]:   CPU: Intel        Intel(R) Xeon(R) CPU E5-2689 0 @ 2.60GHz
<2022-06-08 22:18:07.020>: [Info]:   Family: 6, Model: 13, Stepping: 7
<2022-06-08 22:18:07.020>: [Info]:   FPU: On-Chip
<2022-06-08 22:18:07.020>: [Info]:   3DNow!: not present
<2022-06-08 22:18:07.020>: [Info]:   MMX: not present
<2022-06-08 22:18:07.020>: [Info]:   SSE: present
<2022-06-08 22:18:07.020>: [Info]:   SSE2: present
<2022-06-08 22:18:07.020>: [Info]:   SSE3: present
<2022-06-08 22:18:07.020>: [Info]:   Serial number not present or disabled
<2022-06-08 22:18:07.020>: [Info]:  
<2022-06-08 22:18:07.020>: [Info]: Processor 7:
<2022-06-08 22:18:07.020>: [Info]:   CPU: Intel        Intel(R) Xeon(R) CPU E5-2689 0 @ 2.60GHz
<2022-06-08 22:18:07.020>: [Info]:   Family: 6, Model: 13, Stepping: 7
<2022-06-08 22:18:07.020>: [Info]:   FPU: On-Chip
<2022-06-08 22:18:07.020>: [Info]:   3DNow!: not present
<2022-06-08 22:18:07.020>: [Info]:   MMX: not present
<2022-06-08 22:18:07.020>: [Info]:   SSE: present
<2022-06-08 22:18:07.020>: [Info]:   SSE2: present
<2022-06-08 22:18:07.020>: [Info]:   SSE3: present
<2022-06-08 22:18:07.020>: [Info]:   Serial number not present or disabled
<2022-06-08 22:18:07.020>: [Info]:  
<2022-06-08 22:18:07.020>: [Info]: Change detected in analytics configuration. Re-instantiating network traffic reporter
<2022-06-08 22:18:20.224>: [Info] (AZCore): [Game] CGame::ActorContainerConnect
<2022-06-08 22:18:20.224>: [Info] (AZCore): [GameConnection] GameConnectionWrapper::Disconnect
<2022-06-08 22:18:20.224>: [Info] (AZCore): [GameConnection] GameConnectionWrapper::Connect: playerName = xuppra
<2022-06-08 22:18:20.224>: [Info] (AZCore): [GameConnection] Update state Disconnected to new state QueueGameLogin
<2022-06-08 22:18:20.240>: [Info] (AZCore): [GameConnection] Update state QueueGameLogin to new state WaitingForQueuedLogin
<2022-06-08 22:18:20.241>: [Info] (AZCore): [GameConnection] Queuing login for world () and character (9b7f7427-abde-4ac3-83cd-f10d78f51d29)
<2022-06-08 22:18:21.817>: [Info] (AZCore): [GameConnection] Received a login ticket: 86ae8332-ed32-420e-985c-61011022847a_3930cd4d-8e97-41e7-b4e9-9ff667cddc9b, location: , New Ticket
<2022-06-08 22:18:24.074>: [Info] (AZCore): [GameConnection] Received a login ticket: 86ae8332-ed32-420e-985c-61011022847a_3930cd4d-8e97-41e7-b4e9-9ff667cddc9b, location: , Refreshed Ticket
<2022-06-08 22:18:24.074>: [Info] (AZCore): [Game] LogEnvironmentString: World ID: 86ae8332-ed32-420e-985c-61011022847a
<2022-06-08 22:18:24.074>: [Info] (AZCore): [Game] LogEnvironmentString: World Name: live-1-12-2
<2022-06-08 22:18:24.074>: [Info] (AZCore): [Game] LogEnvironmentString: Character ID: 9b7f7427-abde-4ac3-83cd-f10d78f51d29
<2022-06-08 22:18:24.074>: [Info] (AZCore): [Game] LogEnvironmentString: REP Address: 52.223.18.203:22262
<2022-06-08 22:18:24.087>: [Info] (AZCore): [GameConnection] Update state WaitingForQueuedLogin to new state QueryForRemoteConfigClass
<2022-06-08 22:18:24.090>: [Info] (AZCore): [StackConfig] LayerS3(): layer's "remoteCfg.public.CognitoId" S3 key (old: "applications/public/configuration-sets/CognitoId/us-east-1:0de93f7c-814e-4d48-a8fd-b6efc2f9ed93/versionless"), reset to new value: "applications/public/configuration-sets/CognitoId/us-east-1:0de93f7c-814e-4d48-a8fd-b6efc2f9ed93/versionless"
<2022-06-08 22:18:24.091>: [Info] (AZCore): [GameConnection] Update state QueryForRemoteConfigClass to new state WaitingForRemoteConfigClass
<2022-06-08 22:18:24.092>: [Info] (AZCore): [StackConfig] Querying "remoteCfg.public.CognitoId" remote config. S3 key: "applications/public/configuration-sets/CognitoId/us-east-1:0de93f7c-814e-4d48-a8fd-b6efc2f9ed93/versionless"
<2022-06-08 22:18:24.568>: [Info] (AZCore): [StackConfig] Retrieved layer's "remoteCfg.public.CognitoId" remote config, with S3 key: "applications/public/configuration-sets/CognitoId/us-east-1:0de93f7c-814e-4d48-a8fd-b6efc2f9ed93/versionless" successfully, size: 462

<2022-06-08 22:18:24.571>: [Info] (AZCore): [GameConnection] Update state WaitingForRemoteConfigClass to new state QueryForRemoteConfigClass
<2022-06-08 22:18:24.587>: [Info] (AZCore): [StackConfig] LayerS3(): layer's "remoteCfg.public.CognitoIdv" S3 key (old: "applications/public/configuration-sets/CognitoId/us-east-1:0de93f7c-814e-4d48-a8fd-b6efc2f9ed93/555;1694880"), reset to new value: "applications/public/configuration-sets/CognitoId/us-east-1:0de93f7c-814e-4d48-a8fd-b6efc2f9ed93/555;1694880"
<2022-06-08 22:18:24.587>: [Info] (AZCore): [GameConnection] Update state QueryForRemoteConfigClass to new state WaitingForRemoteConfigClass
<2022-06-08 22:18:24.588>: [Info] (AZCore): [StackConfig] Querying "remoteCfg.public.CognitoIdv" remote config. S3 key: "applications/public/configuration-sets/CognitoId/us-east-1:0de93f7c-814e-4d48-a8fd-b6efc2f9ed93/555;1694880"
<2022-06-08 22:18:24.715>: [Info] (AZCore): [GameConnection] Update state WaitingForRemoteConfigClass to new state QueryForRemoteConfigClass
<2022-06-08 22:18:24.731>: [Info] (AZCore): [StackConfig] LayerS3(): layer's "remoteCfg.public.WorldId" S3 key (old: ""), reset to new value: "applications/public/configuration-sets/WorldId/86ae8332-ed32-420e-985c-61011022847a/versionless"
<2022-06-08 22:18:24.731>: [Info] (AZCore): [GameConnection] Update state QueryForRemoteConfigClass to new state WaitingForRemoteConfigClass
<2022-06-08 22:18:24.732>: [Info] (AZCore): [StackConfig] Querying "remoteCfg.public.WorldId" remote config. S3 key: "applications/public/configuration-sets/WorldId/86ae8332-ed32-420e-985c-61011022847a/versionless"
<2022-06-08 22:18:24.843>: [Info] (AZCore): [GameConnection] Update state WaitingForRemoteConfigClass to new state QueryForRemoteConfigClass
<2022-06-08 22:18:24.859>: [Info] (AZCore): [StackConfig] LayerS3(): layer's "remoteCfg.public.WorldIdv" S3 key (old: ""), reset to new value: "applications/public/configuration-sets/WorldId/86ae8332-ed32-420e-985c-61011022847a/555;1694880"
<2022-06-08 22:18:24.859>: [Info] (AZCore): [GameConnection] Update state QueryForRemoteConfigClass to new state WaitingForRemoteConfigClass
<2022-06-08 22:18:24.860>: [Info] (AZCore): [StackConfig] Querying "remoteCfg.public.WorldIdv" remote config. S3 key: "applications/public/configuration-sets/WorldId/86ae8332-ed32-420e-985c-61011022847a/555;1694880"
<2022-06-08 22:18:24.971>: [Info] (AZCore): [GameConnection] Update state WaitingForRemoteConfigClass to new state QueryForRemoteConfigClass
<2022-06-08 22:18:24.987>: [Info] (AZCore): [StackConfig] LayerS3(): layer's "remoteCfg.publicGameplay.CognitoId" S3 key (old: "applications/publicGameplay/configuration-sets/CognitoId/us-east-1:0de93f7c-814e-4d48-a8fd-b6efc2f9ed93/versionless"), reset to new value: "applications/publicGameplay/configuration-sets/CognitoId/us-east-1:0de93f7c-814e-4d48-a8fd-b6efc2f9ed93/versionless"
<2022-06-08 22:18:24.987>: [Info] (AZCore): [GameConnection] Update state QueryForRemoteConfigClass to new state WaitingForRemoteConfigClass
<2022-06-08 22:18:24.988>: [Info] (AZCore): [StackConfig] Querying "remoteCfg.publicGameplay.CognitoId" remote config. S3 key: "applications/publicGameplay/configuration-sets/CognitoId/us-east-1:0de93f7c-814e-4d48-a8fd-b6efc2f9ed93/versionless"
<2022-06-08 22:18:25.110>: [Info] (AZCore): [StackConfig] Retrieved layer's "remoteCfg.publicGameplay.CognitoId" remote config, with S3 key: "applications/publicGameplay/configuration-sets/CognitoId/us-east-1:0de93f7c-814e-4d48-a8fd-b6efc2f9ed93/versionless" successfully, size: 2244

<2022-06-08 22:18:25.115>: [Info] (AZCore): [GameConnection] Update state WaitingForRemoteConfigClass to new state QueryForRemoteConfigClass
<2022-06-08 22:18:25.131>: [Info] (AZCore): [StackConfig] LayerS3(): layer's "remoteCfg.publicGameplay.CognitoIdv" S3 key (old: "applications/publicGameplay/configuration-sets/CognitoId/us-east-1:0de93f7c-814e-4d48-a8fd-b6efc2f9ed93/555;1694880"), reset to new value: "applications/publicGameplay/configuration-sets/CognitoId/us-east-1:0de93f7c-814e-4d48-a8fd-b6efc2f9ed93/555;1694880"
<2022-06-08 22:18:25.131>: [Info] (AZCore): [GameConnection] Update state QueryForRemoteConfigClass to new state WaitingForRemoteConfigClass
<2022-06-08 22:18:25.132>: [Info] (AZCore): [StackConfig] Querying "remoteCfg.publicGameplay.CognitoIdv" remote config. S3 key: "applications/publicGameplay/configuration-sets/CognitoId/us-east-1:0de93f7c-814e-4d48-a8fd-b6efc2f9ed93/555;1694880"
<2022-06-08 22:18:25.275>: [Info] (AZCore): [GameConnection] Update state WaitingForRemoteConfigClass to new state QueryForRemoteConfigClass
<2022-06-08 22:18:25.291>: [Info] (AZCore): [StackConfig] LayerS3(): layer's "remoteCfg.publicGameplay.WorldId" S3 key (old: ""), reset to new value: "applications/publicGameplay/configuration-sets/WorldId/86ae8332-ed32-420e-985c-61011022847a/versionless"
<2022-06-08 22:18:25.291>: [Info] (AZCore): [GameConnection] Update state QueryForRemoteConfigClass to new state WaitingForRemoteConfigClass
<2022-06-08 22:18:25.292>: [Info] (AZCore): [StackConfig] Querying "remoteCfg.publicGameplay.WorldId" remote config. S3 key: "applications/publicGameplay/configuration-sets/WorldId/86ae8332-ed32-420e-985c-61011022847a/versionless"
<2022-06-08 22:18:25.403>: [Info] (AZCore): [GameConnection] Update state WaitingForRemoteConfigClass to new state QueryForRemoteConfigClass
<2022-06-08 22:18:25.419>: [Info] (AZCore): [StackConfig] LayerS3(): layer's "remoteCfg.publicGameplay.WorldIdv" S3 key (old: ""), reset to new value: "applications/publicGameplay/configuration-sets/WorldId/86ae8332-ed32-420e-985c-61011022847a/555;1694880"
<2022-06-08 22:18:25.419>: [Info] (AZCore): [GameConnection] Update state QueryForRemoteConfigClass to new state WaitingForRemoteConfigClass
<2022-06-08 22:18:25.420>: [Info] (AZCore): [StackConfig] Querying "remoteCfg.publicGameplay.WorldIdv" remote config. S3 key: "applications/publicGameplay/configuration-sets/WorldId/86ae8332-ed32-420e-985c-61011022847a/555;1694880"
<2022-06-08 22:18:25.531>: [Info] (AZCore): [GameConnection] Update state WaitingForRemoteConfigClass to new state QueryForRemoteConfigClass
<2022-06-08 22:18:25.547>: [Info] (AZCore): [GameConnection] Update state QueryForRemoteConfigClass to new state StartREPConnection
<2022-06-08 22:18:25.563>: [Info] (AZCore): [GameConnection] GameConnectionWrapper: start REP connection RepAddress = 52.223.18.203:22262, worldId = 86ae8332-ed32-420e-985c-61011022847a
<2022-06-08 22:18:25.565>: [Info] (AZCore): [GameConnection] Update state StartREPConnection to new state WaitingForREPConnection
<2022-06-08 22:18:25.745>: [Info] (AZCore): [GameConnection] GameConnectionWrapper: REP socket connection established, now waiting to register
<2022-06-08 22:18:25.802>: [Info] (AZCore): [GameConnection] GameConnectionWrapper: received registration response from REP
<2022-06-08 22:18:25.802>: [Info] (AZCore): [Game] LogEnvironmentString: Server version: [RELEASE].Javelin.1.18.555.1694880
<2022-06-08 22:18:25.803>: [Info] (AZCore): [GameConnection] GameConnectionWrapper: start actor game connection
<2022-06-08 22:18:25.803>: [Info] (AZCore): [GameMessagePort] Reset
<2022-06-08 22:18:25.803>: [Info] (AZCore): [GameConnection] Update state WaitingForREPConnection to new state WaitingForActorGameConnection
<2022-06-08 22:18:25.916>: [Info] (AZCore): [GameConnection] GameConnectionWrapper: actor game connection succeeds
<2022-06-08 22:18:25.916>: [Info] (AZCore): [GameConnection] Initialize current retry count : 0
<2022-06-08 22:18:25.916>: [Info] (AZCore): [GameConnection] Update state WaitingForActorGameConnection to new state WaitingForSpawnPoint
<2022-06-08 22:18:25.932>: [Info] (AZCore): [GameConnection] GameConnectionWrapper: spawn point found
<2022-06-08 22:18:25.932>: [Info] (AZCore): [GameConnection] Update state WaitingForSpawnPoint to new state WaitingForAOIClient
<2022-06-08 22:18:26.125>: [Info] (AZCore): [GameMessagePort] LevelInfoChanged
<2022-06-08 22:18:26.125>: [Info] (AZCore): [GameMessagePort] LevelInfoChanged m_clientContextInstanceId 0 changing to levelInfo.m_clientContextInstanceId 1
<2022-06-08 22:18:26.125>: [Info] (AZCore): [GameConnection] GameConnectionWrapper: AOI client available
<2022-06-08 22:18:26.125>: [Info] (AZCore): [GameConnection] Update state WaitingForAOIClient to new state WaitingForPlayerSpawn
<2022-06-08 22:18:26.173>: [Info] (AZCore): [GameMessagePort] Calling clientContext->Initialize
<2022-06-08 22:18:26.173>: [Info] (AZCore): [ClientContext] Initialize()
<2022-06-08 22:18:26.173>: [Info] (AZCore): [ClientContext] Cleanup()
<2022-06-08 22:18:28.478>: [Info] (AZCore): [streamingGDEManager] Initialize()
<2022-06-08 22:18:28.479>: [Info] (AZCore): [AsyncMapUnload] Loading of map "NewWorld_VitaeEterna" deferred in order to async unload previous level "frontendv2": starting async unload...
<2022-06-08 22:18:28.481>: [Info] (AZCore): [AsyncMapUnload] Lumberyard Connection State: "WaitingForPlayerSpawn"
<2022-06-08 22:18:28.481>: [Info] (AZCore): [AsyncMapUnload] waiting... numJobs 0, AssetBus::context.m_queue.size(): 328, waitingRefs (from bus): 0
<2022-06-08 22:18:28.481>: [Info] (AZCore): [GameMessagePort] HandleUnexpectedMessage skipping ReceiveStateBundle for bundle message due to clientContext == nullptr
<2022-06-08 22:18:28.486>: [Info] (AZCore): [AsyncMapUnload] DONE waiting... numJobs 0, AssetBus::context.m_queue.size(): 0, waitingRefs (from bus): 0
<2022-06-08 22:18:28.486>: [Info] (AZCore): [AsyncMapUnload] ...allowing map change
<2022-06-08 22:18:28.486>: [Info]: ============================ Loading level NewWorld_VitaeEterna ============================
<2022-06-08 22:18:32.775>: [Info]: CGame::InitCoatlicueTerrain
<2022-06-08 22:18:32.781>: [Info] (AZCore): [GameMessagePort] ProcessPendingReliableMsgQueue processing 43 messages from m_pendingUnexpectedMsgs
<2022-06-08 22:18:32.797>: [Info] (AZCore): [GameMessagePort] LevelInfoChanged
<2022-06-08 22:18:33.300>: [Info] (AZCore): [GDERenderManager] Init()
<2022-06-08 22:18:33.344>: [Info] (AZCore): [Game] LogEnvironmentString: Player Name: xuppra
<2022-06-08 22:18:33.344>: [Info] (AZCore): [Game] LogEnvironmentString: Player Actor: AE595B482D0B0A66E58F984433AC4281
<2022-06-08 22:18:33.370>: [Info]: SerializeOptions: Success
<2022-06-08 22:18:33.370>: [Info]: SerializeOptions: Moving to C:/Users/cedric/AppData/Roaming/AGS/New World/savedata/temp_usersettings.javsave
<2022-06-08 22:18:33.408>: [Info] (AZCore): [GameConnection] GameConnectionWrapper: player spawn succeeds, in game
<2022-06-08 22:18:33.408>: [Info] (AZCore): [GameConnection] Update state WaitingForPlayerSpawn to new state InGame
<2022-06-08 22:18:33.408>: [Info] (AZCore): [Game] JavelinGame::OnConnectionSucceed
<2022-06-08 22:18:36.350>: [Info] (AZCore): [GameMessagePort] LevelInfoChanged
<2022-06-08 22:18:44.230>: [Info]: SerializeOptions: Success
<2022-06-08 22:18:44.230>: [Info]: SerializeOptions: Moving to C:/Users/cedric/AppData/Roaming/AGS/New World/savedata/temp_usersettings.javsave
<2022-06-08 22:19:49.285>: [Info]: SerializeOptions: Success
<2022-06-08 22:19:49.285>: [Info]: SerializeOptions: Moving to C:/Users/cedric/AppData/Roaming/AGS/New World/savedata/temp_usersettings.javsave
<2022-06-08 22:19:56.832>: [Info]: SerializeOptions: Success
<2022-06-08 22:19:56.832>: [Info]: SerializeOptions: Moving to C:/Users/cedric/AppData/Roaming/AGS/New World/savedata/temp_usersettings.javsave
<2022-06-08 22:20:19.619>: [Info]: SerializeOptions: Success
<2022-06-08 22:20:19.619>: [Info]: SerializeOptions: Moving to C:/Users/cedric/AppData/Roaming/AGS/New World/savedata/temp_usersettings.javsave
<2022-06-08 22:27:09.694>: [Info]: SerializeOptions: Success
<2022-06-08 22:27:09.694>: [Info]: SerializeOptions: Moving to C:/Users/cedric/AppData/Roaming/AGS/New World/savedata/temp_usersettings.javsave
<2022-06-08 22:27:17.186>: [Info]: SerializeOptions: Success
<2022-06-08 22:27:17.186>: [Info]: SerializeOptions: Moving to C:/Users/cedric/AppData/Roaming/AGS/New World/savedata/temp_usersettings.javsave
<2022-06-08 22:33:45.173>: [Info] (AZCore): [SteamAuth] EndSessionJob: Calling Persona to end session
<2022-06-08 22:33:45.697>: [Info] (AZCore): [SteamAuth] Persona EndSession called successfully
<2022-06-08 22:33:45.697>: [Info] (AZCore): [Game] CGame::ActorContainerDisconnect
<2022-06-08 22:33:45.697>: [Info] (AZCore): [GameConnection] GameConnectionWrapper::Disconnect
<2022-06-08 22:33:45.697>: [Info] (AZCore): [Game] CGame::OnDisconnection: Disconnected from REP
<2022-06-08 22:33:45.710>: [Info] (AZCore): [GameConnection] GameConnectionWrapper: disconnected from REP
<2022-06-08 22:33:45.723>: [Info]: [ERROR] ClientSDK: @mm_csdkerr_disconnect
<2022-06-08 22:33:46.841>: [Info] (AZCore): [GameConnection] Update state InGame to new state Disconnected
<2022-06-08 22:33:46.841>: [Info]: CSystem::Quit invoked from thread 6660 (main is 6660)
<2022-06-08 22:33:46.841>: [Info] (AZCore): [Game] CGame::ActorContainerDisconnect
